datalink afu 
=========================================================================
                          Station A                                 
-------------------------------------------------------------------------
Protocol.lib, version 3.0, Build: Oct 19 2009 (jiangy@public3.bta.net.cn)
Channel: 8000 bps, 270 ms propagation delay, bit error rate 0
Log file "datalink-A.log", TCP port 59144, debug mask 0x00
Station A is waiting for station B on TCP port 59144 ... Done.
New epoch: Wed May 18 16:20:19 2016
=========================================================================
Designed by Cao Zhen, build: May 17 2016  23:57:19
2.410 .... 8 packets received, 7663 bps, 95.79%, Err 0 (0.0e+000)
4.533 .... 16 packets received, 7690 bps, 96.13%, Err 0 (0.0e+000)
6.653 .... 24 packets received, 7703 bps, 96.29%, Err 0 (0.0e+000)
8.801 .... 32 packets received, 7684 bps, 96.05%, Err 0 (0.0e+000)
10.902 .... 40 packets received, 7706 bps, 96.33%, Err 0 (0.0e+000)
13.018 .... 48 packets received, 7713 bps, 96.41%, Err 0 (0.0e+000)
15.194 .... 56 packets received, 7686 bps, 96.07%, Err 0 (0.0e+000)
17.258 .... 64 packets received, 7716 bps, 96.46%, Err 0 (0.0e+000)
19.392 .... 72 packets received, 7712 bps, 96.40%, Err 0 (0.0e+000)
21.509 .... 80 packets received, 7715 bps, 96.44%, Err 0 (0.0e+000)
23.644 .... 88 packets received, 7711 bps, 96.39%, Err 0 (0.0e+000)
25.755 .... 96 packets received, 7715 bps, 96.44%, Err 0 (0.0e+000)
27.880 .... 104 packets received, 7715 bps, 96.44%, Err 0 (0.0e+000)
30.002 .... 112 packets received, 7715 bps, 96.44%, Err 0 (0.0e+000)
32.130 .... 120 packets received, 7714 bps, 96.43%, Err 0 (0.0e+000)
34.253 .... 128 packets received, 7714 bps, 96.43%, Err 0 (0.0e+000)
36.380 .... 136 packets received, 7714 bps, 96.42%, Err 0 (0.0e+000)
38.497 .... 144 packets received, 7715 bps, 96.44%, Err 0 (0.0e+000)
40.624 .... 152 packets received, 7715 bps, 96.43%, Err 0 (0.0e+000)
42.750 .... 160 packets received, 7714 bps, 96.43%, Err 0 (0.0e+000)
44.858 .... 168 packets received, 7717 bps, 96.46%, Err 0 (0.0e+000)
47.004 .... 176 packets received, 7713 bps, 96.41%, Err 0 (0.0e+000)
49.115 .... 184 packets received, 7715 bps, 96.44%, Err 0 (0.0e+000)
51.239 .... 192 packets received, 7715 bps, 96.44%, Err 0 (0.0e+000)
53.360 .... 200 packets received, 7715 bps, 96.44%, Err 0 (0.0e+000)
55.482 .... 208 packets received, 7716 bps, 96.45%, Err 0 (0.0e+000)
57.605 .... 216 packets received, 7716 bps, 96.45%, Err 0 (0.0e+000)
59.734 .... 224 packets received, 7715 bps, 96.44%, Err 0 (0.0e+000)
61.844 .... 232 packets received, 7717 bps, 96.46%, Err 0 (0.0e+000)
63.971 .... 240 packets received, 7716 bps, 96.45%, Err 0 (0.0e+000)
66.095 .... 248 packets received, 7716 bps, 96.45%, Err 0 (0.0e+000)
68.221 .... 256 packets received, 7716 bps, 96.45%, Err 0 (0.0e+000)
70.333 .... 264 packets received, 7717 bps, 96.46%, Err 0 (0.0e+000)
72.462 .... 272 packets received, 7717 bps, 96.46%, Err 0 (0.0e+000)
74.586 .... 280 packets received, 7716 bps, 96.46%, Err 0 (0.0e+000)
76.717 .... 288 packets received, 7716 bps, 96.45%, Err 0 (0.0e+000)
78.842 .... 296 packets received, 7716 bps, 96.44%, Err 0 (0.0e+000)
80.953 .... 304 packets received, 7717 bps, 96.46%, Err 0 (0.0e+000)
83.079 .... 312 packets received, 7716 bps, 96.46%, Err 0 (0.0e+000)
85.206 .... 320 packets received, 7716 bps, 96.45%, Err 0 (0.0e+000)
87.342 .... 328 packets received, 7715 bps, 96.44%, Err 0 (0.0e+000)
89.454 .... 336 packets received, 7716 bps, 96.45%, Err 0 (0.0e+000)
91.579 .... 344 packets received, 7716 bps, 96.45%, Err 0 (0.0e+000)
93.695 .... 352 packets received, 7716 bps, 96.46%, Err 0 (0.0e+000)
95.839 .... 360 packets received, 7715 bps, 96.43%, Err 0 (0.0e+000)
98.036 .... 368 packets received, 7709 bps, 96.36%, Err 0 (0.0e+000)
100.068 .... 376 packets received, 7716 bps, 96.45%, Err 0 (0.0e+000)
102.194 .... 384 packets received, 7716 bps, 96.45%, Err 0 (0.0e+000)
104.315 .... 392 packets received, 7716 bps, 96.45%, Err 0 (0.0e+000)
106.440 .... 400 packets received, 7716 bps, 96.45%, Err 0 (0.0e+000)
108.567 .... 408 packets received, 7716 bps, 96.45%, Err 0 (0.0e+000)
110.690 .... 416 packets received, 7716 bps, 96.45%, Err 0 (0.0e+000)
112.805 .... 424 packets received, 7716 bps, 96.46%, Err 0 (0.0e+000)
114.932 .... 432 packets received, 7716 bps, 96.45%, Err 0 (0.0e+000)
117.065 .... 440 packets received, 7716 bps, 96.44%, Err 0 (0.0e+000)
119.190 .... 448 packets received, 7715 bps, 96.44%, Err 0 (0.0e+000)
121.310 .... 456 packets received, 7716 bps, 96.45%, Err 0 (0.0e+000)
123.439 .... 464 packets received, 7715 bps, 96.44%, Err 0 (0.0e+000)
125.548 .... 472 packets received, 7716 bps, 96.45%, Err 0 (0.0e+000)
127.673 .... 480 packets received, 7716 bps, 96.45%, Err 0 (0.0e+000)
129.788 .... 488 packets received, 7717 bps, 96.46%, Err 0 (0.0e+000)
131.904 .... 496 packets received, 7717 bps, 96.46%, Err 0 (0.0e+000)
134.033 .... 504 packets received, 7717 bps, 96.46%, Err 0 (0.0e+000)
136.158 .... 512 packets received, 7717 bps, 96.46%, Err 0 (0.0e+000)
138.280 .... 520 packets received, 7717 bps, 96.46%, Err 0 (0.0e+000)
140.406 .... 528 packets received, 7716 bps, 96.46%, Err 0 (0.0e+000)
142.529 .... 536 packets received, 7717 bps, 96.46%, Err 0 (0.0e+000)
144.661 .... 544 packets received, 7716 bps, 96.45%, Err 0 (0.0e+000)
146.782 .... 552 packets received, 7716 bps, 96.45%, Err 0 (0.0e+000)
148.909 .... 560 packets received, 7716 bps, 96.45%, Err 0 (0.0e+000)
151.018 .... 568 packets received, 7717 bps, 96.46%, Err 0 (0.0e+000)
153.144 .... 576 packets received, 7717 bps, 96.46%, Err 0 (0.0e+000)
155.283 .... 584 packets received, 7716 bps, 96.45%, Err 0 (0.0e+000)
157.403 .... 592 packets received, 7716 bps, 96.45%, Err 0 (0.0e+000)
159.517 .... 600 packets received, 7716 bps, 96.46%, Err 0 (0.0e+000)
161.649 .... 608 packets received, 7716 bps, 96.45%, Err 0 (0.0e+000)
163.764 .... 616 packets received, 7716 bps, 96.45%, Err 0 (0.0e+000)
165.894 .... 624 packets received, 7716 bps, 96.45%, Err 0 (0.0e+000)
168.003 .... 632 packets received, 7717 bps, 96.46%, Err 0 (0.0e+000)
170.125 .... 640 packets received, 7717 bps, 96.46%, Err 0 (0.0e+000)
172.250 .... 648 packets received, 7717 bps, 96.46%, Err 0 (0.0e+000)
174.381 .... 656 packets received, 7716 bps, 96.45%, Err 0 (0.0e+000)
176.506 .... 664 packets received, 7716 bps, 96.45%, Err 0 (0.0e+000)
178.612 .... 672 packets received, 7717 bps, 96.46%, Err 0 (0.0e+000)
180.748 .... 680 packets received, 7716 bps, 96.46%, Err 0 (0.0e+000)
182.878 .... 688 packets received, 7716 bps, 96.45%, Err 0 (0.0e+000)
185.007 .... 696 packets received, 7716 bps, 96.45%, Err 0 (0.0e+000)
187.126 .... 704 packets received, 7716 bps, 96.45%, Err 0 (0.0e+000)
189.242 .... 712 packets received, 7716 bps, 96.46%, Err 0 (0.0e+000)
191.376 .... 720 packets received, 7716 bps, 96.45%, Err 0 (0.0e+000)
193.486 .... 728 packets received, 7717 bps, 96.46%, Err 0 (0.0e+000)
195.623 .... 736 packets received, 7716 bps, 96.45%, Err 0 (0.0e+000)
197.749 .... 744 packets received, 7716 bps, 96.45%, Err 0 (0.0e+000)
199.861 .... 752 packets received, 7716 bps, 96.45%, Err 0 (0.0e+000)
201.983 .... 760 packets received, 7716 bps, 96.45%, Err 0 (0.0e+000)
204.108 .... 768 packets received, 7716 bps, 96.45%, Err 0 (0.0e+000)
206.239 .... 776 packets received, 7716 bps, 96.45%, Err 0 (0.0e+000)
208.361 .... 784 packets received, 7716 bps, 96.45%, Err 0 (0.0e+000)
210.483 .... 792 packets received, 7716 bps, 96.45%, Err 0 (0.0e+000)
212.594 .... 800 packets received, 7717 bps, 96.46%, Err 0 (0.0e+000)
214.725 .... 808 packets received, 7716 bps, 96.45%, Err 0 (0.0e+000)
216.847 .... 816 packets received, 7716 bps, 96.45%, Err 0 (0.0e+000)
218.982 .... 824 packets received, 7716 bps, 96.45%, Err 0 (0.0e+000)
221.097 .... 832 packets received, 7716 bps, 96.45%, Err 0 (0.0e+000)
223.219 .... 840 packets received, 7716 bps, 96.45%, Err 0 (0.0e+000)
225.339 .... 848 packets received, 7716 bps, 96.45%, Err 0 (0.0e+000)
227.468 .... 856 packets received, 7716 bps, 96.45%, Err 0 (0.0e+000)
229.581 .... 864 packets received, 7717 bps, 96.46%, Err 0 (0.0e+000)
231.712 .... 872 packets received, 7716 bps, 96.45%, Err 0 (0.0e+000)
233.837 .... 880 packets received, 7716 bps, 96.45%, Err 0 (0.0e+000)
235.957 .... 888 packets received, 7716 bps, 96.45%, Err 0 (0.0e+000)
238.064 .... 896 packets received, 7717 bps, 96.46%, Err 0 (0.0e+000)
240.204 .... 904 packets received, 7716 bps, 96.45%, Err 0 (0.0e+000)
242.317 .... 912 packets received, 7717 bps, 96.46%, Err 0 (0.0e+000)
244.441 .... 920 packets received, 7717 bps, 96.46%, Err 0 (0.0e+000)
246.575 .... 928 packets received, 7716 bps, 96.45%, Err 0 (0.0e+000)
248.701 .... 936 packets received, 7716 bps, 96.45%, Err 0 (0.0e+000)
250.826 .... 944 packets received, 7716 bps, 96.45%, Err 0 (0.0e+000)
252.936 .... 952 packets received, 7717 bps, 96.46%, Err 0 (0.0e+000)
255.061 .... 960 packets received, 7717 bps, 96.46%, Err 0 (0.0e+000)
257.200 .... 968 packets received, 7716 bps, 96.45%, Err 0 (0.0e+000)
259.312 .... 976 packets received, 7716 bps, 96.45%, Err 0 (0.0e+000)
261.427 .... 984 packets received, 7717 bps, 96.46%, Err 0 (0.0e+000)
263.549 .... 992 packets received, 7717 bps, 96.46%, Err 0 (0.0e+000)
265.672 .... 1000 packets received, 7717 bps, 96.46%, Err 0 (0.0e+000)
267.805 .... 1008 packets received, 7716 bps, 96.45%, Err 0 (0.0e+000)
269.924 .... 1016 packets received, 7716 bps, 96.46%, Err 0 (0.0e+000)
272.060 .... 1024 packets received, 7716 bps, 96.45%, Err 0 (0.0e+000)
274.168 .... 1032 packets received, 7717 bps, 96.46%, Err 0 (0.0e+000)
276.298 .... 1040 packets received, 7716 bps, 96.45%, Err 0 (0.0e+000)
278.421 .... 1048 packets received, 7716 bps, 96.45%, Err 0 (0.0e+000)
280.544 .... 1056 packets received, 7716 bps, 96.45%, Err 0 (0.0e+000)
282.667 .... 1064 packets received, 7716 bps, 96.45%, Err 0 (0.0e+000)
284.795 .... 1072 packets received, 7716 bps, 96.45%, Err 0 (0.0e+000)
286.906 .... 1080 packets received, 7717 bps, 96.46%, Err 0 (0.0e+000)
289.031 .... 1088 packets received, 7717 bps, 96.46%, Err 0 (0.0e+000)
291.161 .... 1096 packets received, 7716 bps, 96.45%, Err 0 (0.0e+000)
293.293 .... 1104 packets received, 7716 bps, 96.45%, Err 0 (0.0e+000)
295.416 .... 1112 packets received, 7716 bps, 96.45%, Err 0 (0.0e+000)
297.519 .... 1120 packets received, 7717 bps, 96.46%, Err 0 (0.0e+000)
299.640 .... 1128 packets received, 7717 bps, 96.46%, Err 0 (0.0e+000)
301.764 .... 1136 packets received, 7717 bps, 96.46%, Err 0 (0.0e+000)
303.907 .... 1144 packets received, 7716 bps, 96.45%, Err 0 (0.0e+000)
306.028 .... 1152 packets received, 7716 bps, 96.45%, Err 0 (0.0e+000)
308.156 .... 1160 packets received, 7716 bps, 96.45%, Err 0 (0.0e+000)
310.279 .... 1168 packets received, 7716 bps, 96.45%, Err 0 (0.0e+000)
312.389 .... 1176 packets received, 7716 bps, 96.46%, Err 0 (0.0e+000)
314.519 .... 1184 packets received, 7716 bps, 96.45%, Err 0 (0.0e+000)
316.649 .... 1192 packets received, 7716 bps, 96.45%, Err 0 (0.0e+000)
318.747 .... 1200 packets received, 7717 bps, 96.46%, Err 0 (0.0e+000)
320.888 .... 1208 packets received, 7716 bps, 96.45%, Err 0 (0.0e+000)
323.001 .... 1216 packets received, 7717 bps, 96.46%, Err 0 (0.0e+000)
325.127 .... 1224 packets received, 7717 bps, 96.46%, Err 0 (0.0e+000)
327.253 .... 1232 packets received, 7716 bps, 96.46%, Err 0 (0.0e+000)
329.377 .... 1240 packets received, 7716 bps, 96.46%, Err 0 (0.0e+000)
331.500 .... 1248 packets received, 7716 bps, 96.46%, Err 0 (0.0e+000)
333.610 .... 1256 packets received, 7717 bps, 96.46%, Err 0 (0.0e+000)
335.735 .... 1264 packets received, 7717 bps, 96.46%, Err 0 (0.0e+000)
337.861 .... 1272 packets received, 7717 bps, 96.46%, Err 0 (0.0e+000)
339.994 .... 1280 packets received, 7716 bps, 96.46%, Err 0 (0.0e+000)
342.121 .... 1288 packets received, 7716 bps, 96.45%, Err 0 (0.0e+000)
344.248 .... 1296 packets received, 7716 bps, 96.45%, Err 0 (0.0e+000)
346.373 .... 1304 packets received, 7716 bps, 96.45%, Err 0 (0.0e+000)
348.483 .... 1312 packets received, 7717 bps, 96.46%, Err 0 (0.0e+000)
350.614 .... 1320 packets received, 7716 bps, 96.45%, Err 0 (0.0e+000)
352.734 .... 1328 packets received, 7716 bps, 96.46%, Err 0 (0.0e+000)
354.840 .... 1336 packets received, 7717 bps, 96.46%, Err 0 (0.0e+000)
356.975 .... 1344 packets received, 7717 bps, 96.46%, Err 0 (0.0e+000)
359.100 .... 1352 packets received, 7716 bps, 96.46%, Err 0 (0.0e+000)
361.220 .... 1360 packets received, 7717 bps, 96.46%, Err 0 (0.0e+000)
363.346 .... 1368 packets received, 7717 bps, 96.46%, Err 0 (0.0e+000)
365.463 .... 1376 packets received, 7717 bps, 96.46%, Err 0 (0.0e+000)
367.600 .... 1384 packets received, 7716 bps, 96.45%, Err 0 (0.0e+000)
369.316 ** WARNING: System too busy, sleep 15 ms, but be awakened 102 ms later
369.736 .... 1391 packets received, 7711 bps, 96.38%, Err 0 (0.0e+000)
371.076 ** WARNING: System too busy, sleep 15 ms, but be awakened 100 ms later
371.773 .... 1399 packets received, 7712 bps, 96.40%, Err 0 (0.0e+000)
373.012 ** WARNING: System too busy, sleep 15 ms, but be awakened 101 ms later
373.971 .... 1407 packets received, 7711 bps, 96.39%, Err 0 (0.0e+000)
375.015 ** WARNING: System too busy, sleep 15 ms, but be awakened 104 ms later
376.137 .... 1415 packets received, 7710 bps, 96.38%, Err 0 (0.0e+000)
378.344 .... 1424 packets received, 7714 bps, 96.42%, Err 0 (0.0e+000)
380.467 .... 1432 packets received, 7714 bps, 96.42%, Err 0 (0.0e+000)
382.593 .... 1440 packets received, 7714 bps, 96.42%, Err 0 (0.0e+000)
384.716 .... 1448 packets received, 7714 bps, 96.42%, Err 0 (0.0e+000)
386.842 .... 1456 packets received, 7714 bps, 96.42%, Err 0 (0.0e+000)
388.967 .... 1464 packets received, 7714 bps, 96.42%, Err 0 (0.0e+000)
391.097 .... 1472 packets received, 7714 bps, 96.42%, Err 0 (0.0e+000)
393.210 .... 1480 packets received, 7714 bps, 96.42%, Err 0 (0.0e+000)
395.326 .... 1488 packets received, 7714 bps, 96.42%, Err 0 (0.0e+000)
397.453 .... 1496 packets received, 7714 bps, 96.42%, Err 0 (0.0e+000)
399.578 .... 1504 packets received, 7714 bps, 96.42%, Err 0 (0.0e+000)
401.698 .... 1512 packets received, 7714 bps, 96.42%, Err 0 (0.0e+000)
403.826 .... 1520 packets received, 7714 bps, 96.42%, Err 0 (0.0e+000)
405.941 .... 1528 packets received, 7714 bps, 96.43%, Err 0 (0.0e+000)
408.077 .... 1536 packets received, 7714 bps, 96.42%, Err 0 (0.0e+000)
410.197 .... 1544 packets received, 7714 bps, 96.42%, Err 0 (0.0e+000)
412.300 .... 1552 packets received, 7714 bps, 96.43%, Err 0 (0.0e+000)
414.422 .... 1560 packets received, 7714 bps, 96.43%, Err 0 (0.0e+000)
416.549 .... 1568 packets received, 7714 bps, 96.43%, Err 0 (0.0e+000)
418.674 .... 1576 packets received, 7714 bps, 96.43%, Err 0 (0.0e+000)
420.796 .... 1584 packets received, 7714 bps, 96.43%, Err 0 (0.0e+000)
422.921 .... 1592 packets received, 7714 bps, 96.43%, Err 0 (0.0e+000)
425.048 .... 1600 packets received, 7714 bps, 96.43%, Err 0 (0.0e+000)
427.179 .... 1608 packets received, 7714 bps, 96.43%, Err 0 (0.0e+000)
429.289 .... 1616 packets received, 7714 bps, 96.43%, Err 0 (0.0e+000)
431.429 .... 1624 packets received, 7714 bps, 96.43%, Err 0 (0.0e+000)
433.540 .... 1632 packets received, 7714 bps, 96.43%, Err 0 (0.0e+000)
435.669 .... 1640 packets received, 7714 bps, 96.43%, Err 0 (0.0e+000)
437.795 .... 1648 packets received, 7714 bps, 96.43%, Err 0 (0.0e+000)
439.922 .... 1656 packets received, 7714 bps, 96.43%, Err 0 (0.0e+000)
442.045 .... 1664 packets received, 7714 bps, 96.43%, Err 0 (0.0e+000)
444.161 .... 1672 packets received, 7714 bps, 96.43%, Err 0 (0.0e+000)
446.279 .... 1680 packets received, 7714 bps, 96.43%, Err 0 (0.0e+000)
448.409 .... 1688 packets received, 7714 bps, 96.43%, Err 0 (0.0e+000)
450.529 .... 1696 packets received, 7714 bps, 96.43%, Err 0 (0.0e+000)
452.650 .... 1704 packets received, 7714 bps, 96.43%, Err 0 (0.0e+000)
454.773 .... 1712 packets received, 7714 bps, 96.43%, Err 0 (0.0e+000)
456.893 .... 1720 packets received, 7714 bps, 96.43%, Err 0 (0.0e+000)
459.023 .... 1728 packets received, 7714 bps, 96.43%, Err 0 (0.0e+000)
461.142 .... 1736 packets received, 7714 bps, 96.43%, Err 0 (0.0e+000)
463.284 .... 1744 packets received, 7714 bps, 96.43%, Err 0 (0.0e+000)
465.396 .... 1752 packets received, 7714 bps, 96.43%, Err 0 (0.0e+000)
467.516 .... 1760 packets received, 7714 bps, 96.43%, Err 0 (0.0e+000)
469.628 .... 1768 packets received, 7715 bps, 96.43%, Err 0 (0.0e+000)
471.761 .... 1776 packets received, 7714 bps, 96.43%, Err 0 (0.0e+000)
473.889 .... 1784 packets received, 7714 bps, 96.43%, Err 0 (0.0e+000)
476.010 .... 1792 packets received, 7714 bps, 96.43%, Err 0 (0.0e+000)
478.126 .... 1800 packets received, 7714 bps, 96.43%, Err 0 (0.0e+000)
480.241 .... 1808 packets received, 7715 bps, 96.43%, Err 0 (0.0e+000)
482.372 .... 1816 packets received, 7715 bps, 96.43%, Err 0 (0.0e+000)
484.505 .... 1824 packets received, 7714 bps, 96.43%, Err 0 (0.0e+000)
486.619 .... 1832 packets received, 7715 bps, 96.43%, Err 0 (0.0e+000)
488.752 .... 1840 packets received, 7714 bps, 96.43%, Err 0 (0.0e+000)
490.863 .... 1848 packets received, 7715 bps, 96.43%, Err 0 (0.0e+000)
493.000 .... 1856 packets received, 7714 bps, 96.43%, Err 0 (0.0e+000)
495.123 .... 1864 packets received, 7714 bps, 96.43%, Err 0 (0.0e+000)
497.235 .... 1872 packets received, 7715 bps, 96.43%, Err 0 (0.0e+000)
499.365 .... 1880 packets received, 7714 bps, 96.43%, Err 0 (0.0e+000)
501.497 .... 1888 packets received, 7714 bps, 96.43%, Err 0 (0.0e+000)
503.606 .... 1896 packets received, 7715 bps, 96.43%, Err 0 (0.0e+000)
505.721 .... 1904 packets received, 7715 bps, 96.43%, Err 0 (0.0e+000)
507.847 .... 1912 packets received, 7715 bps, 96.43%, Err 0 (0.0e+000)
509.970 .... 1920 packets received, 7715 bps, 96.43%, Err 0 (0.0e+000)
512.095 .... 1928 packets received, 7715 bps, 96.43%, Err 0 (0.0e+000)
514.227 .... 1936 packets received, 7715 bps, 96.43%, Err 0 (0.0e+000)
516.363 .... 1944 packets received, 7714 bps, 96.43%, Err 0 (0.0e+000)
518.474 .... 1952 packets received, 7715 bps, 96.43%, Err 0 (0.0e+000)
520.602 .... 1960 packets received, 7714 bps, 96.43%, Err 0 (0.0e+000)
522.719 .... 1968 packets received, 7715 bps, 96.43%, Err 0 (0.0e+000)
524.839 .... 1976 packets received, 7715 bps, 96.43%, Err 0 (0.0e+000)
526.977 .... 1984 packets received, 7714 bps, 96.43%, Err 0 (0.0e+000)
529.088 .... 1992 packets received, 7715 bps, 96.43%, Err 0 (0.0e+000)
531.209 .... 2000 packets received, 7715 bps, 96.43%, Err 0 (0.0e+000)
533.334 .... 2008 packets received, 7715 bps, 96.43%, Err 0 (0.0e+000)
535.459 .... 2016 packets received, 7715 bps, 96.43%, Err 0 (0.0e+000)
537.586 .... 2024 packets received, 7715 bps, 96.43%, Err 0 (0.0e+000)
539.710 .... 2032 packets received, 7715 bps, 96.43%, Err 0 (0.0e+000)
541.820 .... 2040 packets received, 7715 bps, 96.43%, Err 0 (0.0e+000)
543.941 .... 2048 packets received, 7715 bps, 96.44%, Err 0 (0.0e+000)
546.084 .... 2056 packets received, 7715 bps, 96.43%, Err 0 (0.0e+000)
548.197 .... 2064 packets received, 7715 bps, 96.43%, Err 0 (0.0e+000)
550.309 .... 2072 packets received, 7715 bps, 96.44%, Err 0 (0.0e+000)
552.450 .... 2080 packets received, 7715 bps, 96.43%, Err 0 (0.0e+000)
554.567 .... 2088 packets received, 7715 bps, 96.43%, Err 0 (0.0e+000)
556.694 .... 2096 packets received, 7715 bps, 96.43%, Err 0 (0.0e+000)
558.823 .... 2104 packets received, 7715 bps, 96.43%, Err 0 (0.0e+000)
560.937 .... 2112 packets received, 7715 bps, 96.43%, Err 0 (0.0e+000)
563.060 .... 2120 packets received, 7715 bps, 96.43%, Err 0 (0.0e+000)
565.174 .... 2128 packets received, 7715 bps, 96.44%, Err 0 (0.0e+000)
567.312 .... 2136 packets received, 7715 bps, 96.43%, Err 0 (0.0e+000)
569.429 .... 2144 packets received, 7715 bps, 96.43%, Err 0 (0.0e+000)
571.565 .... 2152 packets received, 7715 bps, 96.43%, Err 0 (0.0e+000)
573.681 .... 2160 packets received, 7715 bps, 96.43%, Err 0 (0.0e+000)
575.795 .... 2168 packets received, 7715 bps, 96.44%, Err 0 (0.0e+000)
577.918 .... 2176 packets received, 7715 bps, 96.44%, Err 0 (0.0e+000)
580.051 .... 2184 packets received, 7715 bps, 96.43%, Err 0 (0.0e+000)
582.163 .... 2192 packets received, 7715 bps, 96.44%, Err 0 (0.0e+000)
584.283 .... 2200 packets received, 7715 bps, 96.44%, Err 0 (0.0e+000)
585.710 ** WARNING: System too busy, sleep 15 ms, but be awakened 84 ms later
586.421 .... 2208 packets received, 7715 bps, 96.43%, Err 0 (0.0e+000)
588.532 .... 2216 packets received, 7715 bps, 96.44%, Err 0 (0.0e+000)
590.655 .... 2224 packets received, 7715 bps, 96.44%, Err 0 (0.0e+000)
592.787 .... 2232 packets received, 7715 bps, 96.44%, Err 0 (0.0e+000)
594.904 .... 2240 packets received, 7715 bps, 96.44%, Err 0 (0.0e+000)
597.025 .... 2248 packets received, 7715 bps, 96.44%, Err 0 (0.0e+000)
599.168 .... 2256 packets received, 7715 bps, 96.43%, Err 0 (0.0e+000)
601.287 .... 2264 packets received, 7715 bps, 96.43%, Err 0 (0.0e+000)
603.393 .... 2272 packets received, 7715 bps, 96.44%, Err 0 (0.0e+000)
605.529 .... 2280 packets received, 7715 bps, 96.44%, Err 0 (0.0e+000)
607.650 .... 2288 packets received, 7715 bps, 96.44%, Err 0 (0.0e+000)
609.772 .... 2296 packets received, 7715 bps, 96.44%, Err 0 (0.0e+000)
611.898 .... 2304 packets received, 7715 bps, 96.44%, Err 0 (0.0e+000)
614.011 .... 2312 packets received, 7715 bps, 96.44%, Err 0 (0.0e+000)
616.136 .... 2320 packets received, 7715 bps, 96.44%, Err 0 (0.0e+000)
618.259 .... 2328 packets received, 7715 bps, 96.44%, Err 0 (0.0e+000)
620.400 .... 2336 packets received, 7715 bps, 96.43%, Err 0 (0.0e+000)
622.510 .... 2344 packets received, 7715 bps, 96.44%, Err 0 (0.0e+000)
624.625 .... 2352 packets received, 7715 bps, 96.44%, Err 0 (0.0e+000)
626.750 .... 2360 packets received, 7715 bps, 96.44%, Err 0 (0.0e+000)
628.875 .... 2368 packets received, 7715 bps, 96.44%, Err 0 (0.0e+000)
631.003 .... 2376 packets received, 7715 bps, 96.44%, Err 0 (0.0e+000)
633.130 .... 2384 packets received, 7715 bps, 96.44%, Err 0 (0.0e+000)
635.240 .... 2392 packets received, 7715 bps, 96.44%, Err 0 (0.0e+000)
637.361 .... 2400 packets received, 7715 bps, 96.44%, Err 0 (0.0e+000)
639.493 .... 2408 packets received, 7715 bps, 96.44%, Err 0 (0.0e+000)
641.621 .... 2416 packets received, 7715 bps, 96.44%, Err 0 (0.0e+000)
643.734 .... 2424 packets received, 7715 bps, 96.44%, Err 0 (0.0e+000)
645.855 .... 2432 packets received, 7715 bps, 96.44%, Err 0 (0.0e+000)
647.997 .... 2440 packets received, 7715 bps, 96.44%, Err 0 (0.0e+000)
650.113 .... 2448 packets received, 7715 bps, 96.44%, Err 0 (0.0e+000)
652.226 .... 2456 packets received, 7715 bps, 96.44%, Err 0 (0.0e+000)
654.360 .... 2464 packets received, 7715 bps, 96.44%, Err 0 (0.0e+000)
656.471 .... 2472 packets received, 7715 bps, 96.44%, Err 0 (0.0e+000)
658.592 .... 2480 packets received, 7715 bps, 96.44%, Err 0 (0.0e+000)
660.736 .... 2488 packets received, 7715 bps, 96.44%, Err 0 (0.0e+000)
662.850 .... 2496 packets received, 7715 bps, 96.44%, Err 0 (0.0e+000)
664.979 .... 2504 packets received, 7715 bps, 96.44%, Err 0 (0.0e+000)
667.109 .... 2512 packets received, 7715 bps, 96.44%, Err 0 (0.0e+000)
669.221 .... 2520 packets received, 7715 bps, 96.44%, Err 0 (0.0e+000)
671.333 .... 2528 packets received, 7715 bps, 96.44%, Err 0 (0.0e+000)
673.457 .... 2536 packets received, 7715 bps, 96.44%, Err 0 (0.0e+000)
675.589 .... 2544 packets received, 7715 bps, 96.44%, Err 0 (0.0e+000)
677.702 .... 2552 packets received, 7715 bps, 96.44%, Err 0 (0.0e+000)
679.843 .... 2560 packets received, 7715 bps, 96.44%, Err 0 (0.0e+000)
681.955 .... 2568 packets received, 7715 bps, 96.44%, Err 0 (0.0e+000)
684.078 .... 2576 packets received, 7715 bps, 96.44%, Err 0 (0.0e+000)
686.204 .... 2584 packets received, 7715 bps, 96.44%, Err 0 (0.0e+000)
688.333 .... 2592 packets received, 7715 bps, 96.44%, Err 0 (0.0e+000)
690.454 .... 2600 packets received, 7715 bps, 96.44%, Err 0 (0.0e+000)
692.576 .... 2608 packets received, 7715 bps, 96.44%, Err 0 (0.0e+000)
694.702 .... 2616 packets received, 7715 bps, 96.44%, Err 0 (0.0e+000)
696.826 .... 2624 packets received, 7715 bps, 96.44%, Err 0 (0.0e+000)
698.940 .... 2632 packets received, 7715 bps, 96.44%, Err 0 (0.0e+000)
701.066 .... 2640 packets received, 7715 bps, 96.44%, Err 0 (0.0e+000)
703.187 .... 2648 packets received, 7715 bps, 96.44%, Err 0 (0.0e+000)
705.313 .... 2656 packets received, 7715 bps, 96.44%, Err 0 (0.0e+000)
707.438 .... 2664 packets received, 7715 bps, 96.44%, Err 0 (0.0e+000)
709.557 .... 2672 packets received, 7715 bps, 96.44%, Err 0 (0.0e+000)
711.684 .... 2680 packets received, 7715 bps, 96.44%, Err 0 (0.0e+000)
713.813 .... 2688 packets received, 7715 bps, 96.44%, Err 0 (0.0e+000)
715.922 .... 2696 packets received, 7715 bps, 96.44%, Err 0 (0.0e+000)
718.061 .... 2704 packets received, 7715 bps, 96.44%, Err 0 (0.0e+000)
720.179 .... 2712 packets received, 7715 bps, 96.44%, Err 0 (0.0e+000)
722.302 .... 2720 packets received, 7715 bps, 96.44%, Err 0 (0.0e+000)
724.425 .... 2728 packets received, 7715 bps, 96.44%, Err 0 (0.0e+000)
726.549 .... 2736 packets received, 7715 bps, 96.44%, Err 0 (0.0e+000)
728.656 .... 2744 packets received, 7715 bps, 96.44%, Err 0 (0.0e+000)
730.783 .... 2752 packets received, 7715 bps, 96.44%, Err 0 (0.0e+000)
732.913 .... 2760 packets received, 7715 bps, 96.44%, Err 0 (0.0e+000)
735.032 .... 2768 packets received, 7715 bps, 96.44%, Err 0 (0.0e+000)
737.160 .... 2776 packets received, 7715 bps, 96.44%, Err 0 (0.0e+000)
739.282 .... 2784 packets received, 7715 bps, 96.44%, Err 0 (0.0e+000)
741.403 .... 2792 packets received, 7715 bps, 96.44%, Err 0 (0.0e+000)
743.519 .... 2800 packets received, 7715 bps, 96.44%, Err 0 (0.0e+000)
745.654 .... 2808 packets received, 7715 bps, 96.44%, Err 0 (0.0e+000)
747.788 .... 2816 packets received, 7715 bps, 96.44%, Err 0 (0.0e+000)
749.909 .... 2824 packets received, 7715 bps, 96.44%, Err 0 (0.0e+000)
752.015 .... 2832 packets received, 7715 bps, 96.44%, Err 0 (0.0e+000)
753.922 ** WARNING: System too busy, sleep 15 ms, but be awakened 101 ms later
754.197 .... 2840 packets received, 7715 bps, 96.43%, Err 0 (0.0e+000)
755.700 ** WARNING: System too busy, sleep 15 ms, but be awakened 102 ms later
756.562 .... 2848 packets received, 7712 bps, 96.40%, Err 0 (0.0e+000)
757.087 ** WARNING: System too busy, sleep 15 ms, but be awakened 100 ms later
758.677 .... 2856 packets received, 7712 bps, 96.40%, Err 0 (0.0e+000)
759.095 ** WARNING: System too busy, sleep 15 ms, but be awakened 108 ms later
760.775 .... 2864 packets received, 7713 bps, 96.41%, Err 0 (0.0e+000)
761.087 ** WARNING: System too busy, sleep 15 ms, but be awakened 104 ms later
762.844 .... 2872 packets received, 7713 bps, 96.41%, Err 0 (0.0e+000)
763.054 ** WARNING: System too busy, sleep 15 ms, but be awakened 101 ms later
765.022 ** WARNING: System too busy, sleep 15 ms, but be awakened 101 ms later
765.129 .... 2880 packets received, 7712 bps, 96.39%, Err 0 (0.0e+000)
767.096 ** WARNING: System too busy, sleep 15 ms, but be awakened 104 ms later
767.298 .... 2889 packets received, 7714 bps, 96.42%, Err 0 (0.0e+000)
769.034 ** WARNING: System too busy, sleep 15 ms, but be awakened 102 ms later
769.345 .... 2896 packets received, 7712 bps, 96.40%, Err 0 (0.0e+000)
771.103 ** WARNING: System too busy, sleep 15 ms, but be awakened 103 ms later
771.617 .... 2904 packets received, 7710 bps, 96.38%, Err 0 (0.0e+000)
773.070 ** WARNING: System too busy, sleep 15 ms, but be awakened 102 ms later
773.897 .... 2913 packets received, 7712 bps, 96.39%, Err 0 (0.0e+000)
775.062 ** WARNING: System too busy, sleep 15 ms, but be awakened 100 ms later
775.911 .... 2921 packets received, 7713 bps, 96.41%, Err 0 (0.0e+000)
777.031 ** WARNING: System too busy, sleep 15 ms, but be awakened 103 ms later
778.094 .... 2929 packets received, 7712 bps, 96.40%, Err 0 (0.0e+000)
779.030 ** WARNING: System too busy, sleep 15 ms, but be awakened 101 ms later
780.277 .... 2937 packets received, 7711 bps, 96.39%, Err 0 (0.0e+000)
781.016 ** WARNING: System too busy, sleep 15 ms, but be awakened 101 ms later
782.486 .... 2944 packets received, 7708 bps, 96.35%, Err 0 (0.0e+000)
783.010 ** WARNING: System too busy, sleep 15 ms, but be awakened 107 ms later
784.575 .... 2952 packets received, 7708 bps, 96.35%, Err 0 (0.0e+000)
785.095 ** WARNING: System too busy, sleep 15 ms, but be awakened 101 ms later
786.582 .... 2959 packets received, 7707 bps, 96.34%, Err 0 (0.0e+000)
787.062 ** WARNING: System too busy, sleep 15 ms, but be awakened 103 ms later
788.620 .... 2966 packets received, 7705 bps, 96.31%, Err 0 (0.0e+000)
789.044 ** WARNING: System too busy, sleep 15 ms, but be awakened 103 ms later
790.791 .... 2974 packets received, 7705 bps, 96.31%, Err 0 (0.0e+000)
791.101 ** WARNING: System too busy, sleep 15 ms, but be awakened 105 ms later
792.963 .... 2982 packets received, 7704 bps, 96.30%, Err 0 (0.0e+000)
793.172 ** WARNING: System too busy, sleep 15 ms, but be awakened 102 ms later
795.038 ** WARNING: System too busy, sleep 15 ms, but be awakened 101 ms later
795.042 .... 2990 packets received, 7705 bps, 96.31%, Err 0 (0.0e+000)
797.019 ** WARNING: System too busy, sleep 15 ms, but be awakened 100 ms later
797.225 .... 2998 packets received, 7704 bps, 96.30%, Err 0 (0.0e+000)
799.253 .... 3006 packets received, 7705 bps, 96.31%, Err 0 (0.0e+000)
801.375 .... 3014 packets received, 7705 bps, 96.32%, Err 0 (0.0e+000)
803.506 .... 3022 packets received, 7705 bps, 96.31%, Err 0 (0.0e+000)
805.612 .... 3030 packets received, 7705 bps, 96.32%, Err 0 (0.0e+000)
807.748 .... 3038 packets received, 7705 bps, 96.32%, Err 0 (0.0e+000)
809.865 .... 3046 packets received, 7705 bps, 96.32%, Err 0 (0.0e+000)
811.989 .... 3054 packets received, 7705 bps, 96.32%, Err 0 (0.0e+000)
814.113 .... 3062 packets received, 7705 bps, 96.32%, Err 0 (0.0e+000)
816.241 .... 3070 packets received, 7705 bps, 96.32%, Err 0 (0.0e+000)
818.369 .... 3078 packets received, 7705 bps, 96.32%, Err 0 (0.0e+000)
820.477 .... 3086 packets received, 7706 bps, 96.32%, Err 0 (0.0e+000)
822.624 .... 3094 packets received, 7705 bps, 96.32%, Err 0 (0.0e+000)
824.734 .... 3102 packets received, 7706 bps, 96.32%, Err 0 (0.0e+000)
826.858 .... 3110 packets received, 7706 bps, 96.32%, Err 0 (0.0e+000)
828.971 .... 3118 packets received, 7706 bps, 96.32%, Err 0 (0.0e+000)
831.094 .... 3126 packets received, 7706 bps, 96.32%, Err 0 (0.0e+000)
833.218 .... 3134 packets received, 7706 bps, 96.32%, Err 0 (0.0e+000)
835.344 .... 3142 packets received, 7706 bps, 96.32%, Err 0 (0.0e+000)
837.465 .... 3150 packets received, 7706 bps, 96.32%, Err 0 (0.0e+000)
839.621 .... 3158 packets received, 7705 bps, 96.32%, Err 0 (0.0e+000)
841.708 .... 3166 packets received, 7706 bps, 96.32%, Err 0 (0.0e+000)
843.829 .... 3174 packets received, 7706 bps, 96.32%, Err 0 (0.0e+000)
845.968 .... 3182 packets received, 7706 bps, 96.32%, Err 0 (0.0e+000)
848.080 .... 3190 packets received, 7706 bps, 96.32%, Err 0 (0.0e+000)
850.201 .... 3198 packets received, 7706 bps, 96.32%, Err 0 (0.0e+000)
852.340 .... 3206 packets received, 7706 bps, 96.32%, Err 0 (0.0e+000)
854.468 .... 3214 packets received, 7706 bps, 96.32%, Err 0 (0.0e+000)
856.596 .... 3222 packets received, 7706 bps, 96.32%, Err 0 (0.0e+000)
858.705 .... 3230 packets received, 7706 bps, 96.32%, Err 0 (0.0e+000)
860.825 .... 3238 packets received, 7706 bps, 96.33%, Err 0 (0.0e+000)
862.953 .... 3246 packets received, 7706 bps, 96.32%, Err 0 (0.0e+000)
865.081 .... 3254 packets received, 7706 bps, 96.32%, Err 0 (0.0e+000)
867.196 .... 3262 packets received, 7706 bps, 96.33%, Err 0 (0.0e+000)
869.336 .... 3270 packets received, 7706 bps, 96.32%, Err 0 (0.0e+000)
871.443 .... 3278 packets received, 7706 bps, 96.33%, Err 0 (0.0e+000)
873.569 .... 3286 packets received, 7706 bps, 96.33%, Err 0 (0.0e+000)
875.685 .... 3294 packets received, 7706 bps, 96.33%, Err 0 (0.0e+000)
877.816 .... 3302 packets received, 7706 bps, 96.33%, Err 0 (0.0e+000)
879.942 .... 3310 packets received, 7706 bps, 96.33%, Err 0 (0.0e+000)
882.071 .... 3318 packets received, 7706 bps, 96.33%, Err 0 (0.0e+000)
884.190 .... 3326 packets received, 7706 bps, 96.33%, Err 0 (0.0e+000)
886.297 .... 3334 packets received, 7706 bps, 96.33%, Err 0 (0.0e+000)
888.441 .... 3342 packets received, 7706 bps, 96.33%, Err 0 (0.0e+000)
890.552 .... 3350 packets received, 7706 bps, 96.33%, Err 0 (0.0e+000)
892.674 .... 3358 packets received, 7706 bps, 96.33%, Err 0 (0.0e+000)
894.803 .... 3366 packets received, 7706 bps, 96.33%, Err 0 (0.0e+000)
896.913 .... 3374 packets received, 7706 bps, 96.33%, Err 0 (0.0e+000)
899.053 .... 3382 packets received, 7706 bps, 96.33%, Err 0 (0.0e+000)
901.177 .... 3390 packets received, 7706 bps, 96.33%, Err 0 (0.0e+000)
903.300 .... 3398 packets received, 7706 bps, 96.33%, Err 0 (0.0e+000)
905.421 .... 3406 packets received, 7706 bps, 96.33%, Err 0 (0.0e+000)
907.538 .... 3414 packets received, 7707 bps, 96.33%, Err 0 (0.0e+000)
909.661 .... 3422 packets received, 7707 bps, 96.33%, Err 0 (0.0e+000)
911.788 .... 3430 packets received, 7707 bps, 96.33%, Err 0 (0.0e+000)
913.913 .... 3438 packets received, 7707 bps, 96.33%, Err 0 (0.0e+000)
916.022 .... 3446 packets received, 7707 bps, 96.33%, Err 0 (0.0e+000)
918.150 .... 3454 packets received, 7707 bps, 96.33%, Err 0 (0.0e+000)
920.271 .... 3462 packets received, 7707 bps, 96.33%, Err 0 (0.0e+000)
922.409 .... 3470 packets received, 7707 bps, 96.33%, Err 0 (0.0e+000)
924.531 .... 3478 packets received, 7707 bps, 96.33%, Err 0 (0.0e+000)
926.643 .... 3486 packets received, 7707 bps, 96.33%, Err 0 (0.0e+000)
928.782 .... 3494 packets received, 7707 bps, 96.33%, Err 0 (0.0e+000)
930.897 .... 3502 packets received, 7707 bps, 96.33%, Err 0 (0.0e+000)
933.019 .... 3510 packets received, 7707 bps, 96.33%, Err 0 (0.0e+000)
935.144 .... 3518 packets received, 7707 bps, 96.33%, Err 0 (0.0e+000)
937.268 .... 3526 packets received, 7707 bps, 96.34%, Err 0 (0.0e+000)
939.393 .... 3534 packets received, 7707 bps, 96.34%, Err 0 (0.0e+000)
941.500 .... 3542 packets received, 7707 bps, 96.34%, Err 0 (0.0e+000)
943.632 .... 3550 packets received, 7707 bps, 96.34%, Err 0 (0.0e+000)
945.748 .... 3558 packets received, 7707 bps, 96.34%, Err 0 (0.0e+000)
947.884 .... 3566 packets received, 7707 bps, 96.34%, Err 0 (0.0e+000)
950.007 .... 3574 packets received, 7707 bps, 96.34%, Err 0 (0.0e+000)
952.131 .... 3582 packets received, 7707 bps, 96.34%, Err 0 (0.0e+000)
954.241 .... 3590 packets received, 7707 bps, 96.34%, Err 0 (0.0e+000)
956.380 .... 3598 packets received, 7707 bps, 96.34%, Err 0 (0.0e+000)
958.502 .... 3606 packets received, 7707 bps, 96.34%, Err 0 (0.0e+000)
960.616 .... 3614 packets received, 7707 bps, 96.34%, Err 0 (0.0e+000)
961.106 ** WARNING: System too busy, sleep 15 ms, but be awakened 67 ms later
962.740 .... 3622 packets received, 7707 bps, 96.34%, Err 0 (0.0e+000)
964.881 .... 3630 packets received, 7707 bps, 96.34%, Err 0 (0.0e+000)
967.000 .... 3638 packets received, 7707 bps, 96.34%, Err 0 (0.0e+000)
969.098 .... 3646 packets received, 7707 bps, 96.34%, Err 0 (0.0e+000)
971.257 .... 3654 packets received, 7707 bps, 96.34%, Err 0 (0.0e+000)
973.367 .... 3662 packets received, 7707 bps, 96.34%, Err 0 (0.0e+000)
975.489 .... 3670 packets received, 7707 bps, 96.34%, Err 0 (0.0e+000)
977.605 .... 3678 packets received, 7707 bps, 96.34%, Err 0 (0.0e+000)
979.719 .... 3686 packets received, 7707 bps, 96.34%, Err 0 (0.0e+000)
981.865 .... 3694 packets received, 7707 bps, 96.34%, Err 0 (0.0e+000)
983.990 .... 3702 packets received, 7707 bps, 96.34%, Err 0 (0.0e+000)
986.099 .... 3710 packets received, 7707 bps, 96.34%, Err 0 (0.0e+000)
988.234 .... 3718 packets received, 7707 bps, 96.34%, Err 0 (0.0e+000)
990.348 .... 3726 packets received, 7707 bps, 96.34%, Err 0 (0.0e+000)
992.469 .... 3734 packets received, 7707 bps, 96.34%, Err 0 (0.0e+000)
994.599 .... 3742 packets received, 7707 bps, 96.34%, Err 0 (0.0e+000)
996.713 .... 3750 packets received, 7707 bps, 96.34%, Err 0 (0.0e+000)
998.842 .... 3758 packets received, 7707 bps, 96.34%, Err 0 (0.0e+000)
1000.947 .... 3766 packets received, 7708 bps, 96.34%, Err 0 (0.0e+000)
1003.076 .... 3774 packets received, 7708 bps, 96.34%, Err 0 (0.0e+000)
1005.211 .... 3782 packets received, 7707 bps, 96.34%, Err 0 (0.0e+000)
1007.335 .... 3790 packets received, 7707 bps, 96.34%, Err 0 (0.0e+000)
1009.454 .... 3798 packets received, 7708 bps, 96.34%, Err 0 (0.0e+000)
1011.569 .... 3806 packets received, 7708 bps, 96.35%, Err 0 (0.0e+000)
1013.709 .... 3814 packets received, 7708 bps, 96.34%, Err 0 (0.0e+000)
1015.830 .... 3822 packets received, 7708 bps, 96.34%, Err 0 (0.0e+000)
1017.959 .... 3830 packets received, 7708 bps, 96.34%, Err 0 (0.0e+000)
1020.066 .... 3838 packets received, 7708 bps, 96.35%, Err 0 (0.0e+000)
1022.187 .... 3846 packets received, 7708 bps, 96.35%, Err 0 (0.0e+000)
1024.315 .... 3854 packets received, 7708 bps, 96.35%, Err 0 (0.0e+000)
1026.445 .... 3862 packets received, 7708 bps, 96.35%, Err 0 (0.0e+000)
1028.569 .... 3870 packets received, 7708 bps, 96.35%, Err 0 (0.0e+000)
1030.680 .... 3878 packets received, 7708 bps, 96.35%, Err 0 (0.0e+000)
1032.823 .... 3886 packets received, 7708 bps, 96.35%, Err 0 (0.0e+000)
1034.926 .... 3894 packets received, 7708 bps, 96.35%, Err 0 (0.0e+000)
1037.056 .... 3902 packets received, 7708 bps, 96.35%, Err 0 (0.0e+000)
1039.176 .... 3910 packets received, 7708 bps, 96.35%, Err 0 (0.0e+000)
1041.296 .... 3918 packets received, 7708 bps, 96.35%, Err 0 (0.0e+000)
1043.423 .... 3926 packets received, 7708 bps, 96.35%, Err 0 (0.0e+000)
1045.545 .... 3934 packets received, 7708 bps, 96.35%, Err 0 (0.0e+000)
1047.675 .... 3942 packets received, 7708 bps, 96.35%, Err 0 (0.0e+000)
1049.797 .... 3950 packets received, 7708 bps, 96.35%, Err 0 (0.0e+000)
1051.922 .... 3958 packets received, 7708 bps, 96.35%, Err 0 (0.0e+000)
1054.040 .... 3966 packets received, 7708 bps, 96.35%, Err 0 (0.0e+000)
1056.160 .... 3974 packets received, 7708 bps, 96.35%, Err 0 (0.0e+000)
1058.296 .... 3982 packets received, 7708 bps, 96.35%, Err 0 (0.0e+000)
1060.403 .... 3990 packets received, 7708 bps, 96.35%, Err 0 (0.0e+000)
1062.529 .... 3998 packets received, 7708 bps, 96.35%, Err 0 (0.0e+000)
1064.659 .... 4006 packets received, 7708 bps, 96.35%, Err 0 (0.0e+000)
1066.780 .... 4014 packets received, 7708 bps, 96.35%, Err 0 (0.0e+000)
1068.912 .... 4022 packets received, 7708 bps, 96.35%, Err 0 (0.0e+000)
1071.033 .... 4030 packets received, 7708 bps, 96.35%, Err 0 (0.0e+000)
1073.148 .... 4038 packets received, 7708 bps, 96.35%, Err 0 (0.0e+000)
1075.268 .... 4046 packets received, 7708 bps, 96.35%, Err 0 (0.0e+000)
1077.393 .... 4054 packets received, 7708 bps, 96.35%, Err 0 (0.0e+000)
1079.516 .... 4062 packets received, 7708 bps, 96.35%, Err 0 (0.0e+000)
1081.634 .... 4070 packets received, 7708 bps, 96.35%, Err 0 (0.0e+000)
1083.756 .... 4078 packets received, 7708 bps, 96.35%, Err 0 (0.0e+000)
1085.896 .... 4086 packets received, 7708 bps, 96.35%, Err 0 (0.0e+000)
1088.020 .... 4094 packets received, 7708 bps, 96.35%, Err 0 (0.0e+000)
1090.131 .... 4102 packets received, 7708 bps, 96.35%, Err 0 (0.0e+000)
1092.257 .... 4110 packets received, 7708 bps, 96.35%, Err 0 (0.0e+000)
1094.388 .... 4118 packets received, 7708 bps, 96.35%, Err 0 (0.0e+000)
1096.510 .... 4126 packets received, 7708 bps, 96.35%, Err 0 (0.0e+000)
1098.639 .... 4134 packets received, 7708 bps, 96.35%, Err 0 (0.0e+000)
1100.753 .... 4142 packets received, 7708 bps, 96.35%, Err 0 (0.0e+000)
1102.866 .... 4150 packets received, 7708 bps, 96.35%, Err 0 (0.0e+000)
1105.005 .... 4158 packets received, 7708 bps, 96.35%, Err 0 (0.0e+000)
1107.127 .... 4166 packets received, 7708 bps, 96.35%, Err 0 (0.0e+000)
1109.249 .... 4174 packets received, 7708 bps, 96.35%, Err 0 (0.0e+000)
1111.367 .... 4182 packets received, 7708 bps, 96.35%, Err 0 (0.0e+000)
1113.497 .... 4190 packets received, 7708 bps, 96.35%, Err 0 (0.0e+000)
1115.634 .... 4198 packets received, 7708 bps, 96.35%, Err 0 (0.0e+000)
1117.733 .... 4206 packets received, 7708 bps, 96.36%, Err 0 (0.0e+000)
1119.859 .... 4214 packets received, 7708 bps, 96.36%, Err 0 (0.0e+000)
1121.989 .... 4222 packets received, 7708 bps, 96.36%, Err 0 (0.0e+000)
1124.115 .... 4230 packets received, 7708 bps, 96.36%, Err 0 (0.0e+000)
1126.229 .... 4238 packets received, 7708 bps, 96.36%, Err 0 (0.0e+000)
1128.356 .... 4246 packets received, 7708 bps, 96.36%, Err 0 (0.0e+000)
1130.481 .... 4254 packets received, 7708 bps, 96.36%, Err 0 (0.0e+000)
1132.606 .... 4262 packets received, 7708 bps, 96.36%, Err 0 (0.0e+000)
1134.721 .... 4270 packets received, 7709 bps, 96.36%, Err 0 (0.0e+000)
1136.849 .... 4278 packets received, 7709 bps, 96.36%, Err 0 (0.0e+000)
1138.960 .... 4286 packets received, 7709 bps, 96.36%, Err 0 (0.0e+000)
1141.082 .... 4294 packets received, 7709 bps, 96.36%, Err 0 (0.0e+000)
1143.204 .... 4302 packets received, 7709 bps, 96.36%, Err 0 (0.0e+000)
1145.338 .... 4310 packets received, 7709 bps, 96.36%, Err 0 (0.0e+000)
1147.458 .... 4318 packets received, 7709 bps, 96.36%, Err 0 (0.0e+000)
1149.581 .... 4326 packets received, 7709 bps, 96.36%, Err 0 (0.0e+000)
1151.713 .... 4334 packets received, 7709 bps, 96.36%, Err 0 (0.0e+000)
1153.835 .... 4342 packets received, 7709 bps, 96.36%, Err 0 (0.0e+000)
1155.946 .... 4350 packets received, 7709 bps, 96.36%, Err 0 (0.0e+000)
1158.069 .... 4358 packets received, 7709 bps, 96.36%, Err 0 (0.0e+000)
1160.210 .... 4366 packets received, 7709 bps, 96.36%, Err 0 (0.0e+000)
1162.319 .... 4374 packets received, 7709 bps, 96.36%, Err 0 (0.0e+000)
1164.445 .... 4382 packets received, 7709 bps, 96.36%, Err 0 (0.0e+000)
1166.558 .... 4390 packets received, 7709 bps, 96.36%, Err 0 (0.0e+000)
1168.697 .... 4398 packets received, 7709 bps, 96.36%, Err 0 (0.0e+000)
1170.809 .... 4406 packets received, 7709 bps, 96.36%, Err 0 (0.0e+000)
1172.930 .... 4414 packets received, 7709 bps, 96.36%, Err 0 (0.0e+000)
1175.067 .... 4422 packets received, 7709 bps, 96.36%, Err 0 (0.0e+000)
1177.187 .... 4430 packets received, 7709 bps, 96.36%, Err 0 (0.0e+000)
1179.308 .... 4438 packets received, 7709 bps, 96.36%, Err 0 (0.0e+000)
1181.440 .... 4446 packets received, 7709 bps, 96.36%, Err 0 (0.0e+000)
1183.567 .... 4454 packets received, 7709 bps, 96.36%, Err 0 (0.0e+000)
1185.672 .... 4462 packets received, 7709 bps, 96.36%, Err 0 (0.0e+000)
1187.800 .... 4470 packets received, 7709 bps, 96.36%, Err 0 (0.0e+000)
1189.935 .... 4478 packets received, 7709 bps, 96.36%, Err 0 (0.0e+000)
1192.049 .... 4486 packets received, 7709 bps, 96.36%, Err 0 (0.0e+000)
1194.175 .... 4494 packets received, 7709 bps, 96.36%, Err 0 (0.0e+000)
1196.298 .... 4502 packets received, 7709 bps, 96.36%, Err 0 (0.0e+000)
1198.427 .... 4510 packets received, 7709 bps, 96.36%, Err 0 (0.0e+000)
1200.546 .... 4518 packets received, 7709 bps, 96.36%, Err 0 (0.0e+000)
1202.663 .... 4526 packets received, 7709 bps, 96.36%, Err 0 (0.0e+000)
1204.803 .... 4534 packets received, 7709 bps, 96.36%, Err 0 (0.0e+000)
1206.953 .... 4542 packets received, 7709 bps, 96.36%, Err 0 (0.0e+000)
1209.045 .... 4550 packets received, 7709 bps, 96.36%, Err 0 (0.0e+000)
1211.165 .... 4558 packets received, 7709 bps, 96.36%, Err 0 (0.0e+000)
1213.282 .... 4566 packets received, 7709 bps, 96.36%, Err 0 (0.0e+000)
1215.394 .... 4574 packets received, 7709 bps, 96.36%, Err 0 (0.0e+000)
1217.542 .... 4582 packets received, 7709 bps, 96.36%, Err 0 (0.0e+000)
1219.643 .... 4590 packets received, 7709 bps, 96.36%, Err 0 (0.0e+000)
1221.782 .... 4598 packets received, 7709 bps, 96.36%, Err 0 (0.0e+000)
1223.884 .... 4606 packets received, 7709 bps, 96.37%, Err 0 (0.0e+000)
1226.021 .... 4614 packets received, 7709 bps, 96.36%, Err 0 (0.0e+000)
1228.141 .... 4622 packets received, 7709 bps, 96.36%, Err 0 (0.0e+000)
1230.256 .... 4630 packets received, 7709 bps, 96.37%, Err 0 (0.0e+000)
1232.381 .... 4638 packets received, 7709 bps, 96.37%, Err 0 (0.0e+000)
1234.501 .... 4646 packets received, 7709 bps, 96.37%, Err 0 (0.0e+000)
1236.645 .... 4654 packets received, 7709 bps, 96.36%, Err 0 (0.0e+000)
1238.770 .... 4662 packets received, 7709 bps, 96.36%, Err 0 (0.0e+000)
1240.882 .... 4670 packets received, 7709 bps, 96.37%, Err 0 (0.0e+000)
1243.008 .... 4678 packets received, 7709 bps, 96.37%, Err 0 (0.0e+000)
1245.130 .... 4686 packets received, 7709 bps, 96.37%, Err 0 (0.0e+000)
1247.241 .... 4694 packets received, 7709 bps, 96.37%, Err 0 (0.0e+000)
1249.378 .... 4702 packets received, 7709 bps, 96.37%, Err 0 (0.0e+000)
1251.494 .... 4710 packets received, 7709 bps, 96.37%, Err 0 (0.0e+000)
1253.626 .... 4718 packets received, 7709 bps, 96.37%, Err 0 (0.0e+000)
1255.747 .... 4726 packets received, 7709 bps, 96.37%, Err 0 (0.0e+000)
1257.864 .... 4734 packets received, 7709 bps, 96.37%, Err 0 (0.0e+000)
1259.999 .... 4742 packets received, 7709 bps, 96.37%, Err 0 (0.0e+000)
1262.115 .... 4750 packets received, 7709 bps, 96.37%, Err 0 (0.0e+000)
1264.239 .... 4758 packets received, 7709 bps, 96.37%, Err 0 (0.0e+000)
1266.361 .... 4766 packets received, 7709 bps, 96.37%, Err 0 (0.0e+000)
1268.475 .... 4774 packets received, 7709 bps, 96.37%, Err 0 (0.0e+000)
1270.612 .... 4782 packets received, 7709 bps, 96.37%, Err 0 (0.0e+000)
1272.727 .... 4790 packets received, 7709 bps, 96.37%, Err 0 (0.0e+000)
1274.873 .... 4798 packets received, 7709 bps, 96.37%, Err 0 (0.0e+000)
1276.973 .... 4806 packets received, 7709 bps, 96.37%, Err 0 (0.0e+000)
1279.105 .... 4814 packets received, 7709 bps, 96.37%, Err 0 (0.0e+000)
1281.231 .... 4822 packets received, 7709 bps, 96.37%, Err 0 (0.0e+000)
1283.352 .... 4830 packets received, 7709 bps, 96.37%, Err 0 (0.0e+000)
1285.474 .... 4838 packets received, 7709 bps, 96.37%, Err 0 (0.0e+000)
1287.587 .... 4846 packets received, 7710 bps, 96.37%, Err 0 (0.0e+000)
1289.716 .... 4854 packets received, 7710 bps, 96.37%, Err 0 (0.0e+000)
1291.842 .... 4862 packets received, 7710 bps, 96.37%, Err 0 (0.0e+000)
1293.966 .... 4870 packets received, 7710 bps, 96.37%, Err 0 (0.0e+000)
1294.536 ** WARNING: System too busy, sleep 15 ms, but be awakened 75 ms later
1296.108 .... 4878 packets received, 7709 bps, 96.37%, Err 0 (0.0e+000)
1298.211 .... 4886 packets received, 7710 bps, 96.37%, Err 0 (0.0e+000)
1300.345 .... 4894 packets received, 7709 bps, 96.37%, Err 0 (0.0e+000)
1302.465 .... 4902 packets received, 7710 bps, 96.37%, Err 0 (0.0e+000)
1304.595 .... 4910 packets received, 7710 bps, 96.37%, Err 0 (0.0e+000)
1306.724 .... 4918 packets received, 7709 bps, 96.37%, Err 0 (0.0e+000)
1308.832 .... 4926 packets received, 7710 bps, 96.37%, Err 0 (0.0e+000)
1310.954 .... 4934 packets received, 7710 bps, 96.37%, Err 0 (0.0e+000)
1313.081 .... 4942 packets received, 7710 bps, 96.37%, Err 0 (0.0e+000)
1315.187 .... 4950 packets received, 7710 bps, 96.37%, Err 0 (0.0e+000)
1317.317 .... 4958 packets received, 7710 bps, 96.37%, Err 0 (0.0e+000)
1319.430 .... 4966 packets received, 7710 bps, 96.37%, Err 0 (0.0e+000)
1321.560 .... 4974 packets received, 7710 bps, 96.37%, Err 0 (0.0e+000)
1323.689 .... 4982 packets received, 7710 bps, 96.37%, Err 0 (0.0e+000)
1325.821 .... 4990 packets received, 7710 bps, 96.37%, Err 0 (0.0e+000)
1327.950 .... 4998 packets received, 7710 bps, 96.37%, Err 0 (0.0e+000)
1330.048 .... 5006 packets received, 7710 bps, 96.37%, Err 0 (0.0e+000)
1332.193 .... 5014 packets received, 7710 bps, 96.37%, Err 0 (0.0e+000)
1334.291 .... 5022 packets received, 7710 bps, 96.37%, Err 0 (0.0e+000)
1336.420 .... 5030 packets received, 7710 bps, 96.37%, Err 0 (0.0e+000)
1338.566 .... 5038 packets received, 7710 bps, 96.37%, Err 0 (0.0e+000)
1340.663 .... 5046 packets received, 7710 bps, 96.37%, Err 0 (0.0e+000)
1342.809 .... 5054 packets received, 7710 bps, 96.37%, Err 0 (0.0e+000)
1344.907 .... 5062 packets received, 7710 bps, 96.37%, Err 0 (0.0e+000)
1347.036 .... 5070 packets received, 7710 bps, 96.37%, Err 0 (0.0e+000)
1349.166 .... 5078 packets received, 7710 bps, 96.37%, Err 0 (0.0e+000)
1351.279 .... 5086 packets received, 7710 bps, 96.37%, Err 0 (0.0e+000)
1353.409 .... 5094 packets received, 7710 bps, 96.37%, Err 0 (0.0e+000)
1355.528 .... 5102 packets received, 7710 bps, 96.37%, Err 0 (0.0e+000)
1357.658 .... 5110 packets received, 7710 bps, 96.37%, Err 0 (0.0e+000)
1359.789 .... 5118 packets received, 7710 bps, 96.37%, Err 0 (0.0e+000)
1361.919 .... 5126 packets received, 7710 bps, 96.37%, Err 0 (0.0e+000)
1364.048 .... 5134 packets received, 7710 bps, 96.37%, Err 0 (0.0e+000)
1366.162 .... 5142 packets received, 7710 bps, 96.37%, Err 0 (0.0e+000)
1368.275 .... 5150 packets received, 7710 bps, 96.37%, Err 0 (0.0e+000)
1370.405 .... 5158 packets received, 7710 bps, 96.37%, Err 0 (0.0e+000)
1372.534 .... 5166 packets received, 7710 bps, 96.37%, Err 0 (0.0e+000)
1374.648 .... 5174 packets received, 7710 bps, 96.37%, Err 0 (0.0e+000)
1376.777 .... 5182 packets received, 7710 bps, 96.37%, Err 0 (0.0e+000)
1378.907 .... 5190 packets received, 7710 bps, 96.37%, Err 0 (0.0e+000)
1381.020 .... 5198 packets received, 7710 bps, 96.37%, Err 0 (0.0e+000)
1383.134 .... 5206 packets received, 7710 bps, 96.38%, Err 0 (0.0e+000)
1385.279 .... 5214 packets received, 7710 bps, 96.37%, Err 0 (0.0e+000)
1387.386 .... 5222 packets received, 7710 bps, 96.38%, Err 0 (0.0e+000)
1389.515 .... 5230 packets received, 7710 bps, 96.37%, Err 0 (0.0e+000)
1391.645 .... 5238 packets received, 7710 bps, 96.37%, Err 0 (0.0e+000)
1393.745 .... 5246 packets received, 7710 bps, 96.38%, Err 0 (0.0e+000)
1395.891 .... 5254 packets received, 7710 bps, 96.37%, Err 0 (0.0e+000)
1398.004 .... 5262 packets received, 7710 bps, 96.38%, Err 0 (0.0e+000)
1400.133 .... 5270 packets received, 7710 bps, 96.38%, Err 0 (0.0e+000)
1402.262 .... 5278 packets received, 7710 bps, 96.38%, Err 0 (0.0e+000)
1404.360 .... 5286 packets received, 7710 bps, 96.38%, Err 0 (0.0e+000)
1406.505 .... 5294 packets received, 7710 bps, 96.38%, Err 0 (0.0e+000)
1408.619 .... 5302 packets received, 7710 bps, 96.38%, Err 0 (0.0e+000)
1410.748 .... 5310 packets received, 7710 bps, 96.38%, Err 0 (0.0e+000)
1412.878 .... 5318 packets received, 7710 bps, 96.38%, Err 0 (0.0e+000)
1414.991 .... 5326 packets received, 7710 bps, 96.38%, Err 0 (0.0e+000)
1417.115 .... 5334 packets received, 7710 bps, 96.38%, Err 0 (0.0e+000)
1419.246 .... 5342 packets received, 7710 bps, 96.38%, Err 0 (0.0e+000)
1421.343 .... 5350 packets received, 7710 bps, 96.38%, Err 0 (0.0e+000)
1423.473 .... 5358 packets received, 7710 bps, 96.38%, Err 0 (0.0e+000)
1425.602 .... 5366 packets received, 7710 bps, 96.38%, Err 0 (0.0e+000)
1427.716 .... 5374 packets received, 7710 bps, 96.38%, Err 0 (0.0e+000)
1429.846 .... 5382 packets received, 7710 bps, 96.38%, Err 0 (0.0e+000)
1431.975 .... 5390 packets received, 7710 bps, 96.38%, Err 0 (0.0e+000)
1434.088 .... 5398 packets received, 7710 bps, 96.38%, Err 0 (0.0e+000)
1436.218 .... 5406 packets received, 7710 bps, 96.38%, Err 0 (0.0e+000)
1438.331 .... 5414 packets received, 7710 bps, 96.38%, Err 0 (0.0e+000)
1440.460 .... 5422 packets received, 7710 bps, 96.38%, Err 0 (0.0e+000)
1442.589 .... 5430 packets received, 7710 bps, 96.38%, Err 0 (0.0e+000)
1444.702 .... 5438 packets received, 7710 bps, 96.38%, Err 0 (0.0e+000)
1446.832 .... 5446 packets received, 7710 bps, 96.38%, Err 0 (0.0e+000)
1448.962 .... 5454 packets received, 7710 bps, 96.38%, Err 0 (0.0e+000)
1451.075 .... 5462 packets received, 7710 bps, 96.38%, Err 0 (0.0e+000)
1453.204 .... 5470 packets received, 7710 bps, 96.38%, Err 0 (0.0e+000)
1455.318 .... 5478 packets received, 7710 bps, 96.38%, Err 0 (0.0e+000)
1457.447 .... 5486 packets received, 7710 bps, 96.38%, Err 0 (0.0e+000)
1459.577 .... 5494 packets received, 7710 bps, 96.38%, Err 0 (0.0e+000)
1461.690 .... 5502 packets received, 7710 bps, 96.38%, Err 0 (0.0e+000)
1463.827 .... 5510 packets received, 7710 bps, 96.38%, Err 0 (0.0e+000)
1465.961 .... 5518 packets received, 7710 bps, 96.38%, Err 0 (0.0e+000)
1468.063 .... 5526 packets received, 7710 bps, 96.38%, Err 0 (0.0e+000)
1470.203 .... 5534 packets received, 7710 bps, 96.38%, Err 0 (0.0e+000)
1472.318 .... 5542 packets received, 7710 bps, 96.38%, Err 0 (0.0e+000)
1474.431 .... 5550 packets received, 7710 bps, 96.38%, Err 0 (0.0e+000)
1476.561 .... 5558 packets received, 7710 bps, 96.38%, Err 0 (0.0e+000)
1478.674 .... 5566 packets received, 7710 bps, 96.38%, Err 0 (0.0e+000)
1480.804 .... 5574 packets received, 7710 bps, 96.38%, Err 0 (0.0e+000)
1482.917 .... 5582 packets received, 7711 bps, 96.38%, Err 0 (0.0e+000)
1485.047 .... 5590 packets received, 7710 bps, 96.38%, Err 0 (0.0e+000)
1487.192 .... 5598 packets received, 7710 bps, 96.38%, Err 0 (0.0e+000)
1489.306 .... 5606 packets received, 7710 bps, 96.38%, Err 0 (0.0e+000)
1491.435 .... 5614 packets received, 7710 bps, 96.38%, Err 0 (0.0e+000)
1493.542 .... 5622 packets received, 7710 bps, 96.38%, Err 0 (0.0e+000)
1495.657 .... 5630 packets received, 7711 bps, 96.38%, Err 0 (0.0e+000)
1497.787 .... 5638 packets received, 7711 bps, 96.38%, Err 0 (0.0e+000)
1499.916 .... 5646 packets received, 7711 bps, 96.38%, Err 0 (0.0e+000)
1502.030 .... 5654 packets received, 7711 bps, 96.38%, Err 0 (0.0e+000)
1504.159 .... 5662 packets received, 7711 bps, 96.38%, Err 0 (0.0e+000)
1506.273 .... 5670 packets received, 7711 bps, 96.38%, Err 0 (0.0e+000)
1508.402 .... 5678 packets received, 7711 bps, 96.38%, Err 0 (0.0e+000)
1510.516 .... 5686 packets received, 7711 bps, 96.38%, Err 0 (0.0e+000)
1512.645 .... 5694 packets received, 7711 bps, 96.38%, Err 0 (0.0e+000)
1514.775 .... 5702 packets received, 7711 bps, 96.38%, Err 0 (0.0e+000)
1516.903 .... 5710 packets received, 7711 bps, 96.38%, Err 0 (0.0e+000)
1519.017 .... 5718 packets received, 7711 bps, 96.38%, Err 0 (0.0e+000)
1521.163 .... 5726 packets received, 7711 bps, 96.38%, Err 0 (0.0e+000)
1523.260 .... 5734 packets received, 7711 bps, 96.38%, Err 0 (0.0e+000)
1525.390 .... 5742 packets received, 7711 bps, 96.38%, Err 0 (0.0e+000)
1527.519 .... 5750 packets received, 7711 bps, 96.38%, Err 0 (0.0e+000)
1529.633 .... 5758 packets received, 7711 bps, 96.38%, Err 0 (0.0e+000)
1531.778 .... 5766 packets received, 7711 bps, 96.38%, Err 0 (0.0e+000)
1533.876 .... 5774 packets received, 7711 bps, 96.38%, Err 0 (0.0e+000)
1536.005 .... 5782 packets received, 7711 bps, 96.38%, Err 0 (0.0e+000)
1538.135 .... 5790 packets received, 7711 bps, 96.38%, Err 0 (0.0e+000)
1540.264 .... 5798 packets received, 7711 bps, 96.38%, Err 0 (0.0e+000)
1542.394 .... 5806 packets received, 7711 bps, 96.38%, Err 0 (0.0e+000)
1544.507 .... 5814 packets received, 7711 bps, 96.38%, Err 0 (0.0e+000)
1546.637 .... 5822 packets received, 7711 bps, 96.38%, Err 0 (0.0e+000)
1548.742 .... 5830 packets received, 7711 bps, 96.38%, Err 0 (0.0e+000)
1550.872 .... 5838 packets received, 7711 bps, 96.38%, Err 0 (0.0e+000)
1553.001 .... 5846 packets received, 7711 bps, 96.38%, Err 0 (0.0e+000)
1555.115 .... 5854 packets received, 7711 bps, 96.38%, Err 0 (0.0e+000)
1557.245 .... 5862 packets received, 7711 bps, 96.38%, Err 0 (0.0e+000)
1559.374 .... 5870 packets received, 7711 bps, 96.38%, Err 0 (0.0e+000)
1561.488 .... 5878 packets received, 7711 bps, 96.38%, Err 0 (0.0e+000)
1563.617 .... 5886 packets received, 7711 bps, 96.38%, Err 0 (0.0e+000)
1565.747 .... 5894 packets received, 7711 bps, 96.38%, Err 0 (0.0e+000)
1567.860 .... 5902 packets received, 7711 bps, 96.38%, Err 0 (0.0e+000)
1569.990 .... 5910 packets received, 7711 bps, 96.38%, Err 0 (0.0e+000)
1572.119 .... 5918 packets received, 7711 bps, 96.38%, Err 0 (0.0e+000)
1574.233 .... 5926 packets received, 7711 bps, 96.38%, Err 0 (0.0e+000)
1576.362 .... 5934 packets received, 7711 bps, 96.38%, Err 0 (0.0e+000)
1578.476 .... 5942 packets received, 7711 bps, 96.39%, Err 0 (0.0e+000)
1580.605 .... 5950 packets received, 7711 bps, 96.38%, Err 0 (0.0e+000)
1582.735 .... 5958 packets received, 7711 bps, 96.38%, Err 0 (0.0e+000)
1584.848 .... 5966 packets received, 7711 bps, 96.39%, Err 0 (0.0e+000)
1586.978 .... 5974 packets received, 7711 bps, 96.38%, Err 0 (0.0e+000)
1589.091 .... 5982 packets received, 7711 bps, 96.39%, Err 0 (0.0e+000)
1591.221 .... 5990 packets received, 7711 bps, 96.39%, Err 0 (0.0e+000)
1593.350 .... 5998 packets received, 7711 bps, 96.38%, Err 0 (0.0e+000)
1595.464 .... 6006 packets received, 7711 bps, 96.39%, Err 0 (0.0e+000)
1597.578 .... 6014 packets received, 7711 bps, 96.39%, Err 0 (0.0e+000)
1599.708 .... 6022 packets received, 7711 bps, 96.39%, Err 0 (0.0e+000)
1601.821 .... 6030 packets received, 7711 bps, 96.39%, Err 0 (0.0e+000)
1603.967 .... 6038 packets received, 7711 bps, 96.39%, Err 0 (0.0e+000)
1606.065 .... 6046 packets received, 7711 bps, 96.39%, Err 0 (0.0e+000)
1608.195 .... 6054 packets received, 7711 bps, 96.39%, Err 0 (0.0e+000)
1610.308 .... 6062 packets received, 7711 bps, 96.39%, Err 0 (0.0e+000)
1612.438 .... 6070 packets received, 7711 bps, 96.39%, Err 0 (0.0e+000)
1614.571 .... 6078 packets received, 7711 bps, 96.39%, Err 0 (0.0e+000)
1616.701 .... 6086 packets received, 7711 bps, 96.39%, Err 0 (0.0e+000)
1618.814 .... 6094 packets received, 7711 bps, 96.39%, Err 0 (0.0e+000)
1620.928 .... 6102 packets received, 7711 bps, 96.39%, Err 0 (0.0e+000)
1623.073 .... 6110 packets received, 7711 bps, 96.39%, Err 0 (0.0e+000)
1625.203 .... 6118 packets received, 7711 bps, 96.39%, Err 0 (0.0e+000)
1627.300 .... 6126 packets received, 7711 bps, 96.39%, Err 0 (0.0e+000)
1629.430 .... 6134 packets received, 7711 bps, 96.39%, Err 0 (0.0e+000)
1631.559 .... 6142 packets received, 7711 bps, 96.39%, Err 0 (0.0e+000)
1633.673 .... 6150 packets received, 7711 bps, 96.39%, Err 0 (0.0e+000)
1635.818 .... 6158 packets received, 7711 bps, 96.39%, Err 0 (0.0e+000)
1637.932 .... 6166 packets received, 7711 bps, 96.39%, Err 0 (0.0e+000)
1640.061 .... 6174 packets received, 7711 bps, 96.39%, Err 0 (0.0e+000)
1642.175 .... 6182 packets received, 7711 bps, 96.39%, Err 0 (0.0e+000)
1644.304 .... 6190 packets received, 7711 bps, 96.39%, Err 0 (0.0e+000)
1646.434 .... 6198 packets received, 7711 bps, 96.39%, Err 0 (0.0e+000)
1648.547 .... 6206 packets received, 7711 bps, 96.39%, Err 0 (0.0e+000)
1650.677 .... 6214 packets received, 7711 bps, 96.39%, Err 0 (0.0e+000)
1652.790 .... 6222 packets received, 7711 bps, 96.39%, Err 0 (0.0e+000)
1654.920 .... 6230 packets received, 7711 bps, 96.39%, Err 0 (0.0e+000)
1657.049 .... 6238 packets received, 7711 bps, 96.39%, Err 0 (0.0e+000)
1659.163 .... 6246 packets received, 7711 bps, 96.39%, Err 0 (0.0e+000)
1661.292 .... 6254 packets received, 7711 bps, 96.39%, Err 0 (0.0e+000)
1663.406 .... 6262 packets received, 7711 bps, 96.39%, Err 0 (0.0e+000)
1665.535 .... 6270 packets received, 7711 bps, 96.39%, Err 0 (0.0e+000)
1667.665 .... 6278 packets received, 7711 bps, 96.39%, Err 0 (0.0e+000)
1669.778 .... 6286 packets received, 7711 bps, 96.39%, Err 0 (0.0e+000)
1671.893 .... 6294 packets received, 7711 bps, 96.39%, Err 0 (0.0e+000)
1674.006 .... 6302 packets received, 7711 bps, 96.39%, Err 0 (0.0e+000)
1676.136 .... 6310 packets received, 7711 bps, 96.39%, Err 0 (0.0e+000)
1678.266 .... 6318 packets received, 7711 bps, 96.39%, Err 0 (0.0e+000)
1680.380 .... 6326 packets received, 7711 bps, 96.39%, Err 0 (0.0e+000)
1682.509 .... 6334 packets received, 7711 bps, 96.39%, Err 0 (0.0e+000)
1684.623 .... 6342 packets received, 7711 bps, 96.39%, Err 0 (0.0e+000)
1686.752 .... 6350 packets received, 7711 bps, 96.39%, Err 0 (0.0e+000)
1688.882 .... 6358 packets received, 7711 bps, 96.39%, Err 0 (0.0e+000)
1690.995 .... 6366 packets received, 7711 bps, 96.39%, Err 0 (0.0e+000)
1693.125 .... 6374 packets received, 7711 bps, 96.39%, Err 0 (0.0e+000)
1695.238 .... 6382 packets received, 7711 bps, 96.39%, Err 0 (0.0e+000)
1697.368 .... 6390 packets received, 7711 bps, 96.39%, Err 0 (0.0e+000)
1699.498 .... 6398 packets received, 7711 bps, 96.39%, Err 0 (0.0e+000)
1701.628 .... 6406 packets received, 7711 bps, 96.39%, Err 0 (0.0e+000)
1703.758 .... 6414 packets received, 7711 bps, 96.39%, Err 0 (0.0e+000)
1705.871 .... 6422 packets received, 7711 bps, 96.39%, Err 0 (0.0e+000)
1708.001 .... 6430 packets received, 7711 bps, 96.39%, Err 0 (0.0e+000)
1710.131 .... 6438 packets received, 7711 bps, 96.39%, Err 0 (0.0e+000)
1712.245 .... 6446 packets received, 7711 bps, 96.39%, Err 0 (0.0e+000)
1714.374 .... 6454 packets received, 7711 bps, 96.39%, Err 0 (0.0e+000)
1716.489 .... 6462 packets received, 7711 bps, 96.39%, Err 0 (0.0e+000)
1718.602 .... 6470 packets received, 7711 bps, 96.39%, Err 0 (0.0e+000)
1720.732 .... 6478 packets received, 7711 bps, 96.39%, Err 0 (0.0e+000)
1722.861 .... 6486 packets received, 7711 bps, 96.39%, Err 0 (0.0e+000)
1724.975 .... 6494 packets received, 7711 bps, 96.39%, Err 0 (0.0e+000)
1727.104 .... 6502 packets received, 7711 bps, 96.39%, Err 0 (0.0e+000)
1729.218 .... 6510 packets received, 7711 bps, 96.39%, Err 0 (0.0e+000)
1731.347 .... 6518 packets received, 7711 bps, 96.39%, Err 0 (0.0e+000)
1733.477 .... 6526 packets received, 7711 bps, 96.39%, Err 0 (0.0e+000)
1735.590 .... 6534 packets received, 7711 bps, 96.39%, Err 0 (0.0e+000)
1737.720 .... 6542 packets received, 7711 bps, 96.39%, Err 0 (0.0e+000)
1739.849 .... 6550 packets received, 7711 bps, 96.39%, Err 0 (0.0e+000)
1741.963 .... 6558 packets received, 7711 bps, 96.39%, Err 0 (0.0e+000)
1744.092 .... 6566 packets received, 7711 bps, 96.39%, Err 0 (0.0e+000)
1746.206 .... 6574 packets received, 7711 bps, 96.39%, Err 0 (0.0e+000)
1748.335 .... 6582 packets received, 7711 bps, 96.39%, Err 0 (0.0e+000)
1750.465 .... 6590 packets received, 7711 bps, 96.39%, Err 0 (0.0e+000)
1752.578 .... 6598 packets received, 7711 bps, 96.39%, Err 0 (0.0e+000)
1754.713 .... 6606 packets received, 7711 bps, 96.39%, Err 0 (0.0e+000)
1756.817 .... 6614 packets received, 7711 bps, 96.39%, Err 0 (0.0e+000)
1758.933 .... 6622 packets received, 7711 bps, 96.39%, Err 0 (0.0e+000)
1761.077 .... 6630 packets received, 7711 bps, 96.39%, Err 0 (0.0e+000)
1763.207 .... 6638 packets received, 7711 bps, 96.39%, Err 0 (0.0e+000)
1765.320 .... 6646 packets received, 7711 bps, 96.39%, Err 0 (0.0e+000)
1767.450 .... 6654 packets received, 7711 bps, 96.39%, Err 0 (0.0e+000)
1769.565 .... 6662 packets received, 7711 bps, 96.39%, Err 0 (0.0e+000)
1771.695 .... 6670 packets received, 7711 bps, 96.39%, Err 0 (0.0e+000)
1773.800 .... 6678 packets received, 7711 bps, 96.39%, Err 0 (0.0e+000)
1775.935 .... 6686 packets received, 7711 bps, 96.39%, Err 0 (0.0e+000)
1778.064 .... 6694 packets received, 7711 bps, 96.39%, Err 0 (0.0e+000)
