datalink bfu 
=========================================================================
                          Station B                                 
-------------------------------------------------------------------------
Protocol.lib, version 3.0, Build: Oct 19 2009 (jiangy@public3.bta.net.cn)
Channel: 8000 bps, 270 ms propagation delay, bit error rate 0
Log file "datalink-B.log", TCP port 59144, debug mask 0x00
Station B is connecting station A (TCP port 59144) ... Done.
New epoch: Wed May 18 16:20:19 2016
=========================================================================
Designed by Cao Zhen, build: May 17 2016  23:57:19
2.412 .... 8 packets received, 7710 bps, 96.38%, Err 0 (0.0e+000)
4.522 .... 16 packets received, 7737 bps, 96.72%, Err 0 (0.0e+000)
6.655 .... 24 packets received, 7719 bps, 96.48%, Err 0 (0.0e+000)
8.801 .... 32 packets received, 7697 bps, 96.22%, Err 0 (0.0e+000)
10.891 .... 40 packets received, 7725 bps, 96.57%, Err 0 (0.0e+000)
13.032 .... 48 packets received, 7713 bps, 96.41%, Err 0 (0.0e+000)
15.194 .... 56 packets received, 7694 bps, 96.17%, Err 0 (0.0e+000)
17.271 .... 64 packets received, 7717 bps, 96.47%, Err 0 (0.0e+000)
19.383 .... 72 packets received, 7722 bps, 96.52%, Err 0 (0.0e+000)
21.518 .... 80 packets received, 7717 bps, 96.46%, Err 0 (0.0e+000)
23.635 .... 88 packets received, 7719 bps, 96.49%, Err 0 (0.0e+000)
25.769 .... 96 packets received, 7716 bps, 96.44%, Err 0 (0.0e+000)
27.898 .... 104 packets received, 7714 bps, 96.43%, Err 0 (0.0e+000)
30.014 .... 112 packets received, 7716 bps, 96.45%, Err 0 (0.0e+000)
32.141 .... 120 packets received, 7715 bps, 96.44%, Err 0 (0.0e+000)
34.268 .... 128 packets received, 7714 bps, 96.43%, Err 0 (0.0e+000)
36.365 .... 136 packets received, 7720 bps, 96.50%, Err 0 (0.0e+000)
38.500 .... 144 packets received, 7718 bps, 96.47%, Err 0 (0.0e+000)
40.612 .... 152 packets received, 7720 bps, 96.50%, Err 0 (0.0e+000)
42.736 .... 160 packets received, 7719 bps, 96.49%, Err 0 (0.0e+000)
44.873 .... 168 packets received, 7717 bps, 96.46%, Err 0 (0.0e+000)
46.986 .... 176 packets received, 7719 bps, 96.48%, Err 0 (0.0e+000)
49.126 .... 184 packets received, 7716 bps, 96.45%, Err 0 (0.0e+000)
51.234 .... 192 packets received, 7718 bps, 96.48%, Err 0 (0.0e+000)
53.359 .... 200 packets received, 7718 bps, 96.47%, Err 0 (0.0e+000)
55.488 .... 208 packets received, 7717 bps, 96.46%, Err 0 (0.0e+000)
57.607 .... 216 packets received, 7718 bps, 96.47%, Err 0 (0.0e+000)
59.720 .... 224 packets received, 7719 bps, 96.49%, Err 0 (0.0e+000)
61.859 .... 232 packets received, 7717 bps, 96.46%, Err 0 (0.0e+000)
63.985 .... 240 packets received, 7716 bps, 96.46%, Err 0 (0.0e+000)
66.109 .... 248 packets received, 7716 bps, 96.45%, Err 0 (0.0e+000)
68.233 .... 256 packets received, 7716 bps, 96.45%, Err 0 (0.0e+000)
70.348 .... 264 packets received, 7717 bps, 96.46%, Err 0 (0.0e+000)
72.473 .... 272 packets received, 7717 bps, 96.46%, Err 0 (0.0e+000)
74.594 .... 280 packets received, 7717 bps, 96.46%, Err 0 (0.0e+000)
76.720 .... 288 packets received, 7717 bps, 96.46%, Err 0 (0.0e+000)
78.835 .... 296 packets received, 7718 bps, 96.47%, Err 0 (0.0e+000)
80.970 .... 304 packets received, 7717 bps, 96.46%, Err 0 (0.0e+000)
83.083 .... 312 packets received, 7717 bps, 96.47%, Err 0 (0.0e+000)
85.208 .... 320 packets received, 7717 bps, 96.47%, Err 0 (0.0e+000)
87.334 .... 328 packets received, 7717 bps, 96.46%, Err 0 (0.0e+000)
89.443 .... 336 packets received, 7718 bps, 96.48%, Err 0 (0.0e+000)
91.591 .... 344 packets received, 7716 bps, 96.45%, Err 0 (0.0e+000)
93.704 .... 352 packets received, 7717 bps, 96.46%, Err 0 (0.0e+000)
95.824 .... 360 packets received, 7717 bps, 96.47%, Err 0 (0.0e+000)
98.039 .... 368 packets received, 7710 bps, 96.37%, Err 0 (0.0e+000)
100.077 .... 376 packets received, 7717 bps, 96.46%, Err 0 (0.0e+000)
102.197 .... 384 packets received, 7717 bps, 96.46%, Err 0 (0.0e+000)
104.328 .... 392 packets received, 7716 bps, 96.45%, Err 0 (0.0e+000)
106.435 .... 400 packets received, 7718 bps, 96.47%, Err 0 (0.0e+000)
108.563 .... 408 packets received, 7717 bps, 96.46%, Err 0 (0.0e+000)
110.687 .... 416 packets received, 7717 bps, 96.46%, Err 0 (0.0e+000)
112.810 .... 424 packets received, 7717 bps, 96.46%, Err 0 (0.0e+000)
114.944 .... 432 packets received, 7716 bps, 96.45%, Err 0 (0.0e+000)
117.050 .... 440 packets received, 7718 bps, 96.47%, Err 0 (0.0e+000)
119.176 .... 448 packets received, 7717 bps, 96.47%, Err 0 (0.0e+000)
121.298 .... 456 packets received, 7717 bps, 96.47%, Err 0 (0.0e+000)
123.422 .... 464 packets received, 7717 bps, 96.47%, Err 0 (0.0e+000)
125.535 .... 472 packets received, 7718 bps, 96.47%, Err 0 (0.0e+000)
127.677 .... 480 packets received, 7717 bps, 96.46%, Err 0 (0.0e+000)
129.796 .... 488 packets received, 7717 bps, 96.46%, Err 0 (0.0e+000)
131.919 .... 496 packets received, 7717 bps, 96.46%, Err 0 (0.0e+000)
134.047 .... 504 packets received, 7717 bps, 96.46%, Err 0 (0.0e+000)
136.170 .... 512 packets received, 7717 bps, 96.46%, Err 0 (0.0e+000)
138.295 .... 520 packets received, 7717 bps, 96.46%, Err 0 (0.0e+000)
140.419 .... 528 packets received, 7717 bps, 96.46%, Err 0 (0.0e+000)
142.539 .... 536 packets received, 7717 bps, 96.46%, Err 0 (0.0e+000)
144.669 .... 544 packets received, 7716 bps, 96.46%, Err 0 (0.0e+000)
146.770 .... 552 packets received, 7718 bps, 96.47%, Err 0 (0.0e+000)
148.896 .... 560 packets received, 7717 bps, 96.47%, Err 0 (0.0e+000)
151.030 .... 568 packets received, 7717 bps, 96.46%, Err 0 (0.0e+000)
153.155 .... 576 packets received, 7717 bps, 96.46%, Err 0 (0.0e+000)
155.268 .... 584 packets received, 7717 bps, 96.47%, Err 0 (0.0e+000)
157.392 .... 592 packets received, 7717 bps, 96.47%, Err 0 (0.0e+000)
159.530 .... 600 packets received, 7717 bps, 96.46%, Err 0 (0.0e+000)
161.664 .... 608 packets received, 7716 bps, 96.45%, Err 0 (0.0e+000)
163.778 .... 616 packets received, 7716 bps, 96.46%, Err 0 (0.0e+000)
165.888 .... 624 packets received, 7717 bps, 96.46%, Err 0 (0.0e+000)
168.014 .... 632 packets received, 7717 bps, 96.46%, Err 0 (0.0e+000)
170.139 .... 640 packets received, 7717 bps, 96.46%, Err 0 (0.0e+000)
172.264 .... 648 packets received, 7717 bps, 96.46%, Err 0 (0.0e+000)
174.392 .... 656 packets received, 7717 bps, 96.46%, Err 0 (0.0e+000)
176.518 .... 664 packets received, 7716 bps, 96.46%, Err 0 (0.0e+000)
178.627 .... 672 packets received, 7717 bps, 96.46%, Err 0 (0.0e+000)
180.756 .... 680 packets received, 7717 bps, 96.46%, Err 0 (0.0e+000)
182.881 .... 688 packets received, 7717 bps, 96.46%, Err 0 (0.0e+000)
184.996 .... 696 packets received, 7717 bps, 96.46%, Err 0 (0.0e+000)
187.118 .... 704 packets received, 7717 bps, 96.46%, Err 0 (0.0e+000)
189.250 .... 712 packets received, 7717 bps, 96.46%, Err 0 (0.0e+000)
191.367 .... 720 packets received, 7717 bps, 96.46%, Err 0 (0.0e+000)
193.499 .... 728 packets received, 7717 bps, 96.46%, Err 0 (0.0e+000)
195.609 .... 736 packets received, 7717 bps, 96.46%, Err 0 (0.0e+000)
197.734 .... 744 packets received, 7717 bps, 96.46%, Err 0 (0.0e+000)
199.847 .... 752 packets received, 7717 bps, 96.47%, Err 0 (0.0e+000)
201.987 .... 760 packets received, 7717 bps, 96.46%, Err 0 (0.0e+000)
204.110 .... 768 packets received, 7717 bps, 96.46%, Err 0 (0.0e+000)
206.222 .... 776 packets received, 7717 bps, 96.47%, Err 0 (0.0e+000)
208.350 .... 784 packets received, 7717 bps, 96.46%, Err 0 (0.0e+000)
210.469 .... 792 packets received, 7717 bps, 96.46%, Err 0 (0.0e+000)
212.604 .... 800 packets received, 7717 bps, 96.46%, Err 0 (0.0e+000)
214.735 .... 808 packets received, 7716 bps, 96.46%, Err 0 (0.0e+000)
216.854 .... 816 packets received, 7717 bps, 96.46%, Err 0 (0.0e+000)
218.969 .... 824 packets received, 7717 bps, 96.46%, Err 0 (0.0e+000)
221.084 .... 832 packets received, 7717 bps, 96.47%, Err 0 (0.0e+000)
223.205 .... 840 packets received, 7717 bps, 96.47%, Err 0 (0.0e+000)
225.342 .... 848 packets received, 7717 bps, 96.46%, Err 0 (0.0e+000)
227.471 .... 856 packets received, 7717 bps, 96.46%, Err 0 (0.0e+000)
229.596 .... 864 packets received, 7717 bps, 96.46%, Err 0 (0.0e+000)
231.703 .... 872 packets received, 7717 bps, 96.46%, Err 0 (0.0e+000)
233.827 .... 880 packets received, 7717 bps, 96.46%, Err 0 (0.0e+000)
235.968 .... 888 packets received, 7716 bps, 96.46%, Err 0 (0.0e+000)
238.078 .... 896 packets received, 7717 bps, 96.46%, Err 0 (0.0e+000)
240.202 .... 904 packets received, 7717 bps, 96.46%, Err 0 (0.0e+000)
242.327 .... 912 packets received, 7717 bps, 96.46%, Err 0 (0.0e+000)
244.458 .... 920 packets received, 7717 bps, 96.46%, Err 0 (0.0e+000)
246.578 .... 928 packets received, 7717 bps, 96.46%, Err 0 (0.0e+000)
248.687 .... 936 packets received, 7717 bps, 96.46%, Err 0 (0.0e+000)
250.814 .... 944 packets received, 7717 bps, 96.46%, Err 0 (0.0e+000)
252.946 .... 952 packets received, 7717 bps, 96.46%, Err 0 (0.0e+000)
255.065 .... 960 packets received, 7717 bps, 96.46%, Err 0 (0.0e+000)
257.187 .... 968 packets received, 7717 bps, 96.46%, Err 0 (0.0e+000)
259.298 .... 976 packets received, 7717 bps, 96.47%, Err 0 (0.0e+000)
261.436 .... 984 packets received, 7717 bps, 96.46%, Err 0 (0.0e+000)
263.562 .... 992 packets received, 7717 bps, 96.46%, Err 0 (0.0e+000)
265.689 .... 1000 packets received, 7717 bps, 96.46%, Err 0 (0.0e+000)
267.799 .... 1008 packets received, 7717 bps, 96.46%, Err 0 (0.0e+000)
269.937 .... 1016 packets received, 7717 bps, 96.46%, Err 0 (0.0e+000)
272.047 .... 1024 packets received, 7717 bps, 96.46%, Err 0 (0.0e+000)
274.172 .... 1032 packets received, 7717 bps, 96.46%, Err 0 (0.0e+000)
276.300 .... 1040 packets received, 7717 bps, 96.46%, Err 0 (0.0e+000)
278.423 .... 1048 packets received, 7717 bps, 96.46%, Err 0 (0.0e+000)
280.530 .... 1056 packets received, 7717 bps, 96.46%, Err 0 (0.0e+000)
282.669 .... 1064 packets received, 7717 bps, 96.46%, Err 0 (0.0e+000)
284.778 .... 1072 packets received, 7717 bps, 96.46%, Err 0 (0.0e+000)
286.920 .... 1080 packets received, 7717 bps, 96.46%, Err 0 (0.0e+000)
289.045 .... 1088 packets received, 7717 bps, 96.46%, Err 0 (0.0e+000)
291.153 .... 1096 packets received, 7717 bps, 96.46%, Err 0 (0.0e+000)
293.278 .... 1104 packets received, 7717 bps, 96.46%, Err 0 (0.0e+000)
295.406 .... 1112 packets received, 7717 bps, 96.46%, Err 0 (0.0e+000)
297.530 .... 1120 packets received, 7717 bps, 96.46%, Err 0 (0.0e+000)
299.653 .... 1128 packets received, 7717 bps, 96.46%, Err 0 (0.0e+000)
301.775 .... 1136 packets received, 7717 bps, 96.46%, Err 0 (0.0e+000)
303.892 .... 1144 packets received, 7717 bps, 96.46%, Err 0 (0.0e+000)
306.018 .... 1152 packets received, 7717 bps, 96.46%, Err 0 (0.0e+000)
308.141 .... 1160 packets received, 7717 bps, 96.46%, Err 0 (0.0e+000)
310.268 .... 1168 packets received, 7717 bps, 96.46%, Err 0 (0.0e+000)
312.392 .... 1176 packets received, 7717 bps, 96.46%, Err 0 (0.0e+000)
314.504 .... 1184 packets received, 7717 bps, 96.46%, Err 0 (0.0e+000)
316.634 .... 1192 packets received, 7717 bps, 96.46%, Err 0 (0.0e+000)
318.764 .... 1200 packets received, 7717 bps, 96.46%, Err 0 (0.0e+000)
320.875 .... 1208 packets received, 7717 bps, 96.46%, Err 0 (0.0e+000)
323.017 .... 1216 packets received, 7717 bps, 96.46%, Err 0 (0.0e+000)
325.139 .... 1224 packets received, 7717 bps, 96.46%, Err 0 (0.0e+000)
327.248 .... 1232 packets received, 7717 bps, 96.46%, Err 0 (0.0e+000)
329.392 .... 1240 packets received, 7716 bps, 96.46%, Err 0 (0.0e+000)
331.515 .... 1248 packets received, 7716 bps, 96.46%, Err 0 (0.0e+000)
333.624 .... 1256 packets received, 7717 bps, 96.46%, Err 0 (0.0e+000)
335.748 .... 1264 packets received, 7717 bps, 96.46%, Err 0 (0.0e+000)
337.875 .... 1272 packets received, 7717 bps, 96.46%, Err 0 (0.0e+000)
339.983 .... 1280 packets received, 7717 bps, 96.46%, Err 0 (0.0e+000)
342.109 .... 1288 packets received, 7717 bps, 96.46%, Err 0 (0.0e+000)
344.234 .... 1296 packets received, 7717 bps, 96.46%, Err 0 (0.0e+000)
346.358 .... 1304 packets received, 7717 bps, 96.46%, Err 0 (0.0e+000)
348.474 .... 1312 packets received, 7717 bps, 96.46%, Err 0 (0.0e+000)
350.600 .... 1320 packets received, 7717 bps, 96.46%, Err 0 (0.0e+000)
352.724 .... 1328 packets received, 7717 bps, 96.46%, Err 0 (0.0e+000)
354.851 .... 1336 packets received, 7717 bps, 96.46%, Err 0 (0.0e+000)
356.989 .... 1344 packets received, 7717 bps, 96.46%, Err 0 (0.0e+000)
359.111 .... 1352 packets received, 7717 bps, 96.46%, Err 0 (0.0e+000)
361.230 .... 1360 packets received, 7717 bps, 96.46%, Err 0 (0.0e+000)
363.359 .... 1368 packets received, 7717 bps, 96.46%, Err 0 (0.0e+000)
365.467 .... 1376 packets received, 7717 bps, 96.46%, Err 0 (0.0e+000)
367.606 .... 1384 packets received, 7717 bps, 96.46%, Err 0 (0.0e+000)
369.316 ** WARNING: System too busy, sleep 15 ms, but be awakened 102 ms later
369.736 .... 1391 packets received, 7711 bps, 96.39%, Err 0 (0.0e+000)
371.076 ** WARNING: System too busy, sleep 15 ms, but be awakened 100 ms later
371.879 .... 1400 packets received, 7716 bps, 96.45%, Err 0 (0.0e+000)
373.012 ** WARNING: System too busy, sleep 15 ms, but be awakened 101 ms later
374.071 .... 1408 packets received, 7715 bps, 96.43%, Err 0 (0.0e+000)
375.015 ** WARNING: System too busy, sleep 15 ms, but be awakened 100 ms later
376.357 .... 1416 packets received, 7711 bps, 96.39%, Err 0 (0.0e+000)
378.583 .... 1425 packets received, 7715 bps, 96.43%, Err 0 (0.0e+000)
380.704 .... 1433 packets received, 7715 bps, 96.43%, Err 0 (0.0e+000)
382.829 .... 1441 packets received, 7715 bps, 96.43%, Err 0 (0.0e+000)
384.955 .... 1449 packets received, 7715 bps, 96.43%, Err 0 (0.0e+000)
387.079 .... 1457 packets received, 7715 bps, 96.43%, Err 0 (0.0e+000)
389.209 .... 1465 packets received, 7714 bps, 96.43%, Err 0 (0.0e+000)
391.323 .... 1473 packets received, 7715 bps, 96.43%, Err 0 (0.0e+000)
393.452 .... 1481 packets received, 7715 bps, 96.43%, Err 0 (0.0e+000)
395.563 .... 1489 packets received, 7715 bps, 96.43%, Err 0 (0.0e+000)
397.688 .... 1497 packets received, 7715 bps, 96.43%, Err 0 (0.0e+000)
399.813 .... 1505 packets received, 7715 bps, 96.43%, Err 0 (0.0e+000)
401.936 .... 1513 packets received, 7715 bps, 96.43%, Err 0 (0.0e+000)
404.065 .... 1521 packets received, 7715 bps, 96.43%, Err 0 (0.0e+000)
406.180 .... 1529 packets received, 7715 bps, 96.44%, Err 0 (0.0e+000)
408.327 .... 1537 packets received, 7714 bps, 96.43%, Err 0 (0.0e+000)
410.445 .... 1545 packets received, 7714 bps, 96.43%, Err 0 (0.0e+000)
412.567 .... 1553 packets received, 7715 bps, 96.43%, Err 0 (0.0e+000)
414.686 .... 1561 packets received, 7715 bps, 96.43%, Err 0 (0.0e+000)
416.812 .... 1569 packets received, 7715 bps, 96.43%, Err 0 (0.0e+000)
418.937 .... 1577 packets received, 7715 bps, 96.43%, Err 0 (0.0e+000)
421.061 .... 1585 packets received, 7715 bps, 96.43%, Err 0 (0.0e+000)
423.183 .... 1593 packets received, 7715 bps, 96.43%, Err 0 (0.0e+000)
425.316 .... 1601 packets received, 7714 bps, 96.43%, Err 0 (0.0e+000)
427.425 .... 1609 packets received, 7715 bps, 96.43%, Err 0 (0.0e+000)
429.545 .... 1617 packets received, 7715 bps, 96.43%, Err 0 (0.0e+000)
431.673 .... 1625 packets received, 7715 bps, 96.43%, Err 0 (0.0e+000)
433.789 .... 1633 packets received, 7715 bps, 96.44%, Err 0 (0.0e+000)
435.911 .... 1641 packets received, 7715 bps, 96.44%, Err 0 (0.0e+000)
438.037 .... 1649 packets received, 7715 bps, 96.43%, Err 0 (0.0e+000)
440.160 .... 1657 packets received, 7715 bps, 96.44%, Err 0 (0.0e+000)
442.285 .... 1665 packets received, 7715 bps, 96.43%, Err 0 (0.0e+000)
444.396 .... 1673 packets received, 7715 bps, 96.44%, Err 0 (0.0e+000)
446.538 .... 1681 packets received, 7715 bps, 96.43%, Err 0 (0.0e+000)
448.647 .... 1689 packets received, 7715 bps, 96.44%, Err 0 (0.0e+000)
450.772 .... 1697 packets received, 7715 bps, 96.44%, Err 0 (0.0e+000)
452.908 .... 1705 packets received, 7715 bps, 96.43%, Err 0 (0.0e+000)
455.015 .... 1713 packets received, 7715 bps, 96.44%, Err 0 (0.0e+000)
457.153 .... 1721 packets received, 7715 bps, 96.43%, Err 0 (0.0e+000)
459.267 .... 1729 packets received, 7715 bps, 96.44%, Err 0 (0.0e+000)
461.388 .... 1737 packets received, 7715 bps, 96.44%, Err 0 (0.0e+000)
463.505 .... 1745 packets received, 7715 bps, 96.44%, Err 0 (0.0e+000)
465.642 .... 1753 packets received, 7715 bps, 96.44%, Err 0 (0.0e+000)
467.759 .... 1761 packets received, 7715 bps, 96.44%, Err 0 (0.0e+000)
469.893 .... 1769 packets received, 7715 bps, 96.43%, Err 0 (0.0e+000)
472.007 .... 1777 packets received, 7715 bps, 96.44%, Err 0 (0.0e+000)
474.130 .... 1785 packets received, 7715 bps, 96.44%, Err 0 (0.0e+000)
476.256 .... 1793 packets received, 7715 bps, 96.44%, Err 0 (0.0e+000)
478.387 .... 1801 packets received, 7715 bps, 96.44%, Err 0 (0.0e+000)
480.505 .... 1809 packets received, 7715 bps, 96.44%, Err 0 (0.0e+000)
482.639 .... 1817 packets received, 7715 bps, 96.43%, Err 0 (0.0e+000)
484.761 .... 1825 packets received, 7715 bps, 96.43%, Err 0 (0.0e+000)
486.854 .... 1833 packets received, 7715 bps, 96.44%, Err 0 (0.0e+000)
489.003 .... 1841 packets received, 7715 bps, 96.44%, Err 0 (0.0e+000)
491.128 .... 1849 packets received, 7715 bps, 96.44%, Err 0 (0.0e+000)
493.240 .... 1857 packets received, 7715 bps, 96.44%, Err 0 (0.0e+000)
495.366 .... 1865 packets received, 7715 bps, 96.44%, Err 0 (0.0e+000)
497.476 .... 1873 packets received, 7715 bps, 96.44%, Err 0 (0.0e+000)
499.601 .... 1881 packets received, 7715 bps, 96.44%, Err 0 (0.0e+000)
501.731 .... 1889 packets received, 7715 bps, 96.44%, Err 0 (0.0e+000)
503.852 .... 1897 packets received, 7715 bps, 96.44%, Err 0 (0.0e+000)
505.985 .... 1905 packets received, 7715 bps, 96.44%, Err 0 (0.0e+000)
508.107 .... 1913 packets received, 7715 bps, 96.44%, Err 0 (0.0e+000)
510.228 .... 1921 packets received, 7715 bps, 96.44%, Err 0 (0.0e+000)
512.342 .... 1929 packets received, 7715 bps, 96.44%, Err 0 (0.0e+000)
514.467 .... 1937 packets received, 7715 bps, 96.44%, Err 0 (0.0e+000)
516.586 .... 1945 packets received, 7715 bps, 96.44%, Err 0 (0.0e+000)
518.709 .... 1953 packets received, 7715 bps, 96.44%, Err 0 (0.0e+000)
520.849 .... 1961 packets received, 7715 bps, 96.44%, Err 0 (0.0e+000)
522.971 .... 1969 packets received, 7715 bps, 96.44%, Err 0 (0.0e+000)
525.083 .... 1977 packets received, 7715 bps, 96.44%, Err 0 (0.0e+000)
527.214 .... 1985 packets received, 7715 bps, 96.44%, Err 0 (0.0e+000)
529.335 .... 1993 packets received, 7715 bps, 96.44%, Err 0 (0.0e+000)
531.455 .... 2001 packets received, 7715 bps, 96.44%, Err 0 (0.0e+000)
533.584 .... 2009 packets received, 7715 bps, 96.44%, Err 0 (0.0e+000)
535.695 .... 2017 packets received, 7715 bps, 96.44%, Err 0 (0.0e+000)
537.821 .... 2025 packets received, 7715 bps, 96.44%, Err 0 (0.0e+000)
539.949 .... 2033 packets received, 7715 bps, 96.44%, Err 0 (0.0e+000)
542.087 .... 2041 packets received, 7715 bps, 96.44%, Err 0 (0.0e+000)
544.198 .... 2049 packets received, 7715 bps, 96.44%, Err 0 (0.0e+000)
546.320 .... 2057 packets received, 7715 bps, 96.44%, Err 0 (0.0e+000)
548.443 .... 2065 packets received, 7715 bps, 96.44%, Err 0 (0.0e+000)
550.569 .... 2073 packets received, 7715 bps, 96.44%, Err 0 (0.0e+000)
552.693 .... 2081 packets received, 7715 bps, 96.44%, Err 0 (0.0e+000)
554.814 .... 2089 packets received, 7715 bps, 96.44%, Err 0 (0.0e+000)
556.935 .... 2097 packets received, 7715 bps, 96.44%, Err 0 (0.0e+000)
559.066 .... 2105 packets received, 7715 bps, 96.44%, Err 0 (0.0e+000)
561.182 .... 2113 packets received, 7715 bps, 96.44%, Err 0 (0.0e+000)
563.303 .... 2121 packets received, 7715 bps, 96.44%, Err 0 (0.0e+000)
565.439 .... 2129 packets received, 7715 bps, 96.44%, Err 0 (0.0e+000)
567.554 .... 2137 packets received, 7715 bps, 96.44%, Err 0 (0.0e+000)
569.675 .... 2145 packets received, 7715 bps, 96.44%, Err 0 (0.0e+000)
571.788 .... 2153 packets received, 7715 bps, 96.44%, Err 0 (0.0e+000)
573.937 .... 2161 packets received, 7715 bps, 96.44%, Err 0 (0.0e+000)
576.048 .... 2169 packets received, 7715 bps, 96.44%, Err 0 (0.0e+000)
578.160 .... 2177 packets received, 7715 bps, 96.44%, Err 0 (0.0e+000)
580.300 .... 2185 packets received, 7715 bps, 96.44%, Err 0 (0.0e+000)
582.401 .... 2193 packets received, 7715 bps, 96.44%, Err 0 (0.0e+000)
584.547 .... 2201 packets received, 7715 bps, 96.44%, Err 0 (0.0e+000)
585.708 ** WARNING: System too busy, sleep 15 ms, but be awakened 85 ms later
586.645 .... 2209 packets received, 7715 bps, 96.44%, Err 0 (0.0e+000)
588.794 .... 2217 packets received, 7715 bps, 96.44%, Err 0 (0.0e+000)
590.922 .... 2225 packets received, 7715 bps, 96.44%, Err 0 (0.0e+000)
593.023 .... 2233 packets received, 7715 bps, 96.44%, Err 0 (0.0e+000)
595.144 .... 2241 packets received, 7715 bps, 96.44%, Err 0 (0.0e+000)
597.280 .... 2249 packets received, 7715 bps, 96.44%, Err 0 (0.0e+000)
599.404 .... 2257 packets received, 7715 bps, 96.44%, Err 0 (0.0e+000)
601.535 .... 2265 packets received, 7715 bps, 96.44%, Err 0 (0.0e+000)
603.654 .... 2273 packets received, 7715 bps, 96.44%, Err 0 (0.0e+000)
605.768 .... 2281 packets received, 7715 bps, 96.44%, Err 0 (0.0e+000)
607.886 .... 2289 packets received, 7715 bps, 96.44%, Err 0 (0.0e+000)
610.027 .... 2297 packets received, 7715 bps, 96.44%, Err 0 (0.0e+000)
612.146 .... 2305 packets received, 7715 bps, 96.44%, Err 0 (0.0e+000)
614.258 .... 2313 packets received, 7715 bps, 96.44%, Err 0 (0.0e+000)
616.385 .... 2321 packets received, 7715 bps, 96.44%, Err 0 (0.0e+000)
618.508 .... 2329 packets received, 7715 bps, 96.44%, Err 0 (0.0e+000)
620.628 .... 2337 packets received, 7715 bps, 96.44%, Err 0 (0.0e+000)
622.757 .... 2345 packets received, 7715 bps, 96.44%, Err 0 (0.0e+000)
624.887 .... 2353 packets received, 7715 bps, 96.44%, Err 0 (0.0e+000)
627.021 .... 2361 packets received, 7715 bps, 96.44%, Err 0 (0.0e+000)
629.119 .... 2369 packets received, 7715 bps, 96.44%, Err 0 (0.0e+000)
631.249 .... 2377 packets received, 7715 bps, 96.44%, Err 0 (0.0e+000)
633.374 .... 2385 packets received, 7715 bps, 96.44%, Err 0 (0.0e+000)
635.499 .... 2393 packets received, 7715 bps, 96.44%, Err 0 (0.0e+000)
637.622 .... 2401 packets received, 7715 bps, 96.44%, Err 0 (0.0e+000)
639.730 .... 2409 packets received, 7716 bps, 96.44%, Err 0 (0.0e+000)
641.858 .... 2417 packets received, 7715 bps, 96.44%, Err 0 (0.0e+000)
643.993 .... 2425 packets received, 7715 bps, 96.44%, Err 0 (0.0e+000)
646.114 .... 2433 packets received, 7715 bps, 96.44%, Err 0 (0.0e+000)
648.237 .... 2441 packets received, 7715 bps, 96.44%, Err 0 (0.0e+000)
650.348 .... 2449 packets received, 7716 bps, 96.44%, Err 0 (0.0e+000)
652.489 .... 2457 packets received, 7715 bps, 96.44%, Err 0 (0.0e+000)
654.605 .... 2465 packets received, 7715 bps, 96.44%, Err 0 (0.0e+000)
656.732 .... 2473 packets received, 7715 bps, 96.44%, Err 0 (0.0e+000)
658.845 .... 2481 packets received, 7715 bps, 96.44%, Err 0 (0.0e+000)
660.972 .... 2489 packets received, 7715 bps, 96.44%, Err 0 (0.0e+000)
663.095 .... 2497 packets received, 7715 bps, 96.44%, Err 0 (0.0e+000)
665.218 .... 2505 packets received, 7715 bps, 96.44%, Err 0 (0.0e+000)
667.328 .... 2513 packets received, 7716 bps, 96.45%, Err 0 (0.0e+000)
669.455 .... 2521 packets received, 7716 bps, 96.44%, Err 0 (0.0e+000)
671.595 .... 2529 packets received, 7715 bps, 96.44%, Err 0 (0.0e+000)
673.718 .... 2537 packets received, 7715 bps, 96.44%, Err 0 (0.0e+000)
675.828 .... 2545 packets received, 7716 bps, 96.44%, Err 0 (0.0e+000)
677.953 .... 2553 packets received, 7716 bps, 96.44%, Err 0 (0.0e+000)
680.079 .... 2561 packets received, 7715 bps, 96.44%, Err 0 (0.0e+000)
682.188 .... 2569 packets received, 7716 bps, 96.45%, Err 0 (0.0e+000)
684.329 .... 2577 packets received, 7715 bps, 96.44%, Err 0 (0.0e+000)
686.457 .... 2585 packets received, 7715 bps, 96.44%, Err 0 (0.0e+000)
688.571 .... 2593 packets received, 7716 bps, 96.44%, Err 0 (0.0e+000)
690.694 .... 2601 packets received, 7716 bps, 96.44%, Err 0 (0.0e+000)
692.811 .... 2609 packets received, 7716 bps, 96.44%, Err 0 (0.0e+000)
694.938 .... 2617 packets received, 7716 bps, 96.44%, Err 0 (0.0e+000)
697.076 .... 2625 packets received, 7715 bps, 96.44%, Err 0 (0.0e+000)
699.186 .... 2633 packets received, 7716 bps, 96.44%, Err 0 (0.0e+000)
701.312 .... 2641 packets received, 7716 bps, 96.44%, Err 0 (0.0e+000)
703.422 .... 2649 packets received, 7716 bps, 96.45%, Err 0 (0.0e+000)
705.561 .... 2657 packets received, 7715 bps, 96.44%, Err 0 (0.0e+000)
707.685 .... 2665 packets received, 7715 bps, 96.44%, Err 0 (0.0e+000)
709.798 .... 2673 packets received, 7716 bps, 96.45%, Err 0 (0.0e+000)
711.920 .... 2681 packets received, 7716 bps, 96.45%, Err 0 (0.0e+000)
714.053 .... 2689 packets received, 7716 bps, 96.44%, Err 0 (0.0e+000)
716.186 .... 2697 packets received, 7715 bps, 96.44%, Err 0 (0.0e+000)
718.295 .... 2705 packets received, 7716 bps, 96.44%, Err 0 (0.0e+000)
720.420 .... 2713 packets received, 7716 bps, 96.44%, Err 0 (0.0e+000)
722.545 .... 2721 packets received, 7716 bps, 96.44%, Err 0 (0.0e+000)
724.670 .... 2729 packets received, 7716 bps, 96.44%, Err 0 (0.0e+000)
726.792 .... 2737 packets received, 7716 bps, 96.44%, Err 0 (0.0e+000)
728.919 .... 2745 packets received, 7715 bps, 96.44%, Err 0 (0.0e+000)
731.049 .... 2753 packets received, 7715 bps, 96.44%, Err 0 (0.0e+000)
733.156 .... 2761 packets received, 7716 bps, 96.45%, Err 0 (0.0e+000)
735.295 .... 2769 packets received, 7715 bps, 96.44%, Err 0 (0.0e+000)
737.405 .... 2777 packets received, 7716 bps, 96.44%, Err 0 (0.0e+000)
739.544 .... 2785 packets received, 7715 bps, 96.44%, Err 0 (0.0e+000)
741.645 .... 2793 packets received, 7716 bps, 96.45%, Err 0 (0.0e+000)
743.781 .... 2801 packets received, 7716 bps, 96.44%, Err 0 (0.0e+000)
745.893 .... 2809 packets received, 7716 bps, 96.45%, Err 0 (0.0e+000)
748.029 .... 2817 packets received, 7716 bps, 96.44%, Err 0 (0.0e+000)
750.159 .... 2825 packets received, 7715 bps, 96.44%, Err 0 (0.0e+000)
752.281 .... 2833 packets received, 7715 bps, 96.44%, Err 0 (0.0e+000)
753.922 ** WARNING: System too busy, sleep 15 ms, but be awakened 104 ms later
754.392 .... 2841 packets received, 7716 bps, 96.44%, Err 0 (0.0e+000)
755.700 ** WARNING: System too busy, sleep 15 ms, but be awakened 102 ms later
756.663 .... 2849 packets received, 7714 bps, 96.43%, Err 0 (0.0e+000)
757.087 ** WARNING: System too busy, sleep 15 ms, but be awakened 100 ms later
758.779 .... 2857 packets received, 7714 bps, 96.43%, Err 0 (0.0e+000)
759.095 ** WARNING: System too busy, sleep 15 ms, but be awakened 108 ms later
760.878 .... 2865 packets received, 7714 bps, 96.43%, Err 0 (0.0e+000)
761.087 ** WARNING: System too busy, sleep 15 ms, but be awakened 104 ms later
762.948 .... 2873 packets received, 7715 bps, 96.44%, Err 0 (0.0e+000)
763.054 ** WARNING: System too busy, sleep 15 ms, but be awakened 105 ms later
765.022 ** WARNING: System too busy, sleep 15 ms, but be awakened 101 ms later
765.129 .... 2881 packets received, 7714 bps, 96.43%, Err 0 (0.0e+000)
767.096 ** WARNING: System too busy, sleep 15 ms, but be awakened 104 ms later
767.197 .... 2888 packets received, 7712 bps, 96.40%, Err 0 (0.0e+000)
769.034 ** WARNING: System too busy, sleep 15 ms, but be awakened 102 ms later
769.345 .... 2896 packets received, 7712 bps, 96.40%, Err 0 (0.0e+000)
771.103 ** WARNING: System too busy, sleep 15 ms, but be awakened 104 ms later
771.516 .... 2904 packets received, 7712 bps, 96.39%, Err 0 (0.0e+000)
773.070 ** WARNING: System too busy, sleep 15 ms, but be awakened 102 ms later
773.692 .... 2912 packets received, 7711 bps, 96.39%, Err 0 (0.0e+000)
775.062 ** WARNING: System too busy, sleep 15 ms, but be awakened 100 ms later
775.911 .... 2921 packets received, 7713 bps, 96.41%, Err 0 (0.0e+000)
777.031 ** WARNING: System too busy, sleep 15 ms, but be awakened 101 ms later
777.977 .... 2929 packets received, 7713 bps, 96.42%, Err 0 (0.0e+000)
779.030 ** WARNING: System too busy, sleep 15 ms, but be awakened 101 ms later
780.177 .... 2937 packets received, 7713 bps, 96.41%, Err 0 (0.0e+000)
781.016 ** WARNING: System too busy, sleep 15 ms, but be awakened 101 ms later
782.385 .... 2945 packets received, 7712 bps, 96.40%, Err 0 (0.0e+000)
783.010 ** WARNING: System too busy, sleep 15 ms, but be awakened 100 ms later
784.473 .... 2953 packets received, 7712 bps, 96.40%, Err 0 (0.0e+000)
785.095 ** WARNING: System too busy, sleep 15 ms, but be awakened 100 ms later
786.583 .... 2961 packets received, 7712 bps, 96.40%, Err 0 (0.0e+000)
787.062 ** WARNING: System too busy, sleep 15 ms, but be awakened 103 ms later
788.722 .... 2969 packets received, 7712 bps, 96.40%, Err 0 (0.0e+000)
789.044 ** WARNING: System too busy, sleep 15 ms, but be awakened 109 ms later
790.893 .... 2977 packets received, 7712 bps, 96.40%, Err 0 (0.0e+000)
791.101 ** WARNING: System too busy, sleep 15 ms, but be awakened 105 ms later
793.067 ** WARNING: System too busy, sleep 15 ms, but be awakened 102 ms later
793.070 .... 2985 packets received, 7711 bps, 96.39%, Err 0 (0.0e+000)
795.038 ** WARNING: System too busy, sleep 15 ms, but be awakened 101 ms later
795.178 .... 2993 packets received, 7711 bps, 96.39%, Err 0 (0.0e+000)
797.019 ** WARNING: System too busy, sleep 15 ms, but be awakened 102 ms later
797.437 .... 3001 packets received, 7710 bps, 96.38%, Err 0 (0.0e+000)
799.568 .... 3010 packets received, 7713 bps, 96.41%, Err 0 (0.0e+000)
801.678 .... 3018 packets received, 7713 bps, 96.41%, Err 0 (0.0e+000)
803.811 .... 3026 packets received, 7713 bps, 96.41%, Err 0 (0.0e+000)
805.936 .... 3034 packets received, 7713 bps, 96.41%, Err 0 (0.0e+000)
808.049 .... 3042 packets received, 7713 bps, 96.41%, Err 0 (0.0e+000)
810.186 .... 3050 packets received, 7713 bps, 96.41%, Err 0 (0.0e+000)
812.311 .... 3058 packets received, 7713 bps, 96.41%, Err 0 (0.0e+000)
814.439 .... 3066 packets received, 7713 bps, 96.41%, Err 0 (0.0e+000)
816.569 .... 3074 packets received, 7712 bps, 96.41%, Err 0 (0.0e+000)
818.683 .... 3082 packets received, 7713 bps, 96.41%, Err 0 (0.0e+000)
820.807 .... 3090 packets received, 7713 bps, 96.41%, Err 0 (0.0e+000)
822.907 .... 3098 packets received, 7713 bps, 96.41%, Err 0 (0.0e+000)
825.038 .... 3106 packets received, 7713 bps, 96.41%, Err 0 (0.0e+000)
827.179 .... 3114 packets received, 7713 bps, 96.41%, Err 0 (0.0e+000)
829.293 .... 3122 packets received, 7713 bps, 96.41%, Err 0 (0.0e+000)
831.418 .... 3130 packets received, 7713 bps, 96.41%, Err 0 (0.0e+000)
833.545 .... 3138 packets received, 7713 bps, 96.41%, Err 0 (0.0e+000)
835.671 .... 3146 packets received, 7713 bps, 96.41%, Err 0 (0.0e+000)
837.800 .... 3154 packets received, 7713 bps, 96.41%, Err 0 (0.0e+000)
839.923 .... 3162 packets received, 7713 bps, 96.41%, Err 0 (0.0e+000)
842.038 .... 3170 packets received, 7713 bps, 96.41%, Err 0 (0.0e+000)
844.146 .... 3178 packets received, 7713 bps, 96.41%, Err 0 (0.0e+000)
846.273 .... 3186 packets received, 7713 bps, 96.41%, Err 0 (0.0e+000)
848.408 .... 3194 packets received, 7713 bps, 96.41%, Err 0 (0.0e+000)
850.527 .... 3202 packets received, 7713 bps, 96.41%, Err 0 (0.0e+000)
852.650 .... 3210 packets received, 7713 bps, 96.41%, Err 0 (0.0e+000)
854.767 .... 3218 packets received, 7713 bps, 96.41%, Err 0 (0.0e+000)
856.881 .... 3226 packets received, 7713 bps, 96.41%, Err 0 (0.0e+000)
859.020 .... 3234 packets received, 7713 bps, 96.41%, Err 0 (0.0e+000)
861.130 .... 3242 packets received, 7713 bps, 96.41%, Err 0 (0.0e+000)
863.257 .... 3250 packets received, 7713 bps, 96.41%, Err 0 (0.0e+000)
865.386 .... 3258 packets received, 7713 bps, 96.41%, Err 0 (0.0e+000)
867.509 .... 3266 packets received, 7713 bps, 96.41%, Err 0 (0.0e+000)
869.645 .... 3274 packets received, 7713 bps, 96.41%, Err 0 (0.0e+000)
871.747 .... 3282 packets received, 7713 bps, 96.41%, Err 0 (0.0e+000)
873.879 .... 3290 packets received, 7713 bps, 96.41%, Err 0 (0.0e+000)
875.991 .... 3298 packets received, 7713 bps, 96.41%, Err 0 (0.0e+000)
878.117 .... 3306 packets received, 7713 bps, 96.41%, Err 0 (0.0e+000)
880.267 .... 3314 packets received, 7713 bps, 96.41%, Err 0 (0.0e+000)
882.375 .... 3322 packets received, 7713 bps, 96.41%, Err 0 (0.0e+000)
884.499 .... 3330 packets received, 7713 bps, 96.41%, Err 0 (0.0e+000)
886.620 .... 3338 packets received, 7713 bps, 96.41%, Err 0 (0.0e+000)
888.744 .... 3346 packets received, 7713 bps, 96.41%, Err 0 (0.0e+000)
890.874 .... 3354 packets received, 7713 bps, 96.41%, Err 0 (0.0e+000)
892.977 .... 3362 packets received, 7713 bps, 96.41%, Err 0 (0.0e+000)
895.102 .... 3370 packets received, 7713 bps, 96.41%, Err 0 (0.0e+000)
897.227 .... 3378 packets received, 7713 bps, 96.41%, Err 0 (0.0e+000)
899.351 .... 3386 packets received, 7713 bps, 96.41%, Err 0 (0.0e+000)
901.477 .... 3394 packets received, 7713 bps, 96.41%, Err 0 (0.0e+000)
903.600 .... 3402 packets received, 7713 bps, 96.41%, Err 0 (0.0e+000)
905.730 .... 3410 packets received, 7713 bps, 96.41%, Err 0 (0.0e+000)
907.839 .... 3418 packets received, 7713 bps, 96.41%, Err 0 (0.0e+000)
909.971 .... 3426 packets received, 7713 bps, 96.41%, Err 0 (0.0e+000)
912.098 .... 3434 packets received, 7713 bps, 96.41%, Err 0 (0.0e+000)
914.222 .... 3442 packets received, 7713 bps, 96.41%, Err 0 (0.0e+000)
916.347 .... 3450 packets received, 7713 bps, 96.41%, Err 0 (0.0e+000)
918.473 .... 3458 packets received, 7713 bps, 96.41%, Err 0 (0.0e+000)
920.599 .... 3466 packets received, 7713 bps, 96.41%, Err 0 (0.0e+000)
922.706 .... 3474 packets received, 7713 bps, 96.41%, Err 0 (0.0e+000)
924.832 .... 3482 packets received, 7713 bps, 96.41%, Err 0 (0.0e+000)
926.964 .... 3490 packets received, 7713 bps, 96.41%, Err 0 (0.0e+000)
929.068 .... 3498 packets received, 7713 bps, 96.42%, Err 0 (0.0e+000)
931.204 .... 3506 packets received, 7713 bps, 96.41%, Err 0 (0.0e+000)
933.321 .... 3514 packets received, 7713 bps, 96.41%, Err 0 (0.0e+000)
935.444 .... 3522 packets received, 7713 bps, 96.42%, Err 0 (0.0e+000)
937.568 .... 3530 packets received, 7713 bps, 96.42%, Err 0 (0.0e+000)
939.694 .... 3538 packets received, 7713 bps, 96.41%, Err 0 (0.0e+000)
941.827 .... 3546 packets received, 7713 bps, 96.41%, Err 0 (0.0e+000)
943.954 .... 3554 packets received, 7713 bps, 96.41%, Err 0 (0.0e+000)
946.068 .... 3562 packets received, 7713 bps, 96.41%, Err 0 (0.0e+000)
948.193 .... 3570 packets received, 7713 bps, 96.41%, Err 0 (0.0e+000)
950.317 .... 3578 packets received, 7713 bps, 96.41%, Err 0 (0.0e+000)
952.429 .... 3586 packets received, 7713 bps, 96.42%, Err 0 (0.0e+000)
954.567 .... 3594 packets received, 7713 bps, 96.41%, Err 0 (0.0e+000)
956.678 .... 3602 packets received, 7713 bps, 96.42%, Err 0 (0.0e+000)
958.803 .... 3610 packets received, 7713 bps, 96.42%, Err 0 (0.0e+000)
961.020 .... 3618 packets received, 7713 bps, 96.41%, Err 0 (0.0e+000)
961.118 ** WARNING: System too busy, sleep 15 ms, but be awakened 66 ms later
963.084 .... 3626 packets received, 7713 bps, 96.41%, Err 0 (0.0e+000)
965.294 .... 3634 packets received, 7712 bps, 96.40%, Err 0 (0.0e+000)
967.313 .... 3642 packets received, 7713 bps, 96.41%, Err 0 (0.0e+000)
969.436 .... 3650 packets received, 7713 bps, 96.41%, Err 0 (0.0e+000)
971.554 .... 3658 packets received, 7713 bps, 96.42%, Err 0 (0.0e+000)
973.674 .... 3666 packets received, 7713 bps, 96.42%, Err 0 (0.0e+000)
975.804 .... 3674 packets received, 7713 bps, 96.41%, Err 0 (0.0e+000)
977.920 .... 3682 packets received, 7713 bps, 96.42%, Err 0 (0.0e+000)
980.036 .... 3690 packets received, 7713 bps, 96.42%, Err 0 (0.0e+000)
982.158 .... 3698 packets received, 7713 bps, 96.42%, Err 0 (0.0e+000)
984.291 .... 3706 packets received, 7713 bps, 96.42%, Err 0 (0.0e+000)
986.403 .... 3714 packets received, 7713 bps, 96.42%, Err 0 (0.0e+000)
988.516 .... 3722 packets received, 7713 bps, 96.42%, Err 0 (0.0e+000)
990.644 .... 3730 packets received, 7713 bps, 96.42%, Err 0 (0.0e+000)
992.775 .... 3738 packets received, 7713 bps, 96.42%, Err 0 (0.0e+000)
994.915 .... 3746 packets received, 7713 bps, 96.42%, Err 0 (0.0e+000)
997.045 .... 3754 packets received, 7713 bps, 96.41%, Err 0 (0.0e+000)
999.160 .... 3762 packets received, 7713 bps, 96.42%, Err 0 (0.0e+000)
1001.273 .... 3770 packets received, 7713 bps, 96.42%, Err 0 (0.0e+000)
1003.396 .... 3778 packets received, 7713 bps, 96.42%, Err 0 (0.0e+000)
1005.512 .... 3786 packets received, 7713 bps, 96.42%, Err 0 (0.0e+000)
1007.631 .... 3794 packets received, 7713 bps, 96.42%, Err 0 (0.0e+000)
1009.753 .... 3802 packets received, 7713 bps, 96.42%, Err 0 (0.0e+000)
1011.898 .... 3810 packets received, 7713 bps, 96.42%, Err 0 (0.0e+000)
1014.017 .... 3818 packets received, 7713 bps, 96.42%, Err 0 (0.0e+000)
1016.135 .... 3826 packets received, 7713 bps, 96.42%, Err 0 (0.0e+000)
1018.257 .... 3834 packets received, 7713 bps, 96.42%, Err 0 (0.0e+000)
1020.366 .... 3842 packets received, 7714 bps, 96.42%, Err 0 (0.0e+000)
1022.508 .... 3850 packets received, 7713 bps, 96.42%, Err 0 (0.0e+000)
1024.613 .... 3858 packets received, 7714 bps, 96.42%, Err 0 (0.0e+000)
1026.755 .... 3866 packets received, 7713 bps, 96.42%, Err 0 (0.0e+000)
1028.872 .... 3874 packets received, 7713 bps, 96.42%, Err 0 (0.0e+000)
1031.006 .... 3882 packets received, 7713 bps, 96.42%, Err 0 (0.0e+000)
1033.115 .... 3890 packets received, 7714 bps, 96.42%, Err 0 (0.0e+000)
1035.236 .... 3898 packets received, 7714 bps, 96.42%, Err 0 (0.0e+000)
1037.366 .... 3906 packets received, 7713 bps, 96.42%, Err 0 (0.0e+000)
1039.491 .... 3914 packets received, 7713 bps, 96.42%, Err 0 (0.0e+000)
1041.621 .... 3922 packets received, 7713 bps, 96.42%, Err 0 (0.0e+000)
1043.723 .... 3930 packets received, 7714 bps, 96.42%, Err 0 (0.0e+000)
1045.850 .... 3938 packets received, 7714 bps, 96.42%, Err 0 (0.0e+000)
1047.971 .... 3946 packets received, 7714 bps, 96.42%, Err 0 (0.0e+000)
1050.100 .... 3954 packets received, 7714 bps, 96.42%, Err 0 (0.0e+000)
1052.224 .... 3962 packets received, 7714 bps, 96.42%, Err 0 (0.0e+000)
1054.351 .... 3970 packets received, 7714 bps, 96.42%, Err 0 (0.0e+000)
1056.468 .... 3978 packets received, 7714 bps, 96.42%, Err 0 (0.0e+000)
1058.597 .... 3986 packets received, 7714 bps, 96.42%, Err 0 (0.0e+000)
1060.733 .... 3994 packets received, 7713 bps, 96.42%, Err 0 (0.0e+000)
1062.837 .... 4002 packets received, 7714 bps, 96.42%, Err 0 (0.0e+000)
1064.959 .... 4010 packets received, 7714 bps, 96.42%, Err 0 (0.0e+000)
1067.084 .... 4018 packets received, 7714 bps, 96.42%, Err 0 (0.0e+000)
1069.216 .... 4026 packets received, 7714 bps, 96.42%, Err 0 (0.0e+000)
1071.335 .... 4034 packets received, 7714 bps, 96.42%, Err 0 (0.0e+000)
1073.446 .... 4042 packets received, 7714 bps, 96.42%, Err 0 (0.0e+000)
1075.593 .... 4050 packets received, 7714 bps, 96.42%, Err 0 (0.0e+000)
1077.703 .... 4058 packets received, 7714 bps, 96.42%, Err 0 (0.0e+000)
1079.830 .... 4066 packets received, 7714 bps, 96.42%, Err 0 (0.0e+000)
1081.966 .... 4074 packets received, 7714 bps, 96.42%, Err 0 (0.0e+000)
1084.081 .... 4082 packets received, 7714 bps, 96.42%, Err 0 (0.0e+000)
1086.194 .... 4090 packets received, 7714 bps, 96.42%, Err 0 (0.0e+000)
1088.319 .... 4098 packets received, 7714 bps, 96.42%, Err 0 (0.0e+000)
1090.463 .... 4106 packets received, 7714 bps, 96.42%, Err 0 (0.0e+000)
1092.570 .... 4114 packets received, 7714 bps, 96.42%, Err 0 (0.0e+000)
1094.695 .... 4122 packets received, 7714 bps, 96.42%, Err 0 (0.0e+000)
1096.811 .... 4130 packets received, 7714 bps, 96.42%, Err 0 (0.0e+000)
1098.925 .... 4138 packets received, 7714 bps, 96.42%, Err 0 (0.0e+000)
1101.055 .... 4146 packets received, 7714 bps, 96.42%, Err 0 (0.0e+000)
1103.190 .... 4154 packets received, 7714 bps, 96.42%, Err 0 (0.0e+000)
1105.311 .... 4162 packets received, 7714 bps, 96.42%, Err 0 (0.0e+000)
1107.426 .... 4170 packets received, 7714 bps, 96.42%, Err 0 (0.0e+000)
1109.551 .... 4178 packets received, 7714 bps, 96.42%, Err 0 (0.0e+000)
1111.682 .... 4186 packets received, 7714 bps, 96.42%, Err 0 (0.0e+000)
1113.804 .... 4194 packets received, 7714 bps, 96.42%, Err 0 (0.0e+000)
1115.929 .... 4202 packets received, 7714 bps, 96.42%, Err 0 (0.0e+000)
1118.059 .... 4210 packets received, 7714 bps, 96.42%, Err 0 (0.0e+000)
1120.163 .... 4218 packets received, 7714 bps, 96.42%, Err 0 (0.0e+000)
1122.288 .... 4226 packets received, 7714 bps, 96.42%, Err 0 (0.0e+000)
1124.414 .... 4234 packets received, 7714 bps, 96.42%, Err 0 (0.0e+000)
1126.533 .... 4242 packets received, 7714 bps, 96.42%, Err 0 (0.0e+000)
1128.658 .... 4250 packets received, 7714 bps, 96.42%, Err 0 (0.0e+000)
1130.784 .... 4258 packets received, 7714 bps, 96.42%, Err 0 (0.0e+000)
1132.909 .... 4266 packets received, 7714 bps, 96.42%, Err 0 (0.0e+000)
1135.038 .... 4274 packets received, 7714 bps, 96.42%, Err 0 (0.0e+000)
1137.157 .... 4282 packets received, 7714 bps, 96.42%, Err 0 (0.0e+000)
1139.287 .... 4290 packets received, 7714 bps, 96.42%, Err 0 (0.0e+000)
1141.408 .... 4298 packets received, 7714 bps, 96.42%, Err 0 (0.0e+000)
1143.536 .... 4306 packets received, 7714 bps, 96.42%, Err 0 (0.0e+000)
1145.644 .... 4314 packets received, 7714 bps, 96.42%, Err 0 (0.0e+000)
1147.774 .... 4322 packets received, 7714 bps, 96.42%, Err 0 (0.0e+000)
1149.904 .... 4330 packets received, 7714 bps, 96.42%, Err 0 (0.0e+000)
1152.015 .... 4338 packets received, 7714 bps, 96.42%, Err 0 (0.0e+000)
1154.143 .... 4346 packets received, 7714 bps, 96.42%, Err 0 (0.0e+000)
1156.272 .... 4354 packets received, 7714 bps, 96.42%, Err 0 (0.0e+000)
1158.392 .... 4362 packets received, 7714 bps, 96.42%, Err 0 (0.0e+000)
1160.512 .... 4370 packets received, 7714 bps, 96.42%, Err 0 (0.0e+000)
1162.624 .... 4378 packets received, 7714 bps, 96.42%, Err 0 (0.0e+000)
1164.754 .... 4386 packets received, 7714 bps, 96.42%, Err 0 (0.0e+000)
1166.881 .... 4394 packets received, 7714 bps, 96.42%, Err 0 (0.0e+000)
1169.005 .... 4402 packets received, 7714 bps, 96.42%, Err 0 (0.0e+000)
1171.136 .... 4410 packets received, 7714 bps, 96.42%, Err 0 (0.0e+000)
1173.256 .... 4418 packets received, 7714 bps, 96.42%, Err 0 (0.0e+000)
1175.371 .... 4426 packets received, 7714 bps, 96.42%, Err 0 (0.0e+000)
1177.490 .... 4434 packets received, 7714 bps, 96.42%, Err 0 (0.0e+000)
1179.613 .... 4442 packets received, 7714 bps, 96.42%, Err 0 (0.0e+000)
1181.741 .... 4450 packets received, 7714 bps, 96.42%, Err 0 (0.0e+000)
1183.866 .... 4458 packets received, 7714 bps, 96.42%, Err 0 (0.0e+000)
1185.990 .... 4466 packets received, 7714 bps, 96.42%, Err 0 (0.0e+000)
1188.127 .... 4474 packets received, 7714 bps, 96.42%, Err 0 (0.0e+000)
1190.238 .... 4482 packets received, 7714 bps, 96.42%, Err 0 (0.0e+000)
1192.350 .... 4490 packets received, 7714 bps, 96.42%, Err 0 (0.0e+000)
1194.473 .... 4498 packets received, 7714 bps, 96.42%, Err 0 (0.0e+000)
1196.600 .... 4506 packets received, 7714 bps, 96.42%, Err 0 (0.0e+000)
1198.728 .... 4514 packets received, 7714 bps, 96.42%, Err 0 (0.0e+000)
1200.851 .... 4522 packets received, 7714 bps, 96.42%, Err 0 (0.0e+000)
1202.987 .... 4530 packets received, 7714 bps, 96.42%, Err 0 (0.0e+000)
1205.092 .... 4538 packets received, 7714 bps, 96.42%, Err 0 (0.0e+000)
1207.235 .... 4546 packets received, 7714 bps, 96.42%, Err 0 (0.0e+000)
1209.355 .... 4554 packets received, 7714 bps, 96.42%, Err 0 (0.0e+000)
1211.468 .... 4562 packets received, 7714 bps, 96.42%, Err 0 (0.0e+000)
1213.601 .... 4570 packets received, 7714 bps, 96.42%, Err 0 (0.0e+000)
1215.721 .... 4578 packets received, 7714 bps, 96.42%, Err 0 (0.0e+000)
1217.833 .... 4586 packets received, 7714 bps, 96.42%, Err 0 (0.0e+000)
1219.961 .... 4594 packets received, 7714 bps, 96.42%, Err 0 (0.0e+000)
1222.082 .... 4602 packets received, 7714 bps, 96.42%, Err 0 (0.0e+000)
1224.204 .... 4610 packets received, 7714 bps, 96.42%, Err 0 (0.0e+000)
1226.319 .... 4618 packets received, 7714 bps, 96.43%, Err 0 (0.0e+000)
1228.449 .... 4626 packets received, 7714 bps, 96.43%, Err 0 (0.0e+000)
1230.582 .... 4634 packets received, 7714 bps, 96.42%, Err 0 (0.0e+000)
1232.707 .... 4642 packets received, 7714 bps, 96.42%, Err 0 (0.0e+000)
1234.830 .... 4650 packets received, 7714 bps, 96.42%, Err 0 (0.0e+000)
1236.944 .... 4658 packets received, 7714 bps, 96.43%, Err 0 (0.0e+000)
1239.070 .... 4666 packets received, 7714 bps, 96.42%, Err 0 (0.0e+000)
1241.201 .... 4674 packets received, 7714 bps, 96.42%, Err 0 (0.0e+000)
1243.307 .... 4682 packets received, 7714 bps, 96.43%, Err 0 (0.0e+000)
1245.429 .... 4690 packets received, 7714 bps, 96.43%, Err 0 (0.0e+000)
1247.558 .... 4698 packets received, 7714 bps, 96.43%, Err 0 (0.0e+000)
1249.678 .... 4706 packets received, 7714 bps, 96.43%, Err 0 (0.0e+000)
1251.815 .... 4714 packets received, 7714 bps, 96.42%, Err 0 (0.0e+000)
1253.927 .... 4722 packets received, 7714 bps, 96.43%, Err 0 (0.0e+000)
1256.047 .... 4730 packets received, 7714 bps, 96.43%, Err 0 (0.0e+000)
1258.172 .... 4738 packets received, 7714 bps, 96.43%, Err 0 (0.0e+000)
1260.302 .... 4746 packets received, 7714 bps, 96.43%, Err 0 (0.0e+000)
1262.413 .... 4754 packets received, 7714 bps, 96.43%, Err 0 (0.0e+000)
1264.539 .... 4762 packets received, 7714 bps, 96.43%, Err 0 (0.0e+000)
1266.662 .... 4770 packets received, 7714 bps, 96.43%, Err 0 (0.0e+000)
1268.803 .... 4778 packets received, 7714 bps, 96.43%, Err 0 (0.0e+000)
1270.912 .... 4786 packets received, 7714 bps, 96.43%, Err 0 (0.0e+000)
1273.039 .... 4794 packets received, 7714 bps, 96.43%, Err 0 (0.0e+000)
1275.165 .... 4802 packets received, 7714 bps, 96.43%, Err 0 (0.0e+000)
1277.307 .... 4810 packets received, 7714 bps, 96.42%, Err 0 (0.0e+000)
1279.417 .... 4818 packets received, 7714 bps, 96.43%, Err 0 (0.0e+000)
1281.543 .... 4826 packets received, 7714 bps, 96.43%, Err 0 (0.0e+000)
1283.688 .... 4834 packets received, 7714 bps, 96.42%, Err 0 (0.0e+000)
1285.776 .... 4842 packets received, 7714 bps, 96.43%, Err 0 (0.0e+000)
1287.906 .... 4850 packets received, 7714 bps, 96.43%, Err 0 (0.0e+000)
1290.035 .... 4858 packets received, 7714 bps, 96.43%, Err 0 (0.0e+000)
1292.162 .... 4866 packets received, 7714 bps, 96.43%, Err 0 (0.0e+000)
1294.271 .... 4874 packets received, 7714 bps, 96.43%, Err 0 (0.0e+000)
1294.536 ** WARNING: System too busy, sleep 15 ms, but be awakened 74 ms later
1296.460 .... 4882 packets received, 7714 bps, 96.42%, Err 0 (0.0e+000)
1298.615 .... 4890 packets received, 7714 bps, 96.42%, Err 0 (0.0e+000)
1300.681 .... 4898 packets received, 7714 bps, 96.42%, Err 0 (0.0e+000)
1302.819 .... 4906 packets received, 7714 bps, 96.42%, Err 0 (0.0e+000)
1304.931 .... 4914 packets received, 7714 bps, 96.42%, Err 0 (0.0e+000)
1307.061 .... 4922 packets received, 7714 bps, 96.42%, Err 0 (0.0e+000)
1309.182 .... 4930 packets received, 7714 bps, 96.42%, Err 0 (0.0e+000)
1311.307 .... 4938 packets received, 7714 bps, 96.42%, Err 0 (0.0e+000)
1313.433 .... 4946 packets received, 7714 bps, 96.42%, Err 0 (0.0e+000)
1315.571 .... 4954 packets received, 7714 bps, 96.42%, Err 0 (0.0e+000)
1317.684 .... 4962 packets received, 7714 bps, 96.42%, Err 0 (0.0e+000)
1319.814 .... 4970 packets received, 7714 bps, 96.42%, Err 0 (0.0e+000)
1321.927 .... 4978 packets received, 7714 bps, 96.42%, Err 0 (0.0e+000)
1324.060 .... 4986 packets received, 7714 bps, 96.42%, Err 0 (0.0e+000)
1326.189 .... 4994 packets received, 7714 bps, 96.42%, Err 0 (0.0e+000)
1328.303 .... 5002 packets received, 7714 bps, 96.42%, Err 0 (0.0e+000)
1330.416 .... 5010 packets received, 7714 bps, 96.42%, Err 0 (0.0e+000)
1332.546 .... 5018 packets received, 7714 bps, 96.42%, Err 0 (0.0e+000)
1334.675 .... 5026 packets received, 7714 bps, 96.42%, Err 0 (0.0e+000)
1336.805 .... 5034 packets received, 7714 bps, 96.42%, Err 0 (0.0e+000)
1338.918 .... 5042 packets received, 7714 bps, 96.42%, Err 0 (0.0e+000)
1341.048 .... 5050 packets received, 7714 bps, 96.42%, Err 0 (0.0e+000)
1343.161 .... 5058 packets received, 7714 bps, 96.42%, Err 0 (0.0e+000)
1345.291 .... 5066 packets received, 7714 bps, 96.42%, Err 0 (0.0e+000)
1347.420 .... 5074 packets received, 7714 bps, 96.42%, Err 0 (0.0e+000)
1349.533 .... 5082 packets received, 7714 bps, 96.42%, Err 0 (0.0e+000)
1351.663 .... 5090 packets received, 7714 bps, 96.42%, Err 0 (0.0e+000)
1353.782 .... 5098 packets received, 7714 bps, 96.42%, Err 0 (0.0e+000)
1355.912 .... 5106 packets received, 7714 bps, 96.42%, Err 0 (0.0e+000)
1358.025 .... 5114 packets received, 7714 bps, 96.42%, Err 0 (0.0e+000)
1360.158 .... 5122 packets received, 7714 bps, 96.42%, Err 0 (0.0e+000)
1362.271 .... 5130 packets received, 7714 bps, 96.42%, Err 0 (0.0e+000)
1364.385 .... 5138 packets received, 7714 bps, 96.42%, Err 0 (0.0e+000)
1366.530 .... 5146 packets received, 7714 bps, 96.42%, Err 0 (0.0e+000)
1368.644 .... 5154 packets received, 7714 bps, 96.42%, Err 0 (0.0e+000)
1370.757 .... 5162 packets received, 7714 bps, 96.42%, Err 0 (0.0e+000)
1372.887 .... 5170 packets received, 7714 bps, 96.42%, Err 0 (0.0e+000)
1375.000 .... 5178 packets received, 7714 bps, 96.43%, Err 0 (0.0e+000)
1377.146 .... 5186 packets received, 7714 bps, 96.42%, Err 0 (0.0e+000)
1379.259 .... 5194 packets received, 7714 bps, 96.42%, Err 0 (0.0e+000)
1381.373 .... 5202 packets received, 7714 bps, 96.42%, Err 0 (0.0e+000)
1383.486 .... 5210 packets received, 7714 bps, 96.43%, Err 0 (0.0e+000)
1385.632 .... 5218 packets received, 7714 bps, 96.42%, Err 0 (0.0e+000)
1387.738 .... 5226 packets received, 7714 bps, 96.43%, Err 0 (0.0e+000)
1389.868 .... 5234 packets received, 7714 bps, 96.43%, Err 0 (0.0e+000)
1392.000 .... 5242 packets received, 7714 bps, 96.42%, Err 0 (0.0e+000)
1394.114 .... 5250 packets received, 7714 bps, 96.43%, Err 0 (0.0e+000)
1396.243 .... 5258 packets received, 7714 bps, 96.42%, Err 0 (0.0e+000)
1398.373 .... 5266 packets received, 7714 bps, 96.42%, Err 0 (0.0e+000)
1400.501 .... 5274 packets received, 7714 bps, 96.42%, Err 0 (0.0e+000)
1402.614 .... 5282 packets received, 7714 bps, 96.42%, Err 0 (0.0e+000)
1404.744 .... 5290 packets received, 7714 bps, 96.42%, Err 0 (0.0e+000)
1406.842 .... 5298 packets received, 7714 bps, 96.43%, Err 0 (0.0e+000)
1408.972 .... 5306 packets received, 7714 bps, 96.43%, Err 0 (0.0e+000)
1411.101 .... 5314 packets received, 7714 bps, 96.43%, Err 0 (0.0e+000)
1413.215 .... 5322 packets received, 7714 bps, 96.43%, Err 0 (0.0e+000)
1415.344 .... 5330 packets received, 7714 bps, 96.43%, Err 0 (0.0e+000)
1417.467 .... 5338 packets received, 7714 bps, 96.43%, Err 0 (0.0e+000)
1419.598 .... 5346 packets received, 7714 bps, 96.43%, Err 0 (0.0e+000)
1421.727 .... 5354 packets received, 7714 bps, 96.43%, Err 0 (0.0e+000)
1423.825 .... 5362 packets received, 7714 bps, 96.43%, Err 0 (0.0e+000)
1425.970 .... 5370 packets received, 7714 bps, 96.43%, Err 0 (0.0e+000)
1428.084 .... 5378 packets received, 7714 bps, 96.43%, Err 0 (0.0e+000)
1430.213 .... 5386 packets received, 7714 bps, 96.43%, Err 0 (0.0e+000)
1432.342 .... 5394 packets received, 7714 bps, 96.43%, Err 0 (0.0e+000)
1434.456 .... 5402 packets received, 7714 bps, 96.43%, Err 0 (0.0e+000)
1436.585 .... 5410 packets received, 7714 bps, 96.43%, Err 0 (0.0e+000)
1438.715 .... 5418 packets received, 7714 bps, 96.43%, Err 0 (0.0e+000)
1440.827 .... 5426 packets received, 7714 bps, 96.43%, Err 0 (0.0e+000)
1442.956 .... 5434 packets received, 7714 bps, 96.43%, Err 0 (0.0e+000)
1445.086 .... 5442 packets received, 7714 bps, 96.43%, Err 0 (0.0e+000)
1447.199 .... 5450 packets received, 7714 bps, 96.43%, Err 0 (0.0e+000)
1449.329 .... 5458 packets received, 7714 bps, 96.43%, Err 0 (0.0e+000)
1451.442 .... 5466 packets received, 7714 bps, 96.43%, Err 0 (0.0e+000)
1453.571 .... 5474 packets received, 7714 bps, 96.43%, Err 0 (0.0e+000)
1455.701 .... 5482 packets received, 7714 bps, 96.43%, Err 0 (0.0e+000)
1457.814 .... 5490 packets received, 7714 bps, 96.43%, Err 0 (0.0e+000)
1459.944 .... 5498 packets received, 7714 bps, 96.43%, Err 0 (0.0e+000)
1462.073 .... 5506 packets received, 7714 bps, 96.43%, Err 0 (0.0e+000)
1464.197 .... 5514 packets received, 7714 bps, 96.43%, Err 0 (0.0e+000)
1466.314 .... 5522 packets received, 7714 bps, 96.43%, Err 0 (0.0e+000)
1468.411 .... 5530 packets received, 7714 bps, 96.43%, Err 0 (0.0e+000)
1470.540 .... 5538 packets received, 7714 bps, 96.43%, Err 0 (0.0e+000)
1472.686 .... 5546 packets received, 7714 bps, 96.43%, Err 0 (0.0e+000)
1474.800 .... 5554 packets received, 7714 bps, 96.43%, Err 0 (0.0e+000)
1476.913 .... 5562 packets received, 7714 bps, 96.43%, Err 0 (0.0e+000)
1479.059 .... 5570 packets received, 7714 bps, 96.43%, Err 0 (0.0e+000)
1481.156 .... 5578 packets received, 7714 bps, 96.43%, Err 0 (0.0e+000)
1483.302 .... 5586 packets received, 7714 bps, 96.43%, Err 0 (0.0e+000)
1485.415 .... 5594 packets received, 7714 bps, 96.43%, Err 0 (0.0e+000)
1487.529 .... 5602 packets received, 7714 bps, 96.43%, Err 0 (0.0e+000)
1489.674 .... 5610 packets received, 7714 bps, 96.43%, Err 0 (0.0e+000)
1491.843 .... 5618 packets received, 7714 bps, 96.42%, Err 0 (0.0e+000)
1493.910 .... 5626 packets received, 7714 bps, 96.43%, Err 0 (0.0e+000)
1496.040 .... 5634 packets received, 7714 bps, 96.43%, Err 0 (0.0e+000)
1498.153 .... 5642 packets received, 7714 bps, 96.43%, Err 0 (0.0e+000)
1500.283 .... 5650 packets received, 7714 bps, 96.43%, Err 0 (0.0e+000)
1502.382 .... 5658 packets received, 7714 bps, 96.43%, Err 0 (0.0e+000)
1504.528 .... 5666 packets received, 7714 bps, 96.43%, Err 0 (0.0e+000)
1506.641 .... 5674 packets received, 7714 bps, 96.43%, Err 0 (0.0e+000)
1508.755 .... 5682 packets received, 7714 bps, 96.43%, Err 0 (0.0e+000)
1510.884 .... 5690 packets received, 7714 bps, 96.43%, Err 0 (0.0e+000)
1513.014 .... 5698 packets received, 7714 bps, 96.43%, Err 0 (0.0e+000)
1515.143 .... 5706 packets received, 7714 bps, 96.43%, Err 0 (0.0e+000)
1517.272 .... 5714 packets received, 7714 bps, 96.43%, Err 0 (0.0e+000)
1519.385 .... 5722 packets received, 7714 bps, 96.43%, Err 0 (0.0e+000)
1521.515 .... 5730 packets received, 7714 bps, 96.43%, Err 0 (0.0e+000)
1523.644 .... 5738 packets received, 7714 bps, 96.43%, Err 0 (0.0e+000)
1525.758 .... 5746 packets received, 7714 bps, 96.43%, Err 0 (0.0e+000)
1527.871 .... 5754 packets received, 7714 bps, 96.43%, Err 0 (0.0e+000)
1529.985 .... 5762 packets received, 7714 bps, 96.43%, Err 0 (0.0e+000)
1532.114 .... 5770 packets received, 7714 bps, 96.43%, Err 0 (0.0e+000)
1534.260 .... 5778 packets received, 7714 bps, 96.43%, Err 0 (0.0e+000)
1536.357 .... 5786 packets received, 7714 bps, 96.43%, Err 0 (0.0e+000)
1538.489 .... 5794 packets received, 7714 bps, 96.43%, Err 0 (0.0e+000)
1540.602 .... 5802 packets received, 7714 bps, 96.43%, Err 0 (0.0e+000)
1542.732 .... 5810 packets received, 7714 bps, 96.43%, Err 0 (0.0e+000)
1544.861 .... 5818 packets received, 7714 bps, 96.43%, Err 0 (0.0e+000)
1546.975 .... 5826 packets received, 7714 bps, 96.43%, Err 0 (0.0e+000)
1549.120 .... 5834 packets received, 7714 bps, 96.43%, Err 0 (0.0e+000)
1551.234 .... 5842 packets received, 7714 bps, 96.43%, Err 0 (0.0e+000)
1553.363 .... 5850 packets received, 7714 bps, 96.43%, Err 0 (0.0e+000)
1555.477 .... 5858 packets received, 7714 bps, 96.43%, Err 0 (0.0e+000)
1557.603 .... 5866 packets received, 7714 bps, 96.43%, Err 0 (0.0e+000)
1559.742 .... 5874 packets received, 7714 bps, 96.43%, Err 0 (0.0e+000)
1561.856 .... 5882 packets received, 7714 bps, 96.43%, Err 0 (0.0e+000)
1563.985 .... 5890 packets received, 7714 bps, 96.43%, Err 0 (0.0e+000)
1566.099 .... 5898 packets received, 7714 bps, 96.43%, Err 0 (0.0e+000)
1568.212 .... 5906 packets received, 7714 bps, 96.43%, Err 0 (0.0e+000)
1570.342 .... 5914 packets received, 7714 bps, 96.43%, Err 0 (0.0e+000)
1572.456 .... 5922 packets received, 7714 bps, 96.43%, Err 0 (0.0e+000)
1574.586 .... 5930 packets received, 7714 bps, 96.43%, Err 0 (0.0e+000)
1576.699 .... 5938 packets received, 7714 bps, 96.43%, Err 0 (0.0e+000)
1578.829 .... 5946 packets received, 7714 bps, 96.43%, Err 0 (0.0e+000)
1580.958 .... 5954 packets received, 7714 bps, 96.43%, Err 0 (0.0e+000)
1583.072 .... 5962 packets received, 7714 bps, 96.43%, Err 0 (0.0e+000)
1585.201 .... 5970 packets received, 7714 bps, 96.43%, Err 0 (0.0e+000)
1587.315 .... 5978 packets received, 7714 bps, 96.43%, Err 0 (0.0e+000)
1589.444 .... 5986 packets received, 7714 bps, 96.43%, Err 0 (0.0e+000)
1591.574 .... 5994 packets received, 7714 bps, 96.43%, Err 0 (0.0e+000)
1593.687 .... 6002 packets received, 7714 bps, 96.43%, Err 0 (0.0e+000)
1595.833 .... 6010 packets received, 7714 bps, 96.43%, Err 0 (0.0e+000)
1597.930 .... 6018 packets received, 7714 bps, 96.43%, Err 0 (0.0e+000)
1600.076 .... 6026 packets received, 7714 bps, 96.43%, Err 0 (0.0e+000)
1602.205 .... 6034 packets received, 7714 bps, 96.43%, Err 0 (0.0e+000)
1604.319 .... 6042 packets received, 7714 bps, 96.43%, Err 0 (0.0e+000)
1606.448 .... 6050 packets received, 7714 bps, 96.43%, Err 0 (0.0e+000)
1608.562 .... 6058 packets received, 7714 bps, 96.43%, Err 0 (0.0e+000)
1610.691 .... 6066 packets received, 7714 bps, 96.43%, Err 0 (0.0e+000)
1612.821 .... 6074 packets received, 7714 bps, 96.43%, Err 0 (0.0e+000)
1614.923 .... 6082 packets received, 7714 bps, 96.43%, Err 0 (0.0e+000)
1617.069 .... 6090 packets received, 7714 bps, 96.43%, Err 0 (0.0e+000)
1619.183 .... 6098 packets received, 7714 bps, 96.43%, Err 0 (0.0e+000)
1621.296 .... 6106 packets received, 7714 bps, 96.43%, Err 0 (0.0e+000)
1623.410 .... 6114 packets received, 7714 bps, 96.43%, Err 0 (0.0e+000)
1625.555 .... 6122 packets received, 7714 bps, 96.43%, Err 0 (0.0e+000)
1627.669 .... 6130 packets received, 7714 bps, 96.43%, Err 0 (0.0e+000)
1629.782 .... 6138 packets received, 7714 bps, 96.43%, Err 0 (0.0e+000)
1631.912 .... 6146 packets received, 7714 bps, 96.43%, Err 0 (0.0e+000)
1634.025 .... 6154 packets received, 7714 bps, 96.43%, Err 0 (0.0e+000)
1636.156 .... 6162 packets received, 7714 bps, 96.43%, Err 0 (0.0e+000)
1638.285 .... 6170 packets received, 7714 bps, 96.43%, Err 0 (0.0e+000)
1640.399 .... 6178 packets received, 7714 bps, 96.43%, Err 0 (0.0e+000)
1642.528 .... 6186 packets received, 7714 bps, 96.43%, Err 0 (0.0e+000)
1644.658 .... 6194 packets received, 7714 bps, 96.43%, Err 0 (0.0e+000)
1646.771 .... 6202 packets received, 7714 bps, 96.43%, Err 0 (0.0e+000)
1648.901 .... 6210 packets received, 7714 bps, 96.43%, Err 0 (0.0e+000)
1651.014 .... 6218 packets received, 7714 bps, 96.43%, Err 0 (0.0e+000)
1653.144 .... 6226 packets received, 7714 bps, 96.43%, Err 0 (0.0e+000)
1655.273 .... 6234 packets received, 7714 bps, 96.43%, Err 0 (0.0e+000)
1657.387 .... 6242 packets received, 7714 bps, 96.43%, Err 0 (0.0e+000)
1659.516 .... 6250 packets received, 7714 bps, 96.43%, Err 0 (0.0e+000)
1661.630 .... 6258 packets received, 7714 bps, 96.43%, Err 0 (0.0e+000)
1663.759 .... 6266 packets received, 7714 bps, 96.43%, Err 0 (0.0e+000)
1665.889 .... 6274 packets received, 7714 bps, 96.43%, Err 0 (0.0e+000)
1668.004 .... 6282 packets received, 7714 bps, 96.43%, Err 0 (0.0e+000)
1670.132 .... 6290 packets received, 7714 bps, 96.43%, Err 0 (0.0e+000)
1672.245 .... 6298 packets received, 7714 bps, 96.43%, Err 0 (0.0e+000)
1674.391 .... 6306 packets received, 7714 bps, 96.43%, Err 0 (0.0e+000)
1676.504 .... 6314 packets received, 7714 bps, 96.43%, Err 0 (0.0e+000)
1678.634 .... 6322 packets received, 7714 bps, 96.43%, Err 0 (0.0e+000)
1680.763 .... 6330 packets received, 7714 bps, 96.43%, Err 0 (0.0e+000)
1682.877 .... 6338 packets received, 7714 bps, 96.43%, Err 0 (0.0e+000)
1685.006 .... 6346 packets received, 7714 bps, 96.43%, Err 0 (0.0e+000)
1687.120 .... 6354 packets received, 7714 bps, 96.43%, Err 0 (0.0e+000)
1689.249 .... 6362 packets received, 7714 bps, 96.43%, Err 0 (0.0e+000)
1691.379 .... 6370 packets received, 7714 bps, 96.43%, Err 0 (0.0e+000)
1693.492 .... 6378 packets received, 7714 bps, 96.43%, Err 0 (0.0e+000)
1695.622 .... 6386 packets received, 7714 bps, 96.43%, Err 0 (0.0e+000)
1697.751 .... 6394 packets received, 7714 bps, 96.43%, Err 0 (0.0e+000)
1699.865 .... 6402 packets received, 7714 bps, 96.43%, Err 0 (0.0e+000)
1701.981 .... 6410 packets received, 7714 bps, 96.43%, Err 0 (0.0e+000)
1704.095 .... 6418 packets received, 7715 bps, 96.43%, Err 0 (0.0e+000)
1706.225 .... 6426 packets received, 7714 bps, 96.43%, Err 0 (0.0e+000)
1708.339 .... 6434 packets received, 7715 bps, 96.43%, Err 0 (0.0e+000)
1710.468 .... 6442 packets received, 7715 bps, 96.43%, Err 0 (0.0e+000)
1712.598 .... 6450 packets received, 7714 bps, 96.43%, Err 0 (0.0e+000)
1714.727 .... 6458 packets received, 7714 bps, 96.43%, Err 0 (0.0e+000)
1716.845 .... 6466 packets received, 7714 bps, 96.43%, Err 0 (0.0e+000)
1718.959 .... 6474 packets received, 7715 bps, 96.43%, Err 0 (0.0e+000)
1721.089 .... 6482 packets received, 7715 bps, 96.43%, Err 0 (0.0e+000)
1723.219 .... 6490 packets received, 7714 bps, 96.43%, Err 0 (0.0e+000)
1725.332 .... 6498 packets received, 7715 bps, 96.43%, Err 0 (0.0e+000)
1727.462 .... 6506 packets received, 7714 bps, 96.43%, Err 0 (0.0e+000)
1729.575 .... 6514 packets received, 7715 bps, 96.43%, Err 0 (0.0e+000)
1731.705 .... 6522 packets received, 7715 bps, 96.43%, Err 0 (0.0e+000)
1733.834 .... 6530 packets received, 7714 bps, 96.43%, Err 0 (0.0e+000)
1735.948 .... 6538 packets received, 7715 bps, 96.43%, Err 0 (0.0e+000)
1738.077 .... 6546 packets received, 7715 bps, 96.43%, Err 0 (0.0e+000)
1740.191 .... 6554 packets received, 7715 bps, 96.43%, Err 0 (0.0e+000)
1742.320 .... 6562 packets received, 7715 bps, 96.43%, Err 0 (0.0e+000)
1744.450 .... 6570 packets received, 7715 bps, 96.43%, Err 0 (0.0e+000)
1746.563 .... 6578 packets received, 7715 bps, 96.43%, Err 0 (0.0e+000)
1748.693 .... 6586 packets received, 7715 bps, 96.43%, Err 0 (0.0e+000)
1750.806 .... 6594 packets received, 7715 bps, 96.43%, Err 0 (0.0e+000)
1752.936 .... 6602 packets received, 7715 bps, 96.43%, Err 0 (0.0e+000)
1755.052 .... 6610 packets received, 7715 bps, 96.43%, Err 0 (0.0e+000)
1757.188 .... 6618 packets received, 7715 bps, 96.43%, Err 0 (0.0e+000)
1759.301 .... 6626 packets received, 7715 bps, 96.43%, Err 0 (0.0e+000)
1761.431 .... 6634 packets received, 7715 bps, 96.43%, Err 0 (0.0e+000)
1763.545 .... 6642 packets received, 7715 bps, 96.43%, Err 0 (0.0e+000)
1765.674 .... 6650 packets received, 7715 bps, 96.43%, Err 0 (0.0e+000)
1767.788 .... 6658 packets received, 7715 bps, 96.43%, Err 0 (0.0e+000)
1769.918 .... 6666 packets received, 7715 bps, 96.43%, Err 0 (0.0e+000)
1772.048 .... 6674 packets received, 7715 bps, 96.43%, Err 0 (0.0e+000)
1774.165 .... 6682 packets received, 7715 bps, 96.43%, Err 0 (0.0e+000)
1776.291 .... 6690 packets received, 7715 bps, 96.43%, Err 0 (0.0e+000)
1778.404 .... 6698 packets received, 7715 bps, 96.43%, Err 0 (0.0e+000)
1779.317 TCP Disconnected.
