GoBackN a 
=========================================================================
                          Station A                                 
-------------------------------------------------------------------------
Protocol.lib, version 3.0, Build: Oct 19 2009 (jiangy@public3.bta.net.cn)
Channel: 8000 bps, 270 ms propagation delay, bit error rate 1.0E-005
Log file "GoBackN-A.log", TCP port 59144, debug mask 0x00
Station A is waiting for station B on TCP port 59144 ... Done.
New epoch: Thu Apr 21 22:28:28 2016
=========================================================================
Designed by Jiang Yanjun, build: Oct 19 2009  22:57:25
Protocol Options: Piggybacking (Enabled), NAK (Enabled)
3.419 .... 8 packets received, 7656 bps, 95.70%, Err 0 (0.0e+000)
5.534 .... 16 packets received, 7701 bps, 96.26%, Err 0 (0.0e+000)
7.650 .... 24 packets received, 7715 bps, 96.44%, Err 0 (0.0e+000)
9.757 .... 32 packets received, 7730 bps, 96.63%, Err 0 (0.0e+000)
11.865 .... 40 packets received, 7739 bps, 96.73%, Err 0 (0.0e+000)
13.984 .... 48 packets received, 7737 bps, 96.72%, Err 0 (0.0e+000)
16.099 .... 56 packets received, 7739 bps, 96.73%, Err 0 (0.0e+000)
18.216 .... 59 packets received, 7134 bps, 89.18%, Err 1 (7.3e-006)
20.327 .... 67 packets received, 7204 bps, 90.05%, Err 1 (6.5e-006)
22.441 .... 75 packets received, 7258 bps, 90.73%, Err 1 (5.8e-006)
24.543 .... 83 packets received, 7307 bps, 91.33%, Err 1 (5.3e-006)
26.659 .... 91 packets received, 7343 bps, 91.79%, Err 1 (4.9e-006)
28.775 .... 99 packets received, 7374 bps, 92.17%, Err 1 (4.5e-006)
30.886 .... 107 packets received, 7401 bps, 92.52%, Err 2 (8.4e-006)
33.005 .... 115 packets received, 7424 bps, 92.79%, Err 2 (7.8e-006)
36.424 .... 123 packets received, 7168 bps, 89.59%, Err 3 (1.1e-005)
38.539 .... 131 packets received, 7200 bps, 90.01%, Err 3 (1.0e-005)
40.640 .... 139 packets received, 7232 bps, 90.40%, Err 3 (9.5e-006)
42.772 .... 147 packets received, 7256 bps, 90.69%, Err 3 (9.0e-006)
44.888 .... 155 packets received, 7279 bps, 90.99%, Err 3 (8.6e-006)
47.000 .... 163 packets received, 7301 bps, 91.27%, Err 3 (8.2e-006)
49.117 .... 171 packets received, 7321 bps, 91.51%, Err 3 (7.8e-006)
51.216 .... 179 packets received, 7341 bps, 91.76%, Err 3 (7.5e-006)
53.327 .... 187 packets received, 7358 bps, 91.98%, Err 3 (7.2e-006)
55.442 .... 195 packets received, 7373 bps, 92.17%, Err 4 (9.2e-006)
57.556 .... 203 packets received, 7387 bps, 92.34%, Err 4 (8.8e-006)
59.656 .... 211 packets received, 7402 bps, 92.53%, Err 4 (8.5e-006)
61.773 .... 219 packets received, 7414 bps, 92.68%, Err 4 (8.2e-006)
63.890 .... 227 packets received, 7425 bps, 92.81%, Err 4 (8.0e-006)
66.008 .... 235 packets received, 7435 bps, 92.94%, Err 4 (7.7e-006)
68.125 .... 243 packets received, 7445 bps, 93.06%, Err 4 (7.5e-006)
70.239 .... 251 packets received, 7454 bps, 93.18%, Err 4 (7.2e-006)
72.335 .... 259 packets received, 7465 bps, 93.31%, Err 4 (7.0e-006)
74.463 .... 267 packets received, 7472 bps, 93.40%, Err 4 (6.8e-006)
76.579 .... 275 packets received, 7479 bps, 93.49%, Err 4 (6.6e-006)
78.678 .... 283 packets received, 7488 bps, 93.60%, Err 4 (6.4e-006)
80.793 .... 291 packets received, 7495 bps, 93.69%, Err 4 (6.3e-006)
82.908 .... 299 packets received, 7502 bps, 93.77%, Err 4 (6.1e-006)
85.563 .... 304 packets received, 7387 bps, 92.34%, Err 6 (8.9e-006)
87.658 .... 312 packets received, 7397 bps, 92.47%, Err 6 (8.7e-006)
89.789 .... 320 packets received, 7404 bps, 92.55%, Err 6 (8.5e-006)
91.907 .... 328 packets received, 7412 bps, 92.65%, Err 6 (8.3e-006)
94.009 .... 332 packets received, 7332 bps, 91.66%, Err 7 (9.4e-006)
96.136 .... 340 packets received, 7341 bps, 91.76%, Err 7 (9.2e-006)
98.250 .... 348 packets received, 7350 bps, 91.87%, Err 7 (9.0e-006)
100.357 .... 356 packets received, 7359 bps, 91.98%, Err 7 (8.8e-006)
104.395 .... 357 packets received, 7090 bps, 88.63%, Err 7 (8.8e-006)
109.533 .... 358 packets received, 6773 bps, 84.66%, Err 8 (1.0e-005)
112.579 .... 359 packets received, 6606 bps, 82.57%, Err 8 (1.0e-005)
116.649 .... 360 packets received, 6391 bps, 79.88%, Err 8 (9.9e-006)
120.826 .... 361 packets received, 6184 bps, 77.31%, Err 8 (9.9e-006)
124.893 .... 362 packets received, 5998 bps, 74.97%, Err 8 (9.9e-006)
128.980 .... 363 packets received, 5822 bps, 72.77%, Err 8 (9.8e-006)
133.066 .... 364 packets received, 5657 bps, 70.71%, Err 8 (9.8e-006)
137.194 .... 365 packets received, 5500 bps, 68.75%, Err 8 (9.8e-006)
141.420 .... 366 packets received, 5349 bps, 66.86%, Err 8 (9.8e-006)
145.477 .... 367 packets received, 5212 bps, 65.15%, Err 8 (9.7e-006)
150.461 .... 368 packets received, 5052 bps, 63.15%, Err 9 (1.1e-005)
153.683 .... 369 packets received, 4959 bps, 61.98%, Err 9 (1.1e-005)
157.780 .... 370 packets received, 4842 bps, 60.52%, Err 9 (1.1e-005)
161.837 .... 371 packets received, 4732 bps, 59.15%, Err 9 (1.1e-005)
165.921 .... 372 packets received, 4627 bps, 57.84%, Err 9 (1.1e-005)
170.073 .... 373 packets received, 4526 bps, 56.57%, Err 9 (1.1e-005)
174.267 .... 374 packets received, 4428 bps, 55.35%, Err 9 (1.1e-005)
178.353 .... 375 packets received, 4337 bps, 54.21%, Err 9 (1.1e-005)
182.517 .... 376 packets received, 4249 bps, 53.11%, Err 9 (1.1e-005)
186.650 .... 377 packets received, 4165 bps, 52.06%, Err 9 (1.1e-005)
190.740 .... 378 packets received, 4086 bps, 51.08%, Err 9 (1.1e-005)
194.841 .... 379 packets received, 4010 bps, 50.13%, Err 9 (1.1e-005)
198.906 .... 380 packets received, 3938 bps, 49.22%, Err 9 (1.0e-005)
201.070 .... 383 packets received, 3926 bps, 49.08%, Err 9 (1.0e-005)
203.715 .... 389 packets received, 3935 bps, 49.19%, Err 10 (1.1e-005)
205.816 .... 397 packets received, 3975 bps, 49.69%, Err 10 (1.1e-005)
208.205 .... 402 packets received, 3979 bps, 49.73%, Err 11 (1.2e-005)
210.315 .... 410 packets received, 4017 bps, 50.21%, Err 11 (1.2e-005)
212.422 .... 418 packets received, 4054 bps, 50.68%, Err 11 (1.1e-005)
214.530 .... 426 packets received, 4091 bps, 51.14%, Err 11 (1.1e-005)
216.660 .... 434 packets received, 4127 bps, 51.58%, Err 11 (1.1e-005)
218.757 .... 442 packets received, 4162 bps, 52.03%, Err 11 (1.1e-005)
220.871 .... 450 packets received, 4197 bps, 52.46%, Err 11 (1.1e-005)
222.986 .... 458 packets received, 4231 bps, 52.88%, Err 11 (1.1e-005)
225.112 .... 466 packets received, 4264 bps, 53.30%, Err 11 (1.0e-005)
227.226 .... 474 packets received, 4296 bps, 53.70%, Err 11 (1.0e-005)
229.342 .... 482 packets received, 4328 bps, 54.10%, Err 11 (1.0e-005)
231.426 .... 490 packets received, 4360 bps, 54.50%, Err 11 (9.9e-006)
233.555 .... 498 packets received, 4391 bps, 54.89%, Err 11 (9.8e-006)
236.723 .... 506 packets received, 4401 bps, 55.02%, Err 12 (1.0e-005)
238.834 .... 514 packets received, 4431 bps, 55.39%, Err 12 (1.0e-005)
241.209 .... 519 packets received, 4430 bps, 55.38%, Err 13 (1.1e-005)
243.318 .... 527 packets received, 4459 bps, 55.74%, Err 13 (1.1e-005)
245.427 .... 535 packets received, 4488 bps, 56.10%, Err 13 (1.1e-005)
247.544 .... 543 packets received, 4516 bps, 56.45%, Err 13 (1.1e-005)
249.657 .... 551 packets received, 4543 bps, 56.79%, Err 13 (1.0e-005)
251.774 .... 559 packets received, 4570 bps, 57.13%, Err 13 (1.0e-005)
253.887 .... 567 packets received, 4597 bps, 57.46%, Err 13 (1.0e-005)
256.008 .... 575 packets received, 4623 bps, 57.79%, Err 13 (1.0e-005)
258.109 .... 583 packets received, 4649 bps, 58.11%, Err 13 (9.8e-006)
261.280 .... 591 packets received, 4655 bps, 58.19%, Err 14 (1.0e-005)
263.406 .... 599 packets received, 4680 bps, 58.50%, Err 14 (1.0e-005)
265.521 .... 607 packets received, 4705 bps, 58.81%, Err 14 (1.0e-005)
267.618 .... 615 packets received, 4729 bps, 59.11%, Err 14 (1.0e-005)
269.736 .... 623 packets received, 4753 bps, 59.41%, Err 14 (9.9e-006)
271.851 .... 631 packets received, 4776 bps, 59.70%, Err 14 (9.8e-006)
274.491 .... 637 packets received, 4775 bps, 59.69%, Err 15 (1.0e-005)
276.606 .... 645 packets received, 4798 bps, 59.97%, Err 15 (1.0e-005)
278.720 .... 653 packets received, 4820 bps, 60.25%, Err 15 (1.0e-005)
280.841 .... 661 packets received, 4842 bps, 60.53%, Err 15 (1.0e-005)
282.951 .... 669 packets received, 4864 bps, 60.80%, Err 15 (9.9e-006)
285.067 .... 677 packets received, 4886 bps, 61.07%, Err 15 (9.8e-006)
287.187 .... 685 packets received, 4907 bps, 61.33%, Err 15 (9.6e-006)
289.299 .... 693 packets received, 4928 bps, 61.60%, Err 15 (9.5e-006)
291.400 .... 701 packets received, 4948 bps, 61.86%, Err 15 (9.4e-006)
293.514 .... 709 packets received, 4969 bps, 62.11%, Err 15 (9.3e-006)
295.611 .... 717 packets received, 4989 bps, 62.36%, Err 15 (9.2e-006)
297.741 .... 725 packets received, 5008 bps, 62.60%, Err 15 (9.2e-006)
299.859 .... 733 packets received, 5028 bps, 62.85%, Err 15 (9.1e-006)
304.385 .... 736 packets received, 4973 bps, 62.16%, Err 15 (9.0e-006)
308.460 .... 737 packets received, 4914 bps, 61.42%, Err 15 (9.0e-006)
312.597 .... 738 packets received, 4855 bps, 60.69%, Err 15 (9.0e-006)
316.621 .... 739 packets received, 4799 bps, 59.99%, Err 15 (9.0e-006)
320.755 .... 740 packets received, 4744 bps, 59.30%, Err 15 (9.0e-006)
324.779 .... 741 packets received, 4691 bps, 58.64%, Err 15 (9.0e-006)
328.911 .... 742 packets received, 4638 bps, 57.98%, Err 15 (9.0e-006)
330.852 ** WARNING: System too busy, sleep 15 ms, but be awakened 85 ms later
332.992 .... 743 packets received, 4587 bps, 57.34%, Err 15 (8.9e-006)
337.186 .... 744 packets received, 4536 bps, 56.70%, Err 15 (8.9e-006)
341.191 .... 745 packets received, 4489 bps, 56.11%, Err 15 (8.9e-006)
345.298 .... 746 packets received, 4441 bps, 55.51%, Err 15 (8.9e-006)
349.373 .... 747 packets received, 4395 bps, 54.94%, Err 15 (8.9e-006)
353.449 .... 748 packets received, 4350 bps, 54.37%, Err 15 (8.9e-006)
357.653 .... 749 packets received, 4304 bps, 53.80%, Err 15 (8.9e-006)
361.663 .... 750 packets received, 4262 bps, 53.28%, Err 15 (8.8e-006)
365.873 .... 751 packets received, 4219 bps, 52.73%, Err 15 (8.8e-006)
370.063 .... 752 packets received, 4176 bps, 52.20%, Err 15 (8.8e-006)
374.169 .... 753 packets received, 4136 bps, 51.70%, Err 15 (8.8e-006)
379.135 .... 754 packets received, 4087 bps, 51.08%, Err 16 (9.4e-006)
382.416 .... 755 packets received, 4057 bps, 50.71%, Err 16 (9.4e-006)
386.532 .... 756 packets received, 4019 bps, 50.24%, Err 16 (9.4e-006)
390.622 .... 757 packets received, 3982 bps, 49.77%, Err 16 (9.3e-006)
394.798 .... 758 packets received, 3945 bps, 49.31%, Err 16 (9.3e-006)
398.949 .... 759 packets received, 3909 bps, 48.86%, Err 16 (9.3e-006)
401.086 .... 762 packets received, 3903 bps, 48.79%, Err 16 (9.3e-006)
403.191 .... 770 packets received, 3924 bps, 49.05%, Err 16 (9.2e-006)
405.298 .... 778 packets received, 3944 bps, 49.30%, Err 16 (9.1e-006)
407.422 .... 786 packets received, 3963 bps, 49.54%, Err 16 (9.0e-006)
409.534 .... 794 packets received, 3983 bps, 49.79%, Err 16 (8.9e-006)
411.636 .... 802 packets received, 4003 bps, 50.03%, Err 16 (8.8e-006)
413.751 .... 810 packets received, 4022 bps, 50.27%, Err 16 (8.8e-006)
416.661 .... 816 packets received, 4023 bps, 50.29%, Err 17 (9.2e-006)
418.773 .... 824 packets received, 4042 bps, 50.53%, Err 17 (9.1e-006)
420.872 .... 832 packets received, 4061 bps, 50.76%, Err 17 (9.0e-006)
422.978 .... 840 packets received, 4079 bps, 50.99%, Err 17 (8.9e-006)
425.102 .... 848 packets received, 4098 bps, 51.22%, Err 17 (8.9e-006)
427.217 .... 856 packets received, 4116 bps, 51.45%, Err 17 (8.8e-006)
430.136 .... 862 packets received, 4116 bps, 51.46%, Err 18 (9.2e-006)
432.247 .... 870 packets received, 4134 bps, 51.68%, Err 18 (9.1e-006)
434.348 .... 878 packets received, 4152 bps, 51.90%, Err 18 (9.0e-006)
436.452 .... 886 packets received, 4170 bps, 52.12%, Err 18 (9.0e-006)
438.565 .... 894 packets received, 4187 bps, 52.34%, Err 18 (8.9e-006)
440.680 .... 897 packets received, 4181 bps, 52.26%, Err 19 (9.3e-006)
442.794 .... 905 packets received, 4198 bps, 52.47%, Err 19 (9.2e-006)
445.695 .... 911 packets received, 4198 bps, 52.48%, Err 20 (9.6e-006)
447.811 .... 919 packets received, 4215 bps, 52.69%, Err 20 (9.5e-006)
449.937 .... 927 packets received, 4231 bps, 52.89%, Err 21 (9.9e-006)
452.058 .... 935 packets received, 4248 bps, 53.10%, Err 22 (1.0e-005)
454.140 .... 943 packets received, 4265 bps, 53.31%, Err 22 (1.0e-005)
456.278 .... 951 packets received, 4281 bps, 53.51%, Err 22 (1.0e-005)
458.382 .... 959 packets received, 4297 bps, 53.71%, Err 22 (1.0e-005)
460.486 .... 967 packets received, 4313 bps, 53.91%, Err 22 (1.0e-005)
462.604 .... 975 packets received, 4328 bps, 54.11%, Err 22 (9.9e-006)
464.721 .... 983 packets received, 4344 bps, 54.30%, Err 22 (9.8e-006)
466.834 .... 991 packets received, 4359 bps, 54.49%, Err 22 (9.8e-006)
468.955 .... 994 packets received, 4353 bps, 54.41%, Err 23 (1.0e-005)
471.059 .... 1002 packets received, 4368 bps, 54.60%, Err 23 (1.0e-005)
473.170 .... 1010 packets received, 4383 bps, 54.79%, Err 23 (1.0e-005)
475.288 .... 1018 packets received, 4398 bps, 54.98%, Err 23 (9.9e-006)
477.401 .... 1026 packets received, 4413 bps, 55.17%, Err 23 (9.8e-006)
479.512 .... 1034 packets received, 4428 bps, 55.35%, Err 24 (1.0e-005)
481.626 .... 1042 packets received, 4443 bps, 55.53%, Err 24 (1.0e-005)
483.757 .... 1050 packets received, 4457 bps, 55.71%, Err 24 (1.0e-005)
485.857 .... 1058 packets received, 4471 bps, 55.89%, Err 24 (1.0e-005)
487.972 .... 1066 packets received, 4486 bps, 56.07%, Err 24 (9.9e-006)
490.085 .... 1074 packets received, 4500 bps, 56.25%, Err 24 (9.8e-006)
492.179 .... 1077 packets received, 4493 bps, 56.16%, Err 25 (1.0e-005)
494.311 .... 1085 packets received, 4507 bps, 56.34%, Err 25 (1.0e-005)
496.424 .... 1093 packets received, 4521 bps, 56.51%, Err 25 (1.0e-005)
498.539 .... 1101 packets received, 4535 bps, 56.68%, Err 25 (1.0e-005)
504.404 .... 1109 packets received, 4514 bps, 56.43%, Err 25 (9.9e-006)
508.471 .... 1110 packets received, 4482 bps, 56.03%, Err 25 (9.9e-006)
512.525 .... 1111 packets received, 4451 bps, 55.63%, Err 25 (9.9e-006)
516.582 .... 1112 packets received, 4419 bps, 55.24%, Err 25 (9.9e-006)
520.664 .... 1113 packets received, 4389 bps, 54.86%, Err 25 (9.9e-006)
524.749 .... 1114 packets received, 4358 bps, 54.48%, Err 25 (9.9e-006)
528.833 .... 1115 packets received, 4329 bps, 54.11%, Err 25 (9.9e-006)
532.913 .... 1116 packets received, 4299 bps, 53.74%, Err 25 (9.8e-006)
537.026 .... 1117 packets received, 4270 bps, 53.37%, Err 25 (9.8e-006)
541.293 .... 1118 packets received, 4240 bps, 53.00%, Err 25 (9.8e-006)
545.422 .... 1119 packets received, 4212 bps, 52.64%, Err 25 (9.8e-006)
549.496 .... 1120 packets received, 4184 bps, 52.30%, Err 25 (9.8e-006)
553.540 .... 1121 packets received, 4157 bps, 51.96%, Err 25 (9.8e-006)
557.630 .... 1122 packets received, 4130 bps, 51.63%, Err 25 (9.8e-006)
561.659 .... 1123 packets received, 4104 bps, 51.30%, Err 25 (9.8e-006)
565.820 .... 1124 packets received, 4078 bps, 50.97%, Err 25 (9.8e-006)
569.897 .... 1125 packets received, 4052 bps, 50.65%, Err 25 (9.8e-006)
573.941 .... 1126 packets received, 4027 bps, 50.34%, Err 25 (9.8e-006)
578.173 .... 1127 packets received, 4001 bps, 50.01%, Err 25 (9.7e-006)
582.254 .... 1128 packets received, 3976 bps, 49.70%, Err 25 (9.7e-006)
586.324 .... 1129 packets received, 3952 bps, 49.40%, Err 25 (9.7e-006)
590.442 .... 1130 packets received, 3928 bps, 49.10%, Err 25 (9.7e-006)
594.555 .... 1131 packets received, 3904 bps, 48.80%, Err 25 (9.7e-006)
599.891 .... 1132 packets received, 3873 bps, 48.41%, Err 26 (1.0e-005)
602.119 .... 1139 packets received, 3882 bps, 48.53%, Err 26 (1.0e-005)
604.232 .... 1147 packets received, 3896 bps, 48.70%, Err 26 (9.9e-006)
606.346 .... 1151 packets received, 3896 bps, 48.70%, Err 27 (1.0e-005)
608.487 .... 1159 packets received, 3909 bps, 48.86%, Err 28 (1.1e-005)
610.569 .... 1163 packets received, 3909 bps, 48.86%, Err 28 (1.1e-005)
612.699 .... 1171 packets received, 3922 bps, 49.03%, Err 28 (1.0e-005)
614.814 .... 1179 packets received, 3936 bps, 49.19%, Err 28 (1.0e-005)
617.969 .... 1187 packets received, 3942 bps, 49.27%, Err 29 (1.1e-005)
620.097 .... 1195 packets received, 3955 bps, 49.44%, Err 29 (1.1e-005)
622.209 .... 1203 packets received, 3968 bps, 49.60%, Err 29 (1.1e-005)
624.307 .... 1211 packets received, 3981 bps, 49.76%, Err 29 (1.0e-005)
627.210 .... 1218 packets received, 3985 bps, 49.82%, Err 30 (1.1e-005)
629.326 .... 1226 packets received, 3998 bps, 49.97%, Err 30 (1.1e-005)
631.426 .... 1234 packets received, 4011 bps, 50.13%, Err 30 (1.1e-005)
633.557 .... 1242 packets received, 4023 bps, 50.29%, Err 30 (1.1e-005)
635.655 .... 1250 packets received, 4035 bps, 50.44%, Err 30 (1.0e-005)
637.782 .... 1258 packets received, 4048 bps, 50.60%, Err 30 (1.0e-005)
639.893 .... 1266 packets received, 4060 bps, 50.75%, Err 30 (1.0e-005)
642.007 .... 1274 packets received, 4072 bps, 50.90%, Err 30 (1.0e-005)
644.126 .... 1282 packets received, 4084 bps, 51.05%, Err 30 (1.0e-005)
646.225 .... 1286 packets received, 4084 bps, 51.05%, Err 31 (1.1e-005)
648.347 .... 1294 packets received, 4096 bps, 51.19%, Err 31 (1.0e-005)
650.456 .... 1302 packets received, 4108 bps, 51.34%, Err 32 (1.1e-005)
652.571 .... 1310 packets received, 4119 bps, 51.49%, Err 32 (1.1e-005)
654.685 .... 1318 packets received, 4131 bps, 51.64%, Err 32 (1.1e-005)
656.797 .... 1326 packets received, 4143 bps, 51.78%, Err 33 (1.1e-005)
658.910 .... 1330 packets received, 4142 bps, 51.77%, Err 33 (1.1e-005)
661.023 .... 1338 packets received, 4153 bps, 51.92%, Err 33 (1.1e-005)
663.129 .... 1346 packets received, 4165 bps, 52.06%, Err 33 (1.1e-005)
665.259 .... 1354 packets received, 4176 bps, 52.20%, Err 33 (1.1e-005)
667.359 .... 1362 packets received, 4188 bps, 52.35%, Err 33 (1.1e-005)
669.490 .... 1370 packets received, 4199 bps, 52.49%, Err 33 (1.1e-005)
671.589 .... 1374 packets received, 4198 bps, 52.47%, Err 34 (1.1e-005)
673.704 .... 1382 packets received, 4209 bps, 52.61%, Err 34 (1.1e-005)
675.797 .... 1390 packets received, 4220 bps, 52.75%, Err 34 (1.1e-005)
677.929 .... 1398 packets received, 4231 bps, 52.89%, Err 34 (1.1e-005)
680.046 .... 1406 packets received, 4242 bps, 53.03%, Err 34 (1.1e-005)
682.147 .... 1414 packets received, 4253 bps, 53.17%, Err 34 (1.0e-005)
684.264 .... 1422 packets received, 4264 bps, 53.30%, Err 34 (1.0e-005)
686.363 .... 1430 packets received, 4275 bps, 53.44%, Err 34 (1.0e-005)
688.493 .... 1438 packets received, 4285 bps, 53.57%, Err 34 (1.0e-005)
690.879 .... 1443 packets received, 4285 bps, 53.57%, Err 35 (1.1e-005)
692.995 .... 1451 packets received, 4296 bps, 53.70%, Err 35 (1.1e-005)
695.111 .... 1459 packets received, 4307 bps, 53.83%, Err 35 (1.0e-005)
697.211 .... 1467 packets received, 4317 bps, 53.96%, Err 35 (1.0e-005)
699.309 .... 1475 packets received, 4328 bps, 54.10%, Err 35 (1.0e-005)
704.445 .... 1480 packets received, 4311 bps, 53.88%, Err 35 (1.0e-005)
708.631 .... 1481 packets received, 4288 bps, 53.60%, Err 35 (1.0e-005)
712.672 .... 1482 packets received, 4266 bps, 53.33%, Err 35 (1.0e-005)
716.830 .... 1483 packets received, 4245 bps, 53.06%, Err 35 (1.0e-005)
720.857 .... 1484 packets received, 4224 bps, 52.80%, Err 35 (1.0e-005)
724.922 .... 1485 packets received, 4203 bps, 52.53%, Err 35 (1.0e-005)
729.039 .... 1486 packets received, 4182 bps, 52.27%, Err 35 (1.0e-005)
734.328 .... 1487 packets received, 4154 bps, 51.93%, Err 36 (1.1e-005)
737.424 .... 1488 packets received, 4140 bps, 51.75%, Err 36 (1.1e-005)
741.475 .... 1489 packets received, 4120 bps, 51.50%, Err 36 (1.1e-005)
745.612 .... 1490 packets received, 4100 bps, 51.25%, Err 36 (1.1e-005)
749.779 .... 1491 packets received, 4080 bps, 50.99%, Err 36 (1.1e-005)
753.868 .... 1492 packets received, 4060 bps, 50.75%, Err 36 (1.1e-005)
757.982 .... 1493 packets received, 4041 bps, 50.51%, Err 36 (1.1e-005)
762.084 .... 1494 packets received, 4022 bps, 50.27%, Err 36 (1.1e-005)
766.219 .... 1495 packets received, 4003 bps, 50.03%, Err 36 (1.1e-005)
770.386 .... 1496 packets received, 3984 bps, 49.79%, Err 36 (1.1e-005)
774.564 .... 1497 packets received, 3965 bps, 49.56%, Err 36 (1.1e-005)
778.684 .... 1498 packets received, 3946 bps, 49.33%, Err 36 (1.0e-005)
782.724 .... 1499 packets received, 3929 bps, 49.11%, Err 36 (1.0e-005)
786.800 .... 1500 packets received, 3911 bps, 48.88%, Err 36 (1.0e-005)
790.883 .... 1501 packets received, 3893 bps, 48.66%, Err 36 (1.0e-005)
794.964 .... 1502 packets received, 3876 bps, 48.45%, Err 36 (1.0e-005)
799.095 .... 1503 packets received, 3858 bps, 48.23%, Err 36 (1.0e-005)
801.321 .... 1507 packets received, 3858 bps, 48.22%, Err 36 (1.0e-005)
803.438 .... 1515 packets received, 3868 bps, 48.35%, Err 36 (1.0e-005)
805.550 .... 1523 packets received, 3878 bps, 48.48%, Err 36 (1.0e-005)
807.664 .... 1526 packets received, 3876 bps, 48.45%, Err 37 (1.1e-005)
809.793 .... 1534 packets received, 3886 bps, 48.57%, Err 37 (1.1e-005)
811.905 .... 1542 packets received, 3896 bps, 48.70%, Err 37 (1.0e-005)
814.010 .... 1550 packets received, 3906 bps, 48.82%, Err 37 (1.0e-005)
816.127 .... 1558 packets received, 3916 bps, 48.95%, Err 37 (1.0e-005)
818.245 .... 1566 packets received, 3926 bps, 49.07%, Err 37 (1.0e-005)
820.376 .... 1574 packets received, 3935 bps, 49.19%, Err 37 (1.0e-005)
822.459 .... 1582 packets received, 3945 bps, 49.32%, Err 37 (1.0e-005)
824.585 .... 1590 packets received, 3955 bps, 49.44%, Err 37 (1.0e-005)
826.698 .... 1598 packets received, 3965 bps, 49.56%, Err 37 (1.0e-005)
828.812 .... 1606 packets received, 3975 bps, 49.68%, Err 37 (1.0e-005)
830.928 .... 1614 packets received, 3984 bps, 49.80%, Err 37 (1.0e-005)
833.043 .... 1622 packets received, 3994 bps, 49.92%, Err 37 (1.0e-005)
835.159 .... 1630 packets received, 4003 bps, 50.04%, Err 37 (9.9e-006)
837.257 .... 1638 packets received, 4013 bps, 50.16%, Err 37 (9.9e-006)
839.386 .... 1646 packets received, 4022 bps, 50.28%, Err 37 (9.8e-006)
842.557 .... 1653 packets received, 4024 bps, 50.30%, Err 38 (1.0e-005)
844.673 .... 1661 packets received, 4033 bps, 50.42%, Err 38 (1.0e-005)
846.785 .... 1669 packets received, 4043 bps, 50.53%, Err 38 (1.0e-005)
848.900 .... 1677 packets received, 4052 bps, 50.65%, Err 38 (9.9e-006)
851.016 .... 1685 packets received, 4061 bps, 50.76%, Err 39 (1.0e-005)
853.128 .... 1688 packets received, 4058 bps, 50.73%, Err 39 (1.0e-005)
855.239 .... 1696 packets received, 4067 bps, 50.84%, Err 39 (1.0e-005)
857.333 .... 1704 packets received, 4077 bps, 50.96%, Err 39 (1.0e-005)
859.461 .... 1712 packets received, 4086 bps, 51.07%, Err 39 (1.0e-005)
861.574 .... 1720 packets received, 4095 bps, 51.18%, Err 40 (1.0e-005)
863.666 .... 1728 packets received, 4104 bps, 51.30%, Err 40 (1.0e-005)
865.799 .... 1736 packets received, 4112 bps, 51.41%, Err 41 (1.0e-005)
867.911 .... 1744 packets received, 4121 bps, 51.52%, Err 41 (1.0e-005)
871.352 .... 1752 packets received, 4124 bps, 51.55%, Err 42 (1.0e-005)
873.466 .... 1760 packets received, 4133 bps, 51.66%, Err 42 (1.0e-005)
876.633 .... 1767 packets received, 4134 bps, 51.68%, Err 43 (1.1e-005)
879.273 .... 1772 packets received, 4133 bps, 51.67%, Err 44 (1.1e-005)
881.387 .... 1780 packets received, 4142 bps, 51.78%, Err 44 (1.1e-005)
883.487 .... 1788 packets received, 4151 bps, 51.88%, Err 44 (1.1e-005)
885.606 .... 1796 packets received, 4159 bps, 51.99%, Err 44 (1.1e-005)
887.703 .... 1804 packets received, 4168 bps, 52.10%, Err 44 (1.1e-005)
889.834 .... 1812 packets received, 4176 bps, 52.21%, Err 44 (1.1e-005)
891.950 .... 1820 packets received, 4185 bps, 52.31%, Err 44 (1.1e-005)
894.042 .... 1828 packets received, 4193 bps, 52.42%, Err 44 (1.0e-005)
896.169 .... 1836 packets received, 4202 bps, 52.52%, Err 44 (1.0e-005)
898.280 .... 1844 packets received, 4210 bps, 52.63%, Err 44 (1.0e-005)
900.396 .... 1852 packets received, 4218 bps, 52.73%, Err 44 (1.0e-005)
904.351 .... 1853 packets received, 4202 bps, 52.53%, Err 44 (1.0e-005)
908.462 .... 1854 packets received, 4185 bps, 52.32%, Err 44 (1.0e-005)
912.584 .... 1855 packets received, 4169 bps, 52.11%, Err 44 (1.0e-005)
916.643 .... 1856 packets received, 4153 bps, 51.91%, Err 44 (1.0e-005)
920.812 .... 1857 packets received, 4136 bps, 51.70%, Err 44 (1.0e-005)
924.921 .... 1858 packets received, 4120 bps, 51.50%, Err 44 (1.0e-005)
929.011 .... 1859 packets received, 4104 bps, 51.30%, Err 44 (1.0e-005)
933.098 .... 1860 packets received, 4088 bps, 51.10%, Err 44 (1.0e-005)
937.146 .... 1861 packets received, 4073 bps, 50.91%, Err 44 (1.0e-005)
941.282 .... 1862 packets received, 4057 bps, 50.71%, Err 44 (1.0e-005)
945.392 .... 1863 packets received, 4041 bps, 50.52%, Err 44 (1.0e-005)
949.428 .... 1864 packets received, 4026 bps, 50.33%, Err 44 (1.0e-005)
953.563 .... 1865 packets received, 4011 bps, 50.14%, Err 44 (1.0e-005)
957.630 .... 1866 packets received, 3996 bps, 49.95%, Err 44 (1.0e-005)
961.645 .... 1867 packets received, 3981 bps, 49.77%, Err 44 (1.0e-005)
965.778 .... 1868 packets received, 3966 bps, 49.58%, Err 44 (1.0e-005)
969.895 .... 1869 packets received, 3952 bps, 49.40%, Err 44 (1.0e-005)
973.962 .... 1870 packets received, 3937 bps, 49.22%, Err 44 (1.0e-005)
978.100 .... 1871 packets received, 3923 bps, 49.03%, Err 44 (1.0e-005)
982.250 .... 1872 packets received, 3908 bps, 48.85%, Err 44 (1.0e-005)
986.362 .... 1873 packets received, 3894 bps, 48.67%, Err 44 (1.0e-005)
990.428 .... 1874 packets received, 3880 bps, 48.50%, Err 44 (1.0e-005)
994.547 .... 1875 packets received, 3866 bps, 48.33%, Err 44 (1.0e-005)
998.725 .... 1876 packets received, 3852 bps, 48.15%, Err 44 (1.0e-005)
1000.818 .... 1878 packets received, 3848 bps, 48.10%, Err 45 (1.0e-005)
1002.908 .... 1881 packets received, 3846 bps, 48.08%, Err 45 (1.0e-005)
1005.039 .... 1889 packets received, 3854 bps, 48.18%, Err 45 (1.0e-005)
1007.153 .... 1897 packets received, 3862 bps, 48.28%, Err 45 (1.0e-005)
1009.268 .... 1905 packets received, 3871 bps, 48.38%, Err 45 (1.0e-005)
1011.384 .... 1913 packets received, 3879 bps, 48.48%, Err 45 (1.0e-005)
1013.501 .... 1921 packets received, 3887 bps, 48.58%, Err 45 (1.0e-005)
1015.585 .... 1929 packets received, 3895 bps, 48.69%, Err 45 (1.0e-005)
1017.717 .... 1937 packets received, 3903 bps, 48.79%, Err 45 (1.0e-005)
1019.806 .... 1945 packets received, 3911 bps, 48.89%, Err 45 (1.0e-005)
1021.950 .... 1953 packets received, 3919 bps, 48.98%, Err 45 (1.0e-005)
1024.064 .... 1961 packets received, 3927 bps, 49.08%, Err 45 (1.0e-005)
1026.169 .... 1969 packets received, 3935 bps, 49.18%, Err 45 (1.0e-005)
1028.280 .... 1977 packets received, 3942 bps, 49.28%, Err 45 (9.9e-006)
1030.393 .... 1985 packets received, 3950 bps, 49.38%, Err 45 (9.9e-006)
1032.503 .... 1993 packets received, 3958 bps, 49.48%, Err 45 (9.9e-006)
1034.628 .... 2001 packets received, 3966 bps, 49.57%, Err 45 (9.8e-006)
1036.724 .... 2009 packets received, 3974 bps, 49.67%, Err 45 (9.8e-006)
1038.853 .... 2017 packets received, 3981 bps, 49.77%, Err 45 (9.7e-006)
1040.950 .... 2025 packets received, 3989 bps, 49.86%, Err 45 (9.7e-006)
1043.085 .... 2033 packets received, 3997 bps, 49.96%, Err 45 (9.7e-006)
1045.191 .... 2041 packets received, 4004 bps, 50.05%, Err 45 (9.6e-006)
1047.292 .... 2049 packets received, 4012 bps, 50.15%, Err 45 (9.6e-006)
1049.393 .... 2057 packets received, 4019 bps, 50.24%, Err 45 (9.6e-006)
1051.548 .... 2065 packets received, 4027 bps, 50.33%, Err 46 (9.8e-006)
1053.644 .... 2073 packets received, 4034 bps, 50.43%, Err 46 (9.7e-006)
1055.745 .... 2081 packets received, 4042 bps, 50.52%, Err 46 (9.7e-006)
1057.866 .... 2089 packets received, 4049 bps, 50.61%, Err 46 (9.6e-006)
1059.977 .... 2097 packets received, 4057 bps, 50.71%, Err 46 (9.6e-006)
1062.095 .... 2105 packets received, 4064 bps, 50.80%, Err 46 (9.6e-006)
1064.995 .... 2112 packets received, 4066 bps, 50.83%, Err 47 (9.7e-006)
1067.114 .... 2120 packets received, 4074 bps, 50.92%, Err 47 (9.7e-006)
1069.214 .... 2128 packets received, 4081 bps, 51.01%, Err 48 (9.9e-006)
1071.333 .... 2132 packets received, 4080 bps, 51.01%, Err 49 (1.0e-005)
1073.435 .... 2135 packets received, 4078 bps, 50.98%, Err 50 (1.0e-005)
1075.573 .... 2143 packets received, 4085 bps, 51.07%, Err 50 (1.0e-005)
1077.655 .... 2151 packets received, 4093 bps, 51.16%, Err 50 (1.0e-005)
1079.784 .... 2159 packets received, 4100 bps, 51.25%, Err 50 (1.0e-005)
1081.895 .... 2167 packets received, 4107 bps, 51.34%, Err 50 (1.0e-005)
1083.997 .... 2175 packets received, 4114 bps, 51.43%, Err 50 (1.0e-005)
1087.432 .... 2183 packets received, 4116 bps, 51.45%, Err 51 (1.0e-005)
1089.562 .... 2191 packets received, 4123 bps, 51.54%, Err 51 (1.0e-005)
1091.679 .... 2199 packets received, 4130 bps, 51.63%, Err 51 (1.0e-005)
1093.784 .... 2207 packets received, 4137 bps, 51.72%, Err 51 (1.0e-005)
1095.899 .... 2215 packets received, 4144 bps, 51.80%, Err 51 (1.0e-005)
1097.996 .... 2223 packets received, 4151 bps, 51.89%, Err 51 (1.0e-005)
1100.109 .... 2231 packets received, 4158 bps, 51.98%, Err 51 (1.0e-005)
1104.453 .... 2233 packets received, 4145 bps, 51.82%, Err 51 (1.0e-005)
1108.613 .... 2234 packets received, 4132 bps, 51.65%, Err 51 (1.0e-005)
1112.702 .... 2235 packets received, 4118 bps, 51.48%, Err 51 (1.0e-005)
1116.864 .... 2236 packets received, 4105 bps, 51.31%, Err 51 (1.0e-005)
1121.030 .... 2237 packets received, 4091 bps, 51.14%, Err 51 (1.0e-005)
1125.096 .... 2238 packets received, 4078 bps, 50.98%, Err 51 (1.0e-005)
1129.129 .... 2239 packets received, 4066 bps, 50.82%, Err 51 (1.0e-005)
1133.273 .... 2240 packets received, 4053 bps, 50.66%, Err 51 (9.9e-006)
1137.359 .... 2241 packets received, 4040 bps, 50.50%, Err 51 (9.9e-006)
1141.440 .... 2242 packets received, 4027 bps, 50.34%, Err 51 (9.9e-006)
1145.558 .... 2243 packets received, 4014 bps, 50.18%, Err 51 (9.9e-006)
1149.704 .... 2244 packets received, 4002 bps, 50.02%, Err 51 (9.9e-006)
1153.883 .... 2245 packets received, 3989 bps, 49.86%, Err 51 (9.9e-006)
1157.997 .... 2246 packets received, 3977 bps, 49.71%, Err 51 (9.9e-006)
1162.164 .... 2247 packets received, 3964 bps, 49.55%, Err 51 (9.9e-006)
1166.201 .... 2248 packets received, 3952 bps, 49.40%, Err 51 (9.9e-006)
1170.279 .... 2249 packets received, 3940 bps, 49.25%, Err 51 (9.9e-006)
1174.433 .... 2250 packets received, 3928 bps, 49.10%, Err 51 (9.9e-006)
1178.521 .... 2251 packets received, 3916 bps, 48.95%, Err 51 (9.9e-006)
1182.651 .... 2252 packets received, 3904 bps, 48.80%, Err 51 (9.9e-006)
1186.699 .... 2253 packets received, 3892 bps, 48.66%, Err 51 (9.9e-006)
1190.832 .... 2254 packets received, 3881 bps, 48.51%, Err 51 (9.9e-006)
1195.883 .... 2255 packets received, 3866 bps, 48.32%, Err 52 (1.0e-005)
1199.082 .... 2256 packets received, 3857 bps, 48.22%, Err 52 (1.0e-005)
1201.327 .... 2260 packets received, 3857 bps, 48.21%, Err 52 (1.0e-005)
1203.434 .... 2268 packets received, 3864 bps, 48.30%, Err 52 (1.0e-005)
1205.546 .... 2276 packets received, 3871 bps, 48.38%, Err 52 (1.0e-005)
1207.674 .... 2284 packets received, 3877 bps, 48.47%, Err 52 (9.9e-006)
1209.791 .... 2292 packets received, 3884 bps, 48.55%, Err 52 (9.9e-006)
1211.904 .... 2300 packets received, 3891 bps, 48.64%, Err 52 (9.9e-006)
1214.028 .... 2308 packets received, 3898 bps, 48.72%, Err 52 (9.8e-006)
1216.117 .... 2316 packets received, 3904 bps, 48.80%, Err 52 (9.8e-006)
1218.244 .... 2324 packets received, 3911 bps, 48.89%, Err 52 (9.8e-006)
1220.359 .... 2332 packets received, 3918 bps, 48.97%, Err 52 (9.8e-006)
1222.457 .... 2340 packets received, 3924 bps, 49.05%, Err 52 (9.7e-006)
1224.578 .... 2348 packets received, 3931 bps, 49.14%, Err 52 (9.7e-006)
1226.690 .... 2356 packets received, 3938 bps, 49.22%, Err 52 (9.7e-006)
1229.346 .... 2362 packets received, 3939 bps, 49.24%, Err 53 (9.8e-006)
1231.465 .... 2370 packets received, 3946 bps, 49.32%, Err 53 (9.8e-006)
1233.563 .... 2378 packets received, 3952 bps, 49.40%, Err 53 (9.7e-006)
1235.677 .... 2386 packets received, 3959 bps, 49.48%, Err 53 (9.7e-006)
1237.789 .... 2394 packets received, 3965 bps, 49.56%, Err 54 (9.9e-006)
1239.905 .... 2402 packets received, 3972 bps, 49.64%, Err 54 (9.8e-006)
1242.017 .... 2410 packets received, 3978 bps, 49.73%, Err 54 (9.8e-006)
1244.130 .... 2418 packets received, 3984 bps, 49.81%, Err 54 (9.8e-006)
1246.244 .... 2426 packets received, 3991 bps, 49.89%, Err 54 (9.7e-006)
1248.357 .... 2434 packets received, 3997 bps, 49.97%, Err 54 (9.7e-006)
1250.473 .... 2442 packets received, 4004 bps, 50.04%, Err 54 (9.7e-006)
1252.584 .... 2450 packets received, 4010 bps, 50.12%, Err 54 (9.7e-006)
1254.708 .... 2458 packets received, 4016 bps, 50.20%, Err 54 (9.6e-006)
1256.808 .... 2466 packets received, 4023 bps, 50.28%, Err 54 (9.6e-006)
1258.926 .... 2474 packets received, 4029 bps, 50.36%, Err 54 (9.6e-006)
1261.042 .... 2482 packets received, 4035 bps, 50.44%, Err 54 (9.5e-006)
1263.155 .... 2490 packets received, 4041 bps, 50.52%, Err 54 (9.5e-006)
1265.250 .... 2498 packets received, 4047 bps, 50.59%, Err 54 (9.5e-006)
1267.376 .... 2506 packets received, 4054 bps, 50.67%, Err 54 (9.5e-006)
1269.504 .... 2514 packets received, 4060 bps, 50.75%, Err 54 (9.4e-006)
1271.603 .... 2522 packets received, 4066 bps, 50.82%, Err 54 (9.4e-006)
1273.700 .... 2530 packets received, 4072 bps, 50.90%, Err 54 (9.4e-006)
1275.819 .... 2538 packets received, 4078 bps, 50.98%, Err 54 (9.3e-006)
1277.933 .... 2546 packets received, 4084 bps, 51.05%, Err 54 (9.3e-006)
1280.068 .... 2554 packets received, 4090 bps, 51.13%, Err 54 (9.3e-006)
1282.181 .... 2562 packets received, 4096 bps, 51.20%, Err 55 (9.4e-006)
1284.282 .... 2565 packets received, 4094 bps, 51.18%, Err 55 (9.4e-006)
1287.457 .... 2570 packets received, 4092 bps, 51.15%, Err 55 (9.4e-006)
1289.586 .... 2578 packets received, 4098 bps, 51.23%, Err 55 (9.3e-006)
1291.957 .... 2582 packets received, 4097 bps, 51.21%, Err 56 (9.5e-006)
1295.377 .... 2590 packets received, 4099 bps, 51.24%, Err 57 (9.6e-006)
1297.496 .... 2598 packets received, 4105 bps, 51.31%, Err 57 (9.6e-006)
1300.666 .... 2606 packets received, 4107 bps, 51.34%, Err 58 (9.7e-006)
1304.449 .... 2610 packets received, 4102 bps, 51.27%, Err 58 (9.7e-006)
1308.571 .... 2611 packets received, 4090 bps, 51.13%, Err 58 (9.7e-006)
1312.675 .... 2612 packets received, 4079 bps, 50.99%, Err 58 (9.7e-006)
1316.836 .... 2613 packets received, 4068 bps, 50.85%, Err 58 (9.7e-006)
1320.988 .... 2614 packets received, 4057 bps, 50.71%, Err 58 (9.7e-006)
1325.054 .... 2615 packets received, 4046 bps, 50.57%, Err 58 (9.7e-006)
1329.123 .... 2616 packets received, 4035 bps, 50.43%, Err 58 (9.7e-006)
1333.254 .... 2617 packets received, 4024 bps, 50.30%, Err 58 (9.7e-006)
1337.289 .... 2618 packets received, 4013 bps, 50.16%, Err 58 (9.7e-006)
1341.429 .... 2619 packets received, 4002 bps, 50.03%, Err 58 (9.7e-006)
1345.479 .... 2620 packets received, 3992 bps, 49.90%, Err 58 (9.7e-006)
1349.650 .... 2621 packets received, 3981 bps, 49.76%, Err 58 (9.7e-006)
1353.784 .... 2622 packets received, 3970 bps, 49.63%, Err 58 (9.6e-006)
1357.860 .... 2623 packets received, 3960 bps, 49.50%, Err 58 (9.6e-006)
1361.978 .... 2624 packets received, 3949 bps, 49.37%, Err 58 (9.6e-006)
1366.084 .... 2625 packets received, 3939 bps, 49.24%, Err 58 (9.6e-006)
1370.323 .... 2626 packets received, 3928 bps, 49.10%, Err 58 (9.6e-006)
1374.358 .... 2627 packets received, 3918 bps, 48.98%, Err 58 (9.6e-006)
1378.369 .... 2628 packets received, 3908 bps, 48.85%, Err 58 (9.6e-006)
1382.453 .... 2629 packets received, 3898 bps, 48.73%, Err 58 (9.6e-006)
1386.566 .... 2630 packets received, 3888 bps, 48.60%, Err 58 (9.6e-006)
1390.588 .... 2631 packets received, 3878 bps, 48.48%, Err 58 (9.6e-006)
1394.630 .... 2632 packets received, 3869 bps, 48.36%, Err 58 (9.6e-006)
1398.716 .... 2633 packets received, 3859 bps, 48.23%, Err 58 (9.6e-006)
1400.800 .... 2635 packets received, 3856 bps, 48.20%, Err 58 (9.6e-006)
1402.916 .... 2643 packets received, 3862 bps, 48.27%, Err 58 (9.6e-006)
1405.032 .... 2651 packets received, 3868 bps, 48.35%, Err 59 (9.7e-006)
1407.154 .... 2654 packets received, 3866 bps, 48.33%, Err 61 (1.0e-005)
1410.057 .... 2660 packets received, 3867 bps, 48.34%, Err 62 (1.0e-005)
1412.169 .... 2668 packets received, 3873 bps, 48.41%, Err 62 (1.0e-005)
1414.267 .... 2676 packets received, 3879 bps, 48.48%, Err 62 (1.0e-005)
1416.383 .... 2679 packets received, 3877 bps, 48.46%, Err 64 (1.0e-005)
1418.502 .... 2687 packets received, 3883 bps, 48.54%, Err 64 (1.0e-005)
1420.600 .... 2695 packets received, 3889 bps, 48.61%, Err 64 (1.0e-005)
1422.732 .... 2703 packets received, 3894 bps, 48.68%, Err 64 (1.0e-005)
1424.832 .... 2711 packets received, 3900 bps, 48.75%, Err 65 (1.0e-005)
1426.938 .... 2714 packets received, 3899 bps, 48.73%, Err 65 (1.0e-005)
1429.066 .... 2722 packets received, 3904 bps, 48.81%, Err 65 (1.0e-005)
1431.178 .... 2730 packets received, 3910 bps, 48.88%, Err 65 (1.0e-005)
1433.290 .... 2738 packets received, 3916 bps, 48.95%, Err 65 (1.0e-005)
1435.405 .... 2746 packets received, 3921 bps, 49.02%, Err 65 (1.0e-005)
1438.308 .... 2752 packets received, 3922 bps, 49.03%, Err 66 (1.0e-005)
1440.406 .... 2760 packets received, 3928 bps, 49.10%, Err 66 (1.0e-005)
1442.515 .... 2768 packets received, 3933 bps, 49.17%, Err 66 (1.0e-005)
1444.644 .... 2776 packets received, 3939 bps, 49.24%, Err 66 (1.0e-005)
1446.757 .... 2784 packets received, 3944 bps, 49.31%, Err 66 (1.0e-005)
1448.872 .... 2787 packets received, 3943 bps, 49.29%, Err 67 (1.0e-005)
1450.988 .... 2795 packets received, 3948 bps, 49.36%, Err 67 (1.0e-005)
1453.086 .... 2803 packets received, 3954 bps, 49.43%, Err 67 (1.0e-005)
1455.207 .... 2811 packets received, 3960 bps, 49.49%, Err 67 (1.0e-005)
1457.335 .... 2819 packets received, 3965 bps, 49.56%, Err 67 (1.0e-005)
1459.450 .... 2827 packets received, 3971 bps, 49.63%, Err 67 (1.0e-005)
1461.552 .... 2835 packets received, 3976 bps, 49.70%, Err 67 (1.0e-005)
1464.463 .... 2841 packets received, 3977 bps, 49.71%, Err 68 (1.0e-005)
1466.578 .... 2849 packets received, 3982 bps, 49.77%, Err 69 (1.0e-005)
1468.714 .... 2857 packets received, 3987 bps, 49.84%, Err 69 (1.0e-005)
1472.124 .... 2865 packets received, 3989 bps, 49.87%, Err 70 (1.1e-005)
1474.224 .... 2873 packets received, 3995 bps, 49.93%, Err 70 (1.1e-005)
1476.326 .... 2881 packets received, 4000 bps, 50.00%, Err 70 (1.1e-005)
1478.440 .... 2889 packets received, 4005 bps, 50.07%, Err 70 (1.1e-005)
1480.559 .... 2897 packets received, 4011 bps, 50.13%, Err 70 (1.0e-005)
1483.739 .... 2904 packets received, 4012 bps, 50.15%, Err 71 (1.1e-005)
1486.906 .... 2911 packets received, 4013 bps, 50.16%, Err 72 (1.1e-005)
1489.021 .... 2919 packets received, 4018 bps, 50.23%, Err 72 (1.1e-005)
1491.120 .... 2927 packets received, 4024 bps, 50.29%, Err 72 (1.1e-005)
1493.234 .... 2935 packets received, 4029 bps, 50.36%, Err 72 (1.1e-005)
1495.364 .... 2943 packets received, 4034 bps, 50.43%, Err 72 (1.1e-005)
1497.479 .... 2951 packets received, 4039 bps, 50.49%, Err 73 (1.1e-005)
1500.769 .... 2952 packets received, 4032 bps, 50.40%, Err 74 (1.1e-005)
1504.397 .... 2958 packets received, 4030 bps, 50.38%, Err 74 (1.1e-005)
1508.520 .... 2959 packets received, 4021 bps, 50.26%, Err 74 (1.1e-005)
1512.653 .... 2960 packets received, 4011 bps, 50.14%, Err 74 (1.1e-005)
1516.712 .... 2961 packets received, 4002 bps, 50.02%, Err 74 (1.1e-005)
1520.852 .... 2962 packets received, 3992 bps, 49.90%, Err 74 (1.1e-005)
1524.905 .... 2963 packets received, 3983 bps, 49.78%, Err 74 (1.1e-005)
1528.987 .... 2964 packets received, 3973 bps, 49.67%, Err 74 (1.1e-005)
1533.084 .... 2965 packets received, 3964 bps, 49.55%, Err 74 (1.1e-005)
1537.128 .... 2966 packets received, 3955 bps, 49.44%, Err 74 (1.1e-005)
1541.275 .... 2967 packets received, 3946 bps, 49.32%, Err 74 (1.1e-005)
1545.332 .... 2968 packets received, 3937 bps, 49.21%, Err 74 (1.1e-005)
1549.479 .... 2969 packets received, 3927 bps, 49.09%, Err 74 (1.1e-005)
1553.529 .... 2970 packets received, 3919 bps, 48.98%, Err 74 (1.1e-005)
1557.576 .... 2971 packets received, 3910 bps, 48.87%, Err 74 (1.1e-005)
1561.618 .... 2972 packets received, 3901 bps, 48.76%, Err 74 (1.1e-005)
1565.664 .... 2973 packets received, 3892 bps, 48.65%, Err 74 (1.1e-005)
1569.732 .... 2974 packets received, 3883 bps, 48.54%, Err 74 (1.1e-005)
1573.886 .... 2975 packets received, 3874 bps, 48.43%, Err 74 (1.1e-005)
1577.971 .... 2976 packets received, 3866 bps, 48.32%, Err 74 (1.1e-005)
1582.000 .... 2977 packets received, 3857 bps, 48.21%, Err 74 (1.1e-005)
1586.994 .... 2978 packets received, 3846 bps, 48.08%, Err 75 (1.1e-005)
1590.186 .... 2979 packets received, 3840 bps, 48.00%, Err 75 (1.1e-005)
1594.237 .... 2980 packets received, 3831 bps, 47.89%, Err 75 (1.1e-005)
1598.351 .... 2981 packets received, 3823 bps, 47.78%, Err 75 (1.1e-005)
1600.531 .... 2982 packets received, 3819 bps, 47.73%, Err 75 (1.1e-005)
1602.656 .... 2990 packets received, 3824 bps, 47.80%, Err 75 (1.1e-005)
1604.765 .... 2998 packets received, 3829 bps, 47.86%, Err 75 (1.1e-005)
1606.894 .... 3006 packets received, 3834 bps, 47.93%, Err 75 (1.1e-005)
1609.009 .... 3014 packets received, 3839 bps, 47.99%, Err 75 (1.1e-005)
1611.124 .... 3022 packets received, 3845 bps, 48.06%, Err 75 (1.1e-005)
1613.225 .... 3030 packets received, 3850 bps, 48.12%, Err 75 (1.1e-005)
1615.324 .... 3038 packets received, 3855 bps, 48.19%, Err 75 (1.1e-005)
1617.718 .... 3043 packets received, 3855 bps, 48.19%, Err 76 (1.1e-005)
1619.820 .... 3051 packets received, 3861 bps, 48.26%, Err 76 (1.1e-005)
1621.934 .... 3059 packets received, 3866 bps, 48.32%, Err 76 (1.1e-005)
1624.321 .... 3064 packets received, 3866 bps, 48.33%, Err 77 (1.1e-005)
1626.437 .... 3072 packets received, 3871 bps, 48.39%, Err 78 (1.1e-005)
1628.552 .... 3076 packets received, 3871 bps, 48.39%, Err 78 (1.1e-005)
1630.663 .... 3084 packets received, 3876 bps, 48.45%, Err 78 (1.1e-005)
1632.776 .... 3092 packets received, 3881 bps, 48.52%, Err 78 (1.1e-005)
1634.899 .... 3100 packets received, 3886 bps, 48.58%, Err 78 (1.1e-005)
1636.997 .... 3108 packets received, 3891 bps, 48.64%, Err 78 (1.1e-005)
1639.112 .... 3116 packets received, 3896 bps, 48.70%, Err 78 (1.1e-005)
1641.256 .... 3120 packets received, 3896 bps, 48.70%, Err 79 (1.1e-005)
1643.354 .... 3124 packets received, 3896 bps, 48.70%, Err 80 (1.1e-005)
1645.467 .... 3132 packets received, 3901 bps, 48.77%, Err 80 (1.1e-005)
1647.579 .... 3140 packets received, 3906 bps, 48.83%, Err 80 (1.1e-005)
1650.231 .... 3146 packets received, 3907 bps, 48.84%, Err 82 (1.1e-005)
1652.328 .... 3154 packets received, 3912 bps, 48.90%, Err 82 (1.1e-005)
1654.429 .... 3158 packets received, 3912 bps, 48.90%, Err 83 (1.1e-005)
1656.555 .... 3166 packets received, 3917 bps, 48.96%, Err 83 (1.1e-005)
1658.669 .... 3174 packets received, 3922 bps, 49.03%, Err 83 (1.1e-005)
1660.780 .... 3182 packets received, 3927 bps, 49.09%, Err 83 (1.1e-005)
1662.892 .... 3190 packets received, 3932 bps, 49.15%, Err 83 (1.1e-005)
1665.010 .... 3198 packets received, 3937 bps, 49.21%, Err 83 (1.1e-005)
1667.135 .... 3206 packets received, 3941 bps, 49.27%, Err 83 (1.1e-005)
1669.233 .... 3214 packets received, 3946 bps, 49.33%, Err 83 (1.1e-005)
1671.877 .... 3220 packets received, 3947 bps, 49.34%, Err 84 (1.1e-005)
1673.992 .... 3228 packets received, 3952 bps, 49.40%, Err 84 (1.1e-005)
1676.107 .... 3236 packets received, 3957 bps, 49.46%, Err 84 (1.1e-005)
1678.208 .... 3244 packets received, 3962 bps, 49.52%, Err 84 (1.1e-005)
1680.337 .... 3252 packets received, 3967 bps, 49.58%, Err 84 (1.1e-005)
1682.429 .... 3260 packets received, 3971 bps, 49.64%, Err 84 (1.1e-005)
1684.558 .... 3268 packets received, 3976 bps, 49.70%, Err 84 (1.1e-005)
1686.673 .... 3276 packets received, 3981 bps, 49.76%, Err 84 (1.1e-005)
1688.783 .... 3284 packets received, 3986 bps, 49.82%, Err 84 (1.1e-005)
1690.880 .... 3292 packets received, 3990 bps, 49.88%, Err 84 (1.1e-005)
1693.010 .... 3300 packets received, 3995 bps, 49.94%, Err 84 (1.1e-005)
1695.105 .... 3308 packets received, 4000 bps, 50.00%, Err 84 (1.1e-005)
1697.235 .... 3316 packets received, 4004 bps, 50.05%, Err 84 (1.1e-005)
1699.353 .... 3324 packets received, 4009 bps, 50.11%, Err 84 (1.1e-005)
1704.394 .... 3329 packets received, 4003 bps, 50.04%, Err 84 (1.1e-005)
1708.479 .... 3330 packets received, 3995 bps, 49.93%, Err 84 (1.1e-005)
1712.538 .... 3331 packets received, 3986 bps, 49.83%, Err 84 (1.1e-005)
1716.668 .... 3332 packets received, 3978 bps, 49.73%, Err 84 (1.1e-005)
1720.689 .... 3333 packets received, 3970 bps, 49.62%, Err 84 (1.1e-005)
1724.818 .... 3334 packets received, 3962 bps, 49.52%, Err 84 (1.1e-005)
1728.950 .... 3335 packets received, 3953 bps, 49.42%, Err 84 (1.1e-005)
1733.003 .... 3336 packets received, 3945 bps, 49.32%, Err 84 (1.1e-005)
1737.067 .... 3337 packets received, 3937 bps, 49.22%, Err 84 (1.1e-005)
1741.132 .... 3338 packets received, 3929 bps, 49.11%, Err 84 (1.1e-005)
1745.298 .... 3339 packets received, 3921 bps, 49.01%, Err 84 (1.1e-005)
1749.392 .... 3340 packets received, 3913 bps, 48.91%, Err 84 (1.1e-005)
1753.473 .... 3341 packets received, 3905 bps, 48.81%, Err 84 (1.1e-005)
1757.504 .... 3342 packets received, 3897 bps, 48.72%, Err 84 (1.1e-005)
1761.667 .... 3343 packets received, 3889 bps, 48.61%, Err 84 (1.1e-005)
1765.799 .... 3344 packets received, 3881 bps, 48.52%, Err 84 (1.1e-005)
1769.930 .... 3345 packets received, 3873 bps, 48.42%, Err 84 (1.1e-005)
1773.986 .... 3346 packets received, 3866 bps, 48.32%, Err 84 (1.1e-005)
1778.131 .... 3347 packets received, 3858 bps, 48.22%, Err 84 (1.1e-005)
1782.230 .... 3348 packets received, 3850 bps, 48.13%, Err 84 (1.1e-005)
1786.312 .... 3349 packets received, 3842 bps, 48.03%, Err 84 (1.1e-005)
1790.363 .... 3350 packets received, 3835 bps, 47.94%, Err 84 (1.1e-005)
1794.531 .... 3351 packets received, 3827 bps, 47.84%, Err 84 (1.1e-005)
1798.649 .... 3352 packets received, 3819 bps, 47.74%, Err 84 (1.1e-005)
1800.791 .... 3354 packets received, 3817 bps, 47.71%, Err 84 (1.1e-005)
1802.922 .... 3362 packets received, 3822 bps, 47.77%, Err 84 (1.1e-005)
1805.031 .... 3370 packets received, 3826 bps, 47.83%, Err 84 (1.1e-005)
1807.129 .... 3378 packets received, 3831 bps, 47.89%, Err 84 (1.1e-005)
1809.243 .... 3386 packets received, 3836 bps, 47.94%, Err 84 (1.1e-005)
1811.371 .... 3394 packets received, 3840 bps, 48.00%, Err 84 (1.1e-005)
1813.488 .... 3402 packets received, 3845 bps, 48.06%, Err 84 (1.1e-005)
1815.585 .... 3410 packets received, 3849 bps, 48.12%, Err 84 (1.1e-005)
1817.711 .... 3418 packets received, 3854 bps, 48.17%, Err 84 (1.1e-005)
1819.810 .... 3426 packets received, 3858 bps, 48.23%, Err 84 (1.1e-005)
1821.928 .... 3430 packets received, 3858 bps, 48.23%, Err 85 (1.1e-005)
1824.049 .... 3438 packets received, 3863 bps, 48.29%, Err 85 (1.1e-005)
1826.010 ** WARNING: System too busy, sleep 15 ms, but be awakened 119 ms later
1826.260 .... 3446 packets received, 3867 bps, 48.34%, Err 85 (1.1e-005)
1828.073 ** WARNING: System too busy, sleep 15 ms, but be awakened 72 ms later
1828.288 .... 3454 packets received, 3872 bps, 48.40%, Err 85 (1.1e-005)
1830.392 .... 3462 packets received, 3876 bps, 48.45%, Err 85 (1.1e-005)
1832.474 .... 3470 packets received, 3881 bps, 48.51%, Err 86 (1.1e-005)
1834.599 .... 3473 packets received, 3880 bps, 48.50%, Err 86 (1.1e-005)
1836.741 .... 3481 packets received, 3884 bps, 48.55%, Err 86 (1.1e-005)
1838.803 .... 3489 packets received, 3889 bps, 48.61%, Err 86 (1.1e-005)
1840.973 .... 3497 packets received, 3893 bps, 48.66%, Err 86 (1.1e-005)
1842.710 ** WARNING: System too busy, sleep 15 ms, but be awakened 74 ms later
1843.342 .... 3499 packets received, 3890 bps, 48.63%, Err 86 (1.1e-005)
1846.321 .... 3506 packets received, 3892 bps, 48.65%, Err 87 (1.1e-005)
1848.346 .... 3510 packets received, 3892 bps, 48.65%, Err 88 (1.1e-005)
1850.431 .... 3518 packets received, 3896 bps, 48.70%, Err 88 (1.1e-005)
1852.559 .... 3526 packets received, 3901 bps, 48.76%, Err 88 (1.1e-005)
1854.674 .... 3534 packets received, 3905 bps, 48.81%, Err 88 (1.1e-005)
1856.777 .... 3542 packets received, 3909 bps, 48.87%, Err 88 (1.1e-005)
1858.882 .... 3550 packets received, 3914 bps, 48.92%, Err 88 (1.1e-005)
1861.022 .... 3558 packets received, 3918 bps, 48.98%, Err 88 (1.1e-005)
1863.113 .... 3566 packets received, 3923 bps, 49.03%, Err 88 (1.1e-005)
1865.234 .... 3574 packets received, 3927 bps, 49.09%, Err 88 (1.1e-005)
1867.409 .... 3582 packets received, 3931 bps, 49.14%, Err 88 (1.1e-005)
1869.452 .... 3590 packets received, 3936 bps, 49.19%, Err 88 (1.1e-005)
1871.563 .... 3598 packets received, 3940 bps, 49.25%, Err 88 (1.1e-005)
1873.694 .... 3606 packets received, 3944 bps, 49.30%, Err 88 (1.1e-005)
1875.779 .... 3614 packets received, 3949 bps, 49.36%, Err 88 (1.1e-005)
1877.889 .... 3622 packets received, 3953 bps, 49.41%, Err 88 (1.0e-005)
1880.036 .... 3630 packets received, 3957 bps, 49.46%, Err 88 (1.0e-005)
1882.139 .... 3634 packets received, 3957 bps, 49.46%, Err 90 (1.1e-005)
1884.244 .... 3638 packets received, 3957 bps, 49.46%, Err 90 (1.1e-005)
1886.371 .... 3646 packets received, 3961 bps, 49.51%, Err 90 (1.1e-005)
1888.484 .... 3650 packets received, 3961 bps, 49.51%, Err 91 (1.1e-005)
1890.599 .... 3658 packets received, 3965 bps, 49.57%, Err 91 (1.1e-005)
1891.853 ** WARNING: System too busy, sleep 15 ms, but be awakened 72 ms later
1892.602 .... 3665 packets received, 3969 bps, 49.61%, Err 91 (1.1e-005)
1894.820 .... 3674 packets received, 3974 bps, 49.67%, Err 91 (1.1e-005)
1896.931 .... 3682 packets received, 3978 bps, 49.72%, Err 91 (1.1e-005)
1899.042 .... 3690 packets received, 3982 bps, 49.78%, Err 91 (1.1e-005)
1904.388 .... 3696 packets received, 3977 bps, 49.72%, Err 91 (1.1e-005)
1908.492 .... 3697 packets received, 3970 bps, 49.62%, Err 91 (1.1e-005)
1912.602 .... 3698 packets received, 3962 bps, 49.53%, Err 91 (1.1e-005)
1916.807 .... 3699 packets received, 3955 bps, 49.44%, Err 91 (1.1e-005)
1920.903 .... 3700 packets received, 3947 bps, 49.34%, Err 91 (1.1e-005)
1925.051 .... 3701 packets received, 3940 bps, 49.25%, Err 91 (1.1e-005)
1929.150 .... 3702 packets received, 3933 bps, 49.16%, Err 91 (1.1e-005)
1933.259 .... 3703 packets received, 3925 bps, 49.07%, Err 91 (1.1e-005)
1937.426 .... 3704 packets received, 3918 bps, 48.97%, Err 91 (1.1e-005)
1941.507 .... 3705 packets received, 3911 bps, 48.88%, Err 91 (1.1e-005)
1945.533 .... 3706 packets received, 3904 bps, 48.80%, Err 91 (1.1e-005)
1949.719 .... 3707 packets received, 3896 bps, 48.71%, Err 91 (1.1e-005)
1953.797 .... 3708 packets received, 3889 bps, 48.62%, Err 91 (1.1e-005)
1957.864 .... 3709 packets received, 3882 bps, 48.53%, Err 91 (1.1e-005)
1961.067 ** WARNING: System too busy, sleep 15 ms, but be awakened 96 ms later
1962.008 .... 3710 packets received, 3875 bps, 48.44%, Err 91 (1.1e-005)
1966.014 .... 3711 packets received, 3868 bps, 48.35%, Err 91 (1.1e-005)
1970.962 .... 3712 packets received, 3860 bps, 48.24%, Err 92 (1.1e-005)
1974.207 .... 3713 packets received, 3854 bps, 48.18%, Err 92 (1.1e-005)
1978.285 .... 3714 packets received, 3847 bps, 48.09%, Err 92 (1.1e-005)
1982.387 .... 3715 packets received, 3840 bps, 48.01%, Err 92 (1.1e-005)
1986.607 .... 3716 packets received, 3833 bps, 47.92%, Err 92 (1.1e-005)
1990.691 .... 3717 packets received, 3826 bps, 47.83%, Err 92 (1.1e-005)
1994.819 .... 3718 packets received, 3820 bps, 47.74%, Err 92 (1.1e-005)
1998.899 .... 3719 packets received, 3813 bps, 47.66%, Err 92 (1.1e-005)
2001.072 .... 3722 packets received, 3812 bps, 47.65%, Err 92 (1.1e-005)
2003.184 .... 3730 packets received, 3816 bps, 47.70%, Err 92 (1.1e-005)
2005.306 .... 3738 packets received, 3820 bps, 47.75%, Err 92 (1.1e-005)
2007.394 .... 3746 packets received, 3824 bps, 47.80%, Err 92 (1.1e-005)
2009.524 .... 3754 packets received, 3828 bps, 47.85%, Err 92 (1.1e-005)
2011.633 .... 3762 packets received, 3832 bps, 47.91%, Err 92 (1.1e-005)
2013.767 .... 3770 packets received, 3837 bps, 47.96%, Err 92 (1.1e-005)
2016.139 .... 3774 packets received, 3836 bps, 47.95%, Err 94 (1.1e-005)
2018.251 .... 3782 packets received, 3840 bps, 48.00%, Err 94 (1.1e-005)
2020.353 .... 3790 packets received, 3844 bps, 48.05%, Err 94 (1.1e-005)
2022.483 .... 3793 packets received, 3843 bps, 48.04%, Err 95 (1.1e-005)
2024.595 .... 3801 packets received, 3847 bps, 48.09%, Err 95 (1.1e-005)
2026.689 .... 3809 packets received, 3851 bps, 48.14%, Err 95 (1.1e-005)
2028.811 .... 3817 packets received, 3856 bps, 48.19%, Err 95 (1.1e-005)
2030.940 .... 3825 packets received, 3860 bps, 48.24%, Err 95 (1.1e-005)
2033.049 .... 3833 packets received, 3864 bps, 48.30%, Err 95 (1.1e-005)
2035.159 .... 3841 packets received, 3868 bps, 48.35%, Err 95 (1.1e-005)
2037.808 .... 3846 packets received, 3868 bps, 48.35%, Err 96 (1.1e-005)
2039.908 .... 3854 packets received, 3872 bps, 48.40%, Err 96 (1.1e-005)
2042.023 .... 3862 packets received, 3876 bps, 48.45%, Err 96 (1.1e-005)
2044.129 .... 3870 packets received, 3880 bps, 48.50%, Err 96 (1.1e-005)
2046.252 .... 3878 packets received, 3884 bps, 48.55%, Err 96 (1.1e-005)
2048.354 .... 3886 packets received, 3888 bps, 48.60%, Err 96 (1.1e-005)
2050.476 .... 3894 packets received, 3892 bps, 48.65%, Err 96 (1.1e-005)
2053.110 .... 3899 packets received, 3892 bps, 48.65%, Err 97 (1.1e-005)
2055.225 .... 3902 packets received, 3891 bps, 48.63%, Err 98 (1.1e-005)
2057.346 .... 3910 packets received, 3895 bps, 48.68%, Err 98 (1.1e-005)
2059.450 .... 3918 packets received, 3899 bps, 48.73%, Err 98 (1.1e-005)
2061.565 .... 3926 packets received, 3903 bps, 48.78%, Err 98 (1.1e-005)
2063.675 .... 3934 packets received, 3907 bps, 48.83%, Err 98 (1.1e-005)
2065.803 .... 3942 packets received, 3910 bps, 48.88%, Err 98 (1.1e-005)
2067.884 .... 3950 packets received, 3914 bps, 48.93%, Err 98 (1.1e-005)
2070.008 .... 3958 packets received, 3918 bps, 48.98%, Err 98 (1.1e-005)
2072.112 .... 3966 packets received, 3922 bps, 49.03%, Err 98 (1.1e-005)
2073.167 ** WARNING: System too busy, sleep 15 ms, but be awakened 68 ms later
2074.284 .... 3974 packets received, 3926 bps, 49.08%, Err 98 (1.1e-005)
2076.202 ** WARNING: System too busy, sleep 15 ms, but be awakened 76 ms later
2076.537 .... 3977 packets received, 3925 bps, 49.06%, Err 99 (1.1e-005)
2078.841 ** WARNING: System too busy, sleep 15 ms, but be awakened 66 ms later
2078.855 .... 3981 packets received, 3924 bps, 49.05%, Err 100 (1.1e-005)
2080.967 .... 3989 packets received, 3928 bps, 49.10%, Err 100 (1.1e-005)
2082.247 ** WARNING: System too busy, sleep 15 ms, but be awakened 71 ms later
2083.015 .... 3997 packets received, 3932 bps, 49.15%, Err 100 (1.1e-005)
2085.110 .... 4005 packets received, 3936 bps, 49.20%, Err 100 (1.1e-005)
2086.487 ** WARNING: System too busy, sleep 15 ms, but be awakened 73 ms later
2087.257 .... 4013 packets received, 3940 bps, 49.25%, Err 100 (1.1e-005)
2089.346 .... 4021 packets received, 3944 bps, 49.30%, Err 100 (1.1e-005)
2091.467 .... 4029 packets received, 3948 bps, 49.35%, Err 100 (1.1e-005)
2091.996 ** WARNING: System too busy, sleep 15 ms, but be awakened 101 ms later
2093.572 .... 4037 packets received, 3952 bps, 49.39%, Err 100 (1.1e-005)
2095.689 .... 4045 packets received, 3955 bps, 49.44%, Err 100 (1.1e-005)
2097.791 .... 4053 packets received, 3959 bps, 49.49%, Err 100 (1.1e-005)
2098.587 ** WARNING: System too busy, sleep 15 ms, but be awakened 70 ms later
2099.978 .... 4061 packets received, 3963 bps, 49.54%, Err 100 (1.1e-005)
2104.577 .... 4064 packets received, 3957 bps, 49.46%, Err 100 (1.1e-005)
2108.685 .... 4065 packets received, 3950 bps, 49.38%, Err 100 (1.1e-005)
2112.797 .... 4066 packets received, 3944 bps, 49.30%, Err 100 (1.1e-005)
2117.001 .... 4067 packets received, 3937 bps, 49.21%, Err 100 (1.1e-005)
2121.167 .... 4068 packets received, 3930 bps, 49.13%, Err 100 (1.1e-005)
2125.312 .... 4069 packets received, 3923 bps, 49.04%, Err 100 (1.1e-005)
2129.327 .... 4070 packets received, 3917 bps, 48.96%, Err 100 (1.1e-005)
2133.371 .... 4071 packets received, 3910 bps, 48.88%, Err 100 (1.1e-005)
2137.467 .... 4072 packets received, 3904 bps, 48.80%, Err 100 (1.1e-005)
2141.587 .... 4073 packets received, 3897 bps, 48.72%, Err 100 (1.1e-005)
2145.772 .... 4074 packets received, 3891 bps, 48.63%, Err 100 (1.1e-005)
2149.886 .... 4075 packets received, 3884 bps, 48.55%, Err 100 (1.1e-005)
2154.057 .... 4076 packets received, 3878 bps, 48.47%, Err 100 (1.1e-005)
2158.092 .... 4077 packets received, 3871 bps, 48.39%, Err 100 (1.1e-005)
2162.235 .... 4078 packets received, 3865 bps, 48.31%, Err 100 (1.1e-005)
2166.240 .... 4079 packets received, 3859 bps, 48.23%, Err 100 (1.1e-005)
2170.358 .... 4080 packets received, 3852 bps, 48.15%, Err 100 (1.1e-005)
2174.484 .... 4081 packets received, 3846 bps, 48.07%, Err 100 (1.1e-005)
2178.679 .... 4082 packets received, 3839 bps, 47.99%, Err 100 (1.1e-005)
2182.735 .... 4083 packets received, 3833 bps, 47.92%, Err 100 (1.1e-005)
2186.956 .... 4084 packets received, 3827 bps, 47.83%, Err 100 (1.1e-005)
2191.051 .... 4085 packets received, 3821 bps, 47.76%, Err 100 (1.1e-005)
2195.153 .... 4086 packets received, 3814 bps, 47.68%, Err 100 (1.1e-005)
2199.191 .... 4087 packets received, 3808 bps, 47.60%, Err 100 (1.1e-005)
2201.323 .... 4091 packets received, 3808 bps, 47.60%, Err 100 (1.1e-005)
2203.442 .... 4099 packets received, 3812 bps, 47.65%, Err 100 (1.0e-005)
2205.579 .... 4107 packets received, 3816 bps, 47.70%, Err 100 (1.0e-005)
2207.681 .... 4115 packets received, 3820 bps, 47.74%, Err 100 (1.0e-005)
2209.779 .... 4123 packets received, 3823 bps, 47.79%, Err 100 (1.0e-005)
2211.884 .... 4131 packets received, 3827 bps, 47.84%, Err 100 (1.0e-005)
2212.570 ** WARNING: System too busy, sleep 15 ms, but be awakened 66 ms later
2214.025 .... 4139 packets received, 3831 bps, 47.89%, Err 100 (1.0e-005)
2216.649 .... 4145 packets received, 3832 bps, 47.90%, Err 101 (1.0e-005)
2218.770 .... 4149 packets received, 3832 bps, 47.90%, Err 102 (1.1e-005)
2220.857 .... 4157 packets received, 3836 bps, 47.95%, Err 102 (1.1e-005)
2222.999 .... 4165 packets received, 3839 bps, 47.99%, Err 102 (1.1e-005)
2225.098 .... 4173 packets received, 3843 bps, 48.04%, Err 102 (1.1e-005)
2227.219 .... 4181 packets received, 3847 bps, 48.08%, Err 102 (1.0e-005)
2229.328 .... 4189 packets received, 3850 bps, 48.13%, Err 102 (1.0e-005)
2231.455 .... 4197 packets received, 3854 bps, 48.18%, Err 102 (1.0e-005)
2233.553 .... 4205 packets received, 3858 bps, 48.22%, Err 102 (1.0e-005)
2235.666 .... 4213 packets received, 3862 bps, 48.27%, Err 103 (1.1e-005)
2237.770 .... 4221 packets received, 3865 bps, 48.32%, Err 103 (1.1e-005)
2239.886 .... 4229 packets received, 3869 bps, 48.36%, Err 103 (1.0e-005)
2242.008 .... 4237 packets received, 3873 bps, 48.41%, Err 103 (1.0e-005)
2244.095 .... 4245 packets received, 3876 bps, 48.45%, Err 103 (1.0e-005)
2246.233 .... 4253 packets received, 3880 bps, 48.50%, Err 104 (1.1e-005)
2248.359 .... 4261 packets received, 3883 bps, 48.54%, Err 104 (1.1e-005)
2250.466 .... 4269 packets received, 3887 bps, 48.59%, Err 104 (1.1e-005)
2252.560 .... 4277 packets received, 3891 bps, 48.64%, Err 104 (1.0e-005)
2254.665 .... 4285 packets received, 3894 bps, 48.68%, Err 104 (1.0e-005)
2256.785 .... 4289 packets received, 3894 bps, 48.68%, Err 105 (1.1e-005)
2258.893 .... 4297 packets received, 3898 bps, 48.73%, Err 105 (1.1e-005)
2261.001 .... 4305 packets received, 3902 bps, 48.77%, Err 105 (1.1e-005)
2263.126 .... 4313 packets received, 3905 bps, 48.82%, Err 105 (1.0e-005)
2265.237 .... 4321 packets received, 3909 bps, 48.86%, Err 105 (1.0e-005)
2267.333 .... 4329 packets received, 3912 bps, 48.91%, Err 105 (1.0e-005)
2269.474 .... 4337 packets received, 3916 bps, 48.95%, Err 105 (1.0e-005)
2271.585 .... 4345 packets received, 3920 bps, 48.99%, Err 105 (1.0e-005)
2273.676 .... 4353 packets received, 3923 bps, 49.04%, Err 105 (1.0e-005)
2275.810 .... 4361 packets received, 3927 bps, 49.08%, Err 105 (1.0e-005)
2277.894 .... 4369 packets received, 3930 bps, 49.13%, Err 105 (1.0e-005)
2280.017 .... 4377 packets received, 3934 bps, 49.17%, Err 105 (1.0e-005)
2281.865 ** WARNING: System too busy, sleep 15 ms, but be awakened 99 ms later
2282.085 .... 4384 packets received, 3937 bps, 49.21%, Err 105 (1.0e-005)
2284.582 .... 4390 packets received, 3938 bps, 49.22%, Err 106 (1.0e-005)
2286.749 .... 4398 packets received, 3941 bps, 49.26%, Err 106 (1.0e-005)
2287.559 ** WARNING: System too busy, sleep 15 ms, but be awakened 85 ms later
2288.783 .... 4406 packets received, 3945 bps, 49.31%, Err 106 (1.0e-005)
2290.897 .... 4414 packets received, 3948 bps, 49.35%, Err 106 (1.0e-005)
2293.817 .... 4421 packets received, 3949 bps, 49.37%, Err 107 (1.0e-005)
2295.926 .... 4429 packets received, 3953 bps, 49.41%, Err 107 (1.0e-005)
2298.018 .... 4437 packets received, 3956 bps, 49.46%, Err 107 (1.0e-005)
2300.157 .... 4445 packets received, 3960 bps, 49.50%, Err 108 (1.0e-005)
2304.478 .... 4447 packets received, 3954 bps, 49.43%, Err 108 (1.0e-005)
2305.483 ** WARNING: System too busy, sleep 15 ms, but be awakened 79 ms later
2308.661 .... 4448 packets received, 3948 bps, 49.35%, Err 108 (1.0e-005)
2312.750 .... 4449 packets received, 3942 bps, 49.27%, Err 108 (1.0e-005)
2316.881 .... 4450 packets received, 3936 bps, 49.20%, Err 108 (1.0e-005)
2320.990 .... 4451 packets received, 3930 bps, 49.12%, Err 108 (1.0e-005)
2325.098 .... 4452 packets received, 3924 bps, 49.04%, Err 108 (1.0e-005)
2329.276 .... 4453 packets received, 3917 bps, 48.97%, Err 108 (1.0e-005)
2333.449 .... 4454 packets received, 3911 bps, 48.89%, Err 108 (1.0e-005)
2335.604 ** WARNING: System too busy, sleep 15 ms, but be awakened 72 ms later
2337.574 .... 4455 packets received, 3905 bps, 48.82%, Err 108 (1.0e-005)
2341.680 .... 4456 packets received, 3899 bps, 48.74%, Err 108 (1.0e-005)
2345.720 .... 4457 packets received, 3893 bps, 48.67%, Err 108 (1.0e-005)
2349.774 .... 4458 packets received, 3888 bps, 48.59%, Err 108 (1.0e-005)
2353.855 .... 4459 packets received, 3882 bps, 48.52%, Err 108 (1.0e-005)
2357.926 .... 4460 packets received, 3876 bps, 48.45%, Err 108 (1.0e-005)
2362.183 .... 4461 packets received, 3870 bps, 48.37%, Err 108 (1.0e-005)
2366.331 .... 4462 packets received, 3864 bps, 48.30%, Err 108 (1.0e-005)
2370.321 ** WARNING: System too busy, sleep 15 ms, but be awakened 66 ms later
2370.526 .... 4463 packets received, 3858 bps, 48.22%, Err 108 (1.0e-005)
2374.613 .... 4464 packets received, 3852 bps, 48.15%, Err 108 (1.0e-005)
2378.725 .... 4465 packets received, 3846 bps, 48.08%, Err 108 (1.0e-005)
2382.803 .... 4466 packets received, 3841 bps, 48.01%, Err 108 (1.0e-005)
2387.954 .... 4467 packets received, 3833 bps, 47.91%, Err 109 (1.1e-005)
2391.131 .... 4468 packets received, 3829 bps, 47.86%, Err 109 (1.1e-005)
2395.358 .... 4469 packets received, 3823 bps, 47.79%, Err 109 (1.1e-005)
2399.522 .... 4470 packets received, 3817 bps, 47.71%, Err 109 (1.1e-005)
2401.605 .... 4475 packets received, 3818 bps, 47.73%, Err 109 (1.1e-005)
2403.723 .... 4483 packets received, 3822 bps, 47.77%, Err 109 (1.0e-005)
2405.823 .... 4487 packets received, 3822 bps, 47.77%, Err 110 (1.1e-005)
2407.959 .... 4495 packets received, 3825 bps, 47.81%, Err 110 (1.1e-005)
2410.059 .... 4503 packets received, 3829 bps, 47.86%, Err 110 (1.1e-005)
2412.168 .... 4511 packets received, 3832 bps, 47.90%, Err 110 (1.1e-005)
2414.282 .... 4519 packets received, 3835 bps, 47.94%, Err 110 (1.0e-005)
2416.410 .... 4527 packets received, 3839 bps, 47.99%, Err 110 (1.0e-005)
2418.758 .... 4532 packets received, 3839 bps, 47.99%, Err 111 (1.1e-005)
2420.878 .... 4540 packets received, 3843 bps, 48.03%, Err 111 (1.1e-005)
2423.790 .... 4547 packets received, 3844 bps, 48.05%, Err 112 (1.1e-005)
2425.897 .... 4555 packets received, 3847 bps, 48.09%, Err 112 (1.1e-005)
2428.020 .... 4563 packets received, 3851 bps, 48.14%, Err 112 (1.1e-005)
2430.117 .... 4571 packets received, 3854 bps, 48.18%, Err 112 (1.1e-005)
2432.246 .... 4579 packets received, 3858 bps, 48.22%, Err 112 (1.1e-005)
2434.355 .... 4587 packets received, 3861 bps, 48.26%, Err 112 (1.1e-005)
2436.445 .... 4595 packets received, 3864 bps, 48.31%, Err 112 (1.1e-005)
2438.579 .... 4603 packets received, 3868 bps, 48.35%, Err 112 (1.0e-005)
2440.674 .... 4611 packets received, 3871 bps, 48.39%, Err 112 (1.0e-005)
2442.823 .... 4615 packets received, 3871 bps, 48.39%, Err 113 (1.1e-005)
2444.930 .... 4623 packets received, 3874 bps, 48.43%, Err 113 (1.1e-005)
2447.009 .... 4631 packets received, 3878 bps, 48.47%, Err 113 (1.1e-005)
2449.149 .... 4639 packets received, 3881 bps, 48.51%, Err 113 (1.1e-005)
2451.247 .... 4647 packets received, 3885 bps, 48.56%, Err 113 (1.0e-005)
2453.389 .... 4655 packets received, 3888 bps, 48.60%, Err 113 (1.0e-005)
2455.471 .... 4663 packets received, 3891 bps, 48.64%, Err 113 (1.0e-005)
2457.580 .... 4671 packets received, 3895 bps, 48.68%, Err 113 (1.0e-005)
2459.698 .... 4679 packets received, 3898 bps, 48.72%, Err 113 (1.0e-005)
2461.818 .... 4683 packets received, 3898 bps, 48.72%, Err 114 (1.0e-005)
2463.126 ** WARNING: System too busy, sleep 15 ms, but be awakened 78 ms later
2463.935 .... 4691 packets received, 3901 bps, 48.76%, Err 114 (1.0e-005)
2466.047 .... 4699 packets received, 3904 bps, 48.81%, Err 114 (1.0e-005)
2468.164 .... 4707 packets received, 3908 bps, 48.85%, Err 114 (1.0e-005)
2470.285 .... 4715 packets received, 3911 bps, 48.89%, Err 114 (1.0e-005)
2472.406 .... 4723 packets received, 3914 bps, 48.93%, Err 114 (1.0e-005)
2472.920 ** WARNING: System too busy, sleep 15 ms, but be awakened 69 ms later
2475.018 .... 4729 packets received, 3915 bps, 48.94%, Err 115 (1.0e-005)
2477.148 .... 4733 packets received, 3915 bps, 48.94%, Err 116 (1.1e-005)
2479.281 .... 4741 packets received, 3918 bps, 48.98%, Err 116 (1.1e-005)
2481.361 .... 4749 packets received, 3922 bps, 49.02%, Err 116 (1.1e-005)
2483.466 .... 4757 packets received, 3925 bps, 49.06%, Err 116 (1.1e-005)
2485.612 .... 4765 packets received, 3928 bps, 49.10%, Err 117 (1.1e-005)
2487.720 .... 4773 packets received, 3931 bps, 49.14%, Err 117 (1.1e-005)
2489.826 .... 4781 packets received, 3935 bps, 49.18%, Err 117 (1.1e-005)
2491.943 .... 4789 packets received, 3938 bps, 49.22%, Err 117 (1.1e-005)
2493.200 ** WARNING: System too busy, sleep 15 ms, but be awakened 93 ms later
2494.051 .... 4797 packets received, 3941 bps, 49.26%, Err 117 (1.1e-005)
2496.168 .... 4805 packets received, 3944 bps, 49.30%, Err 117 (1.1e-005)
2498.269 .... 4813 packets received, 3948 bps, 49.34%, Err 117 (1.0e-005)
2500.387 .... 4817 packets received, 3947 bps, 49.34%, Err 118 (1.1e-005)
2504.130 .... 4821 packets received, 3945 bps, 49.31%, Err 118 (1.1e-005)
2508.273 .... 4822 packets received, 3939 bps, 49.24%, Err 118 (1.1e-005)
2512.383 .... 4823 packets received, 3934 bps, 49.17%, Err 118 (1.1e-005)
2516.569 .... 4824 packets received, 3928 bps, 49.10%, Err 118 (1.1e-005)
2520.652 .... 4825 packets received, 3922 bps, 49.03%, Err 118 (1.1e-005)
2524.814 .... 4826 packets received, 3917 bps, 48.96%, Err 118 (1.1e-005)
2528.973 .... 4827 packets received, 3911 bps, 48.89%, Err 118 (1.1e-005)
2533.017 .... 4828 packets received, 3906 bps, 48.82%, Err 118 (1.1e-005)
2537.086 .... 4829 packets received, 3900 bps, 48.75%, Err 118 (1.1e-005)
2541.135 .... 4830 packets received, 3895 bps, 48.68%, Err 118 (1.1e-005)
2545.242 .... 4831 packets received, 3889 bps, 48.61%, Err 118 (1.1e-005)
2548.139 ** WARNING: System too busy, sleep 15 ms, but be awakened 76 ms later
2549.246 .... 4832 packets received, 3884 bps, 48.55%, Err 118 (1.1e-005)
2553.325 .... 4833 packets received, 3878 bps, 48.48%, Err 118 (1.1e-005)
2557.435 .... 4834 packets received, 3873 bps, 48.41%, Err 118 (1.1e-005)
2561.450 .... 4835 packets received, 3868 bps, 48.35%, Err 118 (1.1e-005)
2565.591 .... 4836 packets received, 3862 bps, 48.28%, Err 118 (1.1e-005)
2568.131 ** WARNING: System too busy, sleep 15 ms, but be awakened 66 ms later
2569.768 .... 4837 packets received, 3857 bps, 48.21%, Err 118 (1.1e-005)
2572.718 ** WARNING: System too busy, sleep 15 ms, but be awakened 97 ms later
2573.905 .... 4838 packets received, 3851 bps, 48.14%, Err 118 (1.1e-005)
2574.825 ** WARNING: System too busy, sleep 15 ms, but be awakened 69 ms later
2578.030 .... 4839 packets received, 3846 bps, 48.08%, Err 118 (1.1e-005)
2582.124 .... 4840 packets received, 3841 bps, 48.01%, Err 118 (1.1e-005)
2586.162 .... 4841 packets received, 3836 bps, 47.94%, Err 118 (1.1e-005)
2590.249 .... 4842 packets received, 3830 bps, 47.88%, Err 118 (1.1e-005)
2594.340 .... 4843 packets received, 3825 bps, 47.81%, Err 118 (1.1e-005)
2598.535 .... 4844 packets received, 3820 bps, 47.75%, Err 118 (1.1e-005)
2600.548 .... 4845 packets received, 3817 bps, 47.72%, Err 118 (1.1e-005)
2602.652 .... 4853 packets received, 3821 bps, 47.76%, Err 118 (1.0e-005)
2604.759 .... 4861 packets received, 3824 bps, 47.80%, Err 118 (1.0e-005)
2606.177 ** WARNING: System too busy, sleep 15 ms, but be awakened 73 ms later
2606.886 .... 4869 packets received, 3827 bps, 47.84%, Err 118 (1.0e-005)
2608.983 .... 4877 packets received, 3830 bps, 47.88%, Err 118 (1.0e-005)
2611.113 .... 4885 packets received, 3833 bps, 47.92%, Err 118 (1.0e-005)
2613.224 .... 4893 packets received, 3837 bps, 47.96%, Err 118 (1.0e-005)
2614.422 ** WARNING: System too busy, sleep 15 ms, but be awakened 71 ms later
2615.353 .... 4901 packets received, 3840 bps, 48.00%, Err 118 (1.0e-005)
2617.461 .... 4909 packets received, 3843 bps, 48.04%, Err 118 (1.0e-005)
2618.457 ** WARNING: System too busy, sleep 15 ms, but be awakened 83 ms later
2619.553 .... 4917 packets received, 3846 bps, 48.08%, Err 118 (1.0e-005)
2621.685 .... 4925 packets received, 3849 bps, 48.11%, Err 118 (1.0e-005)
