GoBackN b 
=========================================================================
                          Station B                                 
-------------------------------------------------------------------------
Protocol.lib, version 3.0, Build: Oct 19 2009 (jiangy@public3.bta.net.cn)
Channel: 8000 bps, 270 ms propagation delay, bit error rate 1.0E-005
Log file "GoBackN-B.log", TCP port 59144, debug mask 0x00
Station B is connecting station A (TCP port 59144) ... Done.
New epoch: Thu Apr 21 22:28:28 2016
=========================================================================
Designed by Jiang Yanjun, build: Oct 19 2009  22:57:25
Protocol Options: Piggybacking (Enabled), NAK (Enabled)
2.582 .... 8 packets received, 7717 bps, 96.47%, Err 0 (0.0e+000)
4.701 .... 16 packets received, 7725 bps, 96.56%, Err 0 (0.0e+000)
6.801 .... 24 packets received, 7750 bps, 96.88%, Err 0 (0.0e+000)
8.904 .... 32 packets received, 7760 bps, 97.00%, Err 0 (0.0e+000)
11.028 .... 40 packets received, 7751 bps, 96.89%, Err 0 (0.0e+000)
13.147 .... 48 packets received, 7748 bps, 96.85%, Err 1 (9.7e-006)
15.261 .... 56 packets received, 7748 bps, 96.85%, Err 1 (8.3e-006)
17.359 .... 64 packets received, 7756 bps, 96.95%, Err 1 (7.3e-006)
21.328 .... 72 packets received, 7066 bps, 88.32%, Err 2 (1.2e-005)
23.445 .... 80 packets received, 7128 bps, 89.10%, Err 3 (1.6e-005)
25.563 .... 88 packets received, 7179 bps, 89.74%, Err 3 (1.5e-005)
27.660 .... 96 packets received, 7228 bps, 90.35%, Err 3 (1.4e-005)
29.773 .... 104 packets received, 7266 bps, 90.82%, Err 4 (1.7e-005)
31.886 .... 112 packets received, 7299 bps, 91.23%, Err 4 (1.6e-005)
34.003 .... 120 packets received, 7326 bps, 91.58%, Err 4 (1.5e-005)
36.118 .... 128 packets received, 7351 bps, 91.89%, Err 4 (1.4e-005)
38.231 .... 136 packets received, 7374 bps, 92.17%, Err 4 (1.3e-005)
40.349 .... 144 packets received, 7393 bps, 92.41%, Err 4 (1.2e-005)
42.452 .... 152 packets received, 7413 bps, 92.66%, Err 4 (1.2e-005)
45.355 .... 158 packets received, 7207 bps, 90.09%, Err 5 (1.4e-005)
47.470 .... 166 packets received, 7232 bps, 90.40%, Err 5 (1.3e-005)
49.582 .... 174 packets received, 7254 bps, 90.68%, Err 5 (1.3e-005)
51.681 .... 182 packets received, 7277 bps, 90.96%, Err 5 (1.2e-005)
53.798 .... 190 packets received, 7295 bps, 91.19%, Err 5 (1.2e-005)
55.912 .... 198 packets received, 7313 bps, 91.41%, Err 5 (1.1e-005)
58.027 .... 206 packets received, 7329 bps, 91.61%, Err 5 (1.1e-005)
60.152 .... 214 packets received, 7342 bps, 91.78%, Err 5 (1.0e-005)
62.270 .... 222 packets received, 7356 bps, 91.94%, Err 5 (1.0e-005)
64.358 .... 230 packets received, 7372 bps, 92.15%, Err 5 (9.7e-006)
66.489 .... 238 packets received, 7382 bps, 92.27%, Err 5 (9.4e-006)
68.589 .... 246 packets received, 7395 bps, 92.44%, Err 5 (9.1e-006)
70.718 .... 254 packets received, 7404 bps, 92.55%, Err 5 (8.9e-006)
72.815 .... 262 packets received, 7416 bps, 92.70%, Err 5 (8.6e-006)
74.913 .... 270 packets received, 7427 bps, 92.84%, Err 5 (8.4e-006)
77.033 .... 273 packets received, 7301 bps, 91.27%, Err 6 (9.8e-006)
79.147 .... 281 packets received, 7314 bps, 91.42%, Err 6 (9.5e-006)
81.265 .... 289 packets received, 7325 bps, 91.56%, Err 6 (9.3e-006)
83.383 .... 293 packets received, 7236 bps, 90.45%, Err 7 (1.1e-005)
85.483 .... 301 packets received, 7250 bps, 90.63%, Err 7 (1.0e-005)
87.609 .... 309 packets received, 7261 bps, 90.77%, Err 7 (1.0e-005)
89.709 .... 317 packets received, 7274 bps, 90.93%, Err 7 (9.8e-006)
91.827 .... 325 packets received, 7285 bps, 91.06%, Err 8 (1.1e-005)
93.960 .... 329 packets received, 7206 bps, 90.08%, Err 8 (1.1e-005)
96.059 .... 333 packets received, 7134 bps, 89.17%, Err 9 (1.2e-005)
98.171 .... 341 packets received, 7147 bps, 89.34%, Err 9 (1.1e-005)
100.278 .... 349 packets received, 7160 bps, 89.51%, Err 9 (1.1e-005)
102.409 .... 357 packets received, 7172 bps, 89.64%, Err 9 (1.1e-005)
104.518 .... 365 packets received, 7184 bps, 89.80%, Err 9 (1.1e-005)
106.625 .... 373 packets received, 7195 bps, 89.94%, Err 9 (1.1e-005)
108.744 .... 381 packets received, 7206 bps, 90.07%, Err 9 (1.0e-005)
110.854 .... 389 packets received, 7217 bps, 90.21%, Err 9 (1.0e-005)
112.973 .... 397 packets received, 7226 bps, 90.33%, Err 9 (1.0e-005)
115.090 .... 405 packets received, 7236 bps, 90.45%, Err 9 (9.8e-006)
117.182 .... 413 packets received, 7246 bps, 90.58%, Err 9 (9.6e-006)
119.294 .... 421 packets received, 7256 bps, 90.69%, Err 9 (9.4e-006)
121.411 .... 429 packets received, 7264 bps, 90.80%, Err 9 (9.3e-006)
123.520 .... 437 packets received, 7273 bps, 90.91%, Err 9 (9.1e-006)
125.629 .... 445 packets received, 7281 bps, 91.01%, Err 9 (9.0e-006)
127.760 .... 453 packets received, 7288 bps, 91.10%, Err 9 (8.8e-006)
129.874 .... 461 packets received, 7295 bps, 91.19%, Err 9 (8.7e-006)
131.963 .... 465 packets received, 7242 bps, 90.52%, Err 10 (9.5e-006)
134.085 .... 473 packets received, 7249 bps, 90.62%, Err 10 (9.3e-006)
136.187 .... 481 packets received, 7258 bps, 90.72%, Err 10 (9.2e-006)
138.833 .... 487 packets received, 7208 bps, 90.10%, Err 11 (9.9e-006)
140.955 .... 495 packets received, 7216 bps, 90.19%, Err 11 (9.8e-006)
143.069 .... 503 packets received, 7224 bps, 90.29%, Err 11 (9.6e-006)
145.168 .... 511 packets received, 7232 bps, 90.40%, Err 11 (9.5e-006)
147.283 .... 519 packets received, 7239 bps, 90.49%, Err 11 (9.3e-006)
149.397 .... 527 packets received, 7247 bps, 90.58%, Err 11 (9.2e-006)
151.502 .... 535 packets received, 7254 bps, 90.68%, Err 11 (9.1e-006)
153.624 .... 543 packets received, 7261 bps, 90.76%, Err 11 (9.0e-006)
155.747 .... 551 packets received, 7267 bps, 90.84%, Err 11 (8.8e-006)
157.848 .... 555 packets received, 7222 bps, 90.27%, Err 12 (9.5e-006)
159.972 .... 563 packets received, 7228 bps, 90.36%, Err 12 (9.4e-006)
162.070 .... 571 packets received, 7236 bps, 90.45%, Err 12 (9.3e-006)
164.177 .... 579 packets received, 7243 bps, 90.54%, Err 12 (9.1e-006)
166.299 .... 587 packets received, 7249 bps, 90.61%, Err 12 (9.0e-006)
168.407 .... 595 packets received, 7256 bps, 90.69%, Err 12 (8.9e-006)
171.052 .... 601 packets received, 7215 bps, 90.19%, Err 13 (9.5e-006)
173.158 .... 609 packets received, 7222 bps, 90.27%, Err 13 (9.4e-006)
175.262 .... 617 packets received, 7229 bps, 90.36%, Err 13 (9.3e-006)
177.389 .... 625 packets received, 7234 bps, 90.43%, Err 13 (9.2e-006)
179.494 .... 633 packets received, 7241 bps, 90.51%, Err 13 (9.1e-006)
181.603 .... 641 packets received, 7247 bps, 90.59%, Err 13 (9.0e-006)
183.733 .... 649 packets received, 7252 bps, 90.65%, Err 14 (9.5e-006)
185.843 .... 653 packets received, 7214 bps, 90.17%, Err 15 (1.0e-005)
187.947 .... 657 packets received, 7177 bps, 89.71%, Err 15 (1.0e-005)
190.049 .... 665 packets received, 7184 bps, 89.79%, Err 15 (9.9e-006)
192.167 .... 673 packets received, 7190 bps, 89.87%, Err 15 (9.8e-006)
194.292 .... 681 packets received, 7195 bps, 89.94%, Err 15 (9.7e-006)
196.398 .... 689 packets received, 7202 bps, 90.02%, Err 15 (9.6e-006)
198.522 .... 697 packets received, 7207 bps, 90.09%, Err 15 (9.5e-006)
200.619 .... 705 packets received, 7213 bps, 90.17%, Err 15 (9.4e-006)
202.733 .... 713 packets received, 7219 bps, 90.24%, Err 15 (9.3e-006)
204.847 .... 721 packets received, 7225 bps, 90.31%, Err 15 (9.2e-006)
206.966 .... 729 packets received, 7230 bps, 90.37%, Err 15 (9.1e-006)
209.080 .... 737 packets received, 7235 bps, 90.44%, Err 15 (9.0e-006)
211.194 .... 745 packets received, 7240 bps, 90.50%, Err 15 (8.9e-006)
213.294 .... 753 packets received, 7246 bps, 90.57%, Err 15 (8.8e-006)
215.428 .... 761 packets received, 7250 bps, 90.63%, Err 15 (8.7e-006)
217.526 .... 769 packets received, 7255 bps, 90.69%, Err 15 (8.6e-006)
219.638 .... 777 packets received, 7260 bps, 90.75%, Err 15 (8.5e-006)
221.769 .... 785 packets received, 7264 bps, 90.80%, Err 15 (8.5e-006)
223.866 .... 793 packets received, 7270 bps, 90.87%, Err 15 (8.4e-006)
225.979 .... 797 packets received, 7238 bps, 90.47%, Err 16 (8.9e-006)
228.078 .... 805 packets received, 7243 bps, 90.54%, Err 16 (8.8e-006)
230.207 .... 813 packets received, 7247 bps, 90.59%, Err 16 (8.7e-006)
232.322 .... 821 packets received, 7252 bps, 90.65%, Err 16 (8.6e-006)
234.418 .... 829 packets received, 7257 bps, 90.71%, Err 16 (8.5e-006)
236.534 .... 837 packets received, 7261 bps, 90.76%, Err 16 (8.5e-006)
238.648 .... 845 packets received, 7265 bps, 90.82%, Err 16 (8.4e-006)
240.781 .... 853 packets received, 7269 bps, 90.86%, Err 16 (8.3e-006)
242.876 .... 861 packets received, 7274 bps, 90.92%, Err 16 (8.2e-006)
245.005 .... 869 packets received, 7278 bps, 90.97%, Err 16 (8.2e-006)
247.120 .... 873 packets received, 7248 bps, 90.61%, Err 17 (8.6e-006)
249.218 .... 881 packets received, 7253 bps, 90.66%, Err 17 (8.5e-006)
251.329 .... 889 packets received, 7257 bps, 90.72%, Err 17 (8.5e-006)
253.444 .... 897 packets received, 7262 bps, 90.77%, Err 17 (8.4e-006)
255.559 .... 905 packets received, 7266 bps, 90.82%, Err 17 (8.3e-006)
258.728 .... 913 packets received, 7240 bps, 90.50%, Err 18 (8.7e-006)
260.860 .... 921 packets received, 7243 bps, 90.54%, Err 18 (8.6e-006)
262.959 .... 929 packets received, 7248 bps, 90.60%, Err 18 (8.6e-006)
265.062 .... 937 packets received, 7252 bps, 90.65%, Err 18 (8.5e-006)
267.176 .... 945 packets received, 7256 bps, 90.70%, Err 18 (8.4e-006)
269.294 .... 953 packets received, 7260 bps, 90.75%, Err 18 (8.4e-006)
271.410 .... 961 packets received, 7264 bps, 90.80%, Err 18 (8.3e-006)
273.524 .... 965 packets received, 7238 bps, 90.47%, Err 19 (8.7e-006)
275.634 .... 973 packets received, 7242 bps, 90.52%, Err 19 (8.6e-006)
277.745 .... 981 packets received, 7246 bps, 90.57%, Err 19 (8.6e-006)
280.659 .... 988 packets received, 7221 bps, 90.27%, Err 20 (8.9e-006)
282.775 .... 996 packets received, 7225 bps, 90.32%, Err 20 (8.8e-006)
284.876 .... 1004 packets received, 7229 bps, 90.37%, Err 21 (9.2e-006)
287.252 .... 1006 packets received, 7184 bps, 89.80%, Err 21 (9.1e-006)
289.364 .... 1014 packets received, 7188 bps, 89.85%, Err 22 (9.5e-006)
291.466 .... 1022 packets received, 7192 bps, 89.91%, Err 22 (9.4e-006)
293.593 .... 1030 packets received, 7196 bps, 89.95%, Err 22 (9.4e-006)
295.705 .... 1038 packets received, 7200 bps, 90.00%, Err 22 (9.3e-006)
297.808 .... 1046 packets received, 7204 bps, 90.05%, Err 22 (9.2e-006)
299.925 .... 1054 packets received, 7208 bps, 90.10%, Err 22 (9.2e-006)
302.045 .... 1062 packets received, 7212 bps, 90.15%, Err 22 (9.1e-006)
304.161 .... 1070 packets received, 7215 bps, 90.19%, Err 22 (9.0e-006)
306.265 .... 1078 packets received, 7219 bps, 90.24%, Err 22 (9.0e-006)
308.374 .... 1086 packets received, 7223 bps, 90.29%, Err 22 (8.9e-006)
310.493 .... 1094 packets received, 7227 bps, 90.33%, Err 22 (8.9e-006)
312.608 .... 1102 packets received, 7230 bps, 90.38%, Err 22 (8.8e-006)
314.698 .... 1110 packets received, 7234 bps, 90.43%, Err 22 (8.7e-006)
316.821 .... 1118 packets received, 7237 bps, 90.47%, Err 22 (8.7e-006)
318.937 .... 1126 packets received, 7241 bps, 90.51%, Err 22 (8.6e-006)
321.051 .... 1134 packets received, 7244 bps, 90.55%, Err 22 (8.6e-006)
323.692 .... 1140 packets received, 7223 bps, 90.29%, Err 23 (8.9e-006)
326.327 .... 1146 packets received, 7202 bps, 90.03%, Err 24 (9.2e-006)
328.434 .... 1154 packets received, 7206 bps, 90.08%, Err 24 (9.1e-006)
330.616 .... 1162 packets received, 7208 bps, 90.10%, Err 24 (9.1e-006)
330.852 ** WARNING: System too busy, sleep 15 ms, but be awakened 86 ms later
332.669 .... 1170 packets received, 7213 bps, 90.16%, Err 24 (9.0e-006)
334.770 .... 1178 packets received, 7216 bps, 90.21%, Err 24 (9.0e-006)
338.735 .... 1186 packets received, 7180 bps, 89.75%, Err 25 (9.2e-006)
341.374 .... 1191 packets received, 7155 bps, 89.43%, Err 25 (9.2e-006)
343.479 .... 1195 packets received, 7135 bps, 89.18%, Err 26 (9.5e-006)
345.597 .... 1203 packets received, 7138 bps, 89.23%, Err 26 (9.4e-006)
347.719 .... 1211 packets received, 7142 bps, 89.27%, Err 26 (9.4e-006)
349.833 .... 1219 packets received, 7146 bps, 89.32%, Err 26 (9.3e-006)
351.932 .... 1227 packets received, 7150 bps, 89.37%, Err 26 (9.2e-006)
354.051 .... 1231 packets received, 7130 bps, 89.12%, Err 27 (9.5e-006)
356.153 .... 1239 packets received, 7134 bps, 89.17%, Err 27 (9.5e-006)
358.264 .... 1247 packets received, 7138 bps, 89.22%, Err 27 (9.4e-006)
360.390 .... 1251 packets received, 7118 bps, 88.98%, Err 28 (9.7e-006)
363.019 .... 1254 packets received, 7083 bps, 88.54%, Err 29 (1.0e-005)
365.394 .... 1258 packets received, 7060 bps, 88.25%, Err 30 (1.0e-005)
367.505 .... 1262 packets received, 7042 bps, 88.02%, Err 30 (1.0e-005)
402.634 .... 1265 packets received, 6442 bps, 80.52%, Err 34 (1.1e-005)
404.741 .... 1273 packets received, 6449 bps, 80.61%, Err 34 (1.1e-005)
406.861 .... 1281 packets received, 6455 bps, 80.69%, Err 34 (1.0e-005)
408.958 .... 1284 packets received, 6437 bps, 80.47%, Err 35 (1.1e-005)
411.089 .... 1292 packets received, 6444 bps, 80.55%, Err 35 (1.1e-005)
413.185 .... 1300 packets received, 6451 bps, 80.63%, Err 35 (1.1e-005)
415.308 .... 1308 packets received, 6457 bps, 80.72%, Err 35 (1.1e-005)
417.423 .... 1316 packets received, 6464 bps, 80.80%, Err 35 (1.0e-005)
419.551 .... 1324 packets received, 6470 bps, 80.88%, Err 35 (1.0e-005)
421.644 .... 1332 packets received, 6477 bps, 80.96%, Err 35 (1.0e-005)
423.763 .... 1340 packets received, 6483 bps, 81.04%, Err 35 (1.0e-005)
425.867 .... 1348 packets received, 6490 bps, 81.12%, Err 35 (1.0e-005)
427.982 .... 1356 packets received, 6496 bps, 81.20%, Err 35 (1.0e-005)
430.104 .... 1364 packets received, 6502 bps, 81.27%, Err 35 (1.0e-005)
432.200 .... 1372 packets received, 6508 bps, 81.35%, Err 35 (1.0e-005)
434.331 .... 1380 packets received, 6514 bps, 81.42%, Err 35 (1.0e-005)
436.431 .... 1388 packets received, 6520 bps, 81.50%, Err 35 (1.0e-005)
438.543 .... 1396 packets received, 6526 bps, 81.58%, Err 35 (1.0e-005)
440.673 .... 1404 packets received, 6532 bps, 81.65%, Err 36 (1.0e-005)
442.773 .... 1407 packets received, 6515 bps, 81.43%, Err 36 (1.0e-005)
444.888 .... 1415 packets received, 6521 bps, 81.51%, Err 36 (1.0e-005)
447.022 .... 1423 packets received, 6526 bps, 81.58%, Err 36 (1.0e-005)
449.109 .... 1431 packets received, 6532 bps, 81.65%, Err 36 (1.0e-005)
451.223 .... 1439 packets received, 6538 bps, 81.72%, Err 36 (1.0e-005)
453.342 .... 1447 packets received, 6544 bps, 81.79%, Err 36 (9.9e-006)
455.456 .... 1455 packets received, 6549 bps, 81.86%, Err 36 (9.9e-006)
457.575 .... 1463 packets received, 6555 bps, 81.93%, Err 36 (9.8e-006)
459.682 .... 1471 packets received, 6560 bps, 82.00%, Err 36 (9.8e-006)
461.802 .... 1479 packets received, 6566 bps, 82.07%, Err 36 (9.7e-006)
463.908 .... 1487 packets received, 6571 bps, 82.14%, Err 36 (9.7e-006)
466.024 .... 1490 packets received, 6554 bps, 81.93%, Err 37 (9.9e-006)
468.126 .... 1498 packets received, 6560 bps, 82.00%, Err 37 (9.9e-006)
470.246 .... 1506 packets received, 6565 bps, 82.07%, Err 37 (9.8e-006)
472.369 .... 1514 packets received, 6570 bps, 82.13%, Err 37 (9.8e-006)
474.741 .... 1518 packets received, 6555 bps, 81.94%, Err 38 (1.0e-005)
476.856 .... 1526 packets received, 6560 bps, 82.00%, Err 38 (1.0e-005)
478.954 .... 1534 packets received, 6566 bps, 82.07%, Err 38 (9.9e-006)
481.066 .... 1542 packets received, 6571 bps, 82.14%, Err 38 (9.9e-006)
483.182 .... 1545 packets received, 6555 bps, 81.94%, Err 39 (1.0e-005)
485.297 .... 1553 packets received, 6560 bps, 82.00%, Err 39 (1.0e-005)
487.396 .... 1561 packets received, 6565 bps, 82.07%, Err 39 (1.0e-005)
489.526 .... 1569 packets received, 6570 bps, 82.13%, Err 39 (1.0e-005)
491.651 .... 1577 packets received, 6575 bps, 82.19%, Err 39 (9.9e-006)
494.010 .... 1581 packets received, 6560 bps, 82.00%, Err 40 (1.0e-005)
496.126 .... 1589 packets received, 6565 bps, 82.07%, Err 40 (1.0e-005)
498.241 .... 1597 packets received, 6570 bps, 82.13%, Err 41 (1.0e-005)
500.354 .... 1600 packets received, 6555 bps, 81.94%, Err 41 (1.0e-005)
502.448 .... 1608 packets received, 6560 bps, 82.00%, Err 41 (1.0e-005)
504.575 .... 1616 packets received, 6565 bps, 82.06%, Err 41 (1.0e-005)
506.683 .... 1620 packets received, 6554 bps, 81.92%, Err 42 (1.0e-005)
508.794 .... 1628 packets received, 6559 bps, 81.99%, Err 42 (1.0e-005)
510.915 .... 1636 packets received, 6564 bps, 82.05%, Err 42 (1.0e-005)
513.009 .... 1644 packets received, 6569 bps, 82.11%, Err 42 (1.0e-005)
515.120 .... 1652 packets received, 6574 bps, 82.17%, Err 42 (1.0e-005)
517.250 .... 1660 packets received, 6578 bps, 82.23%, Err 42 (1.0e-005)
519.361 .... 1668 packets received, 6583 bps, 82.29%, Err 42 (1.0e-005)
521.476 .... 1676 packets received, 6588 bps, 82.35%, Err 42 (1.0e-005)
523.580 .... 1684 packets received, 6593 bps, 82.41%, Err 42 (1.0e-005)
525.704 .... 1692 packets received, 6597 bps, 82.47%, Err 42 (1.0e-005)
527.819 .... 1700 packets received, 6602 bps, 82.52%, Err 42 (1.0e-005)
530.454 .... 1706 packets received, 6592 bps, 82.40%, Err 43 (1.0e-005)
532.560 .... 1714 packets received, 6597 bps, 82.46%, Err 43 (1.0e-005)
534.664 .... 1722 packets received, 6602 bps, 82.52%, Err 43 (1.0e-005)
536.790 .... 1730 packets received, 6606 bps, 82.58%, Err 43 (1.0e-005)
538.891 .... 1738 packets received, 6611 bps, 82.63%, Err 43 (1.0e-005)
541.018 .... 1746 packets received, 6615 bps, 82.69%, Err 43 (9.9e-006)
543.131 .... 1754 packets received, 6619 bps, 82.74%, Err 43 (9.9e-006)
545.230 .... 1762 packets received, 6624 bps, 82.80%, Err 43 (9.9e-006)
547.328 .... 1770 packets received, 6629 bps, 82.86%, Err 43 (9.8e-006)
549.461 .... 1778 packets received, 6633 bps, 82.91%, Err 43 (9.8e-006)
551.577 .... 1786 packets received, 6637 bps, 82.96%, Err 43 (9.7e-006)
553.684 .... 1794 packets received, 6641 bps, 83.02%, Err 43 (9.7e-006)
555.804 .... 1802 packets received, 6645 bps, 83.07%, Err 43 (9.7e-006)
557.925 .... 1810 packets received, 6650 bps, 83.12%, Err 44 (9.9e-006)
560.019 .... 1814 packets received, 6639 bps, 82.99%, Err 44 (9.8e-006)
562.135 .... 1822 packets received, 6643 bps, 83.04%, Err 44 (9.8e-006)
564.247 .... 1830 packets received, 6648 bps, 83.10%, Err 44 (9.8e-006)
566.355 .... 1838 packets received, 6652 bps, 83.15%, Err 44 (9.7e-006)
568.457 .... 1846 packets received, 6656 bps, 83.20%, Err 44 (9.7e-006)
570.581 .... 1854 packets received, 6660 bps, 83.25%, Err 44 (9.6e-006)
572.674 .... 1862 packets received, 6664 bps, 83.30%, Err 44 (9.6e-006)
574.799 .... 1870 packets received, 6668 bps, 83.35%, Err 44 (9.6e-006)
576.924 .... 1878 packets received, 6672 bps, 83.40%, Err 44 (9.5e-006)
579.811 .... 1885 packets received, 6663 bps, 83.29%, Err 45 (9.7e-006)
581.924 .... 1893 packets received, 6667 bps, 83.34%, Err 45 (9.7e-006)
584.046 .... 1901 packets received, 6671 bps, 83.39%, Err 45 (9.6e-006)
586.157 .... 1909 packets received, 6675 bps, 83.44%, Err 45 (9.6e-006)
588.272 .... 1917 packets received, 6679 bps, 83.49%, Err 45 (9.6e-006)
590.368 .... 1925 packets received, 6683 bps, 83.54%, Err 45 (9.5e-006)
592.487 .... 1933 packets received, 6687 bps, 83.59%, Err 45 (9.5e-006)
594.584 .... 1941 packets received, 6691 bps, 83.63%, Err 45 (9.5e-006)
597.233 .... 1947 packets received, 6682 bps, 83.52%, Err 46 (9.6e-006)
601.461 .... 1952 packets received, 6652 bps, 83.15%, Err 49 (1.0e-005)
603.587 .... 1960 packets received, 6655 bps, 83.19%, Err 49 (1.0e-005)
605.701 .... 1964 packets received, 6646 bps, 83.07%, Err 50 (1.0e-005)
607.813 .... 1968 packets received, 6636 bps, 82.95%, Err 51 (1.0e-005)
609.944 .... 1976 packets received, 6640 bps, 83.00%, Err 51 (1.0e-005)
612.058 .... 1984 packets received, 6644 bps, 83.05%, Err 51 (1.0e-005)
614.156 .... 1992 packets received, 6648 bps, 83.10%, Err 51 (1.0e-005)
616.271 .... 2000 packets received, 6651 bps, 83.14%, Err 51 (1.0e-005)
618.401 .... 2008 packets received, 6655 bps, 83.19%, Err 51 (1.0e-005)
620.497 .... 2016 packets received, 6659 bps, 83.24%, Err 51 (1.0e-005)
622.611 .... 2024 packets received, 6663 bps, 83.28%, Err 51 (1.0e-005)
624.724 .... 2032 packets received, 6666 bps, 83.33%, Err 51 (1.0e-005)
626.840 .... 2040 packets received, 6670 bps, 83.37%, Err 51 (1.0e-005)
628.956 .... 2048 packets received, 6674 bps, 83.42%, Err 51 (1.0e-005)
631.072 .... 2056 packets received, 6677 bps, 83.46%, Err 51 (1.0e-005)
633.173 .... 2064 packets received, 6681 bps, 83.51%, Err 51 (1.0e-005)
635.284 .... 2072 packets received, 6684 bps, 83.56%, Err 51 (1.0e-005)
637.398 .... 2080 packets received, 6688 bps, 83.60%, Err 51 (1.0e-005)
639.527 .... 2088 packets received, 6691 bps, 83.64%, Err 51 (1.0e-005)
641.625 .... 2096 packets received, 6695 bps, 83.69%, Err 51 (9.9e-006)
643.723 .... 2104 packets received, 6699 bps, 83.73%, Err 51 (9.9e-006)
645.857 .... 2112 packets received, 6702 bps, 83.77%, Err 51 (9.9e-006)
647.961 .... 2116 packets received, 6693 bps, 83.66%, Err 52 (1.0e-005)
650.069 .... 2124 packets received, 6696 bps, 83.70%, Err 52 (1.0e-005)
653.247 .... 2132 packets received, 6689 bps, 83.61%, Err 53 (1.0e-005)
655.373 .... 2140 packets received, 6692 bps, 83.65%, Err 53 (1.0e-005)
657.486 .... 2148 packets received, 6695 bps, 83.69%, Err 53 (1.0e-005)
659.597 .... 2156 packets received, 6699 bps, 83.74%, Err 53 (1.0e-005)
661.709 .... 2164 packets received, 6702 bps, 83.78%, Err 53 (1.0e-005)
663.826 .... 2172 packets received, 6706 bps, 83.82%, Err 53 (1.0e-005)
665.923 .... 2176 packets received, 6697 bps, 83.71%, Err 54 (1.0e-005)
668.038 .... 2184 packets received, 6700 bps, 83.75%, Err 54 (1.0e-005)
670.147 .... 2192 packets received, 6703 bps, 83.79%, Err 54 (1.0e-005)
672.264 .... 2200 packets received, 6707 bps, 83.83%, Err 54 (1.0e-005)
674.370 .... 2208 packets received, 6710 bps, 83.88%, Err 54 (1.0e-005)
676.487 .... 2216 packets received, 6713 bps, 83.92%, Err 54 (1.0e-005)
678.619 .... 2224 packets received, 6716 bps, 83.95%, Err 54 (9.9e-006)
680.703 .... 2232 packets received, 6720 bps, 84.00%, Err 54 (9.9e-006)
682.835 .... 2240 packets received, 6723 bps, 84.04%, Err 54 (9.9e-006)
684.950 .... 2248 packets received, 6726 bps, 84.08%, Err 54 (9.9e-006)
687.316 .... 2253 packets received, 6718 bps, 83.97%, Err 55 (1.0e-005)
689.425 .... 2261 packets received, 6721 bps, 84.01%, Err 55 (1.0e-005)
691.539 .... 2265 packets received, 6712 bps, 83.90%, Err 56 (1.0e-005)
693.669 .... 2273 packets received, 6715 bps, 83.94%, Err 56 (1.0e-005)
695.769 .... 2281 packets received, 6719 bps, 83.98%, Err 56 (1.0e-005)
697.900 .... 2289 packets received, 6722 bps, 84.02%, Err 56 (1.0e-005)
699.996 .... 2297 packets received, 6725 bps, 84.06%, Err 56 (1.0e-005)
702.104 .... 2305 packets received, 6728 bps, 84.10%, Err 56 (1.0e-005)
705.801 .... 2312 packets received, 6713 bps, 83.91%, Err 57 (1.0e-005)
707.912 .... 2315 packets received, 6702 bps, 83.77%, Err 58 (1.0e-005)
710.288 .... 2319 packets received, 6691 bps, 83.63%, Err 58 (1.0e-005)
725.609 .... 2321 packets received, 6555 bps, 81.94%, Err 58 (1.0e-005)
727.709 .... 2329 packets received, 6559 bps, 81.98%, Err 58 (1.0e-005)
729.827 .... 2337 packets received, 6562 bps, 82.03%, Err 58 (9.9e-006)
731.941 .... 2345 packets received, 6566 bps, 82.07%, Err 58 (9.9e-006)
734.064 .... 2353 packets received, 6569 bps, 82.11%, Err 58 (9.9e-006)
736.166 .... 2361 packets received, 6572 bps, 82.15%, Err 58 (9.9e-006)
738.280 .... 2369 packets received, 6576 bps, 82.20%, Err 58 (9.8e-006)
740.388 .... 2377 packets received, 6579 bps, 82.24%, Err 58 (9.8e-006)
742.507 .... 2385 packets received, 6582 bps, 82.28%, Err 58 (9.8e-006)
744.625 .... 2389 packets received, 6575 bps, 82.18%, Err 59 (9.9e-006)
746.718 .... 2397 packets received, 6578 bps, 82.23%, Err 59 (9.9e-006)
748.833 .... 2405 packets received, 6582 bps, 82.27%, Err 59 (9.9e-006)
751.492 .... 2411 packets received, 6575 bps, 82.18%, Err 61 (1.0e-005)
753.595 .... 2415 packets received, 6567 bps, 82.09%, Err 61 (1.0e-005)
755.703 .... 2423 packets received, 6570 bps, 82.13%, Err 61 (1.0e-005)
757.808 .... 2431 packets received, 6574 bps, 82.17%, Err 61 (1.0e-005)
759.929 .... 2439 packets received, 6577 bps, 82.21%, Err 61 (1.0e-005)
762.035 .... 2447 packets received, 6580 bps, 82.25%, Err 61 (1.0e-005)
764.156 .... 2455 packets received, 6584 bps, 82.29%, Err 61 (1.0e-005)
766.274 .... 2463 packets received, 6587 bps, 82.33%, Err 61 (1.0e-005)
768.391 .... 2471 packets received, 6590 bps, 82.37%, Err 61 (9.9e-006)
770.492 .... 2479 packets received, 6593 bps, 82.42%, Err 61 (9.9e-006)
772.601 .... 2487 packets received, 6596 bps, 82.46%, Err 61 (9.9e-006)
774.712 .... 2495 packets received, 6600 bps, 82.49%, Err 62 (1.0e-005)
778.679 .... 2499 packets received, 6576 bps, 82.21%, Err 64 (1.0e-005)
780.793 .... 2505 packets received, 6574 bps, 82.18%, Err 64 (1.0e-005)
782.916 .... 2513 packets received, 6578 bps, 82.22%, Err 65 (1.0e-005)
785.022 .... 2517 packets received, 6570 bps, 82.13%, Err 65 (1.0e-005)
787.134 .... 2525 packets received, 6573 bps, 82.17%, Err 65 (1.0e-005)
789.772 .... 2531 packets received, 6567 bps, 82.09%, Err 66 (1.0e-005)
791.870 .... 2539 packets received, 6570 bps, 82.13%, Err 66 (1.0e-005)
793.998 .... 2547 packets received, 6573 bps, 82.17%, Err 66 (1.0e-005)
796.088 .... 2555 packets received, 6577 bps, 82.21%, Err 66 (1.0e-005)
798.199 .... 2563 packets received, 6580 bps, 82.25%, Err 66 (1.0e-005)
800.314 .... 2571 packets received, 6583 bps, 82.29%, Err 66 (1.0e-005)
802.428 .... 2579 packets received, 6586 bps, 82.33%, Err 66 (1.0e-005)
804.543 .... 2587 packets received, 6589 bps, 82.36%, Err 66 (1.0e-005)
806.669 .... 2595 packets received, 6592 bps, 82.40%, Err 67 (1.0e-005)
808.771 .... 2598 packets received, 6582 bps, 82.28%, Err 67 (1.0e-005)
810.884 .... 2606 packets received, 6586 bps, 82.32%, Err 67 (1.0e-005)
812.988 .... 2614 packets received, 6589 bps, 82.36%, Err 67 (1.0e-005)
815.121 .... 2622 packets received, 6592 bps, 82.39%, Err 67 (1.0e-005)
817.477 .... 2626 packets received, 6583 bps, 82.28%, Err 68 (1.0e-005)
822.780 .... 2634 packets received, 6560 bps, 82.00%, Err 70 (1.1e-005)
824.878 .... 2642 packets received, 6563 bps, 82.04%, Err 70 (1.1e-005)
826.991 .... 2650 packets received, 6566 bps, 82.08%, Err 70 (1.1e-005)
829.105 .... 2658 packets received, 6569 bps, 82.12%, Err 70 (1.1e-005)
831.216 .... 2666 packets received, 6572 bps, 82.15%, Err 70 (1.1e-005)
833.331 .... 2674 packets received, 6575 bps, 82.19%, Err 70 (1.1e-005)
835.447 .... 2682 packets received, 6578 bps, 82.23%, Err 70 (1.0e-005)
837.561 .... 2685 packets received, 6569 bps, 82.11%, Err 71 (1.1e-005)
839.661 .... 2688 packets received, 6560 bps, 82.00%, Err 72 (1.1e-005)
841.774 .... 2696 packets received, 6563 bps, 82.04%, Err 72 (1.1e-005)
843.901 .... 2704 packets received, 6566 bps, 82.07%, Err 72 (1.1e-005)
846.815 .... 2710 packets received, 6558 bps, 81.97%, Err 73 (1.1e-005)
848.903 .... 2718 packets received, 6561 bps, 82.01%, Err 73 (1.1e-005)
851.016 .... 2726 packets received, 6564 bps, 82.05%, Err 73 (1.1e-005)
853.146 .... 2734 packets received, 6567 bps, 82.08%, Err 73 (1.1e-005)
855.261 .... 2742 packets received, 6569 bps, 82.12%, Err 73 (1.1e-005)
857.377 .... 2750 packets received, 6572 bps, 82.15%, Err 73 (1.1e-005)
859.485 .... 2758 packets received, 6575 bps, 82.19%, Err 73 (1.1e-005)
861.599 .... 2766 packets received, 6578 bps, 82.23%, Err 73 (1.1e-005)
863.714 .... 2774 packets received, 6581 bps, 82.26%, Err 73 (1.1e-005)
865.830 .... 2782 packets received, 6584 bps, 82.30%, Err 73 (1.1e-005)
867.928 .... 2790 packets received, 6587 bps, 82.34%, Err 73 (1.1e-005)
870.296 .... 2794 packets received, 6578 bps, 82.23%, Err 75 (1.1e-005)
872.411 .... 2802 packets received, 6581 bps, 82.27%, Err 75 (1.1e-005)
875.323 .... 2808 packets received, 6573 bps, 82.17%, Err 76 (1.1e-005)
877.449 .... 2816 packets received, 6576 bps, 82.20%, Err 76 (1.1e-005)
879.562 .... 2824 packets received, 6579 bps, 82.24%, Err 76 (1.1e-005)
881.682 .... 2832 packets received, 6582 bps, 82.27%, Err 76 (1.1e-005)
883.782 .... 2840 packets received, 6585 bps, 82.31%, Err 76 (1.1e-005)
885.895 .... 2848 packets received, 6587 bps, 82.34%, Err 76 (1.1e-005)
888.024 .... 2856 packets received, 6590 bps, 82.38%, Err 76 (1.1e-005)
890.122 .... 2864 packets received, 6593 bps, 82.41%, Err 76 (1.1e-005)
892.252 .... 2872 packets received, 6596 bps, 82.44%, Err 76 (1.1e-005)
894.361 .... 2880 packets received, 6598 bps, 82.48%, Err 76 (1.1e-005)
896.447 .... 2888 packets received, 6601 bps, 82.52%, Err 76 (1.1e-005)
898.567 .... 2896 packets received, 6604 bps, 82.55%, Err 76 (1.1e-005)
900.694 .... 2904 packets received, 6606 bps, 82.58%, Err 76 (1.1e-005)
902.811 .... 2912 packets received, 6609 bps, 82.61%, Err 77 (1.1e-005)
904.901 .... 2916 packets received, 6603 bps, 82.54%, Err 77 (1.1e-005)
907.015 .... 2924 packets received, 6606 bps, 82.57%, Err 77 (1.1e-005)
909.123 .... 2932 packets received, 6608 bps, 82.60%, Err 77 (1.1e-005)
911.222 .... 2940 packets received, 6611 bps, 82.64%, Err 77 (1.1e-005)
913.367 .... 2948 packets received, 6613 bps, 82.67%, Err 77 (1.1e-005)
915.457 .... 2956 packets received, 6616 bps, 82.70%, Err 77 (1.1e-005)
917.576 .... 2964 packets received, 6619 bps, 82.74%, Err 77 (1.0e-005)
919.688 .... 2972 packets received, 6621 bps, 82.77%, Err 77 (1.0e-005)
921.805 .... 2980 packets received, 6624 bps, 82.80%, Err 77 (1.0e-005)
923.919 .... 2984 packets received, 6618 bps, 82.72%, Err 78 (1.1e-005)
926.030 .... 2992 packets received, 6620 bps, 82.75%, Err 78 (1.1e-005)
928.131 .... 3000 packets received, 6623 bps, 82.79%, Err 78 (1.1e-005)
930.250 .... 3008 packets received, 6626 bps, 82.82%, Err 78 (1.0e-005)
932.892 .... 3014 packets received, 6620 bps, 82.75%, Err 79 (1.1e-005)
935.004 .... 3022 packets received, 6623 bps, 82.78%, Err 80 (1.1e-005)
937.116 .... 3030 packets received, 6625 bps, 82.81%, Err 80 (1.1e-005)
939.237 .... 3038 packets received, 6628 bps, 82.84%, Err 80 (1.1e-005)
941.327 .... 3046 packets received, 6630 bps, 82.88%, Err 80 (1.1e-005)
943.729 .... 3051 packets received, 6624 bps, 82.80%, Err 81 (1.1e-005)
945.839 .... 3059 packets received, 6627 bps, 82.83%, Err 81 (1.1e-005)
947.938 .... 3067 packets received, 6629 bps, 82.87%, Err 81 (1.1e-005)
950.052 .... 3075 packets received, 6632 bps, 82.90%, Err 81 (1.1e-005)
952.180 .... 3083 packets received, 6634 bps, 82.93%, Err 81 (1.1e-005)
954.280 .... 3091 packets received, 6637 bps, 82.96%, Err 81 (1.1e-005)
956.395 .... 3099 packets received, 6639 bps, 82.99%, Err 81 (1.1e-005)
958.499 .... 3107 packets received, 6642 bps, 83.02%, Err 81 (1.1e-005)
960.609 .... 3115 packets received, 6644 bps, 83.05%, Err 81 (1.1e-005)
962.731 .... 3123 packets received, 6647 bps, 83.08%, Err 81 (1.1e-005)
964.845 .... 3131 packets received, 6649 bps, 83.11%, Err 81 (1.0e-005)
966.959 .... 3139 packets received, 6651 bps, 83.14%, Err 81 (1.0e-005)
969.060 .... 3147 packets received, 6654 bps, 83.17%, Err 81 (1.0e-005)
971.178 .... 3155 packets received, 6656 bps, 83.20%, Err 81 (1.0e-005)
973.274 .... 3163 packets received, 6659 bps, 83.24%, Err 81 (1.0e-005)
975.400 .... 3171 packets received, 6661 bps, 83.26%, Err 81 (1.0e-005)
977.510 .... 3179 packets received, 6664 bps, 83.29%, Err 81 (1.0e-005)
979.631 .... 3187 packets received, 6666 bps, 83.32%, Err 81 (1.0e-005)
981.730 .... 3195 packets received, 6668 bps, 83.35%, Err 81 (1.0e-005)
983.843 .... 3203 packets received, 6671 bps, 83.38%, Err 81 (1.0e-005)
985.964 .... 3211 packets received, 6673 bps, 83.41%, Err 81 (1.0e-005)
988.079 .... 3219 packets received, 6675 bps, 83.44%, Err 81 (1.0e-005)
990.188 .... 3227 packets received, 6677 bps, 83.47%, Err 81 (1.0e-005)
992.288 .... 3235 packets received, 6680 bps, 83.50%, Err 81 (1.0e-005)
994.414 .... 3243 packets received, 6682 bps, 83.53%, Err 82 (1.0e-005)
996.532 .... 3251 packets received, 6684 bps, 83.55%, Err 82 (1.0e-005)
998.634 .... 3259 packets received, 6687 bps, 83.58%, Err 82 (1.0e-005)
1000.738 .... 3263 packets received, 6681 bps, 83.51%, Err 83 (1.0e-005)
1002.867 .... 3271 packets received, 6683 bps, 83.54%, Err 83 (1.0e-005)
1004.975 .... 3274 packets received, 6675 bps, 83.44%, Err 84 (1.0e-005)
1007.075 .... 3282 packets received, 6677 bps, 83.47%, Err 84 (1.0e-005)
1009.191 .... 3290 packets received, 6680 bps, 83.49%, Err 84 (1.0e-005)
1011.305 .... 3294 packets received, 6674 bps, 83.42%, Err 85 (1.1e-005)
1013.437 .... 3302 packets received, 6676 bps, 83.45%, Err 85 (1.0e-005)
1015.522 .... 3310 packets received, 6678 bps, 83.48%, Err 85 (1.0e-005)
1017.653 .... 3318 packets received, 6680 bps, 83.51%, Err 85 (1.0e-005)
1019.758 .... 3326 packets received, 6683 bps, 83.53%, Err 85 (1.0e-005)
1022.655 .... 3333 packets received, 6678 bps, 83.47%, Err 86 (1.1e-005)
1024.786 .... 3341 packets received, 6680 bps, 83.50%, Err 86 (1.0e-005)
1027.683 .... 3348 packets received, 6675 bps, 83.44%, Err 88 (1.1e-005)
1029.795 .... 3356 packets received, 6677 bps, 83.47%, Err 88 (1.1e-005)
1031.910 .... 3364 packets received, 6679 bps, 83.49%, Err 88 (1.1e-005)
1034.029 .... 3372 packets received, 6682 bps, 83.52%, Err 88 (1.1e-005)
1036.124 .... 3380 packets received, 6684 bps, 83.55%, Err 88 (1.1e-005)
1038.245 .... 3388 packets received, 6686 bps, 83.57%, Err 88 (1.1e-005)
1040.340 .... 3396 packets received, 6688 bps, 83.60%, Err 88 (1.1e-005)
1042.457 .... 3404 packets received, 6690 bps, 83.63%, Err 88 (1.1e-005)
1044.565 .... 3412 packets received, 6693 bps, 83.66%, Err 88 (1.1e-005)
1046.682 .... 3420 packets received, 6695 bps, 83.68%, Err 88 (1.1e-005)
1048.787 .... 3428 packets received, 6697 bps, 83.71%, Err 88 (1.0e-005)
1050.912 .... 3432 packets received, 6691 bps, 83.64%, Err 89 (1.1e-005)
1053.019 .... 3440 packets received, 6693 bps, 83.67%, Err 89 (1.1e-005)
1055.135 .... 3448 packets received, 6695 bps, 83.69%, Err 89 (1.1e-005)
1058.565 .... 3450 packets received, 6678 bps, 83.47%, Err 91 (1.1e-005)
1060.680 .... 3458 packets received, 6680 bps, 83.50%, Err 91 (1.1e-005)
1062.797 .... 3466 packets received, 6682 bps, 83.52%, Err 91 (1.1e-005)
1064.911 .... 3474 packets received, 6684 bps, 83.55%, Err 91 (1.1e-005)
1067.027 .... 3482 packets received, 6686 bps, 83.58%, Err 91 (1.1e-005)
1069.131 .... 3490 packets received, 6688 bps, 83.60%, Err 91 (1.1e-005)
1071.254 .... 3498 packets received, 6690 bps, 83.63%, Err 91 (1.1e-005)
1073.371 .... 3506 packets received, 6692 bps, 83.65%, Err 91 (1.1e-005)
1075.476 .... 3514 packets received, 6694 bps, 83.68%, Err 91 (1.1e-005)
1077.606 .... 3522 packets received, 6696 bps, 83.71%, Err 91 (1.1e-005)
1079.707 .... 3530 packets received, 6699 bps, 83.73%, Err 91 (1.1e-005)
1081.824 .... 3538 packets received, 6701 bps, 83.76%, Err 91 (1.1e-005)
1083.930 .... 3546 packets received, 6703 bps, 83.78%, Err 91 (1.0e-005)
1086.045 .... 3554 packets received, 6705 bps, 83.81%, Err 91 (1.0e-005)
1088.963 .... 3561 packets received, 6700 bps, 83.75%, Err 92 (1.1e-005)
1091.864 .... 3568 packets received, 6695 bps, 83.69%, Err 93 (1.1e-005)
1093.964 .... 3576 packets received, 6697 bps, 83.72%, Err 93 (1.1e-005)
1096.077 .... 3584 packets received, 6699 bps, 83.74%, Err 93 (1.1e-005)
1098.188 .... 3592 packets received, 6701 bps, 83.77%, Err 93 (1.1e-005)
1100.316 .... 3600 packets received, 6703 bps, 83.79%, Err 93 (1.1e-005)
1102.419 .... 3608 packets received, 6705 bps, 83.82%, Err 93 (1.1e-005)
1104.522 .... 3616 packets received, 6708 bps, 83.84%, Err 93 (1.1e-005)
1106.641 .... 3624 packets received, 6710 bps, 83.87%, Err 93 (1.1e-005)
1108.747 .... 3632 packets received, 6712 bps, 83.89%, Err 93 (1.0e-005)
1110.871 .... 3640 packets received, 6713 bps, 83.92%, Err 93 (1.0e-005)
1112.978 .... 3648 packets received, 6715 bps, 83.94%, Err 93 (1.0e-005)
1115.099 .... 3656 packets received, 6717 bps, 83.97%, Err 93 (1.0e-005)
1117.206 .... 3664 packets received, 6719 bps, 83.99%, Err 93 (1.0e-005)
1119.308 .... 3672 packets received, 6721 bps, 84.02%, Err 93 (1.0e-005)
1121.413 .... 3680 packets received, 6723 bps, 84.04%, Err 93 (1.0e-005)
1123.526 .... 3688 packets received, 6725 bps, 84.07%, Err 93 (1.0e-005)
1125.654 .... 3696 packets received, 6727 bps, 84.09%, Err 93 (1.0e-005)
1127.756 .... 3704 packets received, 6729 bps, 84.11%, Err 93 (1.0e-005)
1129.878 .... 3712 packets received, 6731 bps, 84.14%, Err 93 (1.0e-005)
1131.981 .... 3720 packets received, 6733 bps, 84.16%, Err 93 (1.0e-005)
1134.088 .... 3728 packets received, 6735 bps, 84.19%, Err 93 (1.0e-005)
1136.208 .... 3736 packets received, 6737 bps, 84.21%, Err 93 (1.0e-005)
1138.331 .... 3744 packets received, 6739 bps, 84.23%, Err 93 (1.0e-005)
1140.442 .... 3752 packets received, 6741 bps, 84.26%, Err 93 (1.0e-005)
1142.532 .... 3760 packets received, 6743 bps, 84.28%, Err 93 (1.0e-005)
1144.658 .... 3768 packets received, 6744 bps, 84.30%, Err 93 (1.0e-005)
1146.762 .... 3776 packets received, 6746 bps, 84.33%, Err 93 (1.0e-005)
1148.879 .... 3784 packets received, 6748 bps, 84.35%, Err 93 (1.0e-005)
1150.993 .... 3792 packets received, 6750 bps, 84.37%, Err 93 (1.0e-005)
1153.101 .... 3800 packets received, 6752 bps, 84.40%, Err 93 (1.0e-005)
1155.217 .... 3808 packets received, 6754 bps, 84.42%, Err 93 (1.0e-005)
1157.334 .... 3816 packets received, 6755 bps, 84.44%, Err 93 (1.0e-005)
1159.439 .... 3824 packets received, 6757 bps, 84.47%, Err 93 (1.0e-005)
1161.560 .... 3832 packets received, 6759 bps, 84.49%, Err 93 (1.0e-005)
1163.660 .... 3840 packets received, 6761 bps, 84.51%, Err 93 (1.0e-005)
1165.779 .... 3848 packets received, 6763 bps, 84.53%, Err 93 (1.0e-005)
1167.882 .... 3856 packets received, 6765 bps, 84.56%, Err 93 (1.0e-005)
1169.997 .... 3864 packets received, 6766 bps, 84.58%, Err 93 (9.9e-006)
1172.120 .... 3872 packets received, 6768 bps, 84.60%, Err 93 (9.9e-006)
1174.229 .... 3876 packets received, 6763 bps, 84.54%, Err 94 (1.0e-005)
1176.342 .... 3884 packets received, 6765 bps, 84.56%, Err 94 (1.0e-005)
1178.452 .... 3892 packets received, 6766 bps, 84.58%, Err 94 (1.0e-005)
1180.564 .... 3900 packets received, 6768 bps, 84.60%, Err 94 (1.0e-005)
1182.679 .... 3908 packets received, 6770 bps, 84.62%, Err 94 (9.9e-006)
1184.779 .... 3916 packets received, 6772 bps, 84.65%, Err 94 (9.9e-006)
1187.954 .... 3924 packets received, 6767 bps, 84.59%, Err 95 (1.0e-005)
1191.126 .... 3932 packets received, 6763 bps, 84.54%, Err 96 (1.0e-005)
1193.227 .... 3940 packets received, 6765 bps, 84.56%, Err 96 (1.0e-005)
1195.353 .... 3944 packets received, 6760 bps, 84.50%, Err 97 (1.0e-005)
1197.459 .... 3952 packets received, 6762 bps, 84.52%, Err 97 (1.0e-005)
1199.564 .... 3960 packets received, 6763 bps, 84.54%, Err 97 (1.0e-005)
1201.690 .... 3968 packets received, 6765 bps, 84.56%, Err 97 (1.0e-005)
1203.800 .... 3976 packets received, 6767 bps, 84.59%, Err 97 (1.0e-005)
1205.898 .... 3984 packets received, 6769 bps, 84.61%, Err 97 (1.0e-005)
1208.013 .... 3992 packets received, 6770 bps, 84.63%, Err 97 (1.0e-005)
1210.133 .... 4000 packets received, 6772 bps, 84.65%, Err 97 (1.0e-005)
1212.252 .... 4004 packets received, 6767 bps, 84.59%, Err 99 (1.0e-005)
1214.367 .... 4012 packets received, 6769 bps, 84.61%, Err 99 (1.0e-005)
1216.485 .... 4020 packets received, 6770 bps, 84.63%, Err 99 (1.0e-005)
1218.586 .... 4028 packets received, 6772 bps, 84.65%, Err 99 (1.0e-005)
1220.701 .... 4036 packets received, 6774 bps, 84.67%, Err 99 (1.0e-005)
1222.800 .... 4044 packets received, 6776 bps, 84.70%, Err 99 (1.0e-005)
1224.929 .... 4052 packets received, 6777 bps, 84.72%, Err 99 (1.0e-005)
1227.283 .... 4056 packets received, 6771 bps, 84.64%, Err 100 (1.0e-005)
1230.214 .... 4063 packets received, 6766 bps, 84.58%, Err 101 (1.0e-005)
1232.331 .... 4071 packets received, 6768 bps, 84.60%, Err 101 (1.0e-005)
1235.499 .... 4079 packets received, 6764 bps, 84.55%, Err 102 (1.0e-005)
1237.596 .... 4087 packets received, 6766 bps, 84.57%, Err 102 (1.0e-005)
1239.704 .... 4095 packets received, 6767 bps, 84.59%, Err 102 (1.0e-005)
1241.833 .... 4103 packets received, 6769 bps, 84.61%, Err 102 (1.0e-005)
1243.935 .... 4111 packets received, 6771 bps, 84.64%, Err 102 (1.0e-005)
1246.047 .... 4115 packets received, 6766 bps, 84.57%, Err 103 (1.0e-005)
1248.162 .... 4123 packets received, 6768 bps, 84.59%, Err 103 (1.0e-005)
1250.278 .... 4131 packets received, 6769 bps, 84.62%, Err 104 (1.0e-005)
1252.390 .... 4139 packets received, 6771 bps, 84.64%, Err 104 (1.0e-005)
1254.487 .... 4147 packets received, 6773 bps, 84.66%, Err 104 (1.0e-005)
1256.604 .... 4155 packets received, 6774 bps, 84.68%, Err 104 (1.0e-005)
1258.721 .... 4163 packets received, 6776 bps, 84.70%, Err 104 (1.0e-005)
1260.818 .... 4166 packets received, 6769 bps, 84.62%, Err 105 (1.0e-005)
1262.931 .... 4174 packets received, 6771 bps, 84.64%, Err 105 (1.0e-005)
1265.058 .... 4182 packets received, 6773 bps, 84.66%, Err 105 (1.0e-005)
1267.156 .... 4190 packets received, 6774 bps, 84.68%, Err 105 (1.0e-005)
1269.281 .... 4198 packets received, 6776 bps, 84.70%, Err 105 (1.0e-005)
1271.390 .... 4206 packets received, 6778 bps, 84.72%, Err 105 (1.0e-005)
1273.507 .... 4214 packets received, 6779 bps, 84.74%, Err 105 (1.0e-005)
1275.627 .... 4222 packets received, 6781 bps, 84.76%, Err 105 (1.0e-005)
1277.741 .... 4230 packets received, 6782 bps, 84.78%, Err 105 (1.0e-005)
1279.830 .... 4233 packets received, 6776 bps, 84.70%, Err 106 (1.0e-005)
1281.943 .... 4241 packets received, 6778 bps, 84.72%, Err 106 (1.0e-005)
1284.058 .... 4244 packets received, 6771 bps, 84.64%, Err 107 (1.0e-005)
1286.177 .... 4247 packets received, 6765 bps, 84.56%, Err 109 (1.1e-005)
1288.305 .... 4255 packets received, 6767 bps, 84.58%, Err 109 (1.1e-005)
1290.404 .... 4263 packets received, 6768 bps, 84.60%, Err 109 (1.1e-005)
1292.520 .... 4271 packets received, 6770 bps, 84.62%, Err 109 (1.1e-005)
1294.653 .... 4279 packets received, 6771 bps, 84.64%, Err 109 (1.1e-005)
1296.759 .... 4287 packets received, 6773 bps, 84.66%, Err 109 (1.1e-005)
1298.871 .... 4295 packets received, 6775 bps, 84.68%, Err 109 (1.0e-005)
1300.989 .... 4303 packets received, 6776 bps, 84.70%, Err 109 (1.0e-005)
1303.106 .... 4311 packets received, 6778 bps, 84.72%, Err 109 (1.0e-005)
1305.210 .... 4319 packets received, 6779 bps, 84.74%, Err 109 (1.0e-005)
1307.331 .... 4327 packets received, 6781 bps, 84.76%, Err 109 (1.0e-005)
1309.446 .... 4335 packets received, 6782 bps, 84.78%, Err 109 (1.0e-005)
1311.546 .... 4343 packets received, 6784 bps, 84.80%, Err 109 (1.0e-005)
1313.670 .... 4351 packets received, 6786 bps, 84.82%, Err 109 (1.0e-005)
1315.772 .... 4359 packets received, 6787 bps, 84.84%, Err 109 (1.0e-005)
1317.889 .... 4367 packets received, 6789 bps, 84.86%, Err 109 (1.0e-005)
1319.989 .... 4375 packets received, 6790 bps, 84.88%, Err 109 (1.0e-005)
1322.096 .... 4383 packets received, 6792 bps, 84.90%, Err 109 (1.0e-005)
1324.483 .... 4388 packets received, 6787 bps, 84.84%, Err 110 (1.0e-005)
1326.584 .... 4396 packets received, 6789 bps, 84.86%, Err 110 (1.0e-005)
1328.701 .... 4404 packets received, 6790 bps, 84.88%, Err 110 (1.0e-005)
1330.815 .... 4412 packets received, 6792 bps, 84.90%, Err 110 (1.0e-005)
1332.928 .... 4420 packets received, 6794 bps, 84.92%, Err 110 (1.0e-005)
1336.104 .... 4428 packets received, 6790 bps, 84.87%, Err 111 (1.0e-005)
1338.206 .... 4436 packets received, 6791 bps, 84.89%, Err 111 (1.0e-005)
1340.317 .... 4444 packets received, 6793 bps, 84.91%, Err 111 (1.0e-005)
1342.432 .... 4452 packets received, 6794 bps, 84.93%, Err 111 (1.0e-005)
1345.338 .... 4459 packets received, 6790 bps, 84.88%, Err 112 (1.0e-005)
1347.466 .... 4467 packets received, 6792 bps, 84.90%, Err 112 (1.0e-005)
1349.550 .... 4475 packets received, 6793 bps, 84.92%, Err 112 (1.0e-005)
1351.668 .... 4483 packets received, 6795 bps, 84.93%, Err 112 (1.0e-005)
1353.790 .... 4491 packets received, 6796 bps, 84.95%, Err 112 (1.0e-005)
1355.889 .... 4499 packets received, 6798 bps, 84.97%, Err 112 (1.0e-005)
1358.011 .... 4507 packets received, 6799 bps, 84.99%, Err 112 (1.0e-005)
1360.133 .... 4515 packets received, 6801 bps, 85.01%, Err 112 (1.0e-005)
1362.240 .... 4523 packets received, 6802 bps, 85.03%, Err 112 (1.0e-005)
1364.345 .... 4531 packets received, 6804 bps, 85.05%, Err 112 (1.0e-005)
1366.463 .... 4539 packets received, 6805 bps, 85.06%, Err 112 (1.0e-005)
1368.580 .... 4547 packets received, 6807 bps, 85.08%, Err 112 (1.0e-005)
1370.680 .... 4555 packets received, 6808 bps, 85.10%, Err 112 (1.0e-005)
1372.794 .... 4563 packets received, 6810 bps, 85.12%, Err 112 (1.0e-005)
1374.909 .... 4571 packets received, 6811 bps, 85.14%, Err 112 (1.0e-005)
1377.020 .... 4575 packets received, 6807 bps, 85.08%, Err 113 (1.0e-005)
1379.132 .... 4583 packets received, 6808 bps, 85.10%, Err 113 (1.0e-005)
1381.247 .... 4591 packets received, 6809 bps, 85.12%, Err 113 (1.0e-005)
1383.359 .... 4599 packets received, 6811 bps, 85.14%, Err 113 (1.0e-005)
1385.459 .... 4607 packets received, 6812 bps, 85.15%, Err 113 (1.0e-005)
1387.586 .... 4615 packets received, 6814 bps, 85.17%, Err 113 (1.0e-005)
1389.699 .... 4623 packets received, 6815 bps, 85.19%, Err 113 (1.0e-005)
1391.793 .... 4631 packets received, 6817 bps, 85.21%, Err 113 (1.0e-005)
1393.921 .... 4639 packets received, 6818 bps, 85.23%, Err 113 (1.0e-005)
1396.040 .... 4647 packets received, 6819 bps, 85.24%, Err 113 (1.0e-005)
1398.143 .... 4655 packets received, 6821 bps, 85.26%, Err 113 (1.0e-005)
1400.253 .... 4663 packets received, 6822 bps, 85.28%, Err 113 (1.0e-005)
1402.369 .... 4671 packets received, 6824 bps, 85.30%, Err 113 (1.0e-005)
1404.485 .... 4679 packets received, 6825 bps, 85.31%, Err 113 (1.0e-005)
1406.597 .... 4687 packets received, 6826 bps, 85.33%, Err 113 (1.0e-005)
1408.696 .... 4695 packets received, 6828 bps, 85.35%, Err 113 (1.0e-005)
1410.826 .... 4703 packets received, 6829 bps, 85.37%, Err 113 (1.0e-005)
1412.933 .... 4711 packets received, 6831 bps, 85.38%, Err 113 (1.0e-005)
1415.046 .... 4719 packets received, 6832 bps, 85.40%, Err 113 (1.0e-005)
1417.179 .... 4727 packets received, 6833 bps, 85.42%, Err 113 (1.0e-005)
1419.281 .... 4735 packets received, 6835 bps, 85.43%, Err 113 (1.0e-005)
1421.386 .... 4743 packets received, 6836 bps, 85.45%, Err 113 (9.9e-006)
1423.519 .... 4751 packets received, 6837 bps, 85.47%, Err 113 (9.9e-006)
1425.615 .... 4759 packets received, 6839 bps, 85.49%, Err 113 (9.9e-006)
1427.739 .... 4767 packets received, 6840 bps, 85.50%, Err 113 (9.9e-006)
1429.850 .... 4775 packets received, 6842 bps, 85.52%, Err 113 (9.9e-006)
1431.947 .... 4783 packets received, 6843 bps, 85.54%, Err 113 (9.9e-006)
1434.588 .... 4788 packets received, 6837 bps, 85.47%, Err 114 (9.9e-006)
1436.706 .... 4796 packets received, 6839 bps, 85.49%, Err 114 (9.9e-006)
1438.837 .... 4804 packets received, 6840 bps, 85.50%, Err 115 (1.0e-005)
1440.953 .... 4812 packets received, 6841 bps, 85.52%, Err 115 (1.0e-005)
1443.043 .... 4820 packets received, 6843 bps, 85.54%, Err 115 (1.0e-005)
1445.173 .... 4828 packets received, 6844 bps, 85.55%, Err 116 (1.0e-005)
1447.286 .... 4831 packets received, 6838 bps, 85.48%, Err 116 (1.0e-005)
1449.387 .... 4839 packets received, 6840 bps, 85.50%, Err 116 (1.0e-005)
1451.516 .... 4847 packets received, 6841 bps, 85.51%, Err 116 (1.0e-005)
1454.950 .... 4855 packets received, 6836 bps, 85.45%, Err 118 (1.0e-005)
1457.049 .... 4858 packets received, 6830 bps, 85.38%, Err 118 (1.0e-005)
1459.178 .... 4866 packets received, 6832 bps, 85.40%, Err 118 (1.0e-005)
1461.263 .... 4874 packets received, 6833 bps, 85.41%, Err 118 (1.0e-005)
1463.383 .... 4882 packets received, 6834 bps, 85.43%, Err 118 (1.0e-005)
1465.506 .... 4890 packets received, 6836 bps, 85.45%, Err 118 (1.0e-005)
1467.623 .... 4898 packets received, 6837 bps, 85.46%, Err 118 (1.0e-005)
1469.738 .... 4906 packets received, 6838 bps, 85.48%, Err 118 (1.0e-005)
1471.853 .... 4914 packets received, 6840 bps, 85.50%, Err 118 (1.0e-005)
1473.959 .... 4922 packets received, 6841 bps, 85.51%, Err 118 (1.0e-005)
1476.074 .... 4930 packets received, 6842 bps, 85.53%, Err 118 (1.0e-005)
1478.182 .... 4938 packets received, 6844 bps, 85.55%, Err 118 (1.0e-005)
1481.618 .... 4946 packets received, 6839 bps, 85.49%, Err 119 (1.0e-005)
1483.747 .... 4954 packets received, 6840 bps, 85.50%, Err 119 (1.0e-005)
1485.848 .... 4962 packets received, 6841 bps, 85.52%, Err 119 (1.0e-005)
1487.978 .... 4970 packets received, 6843 bps, 85.53%, Err 119 (1.0e-005)
1490.081 .... 4978 packets received, 6844 bps, 85.55%, Err 119 (1.0e-005)
1492.179 .... 4986 packets received, 6845 bps, 85.57%, Err 119 (1.0e-005)
1494.306 .... 4994 packets received, 6847 bps, 85.58%, Err 119 (1.0e-005)
1496.409 .... 5002 packets received, 6848 bps, 85.60%, Err 119 (9.9e-006)
1499.074 .... 5007 packets received, 6843 bps, 85.53%, Err 120 (1.0e-005)
1501.159 .... 5015 packets received, 6844 bps, 85.55%, Err 120 (1.0e-005)
1503.299 .... 5023 packets received, 6845 bps, 85.56%, Err 120 (1.0e-005)
1505.401 .... 5031 packets received, 6846 bps, 85.58%, Err 120 (1.0e-005)
1507.497 .... 5039 packets received, 6848 bps, 85.60%, Err 120 (1.0e-005)
1509.619 .... 5047 packets received, 6849 bps, 85.61%, Err 120 (9.9e-006)
1511.746 .... 5055 packets received, 6850 bps, 85.63%, Err 120 (9.9e-006)
1513.849 .... 5063 packets received, 6852 bps, 85.64%, Err 120 (9.9e-006)
1515.967 .... 5071 packets received, 6853 bps, 85.66%, Err 120 (9.9e-006)
1518.075 .... 5079 packets received, 6854 bps, 85.68%, Err 120 (9.9e-006)
1520.973 .... 5086 packets received, 6850 bps, 85.63%, Err 121 (9.9e-006)
1523.091 .... 5094 packets received, 6852 bps, 85.65%, Err 121 (9.9e-006)
1525.201 .... 5102 packets received, 6853 bps, 85.66%, Err 121 (9.9e-006)
1527.306 .... 5110 packets received, 6854 bps, 85.68%, Err 121 (9.9e-006)
1529.432 .... 5118 packets received, 6855 bps, 85.69%, Err 121 (9.9e-006)
1531.532 .... 5126 packets received, 6857 bps, 85.71%, Err 121 (9.9e-006)
1533.640 .... 5134 packets received, 6858 bps, 85.72%, Err 121 (9.9e-006)
1535.766 .... 5142 packets received, 6859 bps, 85.74%, Err 121 (9.8e-006)
1537.879 .... 5150 packets received, 6860 bps, 85.75%, Err 121 (9.8e-006)
1539.990 .... 5158 packets received, 6862 bps, 85.77%, Err 121 (9.8e-006)
1542.096 .... 5166 packets received, 6863 bps, 85.79%, Err 121 (9.8e-006)
1545.006 .... 5173 packets received, 6859 bps, 85.74%, Err 122 (9.9e-006)
1547.109 .... 5181 packets received, 6860 bps, 85.76%, Err 122 (9.9e-006)
1549.234 .... 5189 packets received, 6862 bps, 85.77%, Err 122 (9.8e-006)
1551.331 .... 5197 packets received, 6863 bps, 85.79%, Err 122 (9.8e-006)
1553.465 .... 5205 packets received, 6864 bps, 85.80%, Err 122 (9.8e-006)
1555.560 .... 5213 packets received, 6865 bps, 85.82%, Err 122 (9.8e-006)
1557.674 .... 5221 packets received, 6866 bps, 85.83%, Err 122 (9.8e-006)
1559.790 .... 5229 packets received, 6868 bps, 85.85%, Err 122 (9.8e-006)
1561.895 .... 5237 packets received, 6869 bps, 85.86%, Err 122 (9.8e-006)
1564.005 .... 5245 packets received, 6870 bps, 85.88%, Err 122 (9.8e-006)
1566.131 .... 5253 packets received, 6871 bps, 85.89%, Err 122 (9.7e-006)
1568.230 .... 5261 packets received, 6873 bps, 85.91%, Err 122 (9.7e-006)
1570.347 .... 5269 packets received, 6874 bps, 85.92%, Err 122 (9.7e-006)
1572.450 .... 5277 packets received, 6875 bps, 85.94%, Err 122 (9.7e-006)
1574.571 .... 5285 packets received, 6876 bps, 85.95%, Err 122 (9.7e-006)
1576.672 .... 5293 packets received, 6877 bps, 85.97%, Err 122 (9.7e-006)
1578.794 .... 5301 packets received, 6878 bps, 85.98%, Err 123 (9.7e-006)
1580.903 .... 5305 packets received, 6874 bps, 85.93%, Err 124 (9.8e-006)
1583.027 .... 5313 packets received, 6876 bps, 85.94%, Err 124 (9.8e-006)
1585.112 .... 5321 packets received, 6877 bps, 85.96%, Err 124 (9.8e-006)
1587.247 .... 5329 packets received, 6878 bps, 85.97%, Err 124 (9.8e-006)
1589.364 .... 5337 packets received, 6879 bps, 85.99%, Err 124 (9.8e-006)
1591.479 .... 5345 packets received, 6880 bps, 86.00%, Err 124 (9.7e-006)
1594.649 .... 5353 packets received, 6877 bps, 85.96%, Err 125 (9.8e-006)
1596.746 .... 5361 packets received, 6878 bps, 85.98%, Err 125 (9.8e-006)
1598.852 .... 5369 packets received, 6879 bps, 85.99%, Err 126 (9.9e-006)
1600.972 .... 5373 packets received, 6875 bps, 85.94%, Err 126 (9.8e-006)
1603.086 .... 5381 packets received, 6876 bps, 85.95%, Err 126 (9.8e-006)
1605.467 .... 5386 packets received, 6873 bps, 85.91%, Err 127 (9.9e-006)
1607.571 .... 5394 packets received, 6874 bps, 85.92%, Err 127 (9.9e-006)
1609.682 .... 5402 packets received, 6875 bps, 85.94%, Err 127 (9.9e-006)
1612.603 .... 5406 packets received, 6868 bps, 85.84%, Err 128 (9.9e-006)
1614.703 .... 5414 packets received, 6869 bps, 85.86%, Err 128 (9.9e-006)
1616.811 .... 5422 packets received, 6870 bps, 85.87%, Err 128 (9.9e-006)
1618.935 .... 5430 packets received, 6871 bps, 85.89%, Err 128 (9.9e-006)
1621.049 .... 5438 packets received, 6872 bps, 85.90%, Err 128 (9.9e-006)
1623.158 .... 5446 packets received, 6873 bps, 85.92%, Err 128 (9.9e-006)
1625.269 .... 5454 packets received, 6875 bps, 85.93%, Err 128 (9.8e-006)
1628.186 .... 5461 packets received, 6871 bps, 85.89%, Err 129 (9.9e-006)
1630.300 .... 5465 packets received, 6867 bps, 85.84%, Err 130 (1.0e-005)
1632.399 .... 5473 packets received, 6868 bps, 85.85%, Err 130 (1.0e-005)
1634.789 .... 5478 packets received, 6865 bps, 85.81%, Err 131 (1.0e-005)
1636.900 .... 5486 packets received, 6866 bps, 85.82%, Err 132 (1.0e-005)
1638.999 .... 5490 packets received, 6862 bps, 85.77%, Err 132 (1.0e-005)
1641.129 .... 5494 packets received, 6858 bps, 85.72%, Err 133 (1.0e-005)
1643.244 .... 5502 packets received, 6859 bps, 85.74%, Err 133 (1.0e-005)
1645.361 .... 5510 packets received, 6860 bps, 85.75%, Err 133 (1.0e-005)
1647.473 .... 5518 packets received, 6861 bps, 85.77%, Err 133 (1.0e-005)
1649.579 .... 5526 packets received, 6863 bps, 85.78%, Err 133 (1.0e-005)
1651.706 .... 5534 packets received, 6864 bps, 85.80%, Err 133 (1.0e-005)
1653.819 .... 5542 packets received, 6865 bps, 85.81%, Err 133 (1.0e-005)
1655.932 .... 5550 packets received, 6866 bps, 85.82%, Err 133 (1.0e-005)
1658.046 .... 5558 packets received, 6867 bps, 85.84%, Err 133 (1.0e-005)
1660.412 .... 5563 packets received, 6863 bps, 85.79%, Err 134 (1.0e-005)
1662.537 .... 5571 packets received, 6865 bps, 85.81%, Err 134 (1.0e-005)
1664.651 .... 5579 packets received, 6866 bps, 85.82%, Err 134 (1.0e-005)
1666.767 .... 5587 packets received, 6867 bps, 85.83%, Err 134 (1.0e-005)
1668.865 .... 5595 packets received, 6868 bps, 85.85%, Err 134 (1.0e-005)
1670.981 .... 5603 packets received, 6869 bps, 85.86%, Err 134 (1.0e-005)
1673.097 .... 5611 packets received, 6870 bps, 85.88%, Err 134 (1.0e-005)
1675.212 .... 5619 packets received, 6871 bps, 85.89%, Err 134 (1.0e-005)
1677.343 .... 5627 packets received, 6872 bps, 85.90%, Err 134 (1.0e-005)
1680.224 .... 5634 packets received, 6869 bps, 85.86%, Err 135 (1.0e-005)
1682.345 .... 5642 packets received, 6870 bps, 85.88%, Err 135 (1.0e-005)
1684.446 .... 5650 packets received, 6871 bps, 85.89%, Err 135 (1.0e-005)
1686.577 .... 5658 packets received, 6872 bps, 85.90%, Err 135 (1.0e-005)
1688.702 .... 5666 packets received, 6873 bps, 85.92%, Err 135 (1.0e-005)
1690.799 .... 5674 packets received, 6875 bps, 85.93%, Err 135 (1.0e-005)
1692.899 .... 5682 packets received, 6876 bps, 85.95%, Err 135 (1.0e-005)
1695.023 .... 5690 packets received, 6877 bps, 85.96%, Err 135 (1.0e-005)
1697.123 .... 5694 packets received, 6873 bps, 85.91%, Err 136 (1.0e-005)
1699.502 .... 5699 packets received, 6869 bps, 85.87%, Err 137 (1.0e-005)
1701.623 .... 5707 packets received, 6871 bps, 85.88%, Err 137 (1.0e-005)
1703.734 .... 5715 packets received, 6872 bps, 85.90%, Err 137 (1.0e-005)
1705.845 .... 5723 packets received, 6873 bps, 85.91%, Err 137 (1.0e-005)
1707.965 .... 5731 packets received, 6874 bps, 85.92%, Err 137 (1.0e-005)
1710.068 .... 5739 packets received, 6875 bps, 85.94%, Err 137 (1.0e-005)
1712.187 .... 5747 packets received, 6876 bps, 85.95%, Err 137 (1.0e-005)
1714.289 .... 5755 packets received, 6877 bps, 85.96%, Err 137 (1.0e-005)
1716.390 .... 5763 packets received, 6878 bps, 85.98%, Err 137 (1.0e-005)
1718.514 .... 5771 packets received, 6879 bps, 85.99%, Err 137 (1.0e-005)
1720.612 .... 5779 packets received, 6880 bps, 86.01%, Err 137 (1.0e-005)
1722.995 .... 5784 packets received, 6877 bps, 85.96%, Err 138 (1.0e-005)
1725.115 .... 5792 packets received, 6878 bps, 85.97%, Err 138 (1.0e-005)
1727.227 .... 5800 packets received, 6879 bps, 85.99%, Err 138 (1.0e-005)
1729.344 .... 5808 packets received, 6880 bps, 86.00%, Err 138 (1.0e-005)
1731.437 .... 5816 packets received, 6881 bps, 86.01%, Err 138 (1.0e-005)
1733.547 .... 5824 packets received, 6882 bps, 86.03%, Err 138 (1.0e-005)
1735.674 .... 5832 packets received, 6883 bps, 86.04%, Err 138 (9.9e-006)
1737.776 .... 5840 packets received, 6884 bps, 86.05%, Err 138 (9.9e-006)
1739.887 .... 5848 packets received, 6885 bps, 86.07%, Err 138 (9.9e-006)
1741.998 .... 5856 packets received, 6886 bps, 86.08%, Err 138 (9.9e-006)
1744.121 .... 5864 packets received, 6887 bps, 86.09%, Err 138 (9.9e-006)
1746.231 .... 5868 packets received, 6884 bps, 86.05%, Err 139 (1.0e-005)
1748.349 .... 5876 packets received, 6885 bps, 86.06%, Err 139 (9.9e-006)
1750.459 .... 5884 packets received, 6886 bps, 86.07%, Err 139 (9.9e-006)
1752.572 .... 5892 packets received, 6887 bps, 86.09%, Err 139 (9.9e-006)
1754.674 .... 5900 packets received, 6888 bps, 86.10%, Err 139 (9.9e-006)
1756.785 .... 5908 packets received, 6889 bps, 86.11%, Err 139 (9.9e-006)
1758.908 .... 5912 packets received, 6885 bps, 86.07%, Err 141 (1.0e-005)
1761.023 .... 5920 packets received, 6887 bps, 86.08%, Err 141 (1.0e-005)
1763.141 .... 5928 packets received, 6888 bps, 86.09%, Err 141 (1.0e-005)
1765.237 .... 5936 packets received, 6889 bps, 86.11%, Err 141 (1.0e-005)
1767.347 .... 5940 packets received, 6885 bps, 86.06%, Err 143 (1.0e-005)
1769.452 .... 5941 packets received, 6878 bps, 85.98%, Err 143 (1.0e-005)
1771.573 .... 5945 packets received, 6874 bps, 85.93%, Err 143 (1.0e-005)
1826.010 ** WARNING: System too busy, sleep 15 ms, but be awakened 120 ms later
1828.073 ** WARNING: System too busy, sleep 15 ms, but be awakened 72 ms later
1837.589 .... 5948 packets received, 6631 bps, 82.88%, Err 145 (9.9e-006)
1839.694 .... 5956 packets received, 6632 bps, 82.90%, Err 145 (9.9e-006)
1841.814 .... 5959 packets received, 6628 bps, 82.85%, Err 147 (1.0e-005)
1843.939 .... 5967 packets received, 6629 bps, 82.86%, Err 147 (1.0e-005)
1846.024 ** WARNING: System too busy, sleep 15 ms, but be awakened 68 ms later
1846.883 .... 5973 packets received, 6625 bps, 82.81%, Err 148 (1.0e-005)
1848.955 .... 5981 packets received, 6627 bps, 82.83%, Err 148 (1.0e-005)
1851.076 .... 5989 packets received, 6628 bps, 82.85%, Err 148 (1.0e-005)
1853.171 .... 5997 packets received, 6629 bps, 82.86%, Err 148 (1.0e-005)
1855.282 .... 6005 packets received, 6630 bps, 82.88%, Err 148 (1.0e-005)
1857.390 .... 6013 packets received, 6632 bps, 82.90%, Err 148 (1.0e-005)
1859.522 .... 6021 packets received, 6633 bps, 82.91%, Err 148 (9.9e-006)
1861.619 .... 6029 packets received, 6634 bps, 82.93%, Err 148 (9.9e-006)
1863.756 .... 6037 packets received, 6635 bps, 82.94%, Err 148 (9.9e-006)
1865.842 .... 6045 packets received, 6637 bps, 82.96%, Err 148 (9.9e-006)
1867.976 .... 6053 packets received, 6638 bps, 82.97%, Err 148 (9.9e-006)
1870.078 .... 6061 packets received, 6639 bps, 82.99%, Err 148 (9.9e-006)
1872.187 .... 6069 packets received, 6641 bps, 83.01%, Err 148 (9.9e-006)
1874.288 .... 6077 packets received, 6642 bps, 83.02%, Err 148 (9.9e-006)
1876.415 .... 6085 packets received, 6643 bps, 83.04%, Err 148 (9.9e-006)
1878.528 .... 6093 packets received, 6644 bps, 83.05%, Err 148 (9.8e-006)
1882.220 .... 6096 packets received, 6635 bps, 82.93%, Err 151 (1.0e-005)
1884.325 .... 6104 packets received, 6636 bps, 82.95%, Err 151 (1.0e-005)
1886.459 .... 6112 packets received, 6637 bps, 82.96%, Err 151 (1.0e-005)
1888.580 .... 6120 packets received, 6638 bps, 82.98%, Err 151 (1.0e-005)
1890.664 .... 6128 packets received, 6640 bps, 82.99%, Err 151 (1.0e-005)
1892.082 ** WARNING: System too busy, sleep 15 ms, but be awakened 101 ms later
1893.565 .... 6135 packets received, 6637 bps, 82.96%, Err 152 (1.0e-005)
1895.693 .... 6143 packets received, 6638 bps, 82.98%, Err 152 (1.0e-005)
1897.831 .... 6151 packets received, 6639 bps, 82.99%, Err 152 (1.0e-005)
1899.936 .... 6159 packets received, 6641 bps, 83.01%, Err 152 (1.0e-005)
1902.081 .... 6167 packets received, 6642 bps, 83.02%, Err 152 (1.0e-005)
1904.183 .... 6175 packets received, 6643 bps, 83.04%, Err 152 (1.0e-005)
1906.279 .... 6183 packets received, 6644 bps, 83.05%, Err 152 (1.0e-005)
1908.384 .... 6191 packets received, 6646 bps, 83.07%, Err 152 (1.0e-005)
1910.760 .... 6196 packets received, 6643 bps, 83.03%, Err 153 (1.0e-005)
1912.858 .... 6204 packets received, 6644 bps, 83.05%, Err 153 (1.0e-005)
1914.979 .... 6212 packets received, 6645 bps, 83.06%, Err 153 (1.0e-005)
1917.082 .... 6220 packets received, 6646 bps, 83.08%, Err 153 (1.0e-005)
1919.207 .... 6228 packets received, 6648 bps, 83.09%, Err 153 (1.0e-005)
1921.312 .... 6236 packets received, 6649 bps, 83.11%, Err 153 (1.0e-005)
1923.431 .... 6244 packets received, 6650 bps, 83.12%, Err 153 (9.9e-006)
1925.542 .... 6252 packets received, 6651 bps, 83.14%, Err 153 (9.9e-006)
1927.664 .... 6260 packets received, 6652 bps, 83.15%, Err 153 (9.9e-006)
1930.623 .... 6264 packets received, 6646 bps, 83.08%, Err 155 (1.0e-005)
1933.180 .... 6269 packets received, 6643 bps, 83.04%, Err 155 (1.0e-005)
1935.307 .... 6277 packets received, 6644 bps, 83.05%, Err 155 (1.0e-005)
1937.408 .... 6285 packets received, 6645 bps, 83.07%, Err 155 (1.0e-005)
1939.528 .... 6293 packets received, 6647 bps, 83.08%, Err 155 (1.0e-005)
1941.639 .... 6301 packets received, 6648 bps, 83.10%, Err 155 (1.0e-005)
1943.758 .... 6309 packets received, 6649 bps, 83.11%, Err 155 (1.0e-005)
1945.870 .... 6317 packets received, 6650 bps, 83.13%, Err 155 (1.0e-005)
1947.975 .... 6325 packets received, 6651 bps, 83.14%, Err 155 (9.9e-006)
1950.093 .... 6333 packets received, 6653 bps, 83.16%, Err 155 (9.9e-006)
1952.219 .... 6341 packets received, 6654 bps, 83.17%, Err 155 (9.9e-006)
1954.322 .... 6349 packets received, 6655 bps, 83.19%, Err 155 (9.9e-006)
1956.429 .... 6357 packets received, 6656 bps, 83.20%, Err 155 (9.9e-006)
1958.542 .... 6365 packets received, 6657 bps, 83.22%, Err 155 (9.9e-006)
1961.061 ** WARNING: System too busy, sleep 15 ms, but be awakened 91 ms later
1961.230 .... 6371 packets received, 6654 bps, 83.18%, Err 157 (1.0e-005)
1963.296 .... 6379 packets received, 6656 bps, 83.20%, Err 157 (1.0e-005)
1965.406 .... 6387 packets received, 6657 bps, 83.21%, Err 157 (1.0e-005)
1967.789 .... 6392 packets received, 6654 bps, 83.18%, Err 158 (1.0e-005)
1969.893 .... 6400 packets received, 6655 bps, 83.19%, Err 158 (1.0e-005)
1972.014 .... 6408 packets received, 6656 bps, 83.21%, Err 158 (1.0e-005)
1974.107 .... 6416 packets received, 6658 bps, 83.22%, Err 158 (1.0e-005)
1976.234 .... 6424 packets received, 6659 bps, 83.24%, Err 158 (1.0e-005)
1978.354 .... 6432 packets received, 6660 bps, 83.25%, Err 158 (1.0e-005)
1980.455 .... 6440 packets received, 6661 bps, 83.26%, Err 158 (1.0e-005)
1982.578 .... 6448 packets received, 6662 bps, 83.28%, Err 158 (1.0e-005)
1984.703 .... 6456 packets received, 6663 bps, 83.29%, Err 158 (1.0e-005)
1986.792 .... 6464 packets received, 6665 bps, 83.31%, Err 158 (9.9e-006)
1989.442 .... 6470 packets received, 6662 bps, 83.27%, Err 160 (1.0e-005)
1991.544 .... 6478 packets received, 6663 bps, 83.29%, Err 161 (1.0e-005)
1994.441 .... 6481 packets received, 6657 bps, 83.21%, Err 162 (1.0e-005)
1996.562 .... 6489 packets received, 6658 bps, 83.22%, Err 162 (1.0e-005)
1998.669 .... 6497 packets received, 6659 bps, 83.24%, Err 163 (1.0e-005)
2001.582 .... 6503 packets received, 6655 bps, 83.19%, Err 164 (1.0e-005)
2003.685 .... 6511 packets received, 6657 bps, 83.21%, Err 164 (1.0e-005)
2005.785 .... 6519 packets received, 6658 bps, 83.22%, Err 164 (1.0e-005)
2008.711 .... 6525 packets received, 6654 bps, 83.18%, Err 165 (1.0e-005)
2011.090 .... 6529 packets received, 6650 bps, 83.13%, Err 166 (1.0e-005)
2013.190 .... 6537 packets received, 6652 bps, 83.14%, Err 166 (1.0e-005)
2015.312 .... 6540 packets received, 6648 bps, 83.09%, Err 167 (1.0e-005)
2017.409 .... 6548 packets received, 6649 bps, 83.11%, Err 167 (1.0e-005)
2019.534 .... 6556 packets received, 6650 bps, 83.12%, Err 167 (1.0e-005)
2021.652 .... 6564 packets received, 6651 bps, 83.14%, Err 167 (1.0e-005)
2023.762 .... 6572 packets received, 6652 bps, 83.15%, Err 167 (1.0e-005)
2025.861 .... 6580 packets received, 6653 bps, 83.17%, Err 167 (1.0e-005)
2028.518 .... 6585 packets received, 6650 bps, 83.12%, Err 168 (1.0e-005)
2030.627 .... 6593 packets received, 6651 bps, 83.14%, Err 168 (1.0e-005)
2032.735 .... 6601 packets received, 6652 bps, 83.15%, Err 168 (1.0e-005)
2035.908 .... 6608 packets received, 6649 bps, 83.11%, Err 169 (1.0e-005)
2038.023 .... 6616 packets received, 6650 bps, 83.12%, Err 169 (1.0e-005)
2040.145 .... 6624 packets received, 6651 bps, 83.14%, Err 169 (1.0e-005)
2042.253 .... 6632 packets received, 6652 bps, 83.15%, Err 169 (1.0e-005)
2044.357 .... 6640 packets received, 6653 bps, 83.17%, Err 169 (1.0e-005)
2046.463 .... 6648 packets received, 6654 bps, 83.18%, Err 169 (1.0e-005)
2048.596 .... 6656 packets received, 6656 bps, 83.19%, Err 169 (1.0e-005)
2050.709 .... 6664 packets received, 6657 bps, 83.21%, Err 169 (1.0e-005)
2052.838 .... 6672 packets received, 6658 bps, 83.22%, Err 169 (1.0e-005)
2054.950 .... 6680 packets received, 6659 bps, 83.24%, Err 169 (1.0e-005)
2057.058 .... 6688 packets received, 6660 bps, 83.25%, Err 169 (1.0e-005)
2059.146 .... 6696 packets received, 6661 bps, 83.27%, Err 169 (1.0e-005)
2061.277 .... 6704 packets received, 6662 bps, 83.28%, Err 169 (1.0e-005)
2063.387 .... 6712 packets received, 6663 bps, 83.29%, Err 169 (1.0e-005)
2065.482 .... 6720 packets received, 6665 bps, 83.31%, Err 169 (1.0e-005)
2067.611 .... 6728 packets received, 6666 bps, 83.32%, Err 169 (1.0e-005)
2069.713 .... 6736 packets received, 6667 bps, 83.34%, Err 169 (1.0e-005)
2071.822 .... 6744 packets received, 6668 bps, 83.35%, Err 169 (1.0e-005)
2073.167 ** WARNING: System too busy, sleep 15 ms, but be awakened 70 ms later
2073.938 .... 6752 packets received, 6669 bps, 83.36%, Err 169 (1.0e-005)
2076.017 ** WARNING: System too busy, sleep 15 ms, but be awakened 68 ms later
2076.288 .... 6760 packets received, 6669 bps, 83.37%, Err 169 (1.0e-005)
2078.454 .... 6769 packets received, 6671 bps, 83.39%, Err 169 (1.0e-005)
2080.561 .... 6777 packets received, 6672 bps, 83.41%, Err 169 (1.0e-005)
2082.248 ** WARNING: System too busy, sleep 15 ms, but be awakened 69 ms later
2082.726 .... 6785 packets received, 6673 bps, 83.42%, Err 169 (1.0e-005)
2084.776 .... 6793 packets received, 6675 bps, 83.43%, Err 169 (1.0e-005)
2086.488 ** WARNING: System too busy, sleep 15 ms, but be awakened 74 ms later
2086.896 .... 6801 packets received, 6676 bps, 83.45%, Err 169 (1.0e-005)
2089.017 .... 6809 packets received, 6677 bps, 83.46%, Err 169 (1.0e-005)
2091.139 .... 6817 packets received, 6678 bps, 83.47%, Err 169 (1.0e-005)
2091.995 ** WARNING: System too busy, sleep 15 ms, but be awakened 101 ms later
2093.241 .... 6825 packets received, 6679 bps, 83.49%, Err 169 (1.0e-005)
2095.340 .... 6833 packets received, 6680 bps, 83.50%, Err 169 (1.0e-005)
2097.480 ** WARNING: System too busy, sleep 15 ms, but be awakened 99 ms later
2097.506 .... 6841 packets received, 6681 bps, 83.51%, Err 169 (1.0e-005)
2099.102 ** WARNING: System too busy, sleep 15 ms, but be awakened 69 ms later
2099.576 .... 6849 packets received, 6682 bps, 83.53%, Err 169 (1.0e-005)
2101.681 .... 6857 packets received, 6683 bps, 83.54%, Err 169 (1.0e-005)
2103.804 .... 6861 packets received, 6680 bps, 83.51%, Err 171 (1.0e-005)
2105.908 .... 6869 packets received, 6682 bps, 83.52%, Err 171 (1.0e-005)
2108.005 .... 6877 packets received, 6683 bps, 83.53%, Err 171 (1.0e-005)
2110.139 .... 6885 packets received, 6684 bps, 83.55%, Err 171 (1.0e-005)
2112.254 .... 6893 packets received, 6685 bps, 83.56%, Err 171 (1.0e-005)
2114.350 .... 6901 packets received, 6686 bps, 83.57%, Err 171 (1.0e-005)
2116.446 .... 6909 packets received, 6687 bps, 83.59%, Err 171 (1.0e-005)
2118.588 .... 6917 packets received, 6688 bps, 83.60%, Err 171 (1.0e-005)
2120.695 .... 6925 packets received, 6689 bps, 83.61%, Err 171 (1.0e-005)
2122.811 .... 6933 packets received, 6690 bps, 83.63%, Err 171 (1.0e-005)
2124.912 .... 6941 packets received, 6691 bps, 83.64%, Err 171 (1.0e-005)
2127.040 .... 6949 packets received, 6692 bps, 83.65%, Err 171 (1.0e-005)
2129.134 .... 6957 packets received, 6693 bps, 83.67%, Err 171 (1.0e-005)
2131.256 .... 6961 packets received, 6691 bps, 83.63%, Err 172 (1.0e-005)
2133.355 .... 6965 packets received, 6688 bps, 83.60%, Err 173 (1.0e-005)
2135.488 .... 6973 packets received, 6689 bps, 83.61%, Err 173 (1.0e-005)
2137.583 .... 6981 packets received, 6690 bps, 83.62%, Err 174 (1.0e-005)
2139.698 .... 6989 packets received, 6691 bps, 83.64%, Err 174 (1.0e-005)
2141.823 .... 6997 packets received, 6692 bps, 83.65%, Err 174 (1.0e-005)
2143.929 .... 7005 packets received, 6693 bps, 83.66%, Err 174 (1.0e-005)
2146.038 .... 7013 packets received, 6694 bps, 83.68%, Err 174 (1.0e-005)
2148.164 .... 7021 packets received, 6695 bps, 83.69%, Err 174 (1.0e-005)
2150.266 .... 7029 packets received, 6696 bps, 83.70%, Err 174 (1.0e-005)
2152.382 .... 7037 packets received, 6697 bps, 83.71%, Err 174 (1.0e-005)
2154.479 .... 7045 packets received, 6698 bps, 83.73%, Err 174 (1.0e-005)
2157.134 .... 7051 packets received, 6696 bps, 83.70%, Err 175 (1.0e-005)
2159.234 .... 7059 packets received, 6697 bps, 83.71%, Err 175 (1.0e-005)
2161.353 .... 7067 packets received, 6698 bps, 83.72%, Err 175 (1.0e-005)
2163.454 .... 7075 packets received, 6699 bps, 83.74%, Err 175 (1.0e-005)
2165.577 .... 7083 packets received, 6700 bps, 83.75%, Err 175 (1.0e-005)
2168.742 .... 7091 packets received, 6698 bps, 83.72%, Err 176 (1.0e-005)
2170.841 .... 7099 packets received, 6699 bps, 83.73%, Err 176 (1.0e-005)
2172.970 .... 7107 packets received, 6700 bps, 83.75%, Err 176 (1.0e-005)
2175.086 .... 7115 packets received, 6701 bps, 83.76%, Err 176 (1.0e-005)
2177.195 .... 7123 packets received, 6702 bps, 83.77%, Err 176 (1.0e-005)
2179.293 .... 7131 packets received, 6703 bps, 83.78%, Err 176 (1.0e-005)
2182.475 .... 7139 packets received, 6701 bps, 83.76%, Err 177 (1.0e-005)
2184.577 .... 7147 packets received, 6702 bps, 83.77%, Err 177 (1.0e-005)
2186.674 .... 7155 packets received, 6703 bps, 83.78%, Err 177 (1.0e-005)
2188.783 .... 7163 packets received, 6704 bps, 83.80%, Err 177 (1.0e-005)
2190.906 .... 7171 packets received, 6705 bps, 83.81%, Err 177 (1.0e-005)
2193.036 .... 7179 packets received, 6706 bps, 83.82%, Err 177 (1.0e-005)
2195.138 .... 7187 packets received, 6707 bps, 83.83%, Err 177 (1.0e-005)
2197.264 .... 7195 packets received, 6708 bps, 83.85%, Err 177 (1.0e-005)
2199.368 .... 7203 packets received, 6709 bps, 83.86%, Err 177 (1.0e-005)
2201.471 .... 7211 packets received, 6710 bps, 83.87%, Err 177 (1.0e-005)
2203.600 .... 7219 packets received, 6711 bps, 83.88%, Err 177 (1.0e-005)
2205.692 .... 7227 packets received, 6712 bps, 83.90%, Err 177 (1.0e-005)
2207.793 .... 7235 packets received, 6713 bps, 83.91%, Err 177 (1.0e-005)
2209.941 .... 7243 packets received, 6714 bps, 83.92%, Err 177 (1.0e-005)
2212.039 .... 7247 packets received, 6711 bps, 83.89%, Err 178 (1.0e-005)
2214.154 .... 7255 packets received, 6712 bps, 83.90%, Err 178 (1.0e-005)
2216.257 .... 7263 packets received, 6713 bps, 83.91%, Err 178 (1.0e-005)
2218.387 .... 7271 packets received, 6714 bps, 83.92%, Err 178 (1.0e-005)
2220.479 .... 7279 packets received, 6715 bps, 83.94%, Err 178 (1.0e-005)
2222.671 .... 7287 packets received, 6716 bps, 83.95%, Err 178 (1.0e-005)
2224.738 .... 7295 packets received, 6717 bps, 83.96%, Err 178 (1.0e-005)
2226.836 .... 7303 packets received, 6718 bps, 83.97%, Err 178 (1.0e-005)
2228.954 .... 7311 packets received, 6719 bps, 83.99%, Err 178 (1.0e-005)
2231.054 .... 7319 packets received, 6720 bps, 84.00%, Err 178 (1.0e-005)
2233.180 .... 7327 packets received, 6721 bps, 84.01%, Err 178 (1.0e-005)
2235.297 .... 7335 packets received, 6722 bps, 84.02%, Err 178 (1.0e-005)
2237.376 .... 7343 packets received, 6723 bps, 84.04%, Err 178 (9.9e-006)
2239.517 .... 7351 packets received, 6724 bps, 84.05%, Err 178 (9.9e-006)
2241.608 .... 7359 packets received, 6725 bps, 84.06%, Err 178 (9.9e-006)
2243.721 .... 7367 packets received, 6726 bps, 84.07%, Err 178 (9.9e-006)
2245.833 .... 7371 packets received, 6723 bps, 84.04%, Err 179 (1.0e-005)
2247.969 .... 7379 packets received, 6724 bps, 84.05%, Err 179 (1.0e-005)
2250.080 .... 7387 packets received, 6725 bps, 84.06%, Err 179 (9.9e-006)
2252.184 .... 7395 packets received, 6726 bps, 84.07%, Err 179 (9.9e-006)
2254.296 .... 7403 packets received, 6727 bps, 84.09%, Err 179 (9.9e-006)
2256.416 .... 7411 packets received, 6728 bps, 84.10%, Err 179 (9.9e-006)
2258.500 .... 7419 packets received, 6729 bps, 84.11%, Err 179 (9.9e-006)
2260.632 .... 7427 packets received, 6730 bps, 84.12%, Err 179 (9.9e-006)
2262.767 .... 7435 packets received, 6731 bps, 84.13%, Err 179 (9.9e-006)
2264.869 .... 7443 packets received, 6732 bps, 84.15%, Err 180 (9.9e-006)
2266.986 .... 7451 packets received, 6733 bps, 84.16%, Err 180 (9.9e-006)
2269.107 .... 7459 packets received, 6734 bps, 84.17%, Err 180 (9.9e-006)
2271.187 .... 7467 packets received, 6735 bps, 84.18%, Err 180 (9.9e-006)
2273.290 .... 7475 packets received, 6736 bps, 84.19%, Err 180 (9.9e-006)
2275.500 .... 7479 packets received, 6733 bps, 84.16%, Err 181 (9.9e-006)
2277.546 .... 7487 packets received, 6734 bps, 84.17%, Err 182 (1.0e-005)
2279.626 .... 7495 packets received, 6735 bps, 84.19%, Err 182 (1.0e-005)
2281.766 .... 7503 packets received, 6736 bps, 84.20%, Err 182 (1.0e-005)
2281.895 ** WARNING: System too busy, sleep 15 ms, but be awakened 115 ms later
2283.892 .... 7511 packets received, 6737 bps, 84.21%, Err 182 (1.0e-005)
2287.559 ** WARNING: System too busy, sleep 15 ms, but be awakened 85 ms later
2295.532 .... 7513 packets received, 6704 bps, 83.80%, Err 182 (9.9e-006)
2297.638 .... 7521 packets received, 6705 bps, 83.81%, Err 182 (9.9e-006)
2299.756 .... 7529 packets received, 6706 bps, 83.83%, Err 184 (1.0e-005)
2301.879 .... 7530 packets received, 6701 bps, 83.76%, Err 184 (1.0e-005)
2304.501 .... 7535 packets received, 6698 bps, 83.72%, Err 184 (1.0e-005)
2305.495 ** WARNING: System too busy, sleep 15 ms, but be awakened 91 ms later
2306.601 .... 7543 packets received, 6699 bps, 83.73%, Err 184 (1.0e-005)
2308.741 .... 7551 packets received, 6700 bps, 83.74%, Err 184 (1.0e-005)
2310.847 .... 7559 packets received, 6701 bps, 83.76%, Err 184 (1.0e-005)
2312.996 .... 7567 packets received, 6701 bps, 83.77%, Err 184 (9.9e-006)
2315.044 .... 7575 packets received, 6703 bps, 83.78%, Err 184 (9.9e-006)
2317.165 .... 7583 packets received, 6703 bps, 83.79%, Err 184 (9.9e-006)
2319.300 .... 7591 packets received, 6704 bps, 83.80%, Err 184 (9.9e-006)
2321.406 .... 7599 packets received, 6705 bps, 83.82%, Err 184 (9.9e-006)
2323.520 .... 7607 packets received, 6706 bps, 83.83%, Err 184 (9.9e-006)
2325.619 .... 7615 packets received, 6707 bps, 83.84%, Err 184 (9.9e-006)
2327.754 .... 7623 packets received, 6708 bps, 83.85%, Err 184 (9.9e-006)
2329.851 .... 7631 packets received, 6709 bps, 83.86%, Err 184 (9.9e-006)
2331.978 .... 7639 packets received, 6710 bps, 83.88%, Err 184 (9.9e-006)
2332.852 ** WARNING: System too busy, sleep 15 ms, but be awakened 67 ms later
2334.078 .... 7647 packets received, 6711 bps, 83.89%, Err 184 (9.9e-006)
2335.603 ** WARNING: System too busy, sleep 15 ms, but be awakened 71 ms later
2336.189 .... 7655 packets received, 6712 bps, 83.90%, Err 186 (1.0e-005)
2338.297 .... 7659 packets received, 6709 bps, 83.87%, Err 186 (9.9e-006)
2340.410 .... 7667 packets received, 6710 bps, 83.88%, Err 186 (9.9e-006)
2342.527 .... 7675 packets received, 6711 bps, 83.89%, Err 186 (9.9e-006)
2344.637 .... 7683 packets received, 6712 bps, 83.90%, Err 186 (9.9e-006)
2346.750 .... 7691 packets received, 6713 bps, 83.92%, Err 186 (9.9e-006)
2348.845 .... 7699 packets received, 6714 bps, 83.93%, Err 186 (9.9e-006)
2350.968 .... 7703 packets received, 6712 bps, 83.90%, Err 188 (1.0e-005)
2353.077 .... 7711 packets received, 6713 bps, 83.91%, Err 188 (1.0e-005)
2355.986 .... 7718 packets received, 6710 bps, 83.88%, Err 189 (1.0e-005)
2358.087 .... 7726 packets received, 6711 bps, 83.89%, Err 189 (1.0e-005)
2361.000 .... 7733 packets received, 6709 bps, 83.86%, Err 190 (1.0e-005)
2363.095 .... 7741 packets received, 6710 bps, 83.88%, Err 190 (1.0e-005)
2365.231 .... 7749 packets received, 6711 bps, 83.89%, Err 190 (1.0e-005)
2367.350 .... 7757 packets received, 6712 bps, 83.90%, Err 190 (1.0e-005)
2369.450 .... 7765 packets received, 6713 bps, 83.91%, Err 190 (1.0e-005)
2371.569 .... 7773 packets received, 6714 bps, 83.92%, Err 190 (1.0e-005)
2373.680 .... 7781 packets received, 6715 bps, 83.93%, Err 190 (1.0e-005)
2375.777 .... 7789 packets received, 6716 bps, 83.95%, Err 190 (1.0e-005)
2377.898 .... 7797 packets received, 6717 bps, 83.96%, Err 190 (1.0e-005)
2380.020 .... 7805 packets received, 6717 bps, 83.97%, Err 190 (1.0e-005)
2382.110 .... 7813 packets received, 6718 bps, 83.98%, Err 190 (1.0e-005)
2384.223 .... 7821 packets received, 6719 bps, 83.99%, Err 190 (1.0e-005)
2386.340 .... 7829 packets received, 6720 bps, 84.00%, Err 190 (1.0e-005)
2388.468 .... 7837 packets received, 6721 bps, 84.01%, Err 190 (9.9e-006)
2390.567 .... 7845 packets received, 6722 bps, 84.03%, Err 190 (9.9e-006)
2392.973 .... 7850 packets received, 6720 bps, 84.00%, Err 191 (1.0e-005)
2395.073 .... 7858 packets received, 6721 bps, 84.01%, Err 191 (1.0e-005)
2397.157 .... 7866 packets received, 6722 bps, 84.02%, Err 191 (1.0e-005)
2399.283 .... 7874 packets received, 6722 bps, 84.03%, Err 191 (1.0e-005)
2401.395 .... 7882 packets received, 6723 bps, 84.04%, Err 191 (9.9e-006)
2403.515 .... 7890 packets received, 6724 bps, 84.05%, Err 191 (9.9e-006)
2405.630 .... 7898 packets received, 6725 bps, 84.06%, Err 191 (9.9e-006)
2407.741 .... 7906 packets received, 6726 bps, 84.08%, Err 191 (9.9e-006)
2409.871 .... 7914 packets received, 6727 bps, 84.09%, Err 191 (9.9e-006)
2411.956 .... 7922 packets received, 6728 bps, 84.10%, Err 191 (9.9e-006)
2414.105 .... 7930 packets received, 6729 bps, 84.11%, Err 193 (1.0e-005)
2416.192 .... 7934 packets received, 6726 bps, 84.08%, Err 193 (1.0e-005)
2418.327 .... 7942 packets received, 6727 bps, 84.09%, Err 193 (1.0e-005)
2420.432 .... 7950 packets received, 6728 bps, 84.10%, Err 193 (1.0e-005)
2422.539 .... 7958 packets received, 6729 bps, 84.11%, Err 193 (1.0e-005)
2424.652 .... 7966 packets received, 6730 bps, 84.12%, Err 193 (1.0e-005)
2426.769 .... 7974 packets received, 6731 bps, 84.13%, Err 193 (9.9e-006)
2428.861 .... 7982 packets received, 6732 bps, 84.15%, Err 193 (9.9e-006)
2431.005 .... 7990 packets received, 6732 bps, 84.16%, Err 193 (9.9e-006)
2433.135 .... 7998 packets received, 6733 bps, 84.17%, Err 193 (9.9e-006)
2435.222 .... 8006 packets received, 6734 bps, 84.18%, Err 193 (9.9e-006)
2437.377 .... 8014 packets received, 6735 bps, 84.19%, Err 193 (9.9e-006)
2439.477 .... 8022 packets received, 6736 bps, 84.20%, Err 193 (9.9e-006)
2442.360 .... 8029 packets received, 6734 bps, 84.17%, Err 194 (9.9e-006)
2444.494 .... 8037 packets received, 6735 bps, 84.18%, Err 195 (1.0e-005)
2446.586 .... 8045 packets received, 6736 bps, 84.20%, Err 195 (1.0e-005)
2448.694 .... 8053 packets received, 6737 bps, 84.21%, Err 195 (1.0e-005)
2450.803 .... 8061 packets received, 6737 bps, 84.22%, Err 195 (9.9e-006)
2452.860 ** WARNING: System too busy, sleep 15 ms, but be awakened 67 ms later
2453.042 .... 8069 packets received, 6738 bps, 84.22%, Err 195 (9.9e-006)
2455.283 .... 8078 packets received, 6739 bps, 84.24%, Err 195 (9.9e-006)
2457.398 .... 8086 packets received, 6740 bps, 84.25%, Err 195 (9.9e-006)
2459.530 .... 8094 packets received, 6741 bps, 84.26%, Err 195 (9.9e-006)
2462.215 .... 8100 packets received, 6739 bps, 84.23%, Err 196 (1.0e-005)
2463.126 ** WARNING: System too busy, sleep 15 ms, but be awakened 78 ms later
2464.374 .... 8108 packets received, 6739 bps, 84.24%, Err 196 (9.9e-006)
2467.197 .... 8115 packets received, 6737 bps, 84.22%, Err 197 (1.0e-005)
2469.318 .... 8123 packets received, 6738 bps, 84.23%, Err 197 (1.0e-005)
2471.394 .... 8131 packets received, 6739 bps, 84.24%, Err 197 (1.0e-005)
2472.920 ** WARNING: System too busy, sleep 15 ms, but be awakened 69 ms later
2474.328 .... 8138 packets received, 6737 bps, 84.21%, Err 198 (1.0e-005)
2476.441 .... 8146 packets received, 6738 bps, 84.22%, Err 198 (1.0e-005)
2478.566 .... 8154 packets received, 6739 bps, 84.23%, Err 198 (1.0e-005)
2480.648 .... 8158 packets received, 6736 bps, 84.21%, Err 199 (1.0e-005)
2482.769 .... 8166 packets received, 6737 bps, 84.22%, Err 199 (1.0e-005)
2484.895 .... 8174 packets received, 6738 bps, 84.23%, Err 199 (1.0e-005)
2487.013 .... 8182 packets received, 6739 bps, 84.24%, Err 199 (1.0e-005)
2489.110 .... 8190 packets received, 6740 bps, 84.25%, Err 199 (1.0e-005)
2491.217 .... 8198 packets received, 6741 bps, 84.26%, Err 199 (1.0e-005)
2493.197 ** WARNING: System too busy, sleep 15 ms, but be awakened 90 ms later
2494.118 .... 8204 packets received, 6738 bps, 84.22%, Err 200 (1.0e-005)
2496.250 .... 8212 packets received, 6739 bps, 84.23%, Err 200 (1.0e-005)
2498.351 .... 8220 packets received, 6740 bps, 84.24%, Err 200 (1.0e-005)
2501.001 .... 8226 packets received, 6737 bps, 84.22%, Err 201 (1.0e-005)
2503.145 .... 8234 packets received, 6738 bps, 84.23%, Err 201 (1.0e-005)
2505.309 .... 8242 packets received, 6739 bps, 84.23%, Err 201 (1.0e-005)
2507.343 .... 8250 packets received, 6740 bps, 84.25%, Err 201 (1.0e-005)
2509.478 .... 8258 packets received, 6741 bps, 84.26%, Err 201 (1.0e-005)
2512.383 .... 8265 packets received, 6739 bps, 84.23%, Err 202 (1.0e-005)
2514.991 .... 8271 packets received, 6736 bps, 84.21%, Err 203 (1.0e-005)
2517.119 .... 8279 packets received, 6737 bps, 84.22%, Err 203 (1.0e-005)
2519.220 .... 8287 packets received, 6738 bps, 84.23%, Err 203 (1.0e-005)
2521.344 .... 8295 packets received, 6739 bps, 84.24%, Err 203 (1.0e-005)
2523.456 .... 8303 packets received, 6740 bps, 84.25%, Err 203 (1.0e-005)
2525.551 .... 8311 packets received, 6741 bps, 84.26%, Err 203 (1.0e-005)
2527.678 .... 8319 packets received, 6742 bps, 84.27%, Err 203 (1.0e-005)
2529.783 .... 8327 packets received, 6742 bps, 84.28%, Err 203 (1.0e-005)
2531.894 .... 8335 packets received, 6743 bps, 84.29%, Err 203 (1.0e-005)
2534.003 .... 8343 packets received, 6744 bps, 84.30%, Err 203 (1.0e-005)
2536.115 .... 8351 packets received, 6745 bps, 84.31%, Err 203 (1.0e-005)
2538.237 .... 8359 packets received, 6746 bps, 84.32%, Err 203 (1.0e-005)
2540.370 .... 8367 packets received, 6747 bps, 84.33%, Err 203 (1.0e-005)
2542.459 .... 8375 packets received, 6747 bps, 84.34%, Err 203 (1.0e-005)
2544.561 .... 8383 packets received, 6748 bps, 84.35%, Err 203 (1.0e-005)
2546.692 .... 8387 packets received, 6746 bps, 84.32%, Err 204 (1.0e-005)
2548.122 ** WARNING: System too busy, sleep 15 ms, but be awakened 79 ms later
2548.783 .... 8395 packets received, 6747 bps, 84.33%, Err 204 (1.0e-005)
2550.904 .... 8403 packets received, 6748 bps, 84.34%, Err 204 (1.0e-005)
2553.027 .... 8411 packets received, 6748 bps, 84.35%, Err 204 (1.0e-005)
2555.408 .... 8416 packets received, 6746 bps, 84.33%, Err 205 (1.0e-005)
2557.495 .... 8424 packets received, 6747 bps, 84.34%, Err 205 (1.0e-005)
2559.614 .... 8432 packets received, 6748 bps, 84.35%, Err 205 (1.0e-005)
2561.750 .... 8440 packets received, 6749 bps, 84.36%, Err 205 (1.0e-005)
2563.845 .... 8448 packets received, 6749 bps, 84.37%, Err 205 (1.0e-005)
2565.951 .... 8456 packets received, 6750 bps, 84.38%, Err 205 (1.0e-005)
2568.131 ** WARNING: System too busy, sleep 15 ms, but be awakened 67 ms later
2568.192 .... 8460 packets received, 6748 bps, 84.35%, Err 206 (1.0e-005)
2572.718 ** WARNING: System too busy, sleep 15 ms, but be awakened 101 ms later
2574.825 ** WARNING: System too busy, sleep 15 ms, but be awakened 70 ms later
2599.234 .... 8465 packets received, 6671 bps, 83.39%, Err 208 (1.0e-005)
2601.343 .... 8473 packets received, 6672 bps, 83.40%, Err 208 (1.0e-005)
2603.441 .... 8481 packets received, 6673 bps, 83.41%, Err 208 (1.0e-005)
2605.561 .... 8489 packets received, 6674 bps, 83.42%, Err 208 (1.0e-005)
2606.177 ** WARNING: System too busy, sleep 15 ms, but be awakened 73 ms later
2607.656 .... 8497 packets received, 6675 bps, 83.43%, Err 208 (1.0e-005)
2610.570 .... 8503 packets received, 6672 bps, 83.40%, Err 209 (1.0e-005)
2612.683 .... 8511 packets received, 6673 bps, 83.41%, Err 209 (1.0e-005)
2614.422 ** WARNING: System too busy, sleep 15 ms, but be awakened 71 ms later
2614.831 .... 8519 packets received, 6673 bps, 83.42%, Err 209 (1.0e-005)
2618.223 .... 8527 packets received, 6671 bps, 83.39%, Err 210 (1.0e-005)
2618.457 ** WARNING: System too busy, sleep 15 ms, but be awakened 83 ms later
2620.344 .... 8535 packets received, 6672 bps, 83.40%, Err 210 (1.0e-005)
2622.465 .... 8543 packets received, 6673 bps, 83.41%, Err 210 (1.0e-005)
2622.545 TCP Disconnected.
