Fitter report for CPUstream
Mon Jul 11 16:14:27 2016
Quartus II Version 9.1 Build 222 10/21/2009 SJ Full Version


---------------------
; Table of Contents ;
---------------------
  1. Legal Notice
  2. Fitter Summary
  3. Fitter Settings
  4. Parallel Compilation
  5. Pin-Out File
  6. Fitter Resource Usage Summary
  7. Input Pins
  8. Output Pins
  9. All Package Pins
 10. I/O Standard
 11. Dedicated Inputs I/O
 12. Output Pin Default Load For Reported TCO
 13. Fitter Resource Utilization by Entity
 14. Control Signals
 15. Global & Other Fast Signals
 16. Non-Global High Fan-Out Signals
 17. Interconnect Usage Summary
 18. LAB External Interconnect
 19. LAB Macrocells
 20. Parallel Expander
 21. Shareable Expander
 22. Logic Cell Interconnection
 23. Fitter Device Options
 24. Fitter Messages



----------------
; Legal Notice ;
----------------
Copyright (C) 1991-2009 Altera Corporation
Your use of Altera Corporation's design tools, logic functions 
and other software and tools, and its AMPP partner logic 
functions, and any output files from any of the foregoing 
(including device programming or simulation files), and any 
associated documentation or information are expressly subject 
to the terms and conditions of the Altera Program License 
Subscription Agreement, Altera MegaCore Function License 
Agreement, or other applicable license agreement, including, 
without limitation, that your use is for the sole purpose of 
programming logic devices manufactured by Altera and sold by 
Altera or its authorized distributors.  Please refer to the 
applicable agreement for further details.



+------------------------------------------------------------------+
; Fitter Summary                                                   ;
+-----------------------+------------------------------------------+
; Fitter Status         ; Successful - Mon Jul 11 16:14:27 2016    ;
; Quartus II Version    ; 9.1 Build 222 10/21/2009 SJ Full Version ;
; Revision Name         ; CPUstream                                ;
; Top-level Entity Name ; CPUstream                                ;
; Family                ; MAX7000S                                 ;
; Device                ; EPM7128SLC84-15                          ;
; Timing Models         ; Final                                    ;
; Total macrocells      ; 37 / 128 ( 29 % )                        ;
; Total pins            ; 45 / 68 ( 66 % )                         ;
+-----------------------+------------------------------------------+


+--------------------------------------------------------------------------------------------------------------+
; Fitter Settings                                                                                              ;
+----------------------------------------------------------------------------+-----------------+---------------+
; Option                                                                     ; Setting         ; Default Value ;
+----------------------------------------------------------------------------+-----------------+---------------+
; Device                                                                     ; EPM7128SLC84-15 ;               ;
; Use smart compilation                                                      ; Off             ; Off           ;
; Enable parallel Assembler and TimeQuest Timing Analyzer during compilation ; On              ; On            ;
; Enable compact report table                                                ; Off             ; Off           ;
; Use TimeQuest Timing Analyzer                                              ; Off             ; Off           ;
; Optimize Timing for ECOs                                                   ; Off             ; Off           ;
; Regenerate full fit report during ECO compiles                             ; Off             ; Off           ;
; Optimize IOC Register Placement for Timing                                 ; On              ; On            ;
; Limit to One Fitting Attempt                                               ; Off             ; Off           ;
; Fitter Initial Placement Seed                                              ; 1               ; 1             ;
; Slow Slew Rate                                                             ; Off             ; Off           ;
; Fitter Effort                                                              ; Auto Fit        ; Auto Fit      ;
; Force Fitter to Avoid Periphery Placement Warnings                         ; Off             ; Off           ;
; Use Best Effort Settings for Compilation                                   ; Off             ; Off           ;
+----------------------------------------------------------------------------+-----------------+---------------+


+------------------------------------------+
; Parallel Compilation                     ;
+----------------------------+-------------+
; Processors                 ; Number      ;
+----------------------------+-------------+
; Number detected on machine ; 4           ;
; Maximum allowed            ; 4           ;
;                            ;             ;
; Average used               ; 1.00        ;
; Maximum used               ; 1           ;
;                            ;             ;
; Usage by Processor         ; % Time Used ;
;     1 processor            ; 100.0%      ;
;     2-4 processors         ;   0.0%      ;
+----------------------------+-------------+


+--------------+
; Pin-Out File ;
+--------------+
The pin-out file can be found in C:/Documents and Settings/Administrator/桌面/计组小学期/CPUstream/CPUstream.pin.


+-------------------------------------------------------+
; Fitter Resource Usage Summary                         ;
+-----------------------------------+-------------------+
; Resource                          ; Usage             ;
+-----------------------------------+-------------------+
; Logic cells                       ; 37 / 128 ( 29 % ) ;
; Registers                         ; 1 / 128 ( < 1 % ) ;
; Number of pterms used             ; 125               ;
; User inserted logic elements      ; 0                 ;
; I/O pins                          ; 45 / 68 ( 66 % )  ;
;     -- Clock pins                 ; 2 / 2 ( 100 % )   ;
;     -- Dedicated input pins       ; 2 / 2 ( 100 % )   ;
; Global signals                    ; 2                 ;
; Shareable expanders               ; 3 / 128 ( 2 % )   ;
; Parallel expanders                ; 2 / 120 ( 2 % )   ;
; Cells using turbo bit             ; 37 / 128 ( 29 % ) ;
; Maximum fan-out node              ; SWC               ;
; Maximum fan-out                   ; 38                ;
; Highest non-global fan-out signal ; SWC               ;
; Highest non-global fan-out        ; 38                ;
; Total fan-out                     ; 296               ;
; Average fan-out                   ; 3.48              ;
+-----------------------------------+-------------------+


+--------------------------------------------------------------------------------------------------------------------------------------------+
; Input Pins                                                                                                                                 ;
+------+-------+----------+-----+-----------------------+--------------------+--------+----------------+--------------+----------------------+
; Name ; Pin # ; I/O Bank ; LAB ; Combinational Fan-Out ; Registered Fan-Out ; Global ; Input Register ; I/O Standard ; Location assigned by ;
+------+-------+----------+-----+-----------------------+--------------------+--------+----------------+--------------+----------------------+
; C    ; 2     ; --       ; --  ; 1                     ; 0                  ; no     ; no             ; TTL          ; User                 ;
; CLR  ; 1     ; --       ; --  ; 2                     ; 0                  ; yes    ; no             ; TTL          ; User                 ;
; IR4  ; 8     ; --       ; 1   ; 1                     ; 0                  ; no     ; no             ; TTL          ; User                 ;
; IR5  ; 9     ; --       ; 1   ; 1                     ; 0                  ; no     ; no             ; TTL          ; User                 ;
; IR6  ; 10    ; --       ; 1   ; 1                     ; 0                  ; no     ; no             ; TTL          ; User                 ;
; IR7  ; 11    ; --       ; 1   ; 1                     ; 0                  ; no     ; no             ; TTL          ; User                 ;
; SWA  ; 4     ; --       ; 1   ; 37                    ; 0                  ; no     ; no             ; TTL          ; User                 ;
; SWB  ; 5     ; --       ; 1   ; 37                    ; 0                  ; no     ; no             ; TTL          ; User                 ;
; SWC  ; 6     ; --       ; 1   ; 38                    ; 0                  ; no     ; no             ; TTL          ; User                 ;
; T3   ; 83    ; --       ; --  ; 1                     ; 0                  ; yes    ; no             ; TTL          ; User                 ;
; W1   ; 12    ; --       ; 1   ; 28                    ; 0                  ; no     ; no             ; TTL          ; User                 ;
; W2   ; 15    ; --       ; 2   ; 18                    ; 0                  ; no     ; no             ; TTL          ; User                 ;
; W3   ; 16    ; --       ; 2   ; 0                     ; 0                  ; no     ; no             ; TTL          ; User                 ;
; Z    ; 84    ; --       ; --  ; 1                     ; 0                  ; no     ; no             ; TTL          ; User                 ;
+------+-------+----------+-----+-----------------------+--------------------+--------+----------------+--------------+----------------------+


+--------------------------------------------------------------------------------------------------------------------------------------------------------------------------------------------+
; Output Pins                                                                                                                                                                                ;
+--------+-------+----------+-----+-----------------+----------------+------------+---------------+--------------+----------------------+-------+----------------------+---------------------+
; Name   ; Pin # ; I/O Bank ; LAB ; Output Register ; Slow Slew Rate ; Open Drain ; TRI Primitive ; I/O Standard ; Location assigned by ; Load  ; Output Enable Source ; Output Enable Group ;
+--------+-------+----------+-----+-----------------+----------------+------------+---------------+--------------+----------------------+-------+----------------------+---------------------+
; ABUS   ; 40    ; --       ; 4   ; no              ; no             ; no         ; no            ; TTL          ; User                 ; 10 pF ; -                    ; -                   ;
; ARINC  ; 24    ; --       ; 3   ; no              ; no             ; no         ; no            ; TTL          ; User                 ; 10 pF ; -                    ; -                   ;
; CIN    ; 33    ; --       ; 4   ; no              ; no             ; no         ; no            ; TTL          ; User                 ; 10 pF ; -                    ; -                   ;
; DRW    ; 20    ; --       ; 2   ; no              ; no             ; no         ; no            ; TTL          ; User                 ; 10 pF ; -                    ; -                   ;
; LAR    ; 25    ; --       ; 3   ; no              ; no             ; no         ; no            ; TTL          ; User                 ; 10 pF ; -                    ; -                   ;
; LDC    ; 31    ; --       ; 3   ; no              ; no             ; no         ; no            ; TTL          ; User                 ; 10 pF ; -                    ; -                   ;
; LDZ    ; 30    ; --       ; 3   ; no              ; no             ; no         ; no            ; TTL          ; User                 ; 10 pF ; -                    ; -                   ;
; LIR    ; 29    ; --       ; 3   ; no              ; no             ; no         ; no            ; TTL          ; User                 ; 10 pF ; -                    ; -                   ;
; LONG   ; 46    ; --       ; 5   ; no              ; no             ; no         ; no            ; TTL          ; User                 ; 10 pF ; -                    ; -                   ;
; LPC    ; 22    ; --       ; 2   ; no              ; no             ; no         ; no            ; TTL          ; User                 ; 10 pF ; -                    ; -                   ;
; M      ; 39    ; --       ; 4   ; no              ; no             ; no         ; no            ; TTL          ; User                 ; 10 pF ; -                    ; -                   ;
; MBUS   ; 44    ; --       ; 5   ; no              ; no             ; no         ; no            ; TTL          ; User                 ; 10 pF ; -                    ; -                   ;
; MEMW   ; 27    ; --       ; 3   ; no              ; no             ; no         ; no            ; TTL          ; User                 ; 10 pF ; -                    ; -                   ;
; PCADD  ; 18    ; --       ; 2   ; no              ; no             ; no         ; no            ; TTL          ; User                 ; 10 pF ; -                    ; -                   ;
; PCINC  ; 21    ; --       ; 2   ; no              ; no             ; no         ; no            ; TTL          ; User                 ; 10 pF ; -                    ; -                   ;
; S0     ; 34    ; --       ; 4   ; no              ; no             ; no         ; no            ; TTL          ; User                 ; 10 pF ; -                    ; -                   ;
; S1     ; 35    ; --       ; 4   ; no              ; no             ; no         ; no            ; TTL          ; User                 ; 10 pF ; -                    ; -                   ;
; S2     ; 36    ; --       ; 4   ; no              ; no             ; no         ; no            ; TTL          ; User                 ; 10 pF ; -                    ; -                   ;
; S3     ; 37    ; --       ; 4   ; no              ; no             ; no         ; no            ; TTL          ; User                 ; 10 pF ; -                    ; -                   ;
; SBUS   ; 41    ; --       ; 4   ; no              ; no             ; no         ; no            ; TTL          ; User                 ; 10 pF ; -                    ; -                   ;
; SEL0   ; 48    ; --       ; 5   ; no              ; no             ; no         ; no            ; TTL          ; User                 ; 10 pF ; -                    ; -                   ;
; SEL1   ; 49    ; --       ; 5   ; no              ; no             ; no         ; no            ; TTL          ; User                 ; 10 pF ; -                    ; -                   ;
; SEL2   ; 50    ; --       ; 5   ; no              ; no             ; no         ; no            ; TTL          ; User                 ; 10 pF ; -                    ; -                   ;
; SEL3   ; 51    ; --       ; 5   ; no              ; no             ; no         ; no            ; TTL          ; User                 ; 10 pF ; -                    ; -                   ;
; SELCTL ; 52    ; --       ; 5   ; no              ; no             ; no         ; no            ; TTL          ; User                 ; 10 pF ; -                    ; -                   ;
; SHORT  ; 45    ; --       ; 5   ; no              ; no             ; no         ; no            ; TTL          ; User                 ; 10 pF ; -                    ; -                   ;
; STOP   ; 28    ; --       ; 3   ; no              ; no             ; no         ; no            ; TTL          ; User                 ; 10 pF ; -                    ; -                   ;
+--------+-------+----------+-----+-----------------+----------------+------------+---------------+--------------+----------------------+-------+----------------------+---------------------+


+-------------------------------------------------------------------------------------------------------+
; All Package Pins                                                                                      ;
+----------+------------+----------+----------------+--------+--------------+---------+-----------------+
; Location ; Pad Number ; I/O Bank ; Pin Name/Usage ; Dir.   ; I/O Standard ; Voltage ; User Assignment ;
+----------+------------+----------+----------------+--------+--------------+---------+-----------------+
; 1        ; 0          ; --       ; CLR            ; input  ; TTL          ;         ; Y               ;
; 2        ; 1          ; --       ; C              ; input  ; TTL          ;         ; Y               ;
; 3        ; 2          ; --       ; VCCINT         ; power  ;              ; 5.0V    ;                 ;
; 4        ; 3          ; --       ; SWA            ; input  ; TTL          ;         ; Y               ;
; 5        ; 4          ; --       ; SWB            ; input  ; TTL          ;         ; Y               ;
; 6        ; 5          ; --       ; SWC            ; input  ; TTL          ;         ; Y               ;
; 7        ; 6          ; --       ; GND            ; gnd    ;              ;         ;                 ;
; 8        ; 7          ; --       ; IR4            ; input  ; TTL          ;         ; Y               ;
; 9        ; 8          ; --       ; IR5            ; input  ; TTL          ;         ; Y               ;
; 10       ; 9          ; --       ; IR6            ; input  ; TTL          ;         ; Y               ;
; 11       ; 10         ; --       ; IR7            ; input  ; TTL          ;         ; Y               ;
; 12       ; 11         ; --       ; W1             ; input  ; TTL          ;         ; Y               ;
; 13       ; 12         ; --       ; VCCIO          ; power  ;              ; 5.0V    ;                 ;
; 14       ; 13         ; --       ; TDI            ; input  ; TTL          ;         ; N               ;
; 15       ; 14         ; --       ; W2             ; input  ; TTL          ;         ; Y               ;
; 16       ; 15         ; --       ; W3             ; input  ; TTL          ;         ; Y               ;
; 17       ; 16         ; --       ; RESERVED       ;        ;              ;         ;                 ;
; 18       ; 17         ; --       ; PCADD          ; output ; TTL          ;         ; Y               ;
; 19       ; 18         ; --       ; GND            ; gnd    ;              ;         ;                 ;
; 20       ; 19         ; --       ; DRW            ; output ; TTL          ;         ; Y               ;
; 21       ; 20         ; --       ; PCINC          ; output ; TTL          ;         ; Y               ;
; 22       ; 21         ; --       ; LPC            ; output ; TTL          ;         ; Y               ;
; 23       ; 22         ; --       ; TMS            ; input  ; TTL          ;         ; N               ;
; 24       ; 23         ; --       ; ARINC          ; output ; TTL          ;         ; Y               ;
; 25       ; 24         ; --       ; LAR            ; output ; TTL          ;         ; Y               ;
; 26       ; 25         ; --       ; VCCIO          ; power  ;              ; 5.0V    ;                 ;
; 27       ; 26         ; --       ; MEMW           ; output ; TTL          ;         ; Y               ;
; 28       ; 27         ; --       ; STOP           ; output ; TTL          ;         ; Y               ;
; 29       ; 28         ; --       ; LIR            ; output ; TTL          ;         ; Y               ;
; 30       ; 29         ; --       ; LDZ            ; output ; TTL          ;         ; Y               ;
; 31       ; 30         ; --       ; LDC            ; output ; TTL          ;         ; Y               ;
; 32       ; 31         ; --       ; GND            ; gnd    ;              ;         ;                 ;
; 33       ; 32         ; --       ; CIN            ; output ; TTL          ;         ; Y               ;
; 34       ; 33         ; --       ; S0             ; output ; TTL          ;         ; Y               ;
; 35       ; 34         ; --       ; S1             ; output ; TTL          ;         ; Y               ;
; 36       ; 35         ; --       ; S2             ; output ; TTL          ;         ; Y               ;
; 37       ; 36         ; --       ; S3             ; output ; TTL          ;         ; Y               ;
; 38       ; 37         ; --       ; VCCIO          ; power  ;              ; 5.0V    ;                 ;
; 39       ; 38         ; --       ; M              ; output ; TTL          ;         ; Y               ;
; 40       ; 39         ; --       ; ABUS           ; output ; TTL          ;         ; Y               ;
; 41       ; 40         ; --       ; SBUS           ; output ; TTL          ;         ; Y               ;
; 42       ; 41         ; --       ; GND            ; gnd    ;              ;         ;                 ;
; 43       ; 42         ; --       ; VCCINT         ; power  ;              ; 5.0V    ;                 ;
; 44       ; 43         ; --       ; MBUS           ; output ; TTL          ;         ; Y               ;
; 45       ; 44         ; --       ; SHORT          ; output ; TTL          ;         ; Y               ;
; 46       ; 45         ; --       ; LONG           ; output ; TTL          ;         ; Y               ;
; 47       ; 46         ; --       ; GND            ; gnd    ;              ;         ;                 ;
; 48       ; 47         ; --       ; SEL0           ; output ; TTL          ;         ; Y               ;
; 49       ; 48         ; --       ; SEL1           ; output ; TTL          ;         ; Y               ;
; 50       ; 49         ; --       ; SEL2           ; output ; TTL          ;         ; Y               ;
; 51       ; 50         ; --       ; SEL3           ; output ; TTL          ;         ; Y               ;
; 52       ; 51         ; --       ; SELCTL         ; output ; TTL          ;         ; Y               ;
; 53       ; 52         ; --       ; VCCIO          ; power  ;              ; 5.0V    ;                 ;
; 54       ; 53         ; --       ; RESERVED       ;        ;              ;         ;                 ;
; 55       ; 54         ; --       ; RESERVED       ;        ;              ;         ;                 ;
; 56       ; 55         ; --       ; RESERVED       ;        ;              ;         ;                 ;
; 57       ; 56         ; --       ; RESERVED       ;        ;              ;         ;                 ;
; 58       ; 57         ; --       ; RESERVED       ;        ;              ;         ;                 ;
; 59       ; 58         ; --       ; GND            ; gnd    ;              ;         ;                 ;
; 60       ; 59         ; --       ; RESERVED       ;        ;              ;         ;                 ;
; 61       ; 60         ; --       ; RESERVED       ;        ;              ;         ;                 ;
; 62       ; 61         ; --       ; TCK            ; input  ; TTL          ;         ; N               ;
; 63       ; 62         ; --       ; RESERVED       ;        ;              ;         ;                 ;
; 64       ; 63         ; --       ; RESERVED       ;        ;              ;         ;                 ;
; 65       ; 64         ; --       ; RESERVED       ;        ;              ;         ;                 ;
; 66       ; 65         ; --       ; VCCIO          ; power  ;              ; 5.0V    ;                 ;
; 67       ; 66         ; --       ; RESERVED       ;        ;              ;         ;                 ;
; 68       ; 67         ; --       ; RESERVED       ;        ;              ;         ;                 ;
; 69       ; 68         ; --       ; RESERVED       ;        ;              ;         ;                 ;
; 70       ; 69         ; --       ; RESERVED       ;        ;              ;         ;                 ;
; 71       ; 70         ; --       ; TDO            ; output ; TTL          ;         ; N               ;
; 72       ; 71         ; --       ; GND            ; gnd    ;              ;         ;                 ;
; 73       ; 72         ; --       ; RESERVED       ;        ;              ;         ;                 ;
; 74       ; 73         ; --       ; RESERVED       ;        ;              ;         ;                 ;
; 75       ; 74         ; --       ; RESERVED       ;        ;              ;         ;                 ;
; 76       ; 75         ; --       ; RESERVED       ;        ;              ;         ;                 ;
; 77       ; 76         ; --       ; RESERVED       ;        ;              ;         ;                 ;
; 78       ; 77         ; --       ; VCCIO          ; power  ;              ; 5.0V    ;                 ;
; 79       ; 78         ; --       ; RESERVED       ;        ;              ;         ;                 ;
; 80       ; 79         ; --       ; RESERVED       ;        ;              ;         ;                 ;
; 81       ; 80         ; --       ; RESERVED       ;        ;              ;         ;                 ;
; 82       ; 81         ; --       ; GND            ; gnd    ;              ;         ;                 ;
; 83       ; 82         ; --       ; T3             ; input  ; TTL          ;         ; Y               ;
; 84       ; 83         ; --       ; Z              ; input  ; TTL          ;         ; Y               ;
+----------+------------+----------+----------------+--------+--------------+---------+-----------------+
Note: Pin directions (input, output or bidir) are based on device operating in user mode.


+--------------------------------------------------------------------------------------------------+
; I/O Standard                                                                                     ;
+--------------+------------+----------------------+-------------------+-------------------+-------+
; I/O Standard ; Input Vref ; Dedicated Input Pins ; Pins in I/O Bank1 ; Pins in I/O Bank2 ; Total ;
+--------------+------------+----------------------+-------------------+-------------------+-------+
; TTL          ; -          ; 4                    ; 0                 ; 0                 ; 4     ;
+--------------+------------+----------------------+-------------------+-------------------+-------+


+--------------------------------------------------------------------+
; Dedicated Inputs I/O                                               ;
+------+-------+-------+-------+--------------+------------+---------+
; Name ; Pin # ; Type  ; VCCIO ; I/O Standard ; Input Vref ; Current ;
+------+-------+-------+-------+--------------+------------+---------+
; C    ; 2     ; Input ; --    ; TTL          ; -          ; 0 mA    ;
; CLR  ; 1     ; Input ; --    ; TTL          ; -          ; 0 mA    ;
; T3   ; 83    ; Input ; --    ; TTL          ; -          ; 0 mA    ;
; Z    ; 84    ; Input ; --    ; TTL          ; -          ; 0 mA    ;
+------+-------+-------+-------+--------------+------------+---------+


+-----------------------------------------------+
; Output Pin Default Load For Reported TCO      ;
+--------------+-------+------------------------+
; I/O Standard ; Load  ; Termination Resistance ;
+--------------+-------+------------------------+
; 3.3-V LVTTL  ; 10 pF ; Not Available          ;
; 3.3-V LVCMOS ; 10 pF ; Not Available          ;
; TTL          ; 10 pF ; Not Available          ;
+--------------+-------+------------------------+
Note: User assignments will override these defaults. The user specified values are listed in the Output Pins and Bidir Pins tables.


+-------------------------------------------------------------------------------------+
; Fitter Resource Utilization by Entity                                               ;
+----------------------------+------------+------+---------------------+--------------+
; Compilation Hierarchy Node ; Macrocells ; Pins ; Full Hierarchy Name ; Library Name ;
+----------------------------+------------+------+---------------------+--------------+
; |CPUstream                 ; 37         ; 45   ; |CPUstream          ; work         ;
+----------------------------+------------+------+---------------------+--------------+


+---------------------------------------------------------------------------------------------+
; Control Signals                                                                             ;
+------+----------+---------+--------------+--------+----------------------+------------------+
; Name ; Location ; Fan-Out ; Usage        ; Global ; Global Resource Used ; Global Line Name ;
+------+----------+---------+--------------+--------+----------------------+------------------+
; CLR  ; PIN_1    ; 2       ; Async. clear ; yes    ; On                   ; --               ;
; T3   ; PIN_83   ; 1       ; Clock        ; yes    ; On                   ; --               ;
+------+----------+---------+--------------+--------+----------------------+------------------+


+---------------------------------------------------------------------+
; Global & Other Fast Signals                                         ;
+------+----------+---------+----------------------+------------------+
; Name ; Location ; Fan-Out ; Global Resource Used ; Global Line Name ;
+------+----------+---------+----------------------+------------------+
; CLR  ; PIN_1    ; 2       ; On                   ; --               ;
; T3   ; PIN_83   ; 1       ; On                   ; --               ;
+------+----------+---------+----------------------+------------------+


+---------------------------------+
; Non-Global High Fan-Out Signals ;
+-----------------+---------------+
; Name            ; Fan-Out       ;
+-----------------+---------------+
; SWC             ; 38            ;
; SWA             ; 37            ;
; SWB             ; 37            ;
; W1              ; 28            ;
; IR[7]~30        ; 20            ;
; IR[4]~26        ; 20            ;
; IR[6]~22        ; 20            ;
; IR[5]~18        ; 20            ;
; W2              ; 18            ;
; ST0             ; 12            ;
; SST0~7          ; 2             ;
; Mux49~3         ; 2             ;
; Z               ; 1             ;
; C               ; 1             ;
; IR4             ; 1             ;
; IR5             ; 1             ;
; IR6             ; 1             ;
; IR7             ; 1             ;
; SST0~14         ; 1             ;
; Mux50~6sexp2    ; 1             ;
; Mux50~6sexp1    ; 1             ;
; Mux24~5sexpand0 ; 1             ;
; ~GND~0          ; 1             ;
; Mux20~13        ; 1             ;
; Mux32~22        ; 1             ;
; Mux36~13        ; 1             ;
; Mux20~12        ; 1             ;
; Mux32~16        ; 1             ;
; Mux40~14        ; 1             ;
; Mux22~8         ; 1             ;
; Mux28~6         ; 1             ;
; Mux30~7         ; 1             ;
; Mux27~10        ; 1             ;
; Mux21~11        ; 1             ;
; Mux25~10        ; 1             ;
; Mux41~10        ; 1             ;
; Mux33~12        ; 1             ;
; Mux25~7         ; 1             ;
; Mux39~5         ; 1             ;
; Mux34~6         ; 1             ;
; Mux18~7         ; 1             ;
; Mux42~6         ; 1             ;
; Mux26~7         ; 1             ;
; Mux38~9         ; 1             ;
; Mux37~14        ; 1             ;
; Mux29~4         ; 1             ;
; Mux43~4         ; 1             ;
; Mux35~3         ; 1             ;
; Mux19~10        ; 1             ;
; Mux23~9         ; 1             ;
+-----------------+---------------+


+------------------------------------------------+
; Interconnect Usage Summary                     ;
+----------------------------+-------------------+
; Interconnect Resource Type ; Usage             ;
+----------------------------+-------------------+
; Output enables             ; 0 / 6 ( 0 % )     ;
; PIA buffers                ; 40 / 288 ( 14 % ) ;
; PIAs                       ; 50 / 288 ( 17 % ) ;
+----------------------------+-------------------+


+----------------------------------------------------------------------------+
; LAB External Interconnect                                                  ;
+----------------------------------------------+-----------------------------+
; LAB External Interconnects  (Average = 6.25) ; Number of LABs  (Total = 4) ;
+----------------------------------------------+-----------------------------+
; 0 - 1                                        ; 4                           ;
; 2 - 3                                        ; 0                           ;
; 4 - 5                                        ; 0                           ;
; 6 - 7                                        ; 0                           ;
; 8 - 9                                        ; 0                           ;
; 10 - 11                                      ; 3                           ;
; 12 - 13                                      ; 0                           ;
; 14 - 15                                      ; 0                           ;
; 16 - 17                                      ; 0                           ;
; 18 - 19                                      ; 0                           ;
; 20 - 21                                      ; 1                           ;
+----------------------------------------------+-----------------------------+


+----------------------------------------------------------------------+
; LAB Macrocells                                                       ;
+----------------------------------------+-----------------------------+
; Number of Macrocells  (Average = 4.63) ; Number of LABs  (Total = 4) ;
+----------------------------------------+-----------------------------+
; 0                                      ; 4                           ;
; 1                                      ; 0                           ;
; 2                                      ; 0                           ;
; 3                                      ; 0                           ;
; 4                                      ; 0                           ;
; 5                                      ; 0                           ;
; 6                                      ; 0                           ;
; 7                                      ; 0                           ;
; 8                                      ; 3                           ;
; 9                                      ; 0                           ;
; 10                                     ; 0                           ;
; 11                                     ; 0                           ;
; 12                                     ; 0                           ;
; 13                                     ; 1                           ;
+----------------------------------------+-----------------------------+


+---------------------------------------------------------+
; Parallel Expander                                       ;
+--------------------------+------------------------------+
; Parallel Expander Length ; Number of Parallel Expanders ;
+--------------------------+------------------------------+
; 0                        ; 0                            ;
; 1                        ; 2                            ;
+--------------------------+------------------------------+


+-------------------------------------------------------------------------------+
; Shareable Expander                                                            ;
+-------------------------------------------------+-----------------------------+
; Number of shareable expanders  (Average = 0.38) ; Number of LABs  (Total = 1) ;
+-------------------------------------------------+-----------------------------+
; 0                                               ; 7                           ;
; 1                                               ; 0                           ;
; 2                                               ; 0                           ;
; 3                                               ; 1                           ;
+-------------------------------------------------+-----------------------------+


+-------------------------------------------------------------------------------------------------------------------------------------------------------------------------------------------------------------------------------------------------------------------------------------------------------------------+
; Logic Cell Interconnection                                                                                                                                                                                                                                                                                        ;
+-----+------------+------------------------------------------------------------------------------------------------+-----------------------------------------------------------------------------------------------------------------------------------------------------------------------------------------------+
; LAB ; Logic Cell ; Input                                                                                          ; Output                                                                                                                                                                                        ;
+-----+------------+------------------------------------------------------------------------------------------------+-----------------------------------------------------------------------------------------------------------------------------------------------------------------------------------------------+
;  B  ; LC22       ; Mux49~3, SWC, ST0, SWB, SWA                                                                    ; SST0~7                                                                                                                                                                                        ;
;  B  ; LC21       ; W2, IR[5]~18, IR[7]~30, SWC, IR[6]~22, IR[4]~26, SWB, SWA, W1, Mux25~10                        ; DRW                                                                                                                                                                                           ;
;  B  ; LC30       ; W2, ST0, SWB, SWA, SWC, W1                                                                     ; SST0~7, SST0~14                                                                                                                                                                               ;
;  B  ; LC20       ; IR5, IR[5]~18, SWC, SWA, SWB                                                                   ; IR[5]~18, Mux35~3, Mux43~4, Mux37~14, Mux38~9, Mux26~7, Mux42~6, Mux34~6, Mux39~5, Mux33~12, Mux41~10, Mux21~11, Mux27~10, Mux30~7, Mux28~6, Mux40~14, Mux32~16, Mux20~12, Mux36~13, Mux32~22 ;
;  B  ; LC25       ; IR6, IR[6]~22, SWC, SWA, SWB                                                                   ; IR[6]~22, Mux35~3, Mux43~4, Mux37~14, Mux38~9, Mux26~7, Mux42~6, Mux34~6, Mux39~5, Mux33~12, Mux41~10, Mux21~11, Mux27~10, Mux30~7, Mux28~6, Mux40~14, Mux32~16, Mux20~12, Mux36~13, Mux32~22 ;
;  B  ; LC26       ; IR4, IR[4]~26, SWC, SWA, SWB                                                                   ; IR[4]~26, Mux35~3, Mux43~4, Mux37~14, Mux38~9, Mux26~7, Mux42~6, Mux34~6, Mux39~5, Mux33~12, Mux41~10, Mux21~11, Mux27~10, Mux30~7, Mux28~6, Mux40~14, Mux32~16, Mux20~12, Mux36~13, Mux32~22 ;
;  B  ; LC27       ; IR7, IR[7]~30, SWC, SWA, SWB                                                                   ; IR[7]~30, Mux35~3, Mux43~4, Mux37~14, Mux38~9, Mux26~7, Mux42~6, Mux34~6, Mux39~5, Mux33~12, Mux41~10, Mux21~11, Mux27~10, Mux30~7, Mux28~6, Mux40~14, Mux32~16, Mux20~12, Mux36~13, Mux32~22 ;
;  B  ; LC23       ; SST0~14, Mux49~3, SST0~7, CLR, Mux24~5sexpand0, Mux50~6sexp1, Mux50~6sexp2, SWC, SWB, SWA, ST0 ; SST0~7, ST0                                                                                                                                                                                   ;
;  B  ; LC28       ; T3, CLR, SST0~7                                                                                ; Mux49~3, Mux29~4, Mux18~7, Mux25~7, Mux27~10, Mux30~7, Mux28~6, Mux22~8, Mux50~6sexp1, Mux50~6sexp2, SST0~7, SST0~14                                                                          ;
;  B  ; LC24       ; IR[5]~18, C, IR[7]~30, IR[6]~22, IR[4]~26, W1, Z, SWC, SWA, SWB                                ; PCADD                                                                                                                                                                                         ;
;  B  ; LC17       ; IR[4]~26, IR[5]~18, IR[6]~22, IR[7]~30, W1, SWC, SWA, SWB                                      ; LPC                                                                                                                                                                                           ;
;  B  ; LC29       ; W1, SWC, W2                                                                                    ; Mux21~11                                                                                                                                                                                      ;
;  B  ; LC19       ; W2, IR[6]~22, IR[7]~30, IR[5]~18, IR[4]~26, W1, SWC, SWA, SWB                                  ; PCINC                                                                                                                                                                                         ;
;  C  ; LC45       ; IR[7]~30, IR[5]~18, IR[6]~22, IR[4]~26, SWB, SWA, SWC, W1, ST0                                 ; LAR                                                                                                                                                                                           ;
;  C  ; LC46       ; ST0, SWB, SWA, SWC, W1                                                                         ; ARINC                                                                                                                                                                                         ;
;  C  ; LC37       ; IR[5]~18, IR[6]~22, IR[4]~26, IR[7]~30, W1, SWC, SWA, SWB                                      ; LDZ                                                                                                                                                                                           ;
;  C  ; LC35       ; IR[4]~26, IR[5]~18, IR[6]~22, IR[7]~30, W1, SWC, SWA, SWB                                      ; LDC                                                                                                                                                                                           ;
;  C  ; LC43       ; SWC, SWB, SWA, W2, IR[7]~30, IR[5]~18, IR[6]~22, IR[4]~26, ST0, W1                             ; MEMW                                                                                                                                                                                          ;
;  C  ; LC40       ; Mux20~13, W2, SWB, SWA, SWC, W1, IR[7]~30, IR[5]~18, IR[6]~22, IR[4]~26                        ; STOP                                                                                                                                                                                          ;
;  C  ; LC38       ; W2, IR[6]~22, IR[7]~30, IR[5]~18, IR[4]~26, W1, SWC, SWA, SWB                                  ; LIR                                                                                                                                                                                           ;
;  C  ; LC39       ; SWB, SWA, SWC, W1                                                                              ; Mux20~12                                                                                                                                                                                      ;
;  D  ; LC53       ; IR[7]~30, IR[5]~18, IR[6]~22, IR[4]~26, W1, W2, SWC, SWA, SWB                                  ; M                                                                                                                                                                                             ;
;  D  ; LC64       ; IR[5]~18, W1, IR[7]~30, IR[6]~22, IR[4]~26, SWC, SWA, SWB                                      ; CIN                                                                                                                                                                                           ;
;  D  ; LC59       ; IR[7]~30, IR[6]~22, IR[5]~18, IR[4]~26, W1, W2, SWC, SWA, SWB                                  ; S1                                                                                                                                                                                            ;
;  D  ; LC49       ; SWB, SWA, SWC, W1, W2, ST0                                                                     ; SBUS                                                                                                                                                                                          ;
;  D  ; LC61       ; IR[7]~30, IR[6]~22, IR[4]~26, W1, IR[5]~18, SWC, SWA, SWB                                      ; S0                                                                                                                                                                                            ;
;  D  ; LC51       ; IR[4]~26, W1, IR[5]~18, IR[7]~30, IR[6]~22, W2, SWC, SWA, SWB                                  ; ABUS                                                                                                                                                                                          ;
;  D  ; LC57       ; IR[7]~30, IR[5]~18, IR[6]~22, IR[4]~26, W1, SWC, SWA, SWB                                      ; S2                                                                                                                                                                                            ;
;  D  ; LC56       ; W1, IR[4]~26, IR[5]~18, IR[6]~22, IR[7]~30, W2, SWC, SWA, SWB                                  ; S3                                                                                                                                                                                            ;
;  E  ; LC67       ; SWA, SWB, SWC, W1, IR[6]~22, IR[7]~30, IR[5]~18, IR[4]~26                                      ; SHORT                                                                                                                                                                                         ;
;  E  ; LC80       ; SWB, SWA, SWC, W1, W2                                                                          ; SELCTL                                                                                                                                                                                        ;
;  E  ; LC72       ; SWC, SWB, SWA, W1, W2                                                                          ; SEL0                                                                                                                                                                                          ;
;  E  ; LC77       ; SWC, SWB, SWA, W2, W1, ST0                                                                     ; SEL3                                                                                                                                                                                          ;
;  E  ; LC65       ; SWC, SWA, SWB, W2, IR[5]~18, IR[7]~30, IR[6]~22, IR[4]~26, ST0, W1                             ; MBUS                                                                                                                                                                                          ;
;  E  ; LC73       ; SWC, SWB, SWA, W2, W1, ST0                                                                     ; SEL1                                                                                                                                                                                          ;
;  E  ; LC69       ;                                                                                                ; LONG                                                                                                                                                                                          ;
;  E  ; LC75       ; W2, SWC, SWB, SWA                                                                              ; SEL2                                                                                                                                                                                          ;
+-----+------------+------------------------------------------------------------------------------------------------+-----------------------------------------------------------------------------------------------------------------------------------------------------------------------------------------------+


+---------------------------------------------------------------+
; Fitter Device Options                                         ;
+----------------------------------------------+----------------+
; Option                                       ; Setting        ;
+----------------------------------------------+----------------+
; Enable user-supplied start-up clock (CLKUSR) ; Off            ;
; Enable device-wide reset (DEV_CLRn)          ; Off            ;
; Enable device-wide output enable (DEV_OE)    ; Off            ;
; Enable INIT_DONE output                      ; Off            ;
; Configuration scheme                         ; Passive Serial ;
; Security bit                                 ; Off            ;
; Base pin-out file on sameframe device        ; Off            ;
+----------------------------------------------+----------------+


+-----------------+
; Fitter Messages ;
+-----------------+
Info: *******************************************************************
Info: Running Quartus II Fitter
    Info: Version 9.1 Build 222 10/21/2009 SJ Full Version
    Info: Processing started: Mon Jul 11 16:14:26 2016
Info: Command: quartus_fit --read_settings_files=off --write_settings_files=off CPUstream -c CPUstream
Info: Parallel compilation is enabled and will use 4 of the 4 processors detected
Info: Selected device EPM7128SLC84-15 for design "CPUstream"
Info: Quartus II Fitter was successful. 0 errors, 0 warnings
    Info: Peak virtual memory: 160 megabytes
    Info: Processing ended: Mon Jul 11 16:14:27 2016
    Info: Elapsed time: 00:00:01
    Info: Total CPU time (on all processors): 00:00:00


